-- The C compiler identification is GNU 13.3.0
-- The CXX compiler identification is GNU 13.3.0
-- Detecting C compiler ABI info
-- Detecting C compiler ABI info - done
-- Check for working C compiler: /usr/bin/cc - skipped
-- Detecting C compile features
-- Detecting C compile features - done
-- Detecting CXX compiler ABI info
-- Detecting CXX compiler ABI info - done
-- Check for working CXX compiler: /usr/bin/c++ - skipped
-- Detecting CXX compile features
-- Detecting CXX compile features - done
-- Found ament_cmake: 2.5.6 (/home/demi/ros2_jazzy/install/ament_cmake/share/ament_cmake/cmake)
-- Found Python3: /usr/bin/python3 (found version "3.12.3") found components: Interpreter 
-- Found rclcpp: 28.1.17 (/home/demi/ros2_jazzy/install/rclcpp/share/rclcpp/cmake)
-- Found rosidl_generator_c: 4.6.7 (/home/demi/ros2_jazzy/install/rosidl_generator_c/share/rosidl_generator_c/cmake)
-- Found rosidl_generator_cpp: 4.6.7 (/home/demi/ros2_jazzy/install/rosidl_generator_cpp/share/rosidl_generator_cpp/cmake)
-- Using all available rosidl_typesupport_c: rosidl_typesupport_fastrtps_c;rosidl_typesupport_introspection_c
-- Using all available rosidl_typesupport_cpp: rosidl_typesupport_fastrtps_cpp;rosidl_typesupport_introspection_cpp
-- Found rmw_implementation_cmake: 7.3.3 (/home/demi/ros2_jazzy/install/rmw_implementation_cmake/share/rmw_implementation_cmake/cmake)
-- Found rmw_fastrtps_cpp: 8.4.3 (/home/demi/ros2_jazzy/install/rmw_fastrtps_cpp/share/rmw_fastrtps_cpp/cmake)
-- Found OpenSSL: /usr/lib/x86_64-linux-gnu/libcrypto.so (found version "3.0.13")  
-- Found FastRTPS: /home/demi/ros2_jazzy/install/fastrtps/include (Required is at least version "2.13") 
-- Using RMW implementation 'rmw_fastrtps_cpp' as default
-- Found rclcpp_action: 28.1.17 (/home/demi/ros2_jazzy/install/rclcpp_action/share/rclcpp_action/cmake)
-- Found rclcpp_components: 28.1.17 (/home/demi/ros2_jazzy/install/rclcpp_components/share/rclcpp_components/cmake)
-- Found std_msgs: 5.3.7 (/home/demi/ros2_jazzy/install/std_msgs/share/std_msgs/cmake)
-- Found turtlesim: 1.8.3 (/home/demi/ros2_jazzy/install/turtlesim/share/turtlesim/cmake)
-- Found bumperbot_msgs: 0.0.0 (/home/demi/bumper_motion/install/bumperbot_msgs/share/bumperbot_msgs/cmake)
-- Found tf2: 0.36.19 (/home/demi/ros2_jazzy/install/tf2/share/tf2/cmake)
-- Found tf2_ros: 0.36.19 (/home/demi/ros2_jazzy/install/tf2_ros/share/tf2_ros/cmake)
-- Found rclcpp_lifecycle: 28.1.17 (/home/demi/ros2_jazzy/install/rclcpp_lifecycle/share/rclcpp_lifecycle/cmake)
-- Configuring done (13.1s)
-- Generating done (0.6s)
-- Build files have been written to: /home/demi/bumper_motion/build/bumperbot_cpp_examples
[  3%] [32mBuilding CXX object CMakeFiles/simple_publisher.dir/src/simple_publisher.cpp.o[0m
[  7%] [32m[1mLinking CXX executable simple_publisher[0m
[  7%] Built target simple_publisher
[ 10%] [32mBuilding CXX object CMakeFiles/simple_turtlesim_kinematics.dir/src/simple_turtlesim_kinematics.cpp.o[0m
[ 14%] [32m[1mLinking CXX executable simple_turtlesim_kinematics[0m
[ 14%] Built target simple_turtlesim_kinematics
[ 17%] [32mBuilding CXX object CMakeFiles/simple_service_server.dir/src/simple_service_server.cpp.o[0m
[ 21%] [32m[1mLinking CXX executable simple_service_server[0m
[ 21%] Built target simple_service_server
[ 25%] [32mBuilding CXX object CMakeFiles/simple_service_client.dir/src/simple_service_client.cpp.o[0m
[ 28%] [32m[1mLinking CXX executable simple_service_client[0m
[ 28%] Built target simple_service_client
[ 32%] [32mBuilding CXX object CMakeFiles/simple_tf_kinematics.dir/src/simple_tf_kinematics.cpp.o[0m
[ 35%] [32m[1mLinking CXX executable simple_tf_kinematics[0m
[ 35%] Built target simple_tf_kinematics
[ 39%] [32mBuilding CXX object CMakeFiles/simple_lifecycle_node.dir/src/simple_lifecycle_node.cpp.o[0m
[ 42%] [32mBuilding CXX object CMakeFiles/simple_qos_publisher.dir/src/simple_qos_publisher.cpp.o[0m
[ 46%] [32m[1mLinking CXX executable simple_lifecycle_node[0m
[ 46%] Built target simple_lifecycle_node
[ 50%] [32mBuilding CXX object CMakeFiles/simple_qos_subscriber.dir/src/simple_qos_subscriber.cpp.o[0m
[ 53%] [32mBuilding CXX object CMakeFiles/simple_parameter.dir/src/simple_parameter.cpp.o[0m
[ 57%] [32mBuilding CXX object CMakeFiles/simple_subscriber.dir/src/simple_subscriber.cpp.o[0m
[ 60%] [32m[1mLinking CXX executable simple_qos_publisher[0m
[ 60%] Built target simple_qos_publisher
[ 64%] [32mBuilding CXX object CMakeFiles/simple_action_server.dir/src/simple_action_server.cpp.o[0m
[ 67%] [32m[1mLinking CXX executable simple_parameter[0m
[ 67%] Built target simple_parameter
[ 71%] [32mBuilding CXX object CMakeFiles/simple_action_server_node.dir/rclcpp_components/node_main_simple_action_server_node.cpp.o[0m
[ 75%] [32m[1mLinking CXX shared library libsimple_action_server.so[0m
[ 78%] [32m[1mLinking CXX executable simple_qos_subscriber[0m
[ 78%] Built target simple_action_server
[ 78%] Built target simple_qos_subscriber
[ 82%] [32m[1mLinking CXX executable simple_action_server_node[0m
[ 82%] Built target simple_action_server_node
[ 85%] [32mBuilding CXX object CMakeFiles/simple_action_client_node.dir/rclcpp_components/node_main_simple_action_client_node.cpp.o[0m
[ 89%] [32m[1mLinking CXX executable simple_subscriber[0m
[ 89%] Built target simple_subscriber
[ 92%] [32mBuilding CXX object CMakeFiles/simple_action_client.dir/src/simple_action_client.cpp.o[0m
[ 96%] [32m[1mLinking CXX executable simple_action_client_node[0m
[ 96%] Built target simple_action_client_node
[100%] [32m[1mLinking CXX shared library libsimple_action_client.so[0m
[100%] Built target simple_action_client
-- Install configuration: ""
-- Installing: /home/demi/bumper_motion/install/bumperbot_cpp_examples/lib/bumperbot_cpp_examples/simple_action_server_node
-- Set non-toolchain portion of runtime path of "/home/demi/bumper_motion/install/bumperbot_cpp_examples/lib/bumperbot_cpp_examples/simple_action_server_node" to ""
-- Installing: /home/demi/bumper_motion/install/bumperbot_cpp_examples/lib/bumperbot_cpp_examples/simple_action_client_node
-- Set non-toolchain portion of runtime path of "/home/demi/bumper_motion/install/bumperbot_cpp_examples/lib/bumperbot_cpp_examples/simple_action_client_node" to ""
-- Installing: /home/demi/bumper_motion/install/bumperbot_cpp_examples/include/include
-- Installing: /home/demi/bumper_motion/install/bumperbot_cpp_examples/include/include/bumperbot_cpp_examples
-- Installing: /home/demi/bumper_motion/install/bumperbot_cpp_examples/include/include/bumperbot_cpp_examples/simple_turtlesim_kinematics.hpp
-- Installing: /home/demi/bumper_motion/install/bumperbot_cpp_examples/include/include/bumperbot_cpp_examples/simple_tf_kinematics.hpp
-- Installing: /home/demi/bumper_motion/install/bumperbot_cpp_examples/lib/bumperbot_cpp_examples/simple_publisher
-- Set non-toolchain portion of runtime path of "/home/demi/bumper_motion/install/bumperbot_cpp_examples/lib/bumperbot_cpp_examples/simple_publisher" to ""
-- Installing: /home/demi/bumper_motion/install/bumperbot_cpp_examples/lib/bumperbot_cpp_examples/simple_subscriber
-- Set non-toolchain portion of runtime path of "/home/demi/bumper_motion/install/bumperbot_cpp_examples/lib/bumperbot_cpp_examples/simple_subscriber" to ""
-- Installing: /home/demi/bumper_motion/install/bumperbot_cpp_examples/lib/bumperbot_cpp_examples/simple_parameter
-- Set non-toolchain portion of runtime path of "/home/demi/bumper_motion/install/bumperbot_cpp_examples/lib/bumperbot_cpp_examples/simple_parameter" to ""
-- Installing: /home/demi/bumper_motion/install/bumperbot_cpp_examples/lib/bumperbot_cpp_examples/simple_turtlesim_kinematics
-- Set non-toolchain portion of runtime path of "/home/demi/bumper_motion/install/bumperbot_cpp_examples/lib/bumperbot_cpp_examples/simple_turtlesim_kinematics" to ""
-- Installing: /home/demi/bumper_motion/install/bumperbot_cpp_examples/lib/bumperbot_cpp_examples/simple_service_server
-- Set non-toolchain portion of runtime path of "/home/demi/bumper_motion/install/bumperbot_cpp_examples/lib/bumperbot_cpp_examples/simple_service_server" to ""
-- Installing: /home/demi/bumper_motion/install/bumperbot_cpp_examples/lib/bumperbot_cpp_examples/simple_service_client
-- Set non-toolchain portion of runtime path of "/home/demi/bumper_motion/install/bumperbot_cpp_examples/lib/bumperbot_cpp_examples/simple_service_client" to ""
-- Installing: /home/demi/bumper_motion/install/bumperbot_cpp_examples/lib/bumperbot_cpp_examples/simple_tf_kinematics
-- Set non-toolchain portion of runtime path of "/home/demi/bumper_motion/install/bumperbot_cpp_examples/lib/bumperbot_cpp_examples/simple_tf_kinematics" to ""
-- Installing: /home/demi/bumper_motion/install/bumperbot_cpp_examples/lib/bumperbot_cpp_examples/simple_lifecycle_node
-- Set non-toolchain portion of runtime path of "/home/demi/bumper_motion/install/bumperbot_cpp_examples/lib/bumperbot_cpp_examples/simple_lifecycle_node" to ""
-- Installing: /home/demi/bumper_motion/install/bumperbot_cpp_examples/lib/bumperbot_cpp_examples/simple_qos_publisher
-- Set non-toolchain portion of runtime path of "/home/demi/bumper_motion/install/bumperbot_cpp_examples/lib/bumperbot_cpp_examples/simple_qos_publisher" to ""
-- Installing: /home/demi/bumper_motion/install/bumperbot_cpp_examples/lib/bumperbot_cpp_examples/simple_qos_subscriber
-- Set non-toolchain portion of runtime path of "/home/demi/bumper_motion/install/bumperbot_cpp_examples/lib/bumperbot_cpp_examples/simple_qos_subscriber" to ""
-- Installing: /home/demi/bumper_motion/install/bumperbot_cpp_examples/lib/libsimple_action_server.so
-- Set non-toolchain portion of runtime path of "/home/demi/bumper_motion/install/bumperbot_cpp_examples/lib/libsimple_action_server.so" to ""
-- Installing: /home/demi/bumper_motion/install/bumperbot_cpp_examples/lib/libsimple_action_client.so
-- Set non-toolchain portion of runtime path of "/home/demi/bumper_motion/install/bumperbot_cpp_examples/lib/libsimple_action_client.so" to ""
-- Installing: /home/demi/bumper_motion/install/bumperbot_cpp_examples/share/ament_index/resource_index/package_run_dependencies/bumperbot_cpp_examples
-- Installing: /home/demi/bumper_motion/install/bumperbot_cpp_examples/share/ament_index/resource_index/parent_prefix_path/bumperbot_cpp_examples
-- Installing: /home/demi/bumper_motion/install/bumperbot_cpp_examples/share/bumperbot_cpp_examples/environment/ament_prefix_path.sh
-- Installing: /home/demi/bumper_motion/install/bumperbot_cpp_examples/share/bumperbot_cpp_examples/environment/ament_prefix_path.dsv
-- Installing: /home/demi/bumper_motion/install/bumperbot_cpp_examples/share/bumperbot_cpp_examples/environment/path.sh
-- Installing: /home/demi/bumper_motion/install/bumperbot_cpp_examples/share/bumperbot_cpp_examples/environment/path.dsv
-- Installing: /home/demi/bumper_motion/install/bumperbot_cpp_examples/share/bumperbot_cpp_examples/local_setup.bash
-- Installing: /home/demi/bumper_motion/install/bumperbot_cpp_examples/share/bumperbot_cpp_examples/local_setup.sh
-- Installing: /home/demi/bumper_motion/install/bumperbot_cpp_examples/share/bumperbot_cpp_examples/local_setup.zsh
-- Installing: /home/demi/bumper_motion/install/bumperbot_cpp_examples/share/bumperbot_cpp_examples/local_setup.dsv
-- Installing: /home/demi/bumper_motion/install/bumperbot_cpp_examples/share/bumperbot_cpp_examples/package.dsv
-- Installing: /home/demi/bumper_motion/install/bumperbot_cpp_examples/share/ament_index/resource_index/packages/bumperbot_cpp_examples
-- Installing: /home/demi/bumper_motion/install/bumperbot_cpp_examples/share/ament_index/resource_index/rclcpp_components/bumperbot_cpp_examples
-- Installing: /home/demi/bumper_motion/install/bumperbot_cpp_examples/share/bumperbot_cpp_examples/cmake/bumperbot_cpp_examplesConfig.cmake
-- Installing: /home/demi/bumper_motion/install/bumperbot_cpp_examples/share/bumperbot_cpp_examples/cmake/bumperbot_cpp_examplesConfig-version.cmake
-- Installing: /home/demi/bumper_motion/install/bumperbot_cpp_examples/share/bumperbot_cpp_examples/package.xml
