[  0%] Built target ament_cmake_python_copy_bumperbot_motion
[ 25%] [32mBuilding CXX object CMakeFiles/pure_pursuit.dir/src/pure_pursuit.cpp.o[0m
[ 50%] [32m[1mLinking CXX executable pure_pursuit[0m
[ 50%] Built target pure_pursuit
running egg_info
writing bumperbot_motion.egg-info/PKG-INFO
writing dependency_links to bumperbot_motion.egg-info/dependency_links.txt
writing top-level names to bumperbot_motion.egg-info/top_level.txt
reading manifest file 'bumperbot_motion.egg-info/SOURCES.txt'
writing manifest file 'bumperbot_motion.egg-info/SOURCES.txt'
[ 50%] Built target ament_cmake_python_build_bumperbot_motion_egg
[ 75%] [32mBuilding CXX object CMakeFiles/pd_motion_planner.dir/src/pd_motion_planner.cpp.o[0m
[100%] [32m[1mLinking CXX executable pd_motion_planner[0m
[100%] Built target pd_motion_planner
-- Install configuration: ""
-- Up-to-date: /home/demi/bumper_motion/install/bumperbot_motion/share/bumperbot_motion/environment/pythonpath.sh
-- Up-to-date: /home/demi/bumper_motion/install/bumperbot_motion/share/bumperbot_motion/environment/pythonpath.dsv
-- Up-to-date: /home/demi/bumper_motion/install/bumperbot_motion/lib/python3.12/site-packages/bumperbot_motion-0.0.0-py3.12.egg-info
-- Installing: /home/demi/bumper_motion/install/bumperbot_motion/lib/python3.12/site-packages/bumperbot_motion-0.0.0-py3.12.egg-info/SOURCES.txt
-- Installing: /home/demi/bumper_motion/install/bumperbot_motion/lib/python3.12/site-packages/bumperbot_motion-0.0.0-py3.12.egg-info/dependency_links.txt
-- Installing: /home/demi/bumper_motion/install/bumperbot_motion/lib/python3.12/site-packages/bumperbot_motion-0.0.0-py3.12.egg-info/PKG-INFO
-- Installing: /home/demi/bumper_motion/install/bumperbot_motion/lib/python3.12/site-packages/bumperbot_motion-0.0.0-py3.12.egg-info/top_level.txt
-- Up-to-date: /home/demi/bumper_motion/install/bumperbot_motion/lib/python3.12/site-packages/bumperbot_motion
-- Up-to-date: /home/demi/bumper_motion/install/bumperbot_motion/lib/python3.12/site-packages/bumperbot_motion/pure_pursuit.py
-- Up-to-date: /home/demi/bumper_motion/install/bumperbot_motion/lib/python3.12/site-packages/bumperbot_motion/__init__.py
-- Up-to-date: /home/demi/bumper_motion/install/bumperbot_motion/lib/python3.12/site-packages/bumperbot_motion/pd_motion_planner.py
Listing '/home/demi/bumper_motion/install/bumperbot_motion/lib/python3.12/site-packages/bumperbot_motion'...
-- Up-to-date: /home/demi/bumper_motion/install/bumperbot_motion/include/include
-- Up-to-date: /home/demi/bumper_motion/install/bumperbot_motion/include/include/bumperbot_motion
-- Up-to-date: /home/demi/bumper_motion/install/bumperbot_motion/include/include/bumperbot_motion/pure_pursuit.hpp
-- Up-to-date: /home/demi/bumper_motion/install/bumperbot_motion/include/include/bumperbot_motion/pd_motion_planner.hpp
-- Installing: /home/demi/bumper_motion/install/bumperbot_motion/lib/bumperbot_motion/pd_motion_planner
-- Set non-toolchain portion of runtime path of "/home/demi/bumper_motion/install/bumperbot_motion/lib/bumperbot_motion/pd_motion_planner" to ""
-- Installing: /home/demi/bumper_motion/install/bumperbot_motion/lib/bumperbot_motion/pure_pursuit
-- Set non-toolchain portion of runtime path of "/home/demi/bumper_motion/install/bumperbot_motion/lib/bumperbot_motion/pure_pursuit" to ""
-- Up-to-date: /home/demi/bumper_motion/install/bumperbot_motion/lib/bumperbot_motion/pd_motion_planner.py
-- Up-to-date: /home/demi/bumper_motion/install/bumperbot_motion/lib/bumperbot_motion/pure_pursuit.py
-- Up-to-date: /home/demi/bumper_motion/install/bumperbot_motion/share/ament_index/resource_index/package_run_dependencies/bumperbot_motion
-- Up-to-date: /home/demi/bumper_motion/install/bumperbot_motion/share/ament_index/resource_index/parent_prefix_path/bumperbot_motion
-- Up-to-date: /home/demi/bumper_motion/install/bumperbot_motion/share/bumperbot_motion/environment/ament_prefix_path.dsv
-- Up-to-date: /home/demi/bumper_motion/install/bumperbot_motion/share/bumperbot_motion/environment/path.dsv
-- Up-to-date: /home/demi/bumper_motion/install/bumperbot_motion/share/bumperbot_motion/local_setup.bash
-- Up-to-date: /home/demi/bumper_motion/install/bumperbot_motion/share/bumperbot_motion/local_setup.sh
-- Up-to-date: /home/demi/bumper_motion/install/bumperbot_motion/share/bumperbot_motion/local_setup.zsh
-- Up-to-date: /home/demi/bumper_motion/install/bumperbot_motion/share/bumperbot_motion/local_setup.dsv
-- Installing: /home/demi/bumper_motion/install/bumperbot_motion/share/bumperbot_motion/package.dsv
-- Up-to-date: /home/demi/bumper_motion/install/bumperbot_motion/share/ament_index/resource_index/packages/bumperbot_motion
-- Up-to-date: /home/demi/bumper_motion/install/bumperbot_motion/share/bumperbot_motion/cmake/ament_cmake_export_include_directories-extras.cmake
-- Up-to-date: /home/demi/bumper_motion/install/bumperbot_motion/share/bumperbot_motion/cmake/ament_cmake_export_dependencies-extras.cmake
-- Up-to-date: /home/demi/bumper_motion/install/bumperbot_motion/share/bumperbot_motion/cmake/bumperbot_motionConfig.cmake
-- Up-to-date: /home/demi/bumper_motion/install/bumperbot_motion/share/bumperbot_motion/cmake/bumperbot_motionConfig-version.cmake
-- Up-to-date: /home/demi/bumper_motion/install/bumperbot_motion/share/bumperbot_motion/package.xml
