[33mCMake Warning at CMakeLists.txt:22 (add_library):
  Cannot generate a safe runtime search path for target bumperbot_firmware
  because there is a cycle in the constraint graph:

    dir 0 is [/opt/ros/jazzy/lib]
      dir 1 must precede it due to runtime library [libclass_loader.so]
      dir 2 must precede it due to runtime library [librclcpp_lifecycle.so]
      dir 3 must precede it due to runtime library [liburdf.so]
      dir 5 must precede it due to runtime library [librclcpp_action.so]
      dir 6 must precede it due to runtime library [librclcpp.so]
      dir 7 must precede it due to runtime library [librcl_action.so]
      dir 8 must precede it due to runtime library [liblibstatistics_collector.so]
      dir 9 must precede it due to runtime library [librosgraph_msgs__rosidl_typesupport_fastrtps_c.so]
      dir 10 must precede it due to runtime library [libstatistics_msgs__rosidl_typesupport_fastrtps_c.so]
      dir 11 must precede it due to runtime library [librcl_lifecycle.so]
      dir 12 must precede it due to runtime library [librcl.so]
      dir 13 must precede it due to runtime library [librcl_interfaces__rosidl_typesupport_fastrtps_c.so]
      dir 14 must precede it due to runtime library [librcl_yaml_param_parser.so]
      dir 15 must precede it due to runtime library [librcl_logging_interface.so]
      dir 16 must precede it due to runtime library [librmw_implementation.so]
      dir 17 must precede it due to runtime library [libament_index_cpp.so]
      dir 18 must precede it due to runtime library [libtype_description_interfaces__rosidl_typesupport_fastrtps_c.so]
      dir 19 must precede it due to runtime library [libtracetools.so]
      dir 20 must precede it due to runtime library [liblifecycle_msgs__rosidl_typesupport_fastrtps_c.so]
      dir 21 must precede it due to runtime library [libtrajectory_msgs__rosidl_typesupport_fastrtps_c.so]
      dir 22 must precede it due to runtime library [libaction_msgs__rosidl_typesupport_fastrtps_c.so]
      dir 23 must precede it due to runtime library [libsensor_msgs__rosidl_typesupport_fastrtps_c.so]
      dir 24 must precede it due to runtime library [libunique_identifier_msgs__rosidl_typesupport_fastrtps_c.so]
      dir 25 must precede it due to runtime library [libservice_msgs__rosidl_typesupport_fastrtps_c.so]
      dir 26 must precede it due to runtime library [libgeometry_msgs__rosidl_typesupport_fastrtps_c.so]
      dir 27 must precede it due to runtime library [libstd_msgs__rosidl_typesupport_fastrtps_c.so]
      dir 28 must precede it due to runtime library [libbuiltin_interfaces__rosidl_typesupport_fastrtps_c.so]
      dir 29 must precede it due to runtime library [librosidl_typesupport_fastrtps_c.so]
      dir 30 must precede it due to runtime library [librosidl_typesupport_fastrtps_cpp.so]
      dir 31 must precede it due to runtime library [libfastcdr.so.2]
      dir 32 must precede it due to runtime library [librmw.so]
      dir 33 must precede it due to runtime library [librosidl_dynamic_typesupport.so]
      dir 34 must precede it due to runtime library [librosidl_typesupport_introspection_cpp.so]
      dir 35 must precede it due to runtime library [librosidl_typesupport_introspection_c.so]
      dir 36 must precede it due to runtime library [librosidl_typesupport_cpp.so]
      dir 37 must precede it due to runtime library [librosidl_typesupport_c.so]
      dir 38 must precede it due to runtime library [librcpputils.so]
      dir 39 must precede it due to runtime library [librosidl_runtime_c.so]
      dir 40 must precede it due to runtime library [librcutils.so]
    dir 1 is [/home/demi/ros2_jazzy/install/class_loader/lib]
    dir 2 is [/home/demi/ros2_jazzy/install/rclcpp_lifecycle/lib]
      dir 0 must precede it due to runtime library [librclcpp_lifecycle.so]
    dir 3 is [/home/demi/ros2_jazzy/install/urdf/lib]
    dir 4 is [/home/demi/ros2_jazzy/install/urdfdom/lib]
    dir 5 is [/home/demi/ros2_jazzy/install/rclcpp_action/lib]
    dir 6 is [/home/demi/ros2_jazzy/install/rclcpp/lib]
      dir 0 must precede it due to runtime library [librclcpp.so]
    dir 7 is [/home/demi/ros2_jazzy/install/rcl_action/lib]
    dir 8 is [/home/demi/ros2_jazzy/install/libstatistics_collector/lib]
    dir 9 is [/home/demi/ros2_jazzy/install/rosgraph_msgs/lib]
    dir 10 is [/home/demi/ros2_jazzy/install/statistics_msgs/lib]
    dir 11 is [/home/demi/ros2_jazzy/install/rcl_lifecycle/lib]
    dir 12 is [/home/demi/ros2_jazzy/install/rcl/lib]
    dir 13 is [/home/demi/ros2_jazzy/install/rcl_interfaces/lib]
    dir 14 is [/home/demi/ros2_jazzy/install/rcl_yaml_param_parser/lib]
    dir 15 is [/home/demi/ros2_jazzy/install/rcl_logging_interface/lib]
    dir 16 is [/home/demi/ros2_jazzy/install/rmw_implementation/lib]
    dir 17 is [/home/demi/ros2_jazzy/install/ament_index_cpp/lib]
    dir 18 is [/home/demi/ros2_jazzy/install/type_description_interfaces/lib]
    dir 19 is [/home/demi/ros2_jazzy/install/tracetools/lib]
    dir 20 is [/home/demi/ros2_jazzy/install/lifecycle_msgs/lib]
    dir 21 is [/home/demi/ros2_jazzy/install/trajectory_msgs/lib]
    dir 22 is [/home/demi/ros2_jazzy/install/action_msgs/lib]
    dir 23 is [/home/demi/ros2_jazzy/install/sensor_msgs/lib]
    dir 24 is [/home/demi/ros2_jazzy/install/unique_identifier_msgs/lib]
    dir 25 is [/home/demi/ros2_jazzy/install/service_msgs/lib]
    dir 26 is [/home/demi/ros2_jazzy/install/geometry_msgs/lib]
    dir 27 is [/home/demi/ros2_jazzy/install/std_msgs/lib]
      dir 0 must precede it due to runtime library [libstd_msgs__rosidl_generator_c.so]
    dir 28 is [/home/demi/ros2_jazzy/install/builtin_interfaces/lib]
    dir 29 is [/home/demi/ros2_jazzy/install/rosidl_typesupport_fastrtps_c/lib]
      dir 0 must precede it due to runtime library [librosidl_typesupport_fastrtps_c.so]
    dir 30 is [/home/demi/ros2_jazzy/install/rosidl_typesupport_fastrtps_cpp/lib]
      dir 0 must precede it due to runtime library [librosidl_typesupport_fastrtps_cpp.so]
    dir 31 is [/home/demi/ros2_jazzy/install/fastcdr/lib]
    dir 32 is [/home/demi/ros2_jazzy/install/rmw/lib]
      dir 0 must precede it due to runtime library [librmw.so]
    dir 33 is [/home/demi/ros2_jazzy/install/rosidl_dynamic_typesupport/lib]
    dir 34 is [/home/demi/ros2_jazzy/install/rosidl_typesupport_introspection_cpp/lib]
      dir 0 must precede it due to runtime library [librosidl_typesupport_introspection_cpp.so]
    dir 35 is [/home/demi/ros2_jazzy/install/rosidl_typesupport_introspection_c/lib]
      dir 0 must precede it due to runtime library [librosidl_typesupport_introspection_c.so]
    dir 36 is [/home/demi/ros2_jazzy/install/rosidl_typesupport_cpp/lib]
      dir 0 must precede it due to runtime library [librosidl_typesupport_cpp.so]
    dir 37 is [/home/demi/ros2_jazzy/install/rosidl_typesupport_c/lib]
      dir 0 must precede it due to runtime library [librosidl_typesupport_c.so]
    dir 38 is [/home/demi/ros2_jazzy/install/rcpputils/lib]
      dir 0 must precede it due to runtime library [librcpputils.so]
    dir 39 is [/home/demi/ros2_jazzy/install/rosidl_runtime_c/lib]
      dir 0 must precede it due to runtime library [librosidl_runtime_c.so]
    dir 40 is [/home/demi/ros2_jazzy/install/rcutils/lib]
      dir 0 must precede it due to runtime library [librcutils.so]

  Some of these libraries may not be found correctly.

[0m
[01m[K/home/demi/bumper_motion/src/bumperbot_firmware/src/bumperbot_interface.cpp:[m[K In member function ‘[01m[Kvirtual bumperbot_firmware::CallbackReturn bumperbot_firmware::BumperbotInterface::[01;32m[Kon_init[m[K(const hardware_interface::HardwareInfo&)[m[K’:
[01m[K/home/demi/bumper_motion/src/bumperbot_firmware/src/bumperbot_interface.cpp:32:71:[m[K [01;35m[Kwarning: [m[K‘[01m[Kvirtual rclcpp_lifecycle::node_interfaces::LifecycleNodeInterface::CallbackReturn hardware_interface::HardwareComponentInterface::[01;32m[Kon_init[m[K(const hardware_interface::HardwareInfo&)[m[K’ is deprecated: Use on_init(const HardwareComponentInterfaceParams & params) instead. [[01;35m[K]8;;https://gcc.gnu.org/onlinedocs/gcc/Warning-Options.html#index-Wdeprecated-declarations-Wdeprecated-declarations]8;;[m[K]
   32 |   CallbackReturn result = [01;35m[Khardware_interface::SystemInterface::on_init(hardware_info)[m[K;
      |                           [01;35m[K~~~~~~~~~~~~~~~~~~~~~~~~~~~~~~~~~~~~~~~~~~~~^~~~~~~~~~~~~~~[m[K
In file included from [01m[K/opt/ros/jazzy/include/hardware_interface/hardware_interface/system_interface.hpp:18[m[K,
                 from [01m[K/home/demi/bumper_motion/src/bumperbot_firmware/include/bumperbot_firmware/bumperbot_interface.hpp:5[m[K,
                 from [01m[K/home/demi/bumper_motion/src/bumperbot_firmware/src/bumperbot_interface.cpp:1[m[K:
[01m[K/opt/ros/jazzy/include/hardware_interface/hardware_interface/hardware_component_interface.hpp:140:26:[m[K [01;36m[Knote: [m[Kdeclared here
  140 |   virtual CallbackReturn [01;36m[Kon_init[m[K(const HardwareInfo & hardware_info);
      |                          [01;36m[K^~~~~~~[m[K
