[0.078s] Invoking command in '/home/demi/bumper_motion/build/bumperbot_firmware': CMAKE_PREFIX_PATH=${CMAKE_PREFIX_PATH}:/home/demi/bumper_motion/install/bumperbot_py_examples:/opt/ros/jazzy:/home/demi/ros2_jazzy/install/rqt_bag_plugins:/home/demi/ros2_jazzy/install/launch_testing_examples:/home/demi/ros2_jazzy/install/ros2bag:/home/demi/ros2_jazzy/install/rqt_bag:/home/demi/ros2_jazzy/install/rosbag2_examples_py:/home/demi/ros2_jazzy/install/tracetools_test:/home/demi/ros2_jazzy/install/tracetools_launch:/home/demi/ros2_jazzy/install/topic_monitor:/home/demi/ros2_jazzy/install/tf2_tools:/home/demi/ros2_jazzy/install/examples_tf2_py:/home/demi/ros2_jazzy/install/tf2_ros_py:/home/demi/ros2_jazzy/install/examples_rclpy_pointcloud_publisher:/home/demi/ros2_jazzy/install/sensor_msgs_py:/home/demi/ros2_jazzy/install/quality_of_service_demo_py:/home/demi/ros2_jazzy/install/camera_info_manager_py:/home/demi/ros2_jazzy/install/rqt_plot:/home/demi/ros2_jazzy/install/ros2doctor:/home/demi/ros2_jazzy/install/lifecycle_py:/home/demi/ros2_jazzy/install/examples_rclpy_minimal_subscriber:/home/demi/ros2_jazzy/install/examples_rclpy_minimal_service:/home/demi/ros2_jazzy/install/examples_rclpy_minimal_publisher:/home/demi/ros2_jazzy/install/examples_rclpy_minimal_client:/home/demi/ros2_jazzy/install/examples_rclpy_executors:/home/demi/ros2_jazzy/install/demo_nodes_py:/home/demi/ros2_jazzy/install/rqt:/home/demi/ros2_jazzy/install/ros2component:/home/demi/ros2_jazzy/install/sros2:/home/demi/ros2_jazzy/install/rqt_topic:/home/demi/ros2_jazzy/install/rqt_srv:/home/demi/ros2_jazzy/install/rqt_shell:/home/demi/ros2_jazzy/install/rqt_service_caller:/home/demi/ros2_jazzy/install/rqt_reconfigure:/home/demi/ros2_jazzy/install/rqt_py_console:/home/demi/ros2_jazzy/install/rqt_publisher:/home/demi/ros2_jazzy/install/rqt_action:/home/demi/ros2_jazzy/install/rqt_msg:/home/demi/ros2_jazzy/install/rqt_console:/home/demi/ros2_jazzy/install/rqt_graph:/home/demi/ros2_jazzy/install/rqt_gui_py:/home/demi/ros2_jazzy/install/rqt_gui:/home/demi/ros2_jazzy/install/ros2trace:/home/demi/ros2_jazzy/install/ros2param:/home/demi/ros2_jazzy/install/ros2lifecycle:/home/demi/ros2_jazzy/install/ros2service:/home/demi/ros2_jazzy/install/ros2topic:/home/demi/ros2_jazzy/install/ros2test:/home/demi/ros2_jazzy/install/ros2run:/home/demi/ros2_jazzy/install/ros2plugin:/home/demi/ros2_jazzy/install/ros2launch:/home/demi/ros2_jazzy/install/ros2pkg:/home/demi/ros2_jazzy/install/ros2node:/home/demi/ros2_jazzy/install/ros2multicast:/home/demi/ros2_jazzy/install/ros2interface:/home/demi/ros2_jazzy/install/ros2action:/home/demi/ros2_jazzy/install/ros2cli:/home/demi/ros2_jazzy/install/launch_testing_ros:/home/demi/ros2_jazzy/install/launch_ros:/home/demi/ros2_jazzy/install/examples_rclpy_minimal_action_server:/home/demi/ros2_jazzy/install/examples_rclpy_minimal_action_client:/home/demi/ros2_jazzy/install/examples_rclpy_guard_conditions:/home/demi/ros2_jazzy/install/action_tutorials_py:/home/demi/ros2_jazzy/install/ament_uncrustify:/home/demi/ros2_jazzy/install/tracetools_trace:/home/demi/ros2_jazzy/install/tracetools_read:/home/demi/ros2_jazzy/install/test_tracetools_launch:/home/demi/ros2_jazzy/install/test_ros2trace:/home/demi/ros2_jazzy/install/test_launch_ros:/home/demi/ros2_jazzy/install/rpyutils:/home/demi/ros2_jazzy/install/rosidl_runtime_py:/home/demi/ros2_jazzy/install/rosidl_pycommon:/home/demi/ros2_jazzy/install/rosidl_cli:/home/demi/ros2_jazzy/install/launch_pytest:/home/demi/ros2_jazzy/install/launch_testing:/home/demi/ros2_jazzy/install/launch_yaml:/home/demi/ros2_jazzy/install/launch_xml:/home/demi/ros2_jazzy/install/launch:/home/demi/ros2_jazzy/install/osrf_pycommon:/home/demi/ros2_jazzy/install/domain_coordinator:/home/demi/ros2_jazzy/install/ament_xmllint:/home/demi/ros2_jazzy/install/ament_pyflakes:/home/demi/ros2_jazzy/install/ament_pycodestyle:/home/demi/ros2_jazzy/install/ament_pep257:/home/demi/ros2_jazzy/install/ament_pclint:/home/demi/ros2_jazzy/install/ament_package:/home/demi/ros2_jazzy/install/ament_mypy:/home/demi/ros2_jazzy/install/ament_lint_cmake:/home/demi/ros2_jazzy/install/ament_flake8:/home/demi/ros2_jazzy/install/ament_copyright:/home/demi/ros2_jazzy/install/ament_lint:/home/demi/ros2_jazzy/install/ament_index_python:/home/demi/ros2_jazzy/install/ament_cpplint:/home/demi/ros2_jazzy/install/ament_cppcheck:/home/demi/ros2_jazzy/install/ament_clang_tidy:/home/demi/ros2_jazzy/install/ament_clang_format DEBUGINFOD_URLS=https://debuginfod.ubuntu.com /usr/bin/cmake /home/demi/bumper_motion/src/bumperbot_firmware -DCMAKE_INSTALL_PREFIX=/home/demi/bumper_motion/install/bumperbot_firmware
[0.328s] -- The C compiler identification is GNU 13.3.0
[0.477s] -- The CXX compiler identification is GNU 13.3.0
[0.536s] -- Detecting C compiler ABI info
[0.910s] -- Detecting C compiler ABI info - done
[0.944s] -- Check for working C compiler: /usr/bin/cc - skipped
[0.946s] -- Detecting C compile features
[0.946s] -- Detecting C compile features - done
[0.986s] -- Detecting CXX compiler ABI info
[1.489s] -- Detecting CXX compiler ABI info - done
[1.532s] -- Check for working CXX compiler: /usr/bin/c++ - skipped
[1.533s] -- Detecting CXX compile features
[1.535s] -- Detecting CXX compile features - done
[1.589s] -- Found ament_cmake: 2.5.6 (/home/demi/ros2_jazzy/install/ament_cmake/share/ament_cmake/cmake)
[3.627s] -- Found Python3: /usr/bin/python3 (found version "3.12.3") found components: Interpreter 
[4.893s] -- Found rclcpp: 28.1.17 (/home/demi/ros2_jazzy/install/rclcpp/share/rclcpp/cmake)
[5.352s] -- Found rosidl_generator_c: 4.6.7 (/home/demi/ros2_jazzy/install/rosidl_generator_c/share/rosidl_generator_c/cmake)
[5.482s] -- Found rosidl_generator_cpp: 4.6.7 (/home/demi/ros2_jazzy/install/rosidl_generator_cpp/share/rosidl_generator_cpp/cmake)
[5.766s] -- Using all available rosidl_typesupport_c: rosidl_typesupport_fastrtps_c;rosidl_typesupport_introspection_c
[5.999s] -- Using all available rosidl_typesupport_cpp: rosidl_typesupport_fastrtps_cpp;rosidl_typesupport_introspection_cpp
[6.519s] -- Found rmw_implementation_cmake: 7.3.3 (/home/demi/ros2_jazzy/install/rmw_implementation_cmake/share/rmw_implementation_cmake/cmake)
[6.645s] -- Found rmw_fastrtps_cpp: 8.4.3 (/home/demi/ros2_jazzy/install/rmw_fastrtps_cpp/share/rmw_fastrtps_cpp/cmake)
[7.256s] -- Found OpenSSL: /usr/lib/x86_64-linux-gnu/libcrypto.so (found version "3.0.13")  
[7.393s] -- Found FastRTPS: /home/demi/ros2_jazzy/install/fastrtps/include (Required is at least version "2.13") 
[7.600s] -- Using RMW implementation 'rmw_fastrtps_cpp' as default
[8.026s] -- Found rclpy: 7.1.10 (/home/demi/ros2_jazzy/install/rclpy/share/rclpy/cmake)
[8.044s] -- Found std_msgs: 5.3.7 (/home/demi/ros2_jazzy/install/std_msgs/share/std_msgs/cmake)
[8.149s] -- Found hardware_interface: 4.44.0 (/opt/ros/jazzy/share/hardware_interface/cmake)
[10.411s] -- Found PkgConfig: /usr/bin/pkg-config (found version "1.8.1") 
[10.414s] -- Checking for module 'libserial'
[10.533s] --   Found libserial, version 1.0.0
[14.031s] -- Configuring done (13.9s)
[14.270s] [33mCMake Warning at CMakeLists.txt:22 (add_library):
[14.273s]   Cannot generate a safe runtime search path for target bumperbot_firmware
[14.273s]   because there is a cycle in the constraint graph:
[14.273s] 
[14.273s]     dir 0 is [/opt/ros/jazzy/lib]
[14.273s]       dir 1 must precede it due to runtime library [libclass_loader.so]
[14.274s]       dir 2 must precede it due to runtime library [librclcpp_lifecycle.so]
[14.274s]       dir 3 must precede it due to runtime library [liburdf.so]
[14.274s]       dir 5 must precede it due to runtime library [librclcpp_action.so]
[14.274s]       dir 6 must precede it due to runtime library [librclcpp.so]
[14.274s]       dir 7 must precede it due to runtime library [librcl_action.so]
[14.274s]       dir 8 must precede it due to runtime library [liblibstatistics_collector.so]
[14.274s]       dir 9 must precede it due to runtime library [librosgraph_msgs__rosidl_typesupport_fastrtps_c.so]
[14.275s]       dir 10 must precede it due to runtime library [libstatistics_msgs__rosidl_typesupport_fastrtps_c.so]
[14.277s]       dir 11 must precede it due to runtime library [librcl_lifecycle.so]
[14.277s]       dir 12 must precede it due to runtime library [librcl.so]
[14.277s]       dir 13 must precede it due to runtime library [librcl_interfaces__rosidl_typesupport_fastrtps_c.so]
[14.277s]       dir 14 must precede it due to runtime library [librcl_yaml_param_parser.so]
[14.278s]       dir 15 must precede it due to runtime library [librcl_logging_interface.so]
[14.278s]       dir 16 must precede it due to runtime library [librmw_implementation.so]
[14.282s]       dir 17 must precede it due to runtime library [libament_index_cpp.so]
[14.282s]       dir 18 must precede it due to runtime library [libtype_description_interfaces__rosidl_typesupport_fastrtps_c.so]
[14.282s]       dir 19 must precede it due to runtime library [libtracetools.so]
[14.282s]       dir 20 must precede it due to runtime library [liblifecycle_msgs__rosidl_typesupport_fastrtps_c.so]
[14.283s]       dir 21 must precede it due to runtime library [libtrajectory_msgs__rosidl_typesupport_fastrtps_c.so]
[14.283s]       dir 22 must precede it due to runtime library [libaction_msgs__rosidl_typesupport_fastrtps_c.so]
[14.283s]       dir 23 must precede it due to runtime library [libsensor_msgs__rosidl_typesupport_fastrtps_c.so]
[14.283s]       dir 24 must precede it due to runtime library [libunique_identifier_msgs__rosidl_typesupport_fastrtps_c.so]
[14.283s]       dir 25 must precede it due to runtime library [libservice_msgs__rosidl_typesupport_fastrtps_c.so]
[14.283s]       dir 26 must precede it due to runtime library [libgeometry_msgs__rosidl_typesupport_fastrtps_c.so]
[14.283s]       dir 27 must precede it due to runtime library [libstd_msgs__rosidl_typesupport_fastrtps_c.so]
[14.284s]       dir 28 must precede it due to runtime library [libbuiltin_interfaces__rosidl_typesupport_fastrtps_c.so]
[14.284s]       dir 29 must precede it due to runtime library [librosidl_typesupport_fastrtps_c.so]
[14.284s]       dir 30 must precede it due to runtime library [librosidl_typesupport_fastrtps_cpp.so]
[14.284s]       dir 31 must precede it due to runtime library [libfastcdr.so.2]
[14.284s]       dir 32 must precede it due to runtime library [librmw.so]
[14.284s]       dir 33 must precede it due to runtime library [librosidl_dynamic_typesupport.so]
[14.284s]       dir 34 must precede it due to runtime library [librosidl_typesupport_introspection_cpp.so]
[14.285s]       dir 35 must precede it due to runtime library [librosidl_typesupport_introspection_c.so]
[14.291s]       dir 36 must precede it due to runtime library [librosidl_typesupport_cpp.so]
[14.291s]       dir 37 must precede it due to runtime library [librosidl_typesupport_c.so]
[14.292s]       dir 38 must precede it due to runtime library [librcpputils.so]
[14.292s]       dir 39 must precede it due to runtime library [librosidl_runtime_c.so]
[14.292s]       dir 40 must precede it due to runtime library [librcutils.so]
[14.292s]     dir 1 is [/home/demi/ros2_jazzy/install/class_loader/lib]
[14.292s]     dir 2 is [/home/demi/ros2_jazzy/install/rclcpp_lifecycle/lib]
[14.295s]       dir 0 must precede it due to runtime library [librclcpp_lifecycle.so]
[14.295s]     dir 3 is [/home/demi/ros2_jazzy/install/urdf/lib]
[14.295s]     dir 4 is [/home/demi/ros2_jazzy/install/urdfdom/lib]
[14.295s]     dir 5 is [/home/demi/ros2_jazzy/install/rclcpp_action/lib]
[14.296s]     dir 6 is [/home/demi/ros2_jazzy/install/rclcpp/lib]
[14.296s]       dir 0 must precede it due to runtime library [librclcpp.so]
[14.296s]     dir 7 is [/home/demi/ros2_jazzy/install/rcl_action/lib]
[14.296s]     dir 8 is [/home/demi/ros2_jazzy/install/libstatistics_collector/lib]
[14.296s]     dir 9 is [/home/demi/ros2_jazzy/install/rosgraph_msgs/lib]
[14.296s]     dir 10 is [/home/demi/ros2_jazzy/install/statistics_msgs/lib]
[14.296s]     dir 11 is [/home/demi/ros2_jazzy/install/rcl_lifecycle/lib]
[14.297s]     dir 12 is [/home/demi/ros2_jazzy/install/rcl/lib]
[14.303s]     dir 13 is [/home/demi/ros2_jazzy/install/rcl_interfaces/lib]
[14.303s]     dir 14 is [/home/demi/ros2_jazzy/install/rcl_yaml_param_parser/lib]
[14.303s]     dir 15 is [/home/demi/ros2_jazzy/install/rcl_logging_interface/lib]
[14.303s]     dir 16 is [/home/demi/ros2_jazzy/install/rmw_implementation/lib]
[14.303s]     dir 17 is [/home/demi/ros2_jazzy/install/ament_index_cpp/lib]
[14.304s]     dir 18 is [/home/demi/ros2_jazzy/install/type_description_interfaces/lib]
[14.304s]     dir 19 is [/home/demi/ros2_jazzy/install/tracetools/lib]
[14.304s]     dir 20 is [/home/demi/ros2_jazzy/install/lifecycle_msgs/lib]
[14.304s]     dir 21 is [/home/demi/ros2_jazzy/install/trajectory_msgs/lib]
[14.304s]     dir 22 is [/home/demi/ros2_jazzy/install/action_msgs/lib]
[14.304s]     dir 23 is [/home/demi/ros2_jazzy/install/sensor_msgs/lib]
[14.304s]     dir 24 is [/home/demi/ros2_jazzy/install/unique_identifier_msgs/lib]
[14.304s]     dir 25 is [/home/demi/ros2_jazzy/install/service_msgs/lib]
[14.305s]     dir 26 is [/home/demi/ros2_jazzy/install/geometry_msgs/lib]
[14.305s]     dir 27 is [/home/demi/ros2_jazzy/install/std_msgs/lib]
[14.305s]       dir 0 must precede it due to runtime library [libstd_msgs__rosidl_generator_c.so]
[14.305s]     dir 28 is [/home/demi/ros2_jazzy/install/builtin_interfaces/lib]
[14.305s]     dir 29 is [/home/demi/ros2_jazzy/install/rosidl_typesupport_fastrtps_c/lib]
[14.305s]       dir 0 must precede it due to runtime library [librosidl_typesupport_fastrtps_c.so]
[14.305s]     dir 30 is [/home/demi/ros2_jazzy/install/rosidl_typesupport_fastrtps_cpp/lib]
[14.306s]       dir 0 must precede it due to runtime library [librosidl_typesupport_fastrtps_cpp.so]
[14.309s]     dir 31 is [/home/demi/ros2_jazzy/install/fastcdr/lib]
[14.309s]     dir 32 is [/home/demi/ros2_jazzy/install/rmw/lib]
[14.309s]       dir 0 must precede it due to runtime library [librmw.so]
[14.309s]     dir 33 is [/home/demi/ros2_jazzy/install/rosidl_dynamic_typesupport/lib]
[14.309s]     dir 34 is [/home/demi/ros2_jazzy/install/rosidl_typesupport_introspection_cpp/lib]
[14.310s]       dir 0 must precede it due to runtime library [librosidl_typesupport_introspection_cpp.so]
[14.310s]     dir 35 is [/home/demi/ros2_jazzy/install/rosidl_typesupport_introspection_c/lib]
[14.310s]       dir 0 must precede it due to runtime library [librosidl_typesupport_introspection_c.so]
[14.310s]     dir 36 is [/home/demi/ros2_jazzy/install/rosidl_typesupport_cpp/lib]
[14.310s]       dir 0 must precede it due to runtime library [librosidl_typesupport_cpp.so]
[14.310s]     dir 37 is [/home/demi/ros2_jazzy/install/rosidl_typesupport_c/lib]
[14.310s]       dir 0 must precede it due to runtime library [librosidl_typesupport_c.so]
[14.310s]     dir 38 is [/home/demi/ros2_jazzy/install/rcpputils/lib]
[14.311s]       dir 0 must precede it due to runtime library [librcpputils.so]
[14.311s]     dir 39 is [/home/demi/ros2_jazzy/install/rosidl_runtime_c/lib]
[14.311s]       dir 0 must precede it due to runtime library [librosidl_runtime_c.so]
[14.311s]     dir 40 is [/home/demi/ros2_jazzy/install/rcutils/lib]
[14.311s]       dir 0 must precede it due to runtime library [librcutils.so]
[14.311s] 
[14.311s]   Some of these libraries may not be found correctly.
[14.311s] 
[14.312s] [0m
[14.368s] -- Generating done (0.3s)
[14.426s] -- Build files have been written to: /home/demi/bumper_motion/build/bumperbot_firmware
[14.497s] Invoked command in '/home/demi/bumper_motion/build/bumperbot_firmware' returned '0': CMAKE_PREFIX_PATH=${CMAKE_PREFIX_PATH}:/home/demi/bumper_motion/install/bumperbot_py_examples:/opt/ros/jazzy:/home/demi/ros2_jazzy/install/rqt_bag_plugins:/home/demi/ros2_jazzy/install/launch_testing_examples:/home/demi/ros2_jazzy/install/ros2bag:/home/demi/ros2_jazzy/install/rqt_bag:/home/demi/ros2_jazzy/install/rosbag2_examples_py:/home/demi/ros2_jazzy/install/tracetools_test:/home/demi/ros2_jazzy/install/tracetools_launch:/home/demi/ros2_jazzy/install/topic_monitor:/home/demi/ros2_jazzy/install/tf2_tools:/home/demi/ros2_jazzy/install/examples_tf2_py:/home/demi/ros2_jazzy/install/tf2_ros_py:/home/demi/ros2_jazzy/install/examples_rclpy_pointcloud_publisher:/home/demi/ros2_jazzy/install/sensor_msgs_py:/home/demi/ros2_jazzy/install/quality_of_service_demo_py:/home/demi/ros2_jazzy/install/camera_info_manager_py:/home/demi/ros2_jazzy/install/rqt_plot:/home/demi/ros2_jazzy/install/ros2doctor:/home/demi/ros2_jazzy/install/lifecycle_py:/home/demi/ros2_jazzy/install/examples_rclpy_minimal_subscriber:/home/demi/ros2_jazzy/install/examples_rclpy_minimal_service:/home/demi/ros2_jazzy/install/examples_rclpy_minimal_publisher:/home/demi/ros2_jazzy/install/examples_rclpy_minimal_client:/home/demi/ros2_jazzy/install/examples_rclpy_executors:/home/demi/ros2_jazzy/install/demo_nodes_py:/home/demi/ros2_jazzy/install/rqt:/home/demi/ros2_jazzy/install/ros2component:/home/demi/ros2_jazzy/install/sros2:/home/demi/ros2_jazzy/install/rqt_topic:/home/demi/ros2_jazzy/install/rqt_srv:/home/demi/ros2_jazzy/install/rqt_shell:/home/demi/ros2_jazzy/install/rqt_service_caller:/home/demi/ros2_jazzy/install/rqt_reconfigure:/home/demi/ros2_jazzy/install/rqt_py_console:/home/demi/ros2_jazzy/install/rqt_publisher:/home/demi/ros2_jazzy/install/rqt_action:/home/demi/ros2_jazzy/install/rqt_msg:/home/demi/ros2_jazzy/install/rqt_console:/home/demi/ros2_jazzy/install/rqt_graph:/home/demi/ros2_jazzy/install/rqt_gui_py:/home/demi/ros2_jazzy/install/rqt_gui:/home/demi/ros2_jazzy/install/ros2trace:/home/demi/ros2_jazzy/install/ros2param:/home/demi/ros2_jazzy/install/ros2lifecycle:/home/demi/ros2_jazzy/install/ros2service:/home/demi/ros2_jazzy/install/ros2topic:/home/demi/ros2_jazzy/install/ros2test:/home/demi/ros2_jazzy/install/ros2run:/home/demi/ros2_jazzy/install/ros2plugin:/home/demi/ros2_jazzy/install/ros2launch:/home/demi/ros2_jazzy/install/ros2pkg:/home/demi/ros2_jazzy/install/ros2node:/home/demi/ros2_jazzy/install/ros2multicast:/home/demi/ros2_jazzy/install/ros2interface:/home/demi/ros2_jazzy/install/ros2action:/home/demi/ros2_jazzy/install/ros2cli:/home/demi/ros2_jazzy/install/launch_testing_ros:/home/demi/ros2_jazzy/install/launch_ros:/home/demi/ros2_jazzy/install/examples_rclpy_minimal_action_server:/home/demi/ros2_jazzy/install/examples_rclpy_minimal_action_client:/home/demi/ros2_jazzy/install/examples_rclpy_guard_conditions:/home/demi/ros2_jazzy/install/action_tutorials_py:/home/demi/ros2_jazzy/install/ament_uncrustify:/home/demi/ros2_jazzy/install/tracetools_trace:/home/demi/ros2_jazzy/install/tracetools_read:/home/demi/ros2_jazzy/install/test_tracetools_launch:/home/demi/ros2_jazzy/install/test_ros2trace:/home/demi/ros2_jazzy/install/test_launch_ros:/home/demi/ros2_jazzy/install/rpyutils:/home/demi/ros2_jazzy/install/rosidl_runtime_py:/home/demi/ros2_jazzy/install/rosidl_pycommon:/home/demi/ros2_jazzy/install/rosidl_cli:/home/demi/ros2_jazzy/install/launch_pytest:/home/demi/ros2_jazzy/install/launch_testing:/home/demi/ros2_jazzy/install/launch_yaml:/home/demi/ros2_jazzy/install/launch_xml:/home/demi/ros2_jazzy/install/launch:/home/demi/ros2_jazzy/install/osrf_pycommon:/home/demi/ros2_jazzy/install/domain_coordinator:/home/demi/ros2_jazzy/install/ament_xmllint:/home/demi/ros2_jazzy/install/ament_pyflakes:/home/demi/ros2_jazzy/install/ament_pycodestyle:/home/demi/ros2_jazzy/install/ament_pep257:/home/demi/ros2_jazzy/install/ament_pclint:/home/demi/ros2_jazzy/install/ament_package:/home/demi/ros2_jazzy/install/ament_mypy:/home/demi/ros2_jazzy/install/ament_lint_cmake:/home/demi/ros2_jazzy/install/ament_flake8:/home/demi/ros2_jazzy/install/ament_copyright:/home/demi/ros2_jazzy/install/ament_lint:/home/demi/ros2_jazzy/install/ament_index_python:/home/demi/ros2_jazzy/install/ament_cpplint:/home/demi/ros2_jazzy/install/ament_cppcheck:/home/demi/ros2_jazzy/install/ament_clang_tidy:/home/demi/ros2_jazzy/install/ament_clang_format DEBUGINFOD_URLS=https://debuginfod.ubuntu.com /usr/bin/cmake /home/demi/bumper_motion/src/bumperbot_firmware -DCMAKE_INSTALL_PREFIX=/home/demi/bumper_motion/install/bumperbot_firmware
[14.498s] Invoking command in '/home/demi/bumper_motion/build/bumperbot_firmware': CMAKE_PREFIX_PATH=${CMAKE_PREFIX_PATH}:/home/demi/bumper_motion/install/bumperbot_py_examples:/opt/ros/jazzy:/home/demi/ros2_jazzy/install/rqt_bag_plugins:/home/demi/ros2_jazzy/install/launch_testing_examples:/home/demi/ros2_jazzy/install/ros2bag:/home/demi/ros2_jazzy/install/rqt_bag:/home/demi/ros2_jazzy/install/rosbag2_examples_py:/home/demi/ros2_jazzy/install/tracetools_test:/home/demi/ros2_jazzy/install/tracetools_launch:/home/demi/ros2_jazzy/install/topic_monitor:/home/demi/ros2_jazzy/install/tf2_tools:/home/demi/ros2_jazzy/install/examples_tf2_py:/home/demi/ros2_jazzy/install/tf2_ros_py:/home/demi/ros2_jazzy/install/examples_rclpy_pointcloud_publisher:/home/demi/ros2_jazzy/install/sensor_msgs_py:/home/demi/ros2_jazzy/install/quality_of_service_demo_py:/home/demi/ros2_jazzy/install/camera_info_manager_py:/home/demi/ros2_jazzy/install/rqt_plot:/home/demi/ros2_jazzy/install/ros2doctor:/home/demi/ros2_jazzy/install/lifecycle_py:/home/demi/ros2_jazzy/install/examples_rclpy_minimal_subscriber:/home/demi/ros2_jazzy/install/examples_rclpy_minimal_service:/home/demi/ros2_jazzy/install/examples_rclpy_minimal_publisher:/home/demi/ros2_jazzy/install/examples_rclpy_minimal_client:/home/demi/ros2_jazzy/install/examples_rclpy_executors:/home/demi/ros2_jazzy/install/demo_nodes_py:/home/demi/ros2_jazzy/install/rqt:/home/demi/ros2_jazzy/install/ros2component:/home/demi/ros2_jazzy/install/sros2:/home/demi/ros2_jazzy/install/rqt_topic:/home/demi/ros2_jazzy/install/rqt_srv:/home/demi/ros2_jazzy/install/rqt_shell:/home/demi/ros2_jazzy/install/rqt_service_caller:/home/demi/ros2_jazzy/install/rqt_reconfigure:/home/demi/ros2_jazzy/install/rqt_py_console:/home/demi/ros2_jazzy/install/rqt_publisher:/home/demi/ros2_jazzy/install/rqt_action:/home/demi/ros2_jazzy/install/rqt_msg:/home/demi/ros2_jazzy/install/rqt_console:/home/demi/ros2_jazzy/install/rqt_graph:/home/demi/ros2_jazzy/install/rqt_gui_py:/home/demi/ros2_jazzy/install/rqt_gui:/home/demi/ros2_jazzy/install/ros2trace:/home/demi/ros2_jazzy/install/ros2param:/home/demi/ros2_jazzy/install/ros2lifecycle:/home/demi/ros2_jazzy/install/ros2service:/home/demi/ros2_jazzy/install/ros2topic:/home/demi/ros2_jazzy/install/ros2test:/home/demi/ros2_jazzy/install/ros2run:/home/demi/ros2_jazzy/install/ros2plugin:/home/demi/ros2_jazzy/install/ros2launch:/home/demi/ros2_jazzy/install/ros2pkg:/home/demi/ros2_jazzy/install/ros2node:/home/demi/ros2_jazzy/install/ros2multicast:/home/demi/ros2_jazzy/install/ros2interface:/home/demi/ros2_jazzy/install/ros2action:/home/demi/ros2_jazzy/install/ros2cli:/home/demi/ros2_jazzy/install/launch_testing_ros:/home/demi/ros2_jazzy/install/launch_ros:/home/demi/ros2_jazzy/install/examples_rclpy_minimal_action_server:/home/demi/ros2_jazzy/install/examples_rclpy_minimal_action_client:/home/demi/ros2_jazzy/install/examples_rclpy_guard_conditions:/home/demi/ros2_jazzy/install/action_tutorials_py:/home/demi/ros2_jazzy/install/ament_uncrustify:/home/demi/ros2_jazzy/install/tracetools_trace:/home/demi/ros2_jazzy/install/tracetools_read:/home/demi/ros2_jazzy/install/test_tracetools_launch:/home/demi/ros2_jazzy/install/test_ros2trace:/home/demi/ros2_jazzy/install/test_launch_ros:/home/demi/ros2_jazzy/install/rpyutils:/home/demi/ros2_jazzy/install/rosidl_runtime_py:/home/demi/ros2_jazzy/install/rosidl_pycommon:/home/demi/ros2_jazzy/install/rosidl_cli:/home/demi/ros2_jazzy/install/launch_pytest:/home/demi/ros2_jazzy/install/launch_testing:/home/demi/ros2_jazzy/install/launch_yaml:/home/demi/ros2_jazzy/install/launch_xml:/home/demi/ros2_jazzy/install/launch:/home/demi/ros2_jazzy/install/osrf_pycommon:/home/demi/ros2_jazzy/install/domain_coordinator:/home/demi/ros2_jazzy/install/ament_xmllint:/home/demi/ros2_jazzy/install/ament_pyflakes:/home/demi/ros2_jazzy/install/ament_pycodestyle:/home/demi/ros2_jazzy/install/ament_pep257:/home/demi/ros2_jazzy/install/ament_pclint:/home/demi/ros2_jazzy/install/ament_package:/home/demi/ros2_jazzy/install/ament_mypy:/home/demi/ros2_jazzy/install/ament_lint_cmake:/home/demi/ros2_jazzy/install/ament_flake8:/home/demi/ros2_jazzy/install/ament_copyright:/home/demi/ros2_jazzy/install/ament_lint:/home/demi/ros2_jazzy/install/ament_index_python:/home/demi/ros2_jazzy/install/ament_cpplint:/home/demi/ros2_jazzy/install/ament_cppcheck:/home/demi/ros2_jazzy/install/ament_clang_tidy:/home/demi/ros2_jazzy/install/ament_clang_format DEBUGINFOD_URLS=https://debuginfod.ubuntu.com /usr/bin/cmake --build /home/demi/bumper_motion/build/bumperbot_firmware -- -j4 -l4
[15.026s] [  0%] Built target ament_cmake_python_copy_bumperbot_firmware
[15.084s] [ 16%] [32mBuilding CXX object CMakeFiles/simple_serial_receiver.dir/src/simple_serial_receiver.cpp.o[0m
[15.125s] [ 50%] [32mBuilding CXX object CMakeFiles/bumperbot_firmware.dir/src/bumperbot_interface.cpp.o[0m
[15.135s] [ 50%] [32mBuilding CXX object CMakeFiles/simple_serial_transmitter.dir/src/simple_serial_transmitter.cpp.o[0m
[18.750s] running egg_info
[18.752s] creating bumperbot_firmware.egg-info
[18.888s] writing bumperbot_firmware.egg-info/PKG-INFO
[18.891s] writing dependency_links to bumperbot_firmware.egg-info/dependency_links.txt
[18.892s] writing top-level names to bumperbot_firmware.egg-info/top_level.txt
[18.892s] writing manifest file 'bumperbot_firmware.egg-info/SOURCES.txt'
[19.978s] reading manifest file 'bumperbot_firmware.egg-info/SOURCES.txt'
[19.979s] writing manifest file 'bumperbot_firmware.egg-info/SOURCES.txt'
[20.188s] [ 50%] Built target ament_cmake_python_build_bumperbot_firmware_egg
[31.525s] [01m[K/home/demi/bumper_motion/src/bumperbot_firmware/src/bumperbot_interface.cpp:[m[K In member function ‘[01m[Kvirtual bumperbot_firmware::CallbackReturn bumperbot_firmware::BumperbotInterface::[01;32m[Kon_init[m[K(const hardware_interface::HardwareInfo&)[m[K’:
[31.525s] [01m[K/home/demi/bumper_motion/src/bumperbot_firmware/src/bumperbot_interface.cpp:32:71:[m[K [01;35m[Kwarning: [m[K‘[01m[Kvirtual rclcpp_lifecycle::node_interfaces::LifecycleNodeInterface::CallbackReturn hardware_interface::HardwareComponentInterface::[01;32m[Kon_init[m[K(const hardware_interface::HardwareInfo&)[m[K’ is deprecated: Use on_init(const HardwareComponentInterfaceParams & params) instead. [[01;35m[K]8;;https://gcc.gnu.org/onlinedocs/gcc/Warning-Options.html#index-Wdeprecated-declarations-Wdeprecated-declarations]8;;[m[K]
[31.526s]    32 |   CallbackReturn result = [01;35m[Khardware_interface::SystemInterface::on_init(hardware_info)[m[K;
[31.526s]       |                           [01;35m[K~~~~~~~~~~~~~~~~~~~~~~~~~~~~~~~~~~~~~~~~~~~~^~~~~~~~~~~~~~~[m[K
[31.526s] In file included from [01m[K/opt/ros/jazzy/include/hardware_interface/hardware_interface/system_interface.hpp:18[m[K,
[31.526s]                  from [01m[K/home/demi/bumper_motion/src/bumperbot_firmware/include/bumperbot_firmware/bumperbot_interface.hpp:5[m[K,
[31.526s]                  from [01m[K/home/demi/bumper_motion/src/bumperbot_firmware/src/bumperbot_interface.cpp:1[m[K:
[31.527s] [01m[K/opt/ros/jazzy/include/hardware_interface/hardware_interface/hardware_component_interface.hpp:140:26:[m[K [01;36m[Knote: [m[Kdeclared here
[31.527s]   140 |   virtual CallbackReturn [01;36m[Kon_init[m[K(const HardwareInfo & hardware_info);
[31.527s]       |                          [01;36m[K^~~~~~~[m[K
[36.771s] [ 66%] [32m[1mLinking CXX executable simple_serial_receiver[0m
[39.790s] [ 66%] Built target simple_serial_receiver
[41.158s] [ 83%] [32m[1mLinking CXX shared library libbumperbot_firmware.so[0m
[51.870s] [ 83%] Built target bumperbot_firmware
[55.769s] [100%] [32m[1mLinking CXX executable simple_serial_transmitter[0m
[59.701s] [100%] Built target simple_serial_transmitter
[59.906s] Invoked command in '/home/demi/bumper_motion/build/bumperbot_firmware' returned '0': CMAKE_PREFIX_PATH=${CMAKE_PREFIX_PATH}:/home/demi/bumper_motion/install/bumperbot_py_examples:/opt/ros/jazzy:/home/demi/ros2_jazzy/install/rqt_bag_plugins:/home/demi/ros2_jazzy/install/launch_testing_examples:/home/demi/ros2_jazzy/install/ros2bag:/home/demi/ros2_jazzy/install/rqt_bag:/home/demi/ros2_jazzy/install/rosbag2_examples_py:/home/demi/ros2_jazzy/install/tracetools_test:/home/demi/ros2_jazzy/install/tracetools_launch:/home/demi/ros2_jazzy/install/topic_monitor:/home/demi/ros2_jazzy/install/tf2_tools:/home/demi/ros2_jazzy/install/examples_tf2_py:/home/demi/ros2_jazzy/install/tf2_ros_py:/home/demi/ros2_jazzy/install/examples_rclpy_pointcloud_publisher:/home/demi/ros2_jazzy/install/sensor_msgs_py:/home/demi/ros2_jazzy/install/quality_of_service_demo_py:/home/demi/ros2_jazzy/install/camera_info_manager_py:/home/demi/ros2_jazzy/install/rqt_plot:/home/demi/ros2_jazzy/install/ros2doctor:/home/demi/ros2_jazzy/install/lifecycle_py:/home/demi/ros2_jazzy/install/examples_rclpy_minimal_subscriber:/home/demi/ros2_jazzy/install/examples_rclpy_minimal_service:/home/demi/ros2_jazzy/install/examples_rclpy_minimal_publisher:/home/demi/ros2_jazzy/install/examples_rclpy_minimal_client:/home/demi/ros2_jazzy/install/examples_rclpy_executors:/home/demi/ros2_jazzy/install/demo_nodes_py:/home/demi/ros2_jazzy/install/rqt:/home/demi/ros2_jazzy/install/ros2component:/home/demi/ros2_jazzy/install/sros2:/home/demi/ros2_jazzy/install/rqt_topic:/home/demi/ros2_jazzy/install/rqt_srv:/home/demi/ros2_jazzy/install/rqt_shell:/home/demi/ros2_jazzy/install/rqt_service_caller:/home/demi/ros2_jazzy/install/rqt_reconfigure:/home/demi/ros2_jazzy/install/rqt_py_console:/home/demi/ros2_jazzy/install/rqt_publisher:/home/demi/ros2_jazzy/install/rqt_action:/home/demi/ros2_jazzy/install/rqt_msg:/home/demi/ros2_jazzy/install/rqt_console:/home/demi/ros2_jazzy/install/rqt_graph:/home/demi/ros2_jazzy/install/rqt_gui_py:/home/demi/ros2_jazzy/install/rqt_gui:/home/demi/ros2_jazzy/install/ros2trace:/home/demi/ros2_jazzy/install/ros2param:/home/demi/ros2_jazzy/install/ros2lifecycle:/home/demi/ros2_jazzy/install/ros2service:/home/demi/ros2_jazzy/install/ros2topic:/home/demi/ros2_jazzy/install/ros2test:/home/demi/ros2_jazzy/install/ros2run:/home/demi/ros2_jazzy/install/ros2plugin:/home/demi/ros2_jazzy/install/ros2launch:/home/demi/ros2_jazzy/install/ros2pkg:/home/demi/ros2_jazzy/install/ros2node:/home/demi/ros2_jazzy/install/ros2multicast:/home/demi/ros2_jazzy/install/ros2interface:/home/demi/ros2_jazzy/install/ros2action:/home/demi/ros2_jazzy/install/ros2cli:/home/demi/ros2_jazzy/install/launch_testing_ros:/home/demi/ros2_jazzy/install/launch_ros:/home/demi/ros2_jazzy/install/examples_rclpy_minimal_action_server:/home/demi/ros2_jazzy/install/examples_rclpy_minimal_action_client:/home/demi/ros2_jazzy/install/examples_rclpy_guard_conditions:/home/demi/ros2_jazzy/install/action_tutorials_py:/home/demi/ros2_jazzy/install/ament_uncrustify:/home/demi/ros2_jazzy/install/tracetools_trace:/home/demi/ros2_jazzy/install/tracetools_read:/home/demi/ros2_jazzy/install/test_tracetools_launch:/home/demi/ros2_jazzy/install/test_ros2trace:/home/demi/ros2_jazzy/install/test_launch_ros:/home/demi/ros2_jazzy/install/rpyutils:/home/demi/ros2_jazzy/install/rosidl_runtime_py:/home/demi/ros2_jazzy/install/rosidl_pycommon:/home/demi/ros2_jazzy/install/rosidl_cli:/home/demi/ros2_jazzy/install/launch_pytest:/home/demi/ros2_jazzy/install/launch_testing:/home/demi/ros2_jazzy/install/launch_yaml:/home/demi/ros2_jazzy/install/launch_xml:/home/demi/ros2_jazzy/install/launch:/home/demi/ros2_jazzy/install/osrf_pycommon:/home/demi/ros2_jazzy/install/domain_coordinator:/home/demi/ros2_jazzy/install/ament_xmllint:/home/demi/ros2_jazzy/install/ament_pyflakes:/home/demi/ros2_jazzy/install/ament_pycodestyle:/home/demi/ros2_jazzy/install/ament_pep257:/home/demi/ros2_jazzy/install/ament_pclint:/home/demi/ros2_jazzy/install/ament_package:/home/demi/ros2_jazzy/install/ament_mypy:/home/demi/ros2_jazzy/install/ament_lint_cmake:/home/demi/ros2_jazzy/install/ament_flake8:/home/demi/ros2_jazzy/install/ament_copyright:/home/demi/ros2_jazzy/install/ament_lint:/home/demi/ros2_jazzy/install/ament_index_python:/home/demi/ros2_jazzy/install/ament_cpplint:/home/demi/ros2_jazzy/install/ament_cppcheck:/home/demi/ros2_jazzy/install/ament_clang_tidy:/home/demi/ros2_jazzy/install/ament_clang_format DEBUGINFOD_URLS=https://debuginfod.ubuntu.com /usr/bin/cmake --build /home/demi/bumper_motion/build/bumperbot_firmware -- -j4 -l4
[59.929s] Invoking command in '/home/demi/bumper_motion/build/bumperbot_firmware': CMAKE_PREFIX_PATH=${CMAKE_PREFIX_PATH}:/home/demi/bumper_motion/install/bumperbot_py_examples:/opt/ros/jazzy:/home/demi/ros2_jazzy/install/rqt_bag_plugins:/home/demi/ros2_jazzy/install/launch_testing_examples:/home/demi/ros2_jazzy/install/ros2bag:/home/demi/ros2_jazzy/install/rqt_bag:/home/demi/ros2_jazzy/install/rosbag2_examples_py:/home/demi/ros2_jazzy/install/tracetools_test:/home/demi/ros2_jazzy/install/tracetools_launch:/home/demi/ros2_jazzy/install/topic_monitor:/home/demi/ros2_jazzy/install/tf2_tools:/home/demi/ros2_jazzy/install/examples_tf2_py:/home/demi/ros2_jazzy/install/tf2_ros_py:/home/demi/ros2_jazzy/install/examples_rclpy_pointcloud_publisher:/home/demi/ros2_jazzy/install/sensor_msgs_py:/home/demi/ros2_jazzy/install/quality_of_service_demo_py:/home/demi/ros2_jazzy/install/camera_info_manager_py:/home/demi/ros2_jazzy/install/rqt_plot:/home/demi/ros2_jazzy/install/ros2doctor:/home/demi/ros2_jazzy/install/lifecycle_py:/home/demi/ros2_jazzy/install/examples_rclpy_minimal_subscriber:/home/demi/ros2_jazzy/install/examples_rclpy_minimal_service:/home/demi/ros2_jazzy/install/examples_rclpy_minimal_publisher:/home/demi/ros2_jazzy/install/examples_rclpy_minimal_client:/home/demi/ros2_jazzy/install/examples_rclpy_executors:/home/demi/ros2_jazzy/install/demo_nodes_py:/home/demi/ros2_jazzy/install/rqt:/home/demi/ros2_jazzy/install/ros2component:/home/demi/ros2_jazzy/install/sros2:/home/demi/ros2_jazzy/install/rqt_topic:/home/demi/ros2_jazzy/install/rqt_srv:/home/demi/ros2_jazzy/install/rqt_shell:/home/demi/ros2_jazzy/install/rqt_service_caller:/home/demi/ros2_jazzy/install/rqt_reconfigure:/home/demi/ros2_jazzy/install/rqt_py_console:/home/demi/ros2_jazzy/install/rqt_publisher:/home/demi/ros2_jazzy/install/rqt_action:/home/demi/ros2_jazzy/install/rqt_msg:/home/demi/ros2_jazzy/install/rqt_console:/home/demi/ros2_jazzy/install/rqt_graph:/home/demi/ros2_jazzy/install/rqt_gui_py:/home/demi/ros2_jazzy/install/rqt_gui:/home/demi/ros2_jazzy/install/ros2trace:/home/demi/ros2_jazzy/install/ros2param:/home/demi/ros2_jazzy/install/ros2lifecycle:/home/demi/ros2_jazzy/install/ros2service:/home/demi/ros2_jazzy/install/ros2topic:/home/demi/ros2_jazzy/install/ros2test:/home/demi/ros2_jazzy/install/ros2run:/home/demi/ros2_jazzy/install/ros2plugin:/home/demi/ros2_jazzy/install/ros2launch:/home/demi/ros2_jazzy/install/ros2pkg:/home/demi/ros2_jazzy/install/ros2node:/home/demi/ros2_jazzy/install/ros2multicast:/home/demi/ros2_jazzy/install/ros2interface:/home/demi/ros2_jazzy/install/ros2action:/home/demi/ros2_jazzy/install/ros2cli:/home/demi/ros2_jazzy/install/launch_testing_ros:/home/demi/ros2_jazzy/install/launch_ros:/home/demi/ros2_jazzy/install/examples_rclpy_minimal_action_server:/home/demi/ros2_jazzy/install/examples_rclpy_minimal_action_client:/home/demi/ros2_jazzy/install/examples_rclpy_guard_conditions:/home/demi/ros2_jazzy/install/action_tutorials_py:/home/demi/ros2_jazzy/install/ament_uncrustify:/home/demi/ros2_jazzy/install/tracetools_trace:/home/demi/ros2_jazzy/install/tracetools_read:/home/demi/ros2_jazzy/install/test_tracetools_launch:/home/demi/ros2_jazzy/install/test_ros2trace:/home/demi/ros2_jazzy/install/test_launch_ros:/home/demi/ros2_jazzy/install/rpyutils:/home/demi/ros2_jazzy/install/rosidl_runtime_py:/home/demi/ros2_jazzy/install/rosidl_pycommon:/home/demi/ros2_jazzy/install/rosidl_cli:/home/demi/ros2_jazzy/install/launch_pytest:/home/demi/ros2_jazzy/install/launch_testing:/home/demi/ros2_jazzy/install/launch_yaml:/home/demi/ros2_jazzy/install/launch_xml:/home/demi/ros2_jazzy/install/launch:/home/demi/ros2_jazzy/install/osrf_pycommon:/home/demi/ros2_jazzy/install/domain_coordinator:/home/demi/ros2_jazzy/install/ament_xmllint:/home/demi/ros2_jazzy/install/ament_pyflakes:/home/demi/ros2_jazzy/install/ament_pycodestyle:/home/demi/ros2_jazzy/install/ament_pep257:/home/demi/ros2_jazzy/install/ament_pclint:/home/demi/ros2_jazzy/install/ament_package:/home/demi/ros2_jazzy/install/ament_mypy:/home/demi/ros2_jazzy/install/ament_lint_cmake:/home/demi/ros2_jazzy/install/ament_flake8:/home/demi/ros2_jazzy/install/ament_copyright:/home/demi/ros2_jazzy/install/ament_lint:/home/demi/ros2_jazzy/install/ament_index_python:/home/demi/ros2_jazzy/install/ament_cpplint:/home/demi/ros2_jazzy/install/ament_cppcheck:/home/demi/ros2_jazzy/install/ament_clang_tidy:/home/demi/ros2_jazzy/install/ament_clang_format DEBUGINFOD_URLS=https://debuginfod.ubuntu.com /usr/bin/cmake --install /home/demi/bumper_motion/build/bumperbot_firmware
[60.049s] -- Install configuration: ""
[60.050s] -- Installing: /home/demi/bumper_motion/install/bumperbot_firmware/share/bumperbot_firmware/environment/pythonpath.sh
[60.052s] -- Installing: /home/demi/bumper_motion/install/bumperbot_firmware/share/bumperbot_firmware/environment/pythonpath.dsv
[60.056s] -- Installing: /home/demi/bumper_motion/install/bumperbot_firmware/lib/python3.12/site-packages/bumperbot_firmware-0.0.0-py3.12.egg-info
[60.056s] -- Installing: /home/demi/bumper_motion/install/bumperbot_firmware/lib/python3.12/site-packages/bumperbot_firmware-0.0.0-py3.12.egg-info/SOURCES.txt
[60.057s] -- Installing: /home/demi/bumper_motion/install/bumperbot_firmware/lib/python3.12/site-packages/bumperbot_firmware-0.0.0-py3.12.egg-info/dependency_links.txt
[60.058s] -- Installing: /home/demi/bumper_motion/install/bumperbot_firmware/lib/python3.12/site-packages/bumperbot_firmware-0.0.0-py3.12.egg-info/PKG-INFO
[60.059s] -- Installing: /home/demi/bumper_motion/install/bumperbot_firmware/lib/python3.12/site-packages/bumperbot_firmware-0.0.0-py3.12.egg-info/top_level.txt
[60.060s] -- Installing: /home/demi/bumper_motion/install/bumperbot_firmware/lib/python3.12/site-packages/bumperbot_firmware
[60.060s] -- Installing: /home/demi/bumper_motion/install/bumperbot_firmware/lib/python3.12/site-packages/bumperbot_firmware/simple_serial_transmitter.py
[60.061s] -- Installing: /home/demi/bumper_motion/install/bumperbot_firmware/lib/python3.12/site-packages/bumperbot_firmware/__init__.py
[60.061s] -- Installing: /home/demi/bumper_motion/install/bumperbot_firmware/lib/python3.12/site-packages/bumperbot_firmware/mpu6050_driver.py
[60.063s] -- Installing: /home/demi/bumper_motion/install/bumperbot_firmware/lib/python3.12/site-packages/bumperbot_firmware/simple_serial_receiver.py
[60.881s] Listing '/home/demi/bumper_motion/install/bumperbot_firmware/lib/python3.12/site-packages/bumperbot_firmware'...
[60.881s] Compiling '/home/demi/bumper_motion/install/bumperbot_firmware/lib/python3.12/site-packages/bumperbot_firmware/__init__.py'...
[60.881s] Compiling '/home/demi/bumper_motion/install/bumperbot_firmware/lib/python3.12/site-packages/bumperbot_firmware/mpu6050_driver.py'...
[60.881s] Compiling '/home/demi/bumper_motion/install/bumperbot_firmware/lib/python3.12/site-packages/bumperbot_firmware/simple_serial_receiver.py'...
[60.881s] Compiling '/home/demi/bumper_motion/install/bumperbot_firmware/lib/python3.12/site-packages/bumperbot_firmware/simple_serial_transmitter.py'...
[60.929s] -- Installing: /home/demi/bumper_motion/install/bumperbot_firmware/share/bumperbot_firmware/bumperbot_interface.xml
[60.930s] -- Installing: /home/demi/bumper_motion/install/bumperbot_firmware/lib/libbumperbot_firmware.so
[60.935s] -- Set non-toolchain portion of runtime path of "/home/demi/bumper_motion/install/bumperbot_firmware/lib/libbumperbot_firmware.so" to ""
[60.939s] -- Installing: /home/demi/bumper_motion/install/bumperbot_firmware/include/include
[60.939s] -- Installing: /home/demi/bumper_motion/install/bumperbot_firmware/include/include/bumperbot_firmware
[60.939s] -- Installing: /home/demi/bumper_motion/install/bumperbot_firmware/include/include/bumperbot_firmware/bumperbot_interface.hpp
[60.940s] -- Installing: /home/demi/bumper_motion/install/bumperbot_firmware/share/bumperbot_firmware/launch
[60.940s] -- Installing: /home/demi/bumper_motion/install/bumperbot_firmware/share/bumperbot_firmware/launch/hardware_interface.launch.py
[60.945s] -- Installing: /home/demi/bumper_motion/install/bumperbot_firmware/lib/bumperbot_firmware/simple_serial_transmitter.py
[60.948s] -- Installing: /home/demi/bumper_motion/install/bumperbot_firmware/lib/bumperbot_firmware/simple_serial_receiver.py
[60.948s] -- Installing: /home/demi/bumper_motion/install/bumperbot_firmware/lib/bumperbot_firmware/mpu6050_driver.py
[60.949s] -- Installing: /home/demi/bumper_motion/install/bumperbot_firmware/lib/bumperbot_firmware/simple_serial_receiver
[60.954s] -- Set non-toolchain portion of runtime path of "/home/demi/bumper_motion/install/bumperbot_firmware/lib/bumperbot_firmware/simple_serial_receiver" to ""
[60.957s] -- Installing: /home/demi/bumper_motion/install/bumperbot_firmware/lib/bumperbot_firmware/simple_serial_transmitter
[60.977s] -- Set non-toolchain portion of runtime path of "/home/demi/bumper_motion/install/bumperbot_firmware/lib/bumperbot_firmware/simple_serial_transmitter" to ""
[60.978s] -- Installing: /home/demi/bumper_motion/install/bumperbot_firmware/share/bumperbot_firmware/environment/library_path.sh
[60.983s] -- Installing: /home/demi/bumper_motion/install/bumperbot_firmware/share/bumperbot_firmware/environment/library_path.dsv
[60.985s] -- Installing: /home/demi/bumper_motion/install/bumperbot_firmware/share/ament_index/resource_index/package_run_dependencies/bumperbot_firmware
[60.987s] -- Installing: /home/demi/bumper_motion/install/bumperbot_firmware/share/ament_index/resource_index/parent_prefix_path/bumperbot_firmware
[60.989s] -- Installing: /home/demi/bumper_motion/install/bumperbot_firmware/share/bumperbot_firmware/environment/ament_prefix_path.sh
[60.990s] -- Installing: /home/demi/bumper_motion/install/bumperbot_firmware/share/bumperbot_firmware/environment/ament_prefix_path.dsv
[60.991s] -- Installing: /home/demi/bumper_motion/install/bumperbot_firmware/share/bumperbot_firmware/environment/path.sh
[60.991s] -- Installing: /home/demi/bumper_motion/install/bumperbot_firmware/share/bumperbot_firmware/environment/path.dsv
[60.995s] -- Installing: /home/demi/bumper_motion/install/bumperbot_firmware/share/bumperbot_firmware/local_setup.bash
[60.995s] -- Installing: /home/demi/bumper_motion/install/bumperbot_firmware/share/bumperbot_firmware/local_setup.sh
[60.998s] -- Installing: /home/demi/bumper_motion/install/bumperbot_firmware/share/bumperbot_firmware/local_setup.zsh
[61.000s] -- Installing: /home/demi/bumper_motion/install/bumperbot_firmware/share/bumperbot_firmware/local_setup.dsv
[61.003s] -- Installing: /home/demi/bumper_motion/install/bumperbot_firmware/share/bumperbot_firmware/package.dsv
[61.005s] -- Installing: /home/demi/bumper_motion/install/bumperbot_firmware/share/ament_index/resource_index/packages/bumperbot_firmware
[61.005s] -- Installing: /home/demi/bumper_motion/install/bumperbot_firmware/share/ament_index/resource_index/hardware_interface__pluginlib__plugin/bumperbot_firmware
[61.008s] -- Installing: /home/demi/bumper_motion/install/bumperbot_firmware/share/bumperbot_firmware/cmake/ament_cmake_export_include_directories-extras.cmake
[61.009s] -- Installing: /home/demi/bumper_motion/install/bumperbot_firmware/share/bumperbot_firmware/cmake/ament_cmake_export_libraries-extras.cmake
[61.011s] -- Installing: /home/demi/bumper_motion/install/bumperbot_firmware/share/bumperbot_firmware/cmake/ament_cmake_export_dependencies-extras.cmake
[61.015s] -- Installing: /home/demi/bumper_motion/install/bumperbot_firmware/share/bumperbot_firmware/cmake/bumperbot_firmwareConfig.cmake
[61.016s] -- Installing: /home/demi/bumper_motion/install/bumperbot_firmware/share/bumperbot_firmware/cmake/bumperbot_firmwareConfig-version.cmake
[61.017s] -- Installing: /home/demi/bumper_motion/install/bumperbot_firmware/share/bumperbot_firmware/package.xml
[61.025s] Invoked command in '/home/demi/bumper_motion/build/bumperbot_firmware' returned '0': CMAKE_PREFIX_PATH=${CMAKE_PREFIX_PATH}:/home/demi/bumper_motion/install/bumperbot_py_examples:/opt/ros/jazzy:/home/demi/ros2_jazzy/install/rqt_bag_plugins:/home/demi/ros2_jazzy/install/launch_testing_examples:/home/demi/ros2_jazzy/install/ros2bag:/home/demi/ros2_jazzy/install/rqt_bag:/home/demi/ros2_jazzy/install/rosbag2_examples_py:/home/demi/ros2_jazzy/install/tracetools_test:/home/demi/ros2_jazzy/install/tracetools_launch:/home/demi/ros2_jazzy/install/topic_monitor:/home/demi/ros2_jazzy/install/tf2_tools:/home/demi/ros2_jazzy/install/examples_tf2_py:/home/demi/ros2_jazzy/install/tf2_ros_py:/home/demi/ros2_jazzy/install/examples_rclpy_pointcloud_publisher:/home/demi/ros2_jazzy/install/sensor_msgs_py:/home/demi/ros2_jazzy/install/quality_of_service_demo_py:/home/demi/ros2_jazzy/install/camera_info_manager_py:/home/demi/ros2_jazzy/install/rqt_plot:/home/demi/ros2_jazzy/install/ros2doctor:/home/demi/ros2_jazzy/install/lifecycle_py:/home/demi/ros2_jazzy/install/examples_rclpy_minimal_subscriber:/home/demi/ros2_jazzy/install/examples_rclpy_minimal_service:/home/demi/ros2_jazzy/install/examples_rclpy_minimal_publisher:/home/demi/ros2_jazzy/install/examples_rclpy_minimal_client:/home/demi/ros2_jazzy/install/examples_rclpy_executors:/home/demi/ros2_jazzy/install/demo_nodes_py:/home/demi/ros2_jazzy/install/rqt:/home/demi/ros2_jazzy/install/ros2component:/home/demi/ros2_jazzy/install/sros2:/home/demi/ros2_jazzy/install/rqt_topic:/home/demi/ros2_jazzy/install/rqt_srv:/home/demi/ros2_jazzy/install/rqt_shell:/home/demi/ros2_jazzy/install/rqt_service_caller:/home/demi/ros2_jazzy/install/rqt_reconfigure:/home/demi/ros2_jazzy/install/rqt_py_console:/home/demi/ros2_jazzy/install/rqt_publisher:/home/demi/ros2_jazzy/install/rqt_action:/home/demi/ros2_jazzy/install/rqt_msg:/home/demi/ros2_jazzy/install/rqt_console:/home/demi/ros2_jazzy/install/rqt_graph:/home/demi/ros2_jazzy/install/rqt_gui_py:/home/demi/ros2_jazzy/install/rqt_gui:/home/demi/ros2_jazzy/install/ros2trace:/home/demi/ros2_jazzy/install/ros2param:/home/demi/ros2_jazzy/install/ros2lifecycle:/home/demi/ros2_jazzy/install/ros2service:/home/demi/ros2_jazzy/install/ros2topic:/home/demi/ros2_jazzy/install/ros2test:/home/demi/ros2_jazzy/install/ros2run:/home/demi/ros2_jazzy/install/ros2plugin:/home/demi/ros2_jazzy/install/ros2launch:/home/demi/ros2_jazzy/install/ros2pkg:/home/demi/ros2_jazzy/install/ros2node:/home/demi/ros2_jazzy/install/ros2multicast:/home/demi/ros2_jazzy/install/ros2interface:/home/demi/ros2_jazzy/install/ros2action:/home/demi/ros2_jazzy/install/ros2cli:/home/demi/ros2_jazzy/install/launch_testing_ros:/home/demi/ros2_jazzy/install/launch_ros:/home/demi/ros2_jazzy/install/examples_rclpy_minimal_action_server:/home/demi/ros2_jazzy/install/examples_rclpy_minimal_action_client:/home/demi/ros2_jazzy/install/examples_rclpy_guard_conditions:/home/demi/ros2_jazzy/install/action_tutorials_py:/home/demi/ros2_jazzy/install/ament_uncrustify:/home/demi/ros2_jazzy/install/tracetools_trace:/home/demi/ros2_jazzy/install/tracetools_read:/home/demi/ros2_jazzy/install/test_tracetools_launch:/home/demi/ros2_jazzy/install/test_ros2trace:/home/demi/ros2_jazzy/install/test_launch_ros:/home/demi/ros2_jazzy/install/rpyutils:/home/demi/ros2_jazzy/install/rosidl_runtime_py:/home/demi/ros2_jazzy/install/rosidl_pycommon:/home/demi/ros2_jazzy/install/rosidl_cli:/home/demi/ros2_jazzy/install/launch_pytest:/home/demi/ros2_jazzy/install/launch_testing:/home/demi/ros2_jazzy/install/launch_yaml:/home/demi/ros2_jazzy/install/launch_xml:/home/demi/ros2_jazzy/install/launch:/home/demi/ros2_jazzy/install/osrf_pycommon:/home/demi/ros2_jazzy/install/domain_coordinator:/home/demi/ros2_jazzy/install/ament_xmllint:/home/demi/ros2_jazzy/install/ament_pyflakes:/home/demi/ros2_jazzy/install/ament_pycodestyle:/home/demi/ros2_jazzy/install/ament_pep257:/home/demi/ros2_jazzy/install/ament_pclint:/home/demi/ros2_jazzy/install/ament_package:/home/demi/ros2_jazzy/install/ament_mypy:/home/demi/ros2_jazzy/install/ament_lint_cmake:/home/demi/ros2_jazzy/install/ament_flake8:/home/demi/ros2_jazzy/install/ament_copyright:/home/demi/ros2_jazzy/install/ament_lint:/home/demi/ros2_jazzy/install/ament_index_python:/home/demi/ros2_jazzy/install/ament_cpplint:/home/demi/ros2_jazzy/install/ament_cppcheck:/home/demi/ros2_jazzy/install/ament_clang_tidy:/home/demi/ros2_jazzy/install/ament_clang_format DEBUGINFOD_URLS=https://debuginfod.ubuntu.com /usr/bin/cmake --install /home/demi/bumper_motion/build/bumperbot_firmware
