-- The C compiler identification is GNU 13.3.0
-- The CXX compiler identification is GNU 13.3.0
-- Detecting C compiler ABI info
-- Detecting C compiler ABI info - done
-- Check for working C compiler: /usr/bin/cc - skipped
-- Detecting C compile features
-- Detecting C compile features - done
-- Detecting CXX compiler ABI info
-- Detecting CXX compiler ABI info - done
-- Check for working CXX compiler: /usr/bin/c++ - skipped
-- Detecting CXX compile features
-- Detecting CXX compile features - done
-- Found ament_cmake: 2.5.6 (/opt/ros/jazzy/share/ament_cmake/cmake)
-- Found Python3: /usr/bin/python3 (found version "3.12.3") found components: Interpreter 
-- Found rclcpp: 28.1.18 (/opt/ros/jazzy/share/rclcpp/cmake)
-- Found rosidl_generator_c: 4.6.7 (/opt/ros/jazzy/share/rosidl_generator_c/cmake)
-- Found rosidl_generator_cpp: 4.6.7 (/opt/ros/jazzy/share/rosidl_generator_cpp/cmake)
-- Using all available rosidl_typesupport_c: rosidl_typesupport_fastrtps_c;rosidl_typesupport_introspection_c
-- Using all available rosidl_typesupport_cpp: rosidl_typesupport_fastrtps_cpp;rosidl_typesupport_introspection_cpp
-- Found rmw_implementation_cmake: 7.3.3 (/opt/ros/jazzy/share/rmw_implementation_cmake/cmake)
-- Found rmw_fastrtps_cpp: 8.4.3 (/opt/ros/jazzy/share/rmw_fastrtps_cpp/cmake)
-- Found OpenSSL: /usr/lib/x86_64-linux-gnu/libcrypto.so (found version "3.0.13")  
-- Found FastRTPS: /opt/ros/jazzy/include (Required is at least version "2.13") 
-- Using RMW implementation 'rmw_fastrtps_cpp' as default
-- Found rclpy: 7.1.11 (/opt/ros/jazzy/share/rclpy/cmake)
-- Found nav_msgs: 5.3.7 (/opt/ros/jazzy/share/nav_msgs/cmake)
-- Found tf2: 0.36.20 (/opt/ros/jazzy/share/tf2/cmake)
-- Found tf2_ros: 0.36.20 (/opt/ros/jazzy/share/tf2_ros/cmake)
-- Found tf2_geometry_msgs: 0.36.20 (/opt/ros/jazzy/share/tf2_geometry_msgs/cmake)
-- Found eigen3_cmake_module: 0.3.0 (/opt/ros/jazzy/share/eigen3_cmake_module/cmake)
-- Found Eigen3: TRUE (found version "3.4.0") 
-- Ensuring Eigen3 include directory is part of orocos-kdl CMake target
-- Configuring done (12.4s)
-- Generating done (0.0s)
-- Build files have been written to: /home/demi/ros2jazzy_tsp_implementation/bumper_motion/build/bumperbot_motion
[  0%] Built target ament_cmake_python_copy_bumperbot_motion
[ 25%] [32mBuilding CXX object CMakeFiles/pure_pursuit.dir/src/pure_pursuit.cpp.o[0m
[ 50%] [32m[1mLinking CXX executable pure_pursuit[0m
[ 50%] Built target pure_pursuit
running egg_info
creating bumperbot_motion.egg-info
writing bumperbot_motion.egg-info/PKG-INFO
writing dependency_links to bumperbot_motion.egg-info/dependency_links.txt
writing top-level names to bumperbot_motion.egg-info/top_level.txt
writing manifest file 'bumperbot_motion.egg-info/SOURCES.txt'
reading manifest file 'bumperbot_motion.egg-info/SOURCES.txt'
writing manifest file 'bumperbot_motion.egg-info/SOURCES.txt'
[ 50%] Built target ament_cmake_python_build_bumperbot_motion_egg
[ 75%] [32mBuilding CXX object CMakeFiles/pd_motion_planner.dir/src/pd_motion_planner.cpp.o[0m
[100%] [32m[1mLinking CXX executable pd_motion_planner[0m
[100%] Built target pd_motion_planner
-- Install configuration: ""
-- Installing: /home/demi/ros2jazzy_tsp_implementation/bumper_motion/install/bumperbot_motion/share/bumperbot_motion/environment/pythonpath.sh
-- Installing: /home/demi/ros2jazzy_tsp_implementation/bumper_motion/install/bumperbot_motion/share/bumperbot_motion/environment/pythonpath.dsv
-- Installing: /home/demi/ros2jazzy_tsp_implementation/bumper_motion/install/bumperbot_motion/lib/python3.12/site-packages/bumperbot_motion-0.0.0-py3.12.egg-info
-- Installing: /home/demi/ros2jazzy_tsp_implementation/bumper_motion/install/bumperbot_motion/lib/python3.12/site-packages/bumperbot_motion-0.0.0-py3.12.egg-info/SOURCES.txt
-- Installing: /home/demi/ros2jazzy_tsp_implementation/bumper_motion/install/bumperbot_motion/lib/python3.12/site-packages/bumperbot_motion-0.0.0-py3.12.egg-info/dependency_links.txt
-- Installing: /home/demi/ros2jazzy_tsp_implementation/bumper_motion/install/bumperbot_motion/lib/python3.12/site-packages/bumperbot_motion-0.0.0-py3.12.egg-info/PKG-INFO
-- Installing: /home/demi/ros2jazzy_tsp_implementation/bumper_motion/install/bumperbot_motion/lib/python3.12/site-packages/bumperbot_motion-0.0.0-py3.12.egg-info/top_level.txt
-- Installing: /home/demi/ros2jazzy_tsp_implementation/bumper_motion/install/bumperbot_motion/lib/python3.12/site-packages/bumperbot_motion
-- Installing: /home/demi/ros2jazzy_tsp_implementation/bumper_motion/install/bumperbot_motion/lib/python3.12/site-packages/bumperbot_motion/pure_pursuit.py
-- Installing: /home/demi/ros2jazzy_tsp_implementation/bumper_motion/install/bumperbot_motion/lib/python3.12/site-packages/bumperbot_motion/__init__.py
-- Installing: /home/demi/ros2jazzy_tsp_implementation/bumper_motion/install/bumperbot_motion/lib/python3.12/site-packages/bumperbot_motion/pd_motion_planner.py
Listing '/home/demi/ros2jazzy_tsp_implementation/bumper_motion/install/bumperbot_motion/lib/python3.12/site-packages/bumperbot_motion'...
Compiling '/home/demi/ros2jazzy_tsp_implementation/bumper_motion/install/bumperbot_motion/lib/python3.12/site-packages/bumperbot_motion/__init__.py'...
Compiling '/home/demi/ros2jazzy_tsp_implementation/bumper_motion/install/bumperbot_motion/lib/python3.12/site-packages/bumperbot_motion/pd_motion_planner.py'...
Compiling '/home/demi/ros2jazzy_tsp_implementation/bumper_motion/install/bumperbot_motion/lib/python3.12/site-packages/bumperbot_motion/pure_pursuit.py'...
-- Installing: /home/demi/ros2jazzy_tsp_implementation/bumper_motion/install/bumperbot_motion/include/include
-- Installing: /home/demi/ros2jazzy_tsp_implementation/bumper_motion/install/bumperbot_motion/include/include/bumperbot_motion
-- Installing: /home/demi/ros2jazzy_tsp_implementation/bumper_motion/install/bumperbot_motion/include/include/bumperbot_motion/pure_pursuit.hpp
-- Installing: /home/demi/ros2jazzy_tsp_implementation/bumper_motion/install/bumperbot_motion/include/include/bumperbot_motion/pd_motion_planner.hpp
-- Installing: /home/demi/ros2jazzy_tsp_implementation/bumper_motion/install/bumperbot_motion/lib/bumperbot_motion/pd_motion_planner
-- Set non-toolchain portion of runtime path of "/home/demi/ros2jazzy_tsp_implementation/bumper_motion/install/bumperbot_motion/lib/bumperbot_motion/pd_motion_planner" to ""
-- Installing: /home/demi/ros2jazzy_tsp_implementation/bumper_motion/install/bumperbot_motion/lib/bumperbot_motion/pure_pursuit
-- Set non-toolchain portion of runtime path of "/home/demi/ros2jazzy_tsp_implementation/bumper_motion/install/bumperbot_motion/lib/bumperbot_motion/pure_pursuit" to ""
-- Installing: /home/demi/ros2jazzy_tsp_implementation/bumper_motion/install/bumperbot_motion/lib/bumperbot_motion/pd_motion_planner.py
-- Installing: /home/demi/ros2jazzy_tsp_implementation/bumper_motion/install/bumperbot_motion/lib/bumperbot_motion/pure_pursuit.py
-- Installing: /home/demi/ros2jazzy_tsp_implementation/bumper_motion/install/bumperbot_motion/share/ament_index/resource_index/package_run_dependencies/bumperbot_motion
-- Installing: /home/demi/ros2jazzy_tsp_implementation/bumper_motion/install/bumperbot_motion/share/ament_index/resource_index/parent_prefix_path/bumperbot_motion
-- Installing: /home/demi/ros2jazzy_tsp_implementation/bumper_motion/install/bumperbot_motion/share/bumperbot_motion/environment/ament_prefix_path.sh
-- Installing: /home/demi/ros2jazzy_tsp_implementation/bumper_motion/install/bumperbot_motion/share/bumperbot_motion/environment/ament_prefix_path.dsv
-- Installing: /home/demi/ros2jazzy_tsp_implementation/bumper_motion/install/bumperbot_motion/share/bumperbot_motion/environment/path.sh
-- Installing: /home/demi/ros2jazzy_tsp_implementation/bumper_motion/install/bumperbot_motion/share/bumperbot_motion/environment/path.dsv
-- Installing: /home/demi/ros2jazzy_tsp_implementation/bumper_motion/install/bumperbot_motion/share/bumperbot_motion/local_setup.bash
-- Installing: /home/demi/ros2jazzy_tsp_implementation/bumper_motion/install/bumperbot_motion/share/bumperbot_motion/local_setup.sh
-- Installing: /home/demi/ros2jazzy_tsp_implementation/bumper_motion/install/bumperbot_motion/share/bumperbot_motion/local_setup.zsh
-- Installing: /home/demi/ros2jazzy_tsp_implementation/bumper_motion/install/bumperbot_motion/share/bumperbot_motion/local_setup.dsv
-- Installing: /home/demi/ros2jazzy_tsp_implementation/bumper_motion/install/bumperbot_motion/share/bumperbot_motion/package.dsv
-- Installing: /home/demi/ros2jazzy_tsp_implementation/bumper_motion/install/bumperbot_motion/share/ament_index/resource_index/packages/bumperbot_motion
-- Installing: /home/demi/ros2jazzy_tsp_implementation/bumper_motion/install/bumperbot_motion/share/bumperbot_motion/cmake/ament_cmake_export_include_directories-extras.cmake
-- Installing: /home/demi/ros2jazzy_tsp_implementation/bumper_motion/install/bumperbot_motion/share/bumperbot_motion/cmake/ament_cmake_export_dependencies-extras.cmake
-- Installing: /home/demi/ros2jazzy_tsp_implementation/bumper_motion/install/bumperbot_motion/share/bumperbot_motion/cmake/bumperbot_motionConfig.cmake
-- Installing: /home/demi/ros2jazzy_tsp_implementation/bumper_motion/install/bumperbot_motion/share/bumperbot_motion/cmake/bumperbot_motionConfig-version.cmake
-- Installing: /home/demi/ros2jazzy_tsp_implementation/bumper_motion/install/bumperbot_motion/share/bumperbot_motion/package.xml
