running egg_info
creating ../../build/bumperbot_py_examples/bumperbot_py_examples.egg-info
writing ../../build/bumperbot_py_examples/bumperbot_py_examples.egg-info/PKG-INFO
writing dependency_links to ../../build/bumperbot_py_examples/bumperbot_py_examples.egg-info/dependency_links.txt
writing entry points to ../../build/bumperbot_py_examples/bumperbot_py_examples.egg-info/entry_points.txt
writing requirements to ../../build/bumperbot_py_examples/bumperbot_py_examples.egg-info/requires.txt
writing top-level names to ../../build/bumperbot_py_examples/bumperbot_py_examples.egg-info/top_level.txt
writing manifest file '../../build/bumperbot_py_examples/bumperbot_py_examples.egg-info/SOURCES.txt'
reading manifest file '../../build/bumperbot_py_examples/bumperbot_py_examples.egg-info/SOURCES.txt'
writing manifest file '../../build/bumperbot_py_examples/bumperbot_py_examples.egg-info/SOURCES.txt'
running build
running build_py
creating /home/demi/ros2jazzy_tsp_implementation/bumper_motion/build/bumperbot_py_examples/build
creating /home/demi/ros2jazzy_tsp_implementation/bumper_motion/build/bumperbot_py_examples/build/lib
creating /home/demi/ros2jazzy_tsp_implementation/bumper_motion/build/bumperbot_py_examples/build/lib/bumperbot_py_examples
copying bumperbot_py_examples/simple_qos_publisher.py -> /home/demi/ros2jazzy_tsp_implementation/bumper_motion/build/bumperbot_py_examples/build/lib/bumperbot_py_examples
copying bumperbot_py_examples/simple_action_server.py -> /home/demi/ros2jazzy_tsp_implementation/bumper_motion/build/bumperbot_py_examples/build/lib/bumperbot_py_examples
copying bumperbot_py_examples/simple_turtlesim_kinematics.py -> /home/demi/ros2jazzy_tsp_implementation/bumper_motion/build/bumperbot_py_examples/build/lib/bumperbot_py_examples
copying bumperbot_py_examples/simple_service_server.py -> /home/demi/ros2jazzy_tsp_implementation/bumper_motion/build/bumperbot_py_examples/build/lib/bumperbot_py_examples
copying bumperbot_py_examples/__init__.py -> /home/demi/ros2jazzy_tsp_implementation/bumper_motion/build/bumperbot_py_examples/build/lib/bumperbot_py_examples
copying bumperbot_py_examples/simple_subscriber.py -> /home/demi/ros2jazzy_tsp_implementation/bumper_motion/build/bumperbot_py_examples/build/lib/bumperbot_py_examples
copying bumperbot_py_examples/simple_lifecycle_node.py -> /home/demi/ros2jazzy_tsp_implementation/bumper_motion/build/bumperbot_py_examples/build/lib/bumperbot_py_examples
copying bumperbot_py_examples/simple_parameter.py -> /home/demi/ros2jazzy_tsp_implementation/bumper_motion/build/bumperbot_py_examples/build/lib/bumperbot_py_examples
copying bumperbot_py_examples/simple_publisher.py -> /home/demi/ros2jazzy_tsp_implementation/bumper_motion/build/bumperbot_py_examples/build/lib/bumperbot_py_examples
copying bumperbot_py_examples/simple_qos_subscriber.py -> /home/demi/ros2jazzy_tsp_implementation/bumper_motion/build/bumperbot_py_examples/build/lib/bumperbot_py_examples
copying bumperbot_py_examples/simple_action_client.py -> /home/demi/ros2jazzy_tsp_implementation/bumper_motion/build/bumperbot_py_examples/build/lib/bumperbot_py_examples
copying bumperbot_py_examples/simple_service_client.py -> /home/demi/ros2jazzy_tsp_implementation/bumper_motion/build/bumperbot_py_examples/build/lib/bumperbot_py_examples
copying bumperbot_py_examples/simple_tf_kinematics.py -> /home/demi/ros2jazzy_tsp_implementation/bumper_motion/build/bumperbot_py_examples/build/lib/bumperbot_py_examples
running install
running install_lib
creating /home/demi/ros2jazzy_tsp_implementation/bumper_motion/install/bumperbot_py_examples/lib/python3.12/site-packages/bumperbot_py_examples
copying /home/demi/ros2jazzy_tsp_implementation/bumper_motion/build/bumperbot_py_examples/build/lib/bumperbot_py_examples/simple_qos_publisher.py -> /home/demi/ros2jazzy_tsp_implementation/bumper_motion/install/bumperbot_py_examples/lib/python3.12/site-packages/bumperbot_py_examples
copying /home/demi/ros2jazzy_tsp_implementation/bumper_motion/build/bumperbot_py_examples/build/lib/bumperbot_py_examples/simple_action_server.py -> /home/demi/ros2jazzy_tsp_implementation/bumper_motion/install/bumperbot_py_examples/lib/python3.12/site-packages/bumperbot_py_examples
copying /home/demi/ros2jazzy_tsp_implementation/bumper_motion/build/bumperbot_py_examples/build/lib/bumperbot_py_examples/simple_turtlesim_kinematics.py -> /home/demi/ros2jazzy_tsp_implementation/bumper_motion/install/bumperbot_py_examples/lib/python3.12/site-packages/bumperbot_py_examples
copying /home/demi/ros2jazzy_tsp_implementation/bumper_motion/build/bumperbot_py_examples/build/lib/bumperbot_py_examples/simple_service_server.py -> /home/demi/ros2jazzy_tsp_implementation/bumper_motion/install/bumperbot_py_examples/lib/python3.12/site-packages/bumperbot_py_examples
copying /home/demi/ros2jazzy_tsp_implementation/bumper_motion/build/bumperbot_py_examples/build/lib/bumperbot_py_examples/__init__.py -> /home/demi/ros2jazzy_tsp_implementation/bumper_motion/install/bumperbot_py_examples/lib/python3.12/site-packages/bumperbot_py_examples
copying /home/demi/ros2jazzy_tsp_implementation/bumper_motion/build/bumperbot_py_examples/build/lib/bumperbot_py_examples/simple_subscriber.py -> /home/demi/ros2jazzy_tsp_implementation/bumper_motion/install/bumperbot_py_examples/lib/python3.12/site-packages/bumperbot_py_examples
copying /home/demi/ros2jazzy_tsp_implementation/bumper_motion/build/bumperbot_py_examples/build/lib/bumperbot_py_examples/simple_lifecycle_node.py -> /home/demi/ros2jazzy_tsp_implementation/bumper_motion/install/bumperbot_py_examples/lib/python3.12/site-packages/bumperbot_py_examples
copying /home/demi/ros2jazzy_tsp_implementation/bumper_motion/build/bumperbot_py_examples/build/lib/bumperbot_py_examples/simple_parameter.py -> /home/demi/ros2jazzy_tsp_implementation/bumper_motion/install/bumperbot_py_examples/lib/python3.12/site-packages/bumperbot_py_examples
copying /home/demi/ros2jazzy_tsp_implementation/bumper_motion/build/bumperbot_py_examples/build/lib/bumperbot_py_examples/simple_publisher.py -> /home/demi/ros2jazzy_tsp_implementation/bumper_motion/install/bumperbot_py_examples/lib/python3.12/site-packages/bumperbot_py_examples
copying /home/demi/ros2jazzy_tsp_implementation/bumper_motion/build/bumperbot_py_examples/build/lib/bumperbot_py_examples/simple_qos_subscriber.py -> /home/demi/ros2jazzy_tsp_implementation/bumper_motion/install/bumperbot_py_examples/lib/python3.12/site-packages/bumperbot_py_examples
copying /home/demi/ros2jazzy_tsp_implementation/bumper_motion/build/bumperbot_py_examples/build/lib/bumperbot_py_examples/simple_action_client.py -> /home/demi/ros2jazzy_tsp_implementation/bumper_motion/install/bumperbot_py_examples/lib/python3.12/site-packages/bumperbot_py_examples
copying /home/demi/ros2jazzy_tsp_implementation/bumper_motion/build/bumperbot_py_examples/build/lib/bumperbot_py_examples/simple_service_client.py -> /home/demi/ros2jazzy_tsp_implementation/bumper_motion/install/bumperbot_py_examples/lib/python3.12/site-packages/bumperbot_py_examples
copying /home/demi/ros2jazzy_tsp_implementation/bumper_motion/build/bumperbot_py_examples/build/lib/bumperbot_py_examples/simple_tf_kinematics.py -> /home/demi/ros2jazzy_tsp_implementation/bumper_motion/install/bumperbot_py_examples/lib/python3.12/site-packages/bumperbot_py_examples
byte-compiling /home/demi/ros2jazzy_tsp_implementation/bumper_motion/install/bumperbot_py_examples/lib/python3.12/site-packages/bumperbot_py_examples/simple_qos_publisher.py to simple_qos_publisher.cpython-312.pyc
byte-compiling /home/demi/ros2jazzy_tsp_implementation/bumper_motion/install/bumperbot_py_examples/lib/python3.12/site-packages/bumperbot_py_examples/simple_action_server.py to simple_action_server.cpython-312.pyc
byte-compiling /home/demi/ros2jazzy_tsp_implementation/bumper_motion/install/bumperbot_py_examples/lib/python3.12/site-packages/bumperbot_py_examples/simple_turtlesim_kinematics.py to simple_turtlesim_kinematics.cpython-312.pyc
byte-compiling /home/demi/ros2jazzy_tsp_implementation/bumper_motion/install/bumperbot_py_examples/lib/python3.12/site-packages/bumperbot_py_examples/simple_service_server.py to simple_service_server.cpython-312.pyc
byte-compiling /home/demi/ros2jazzy_tsp_implementation/bumper_motion/install/bumperbot_py_examples/lib/python3.12/site-packages/bumperbot_py_examples/__init__.py to __init__.cpython-312.pyc
byte-compiling /home/demi/ros2jazzy_tsp_implementation/bumper_motion/install/bumperbot_py_examples/lib/python3.12/site-packages/bumperbot_py_examples/simple_subscriber.py to simple_subscriber.cpython-312.pyc
byte-compiling /home/demi/ros2jazzy_tsp_implementation/bumper_motion/install/bumperbot_py_examples/lib/python3.12/site-packages/bumperbot_py_examples/simple_lifecycle_node.py to simple_lifecycle_node.cpython-312.pyc
byte-compiling /home/demi/ros2jazzy_tsp_implementation/bumper_motion/install/bumperbot_py_examples/lib/python3.12/site-packages/bumperbot_py_examples/simple_parameter.py to simple_parameter.cpython-312.pyc
byte-compiling /home/demi/ros2jazzy_tsp_implementation/bumper_motion/install/bumperbot_py_examples/lib/python3.12/site-packages/bumperbot_py_examples/simple_publisher.py to simple_publisher.cpython-312.pyc
byte-compiling /home/demi/ros2jazzy_tsp_implementation/bumper_motion/install/bumperbot_py_examples/lib/python3.12/site-packages/bumperbot_py_examples/simple_qos_subscriber.py to simple_qos_subscriber.cpython-312.pyc
byte-compiling /home/demi/ros2jazzy_tsp_implementation/bumper_motion/install/bumperbot_py_examples/lib/python3.12/site-packages/bumperbot_py_examples/simple_action_client.py to simple_action_client.cpython-312.pyc
byte-compiling /home/demi/ros2jazzy_tsp_implementation/bumper_motion/install/bumperbot_py_examples/lib/python3.12/site-packages/bumperbot_py_examples/simple_service_client.py to simple_service_client.cpython-312.pyc
byte-compiling /home/demi/ros2jazzy_tsp_implementation/bumper_motion/install/bumperbot_py_examples/lib/python3.12/site-packages/bumperbot_py_examples/simple_tf_kinematics.py to simple_tf_kinematics.cpython-312.pyc
running install_data
creating /home/demi/ros2jazzy_tsp_implementation/bumper_motion/install/bumperbot_py_examples/share/ament_index
creating /home/demi/ros2jazzy_tsp_implementation/bumper_motion/install/bumperbot_py_examples/share/ament_index/resource_index
creating /home/demi/ros2jazzy_tsp_implementation/bumper_motion/install/bumperbot_py_examples/share/ament_index/resource_index/packages
copying resource/bumperbot_py_examples -> /home/demi/ros2jazzy_tsp_implementation/bumper_motion/install/bumperbot_py_examples/share/ament_index/resource_index/packages
copying package.xml -> /home/demi/ros2jazzy_tsp_implementation/bumper_motion/install/bumperbot_py_examples/share/bumperbot_py_examples
running install_egg_info
Copying ../../build/bumperbot_py_examples/bumperbot_py_examples.egg-info to /home/demi/ros2jazzy_tsp_implementation/bumper_motion/install/bumperbot_py_examples/lib/python3.12/site-packages/bumperbot_py_examples-0.0.0-py3.12.egg-info
running install_scripts
Installing simple_action_client script to /home/demi/ros2jazzy_tsp_implementation/bumper_motion/install/bumperbot_py_examples/lib/bumperbot_py_examples
Installing simple_action_server script to /home/demi/ros2jazzy_tsp_implementation/bumper_motion/install/bumperbot_py_examples/lib/bumperbot_py_examples
Installing simple_lifecycle_node script to /home/demi/ros2jazzy_tsp_implementation/bumper_motion/install/bumperbot_py_examples/lib/bumperbot_py_examples
Installing simple_parameter script to /home/demi/ros2jazzy_tsp_implementation/bumper_motion/install/bumperbot_py_examples/lib/bumperbot_py_examples
Installing simple_publisher script to /home/demi/ros2jazzy_tsp_implementation/bumper_motion/install/bumperbot_py_examples/lib/bumperbot_py_examples
Installing simple_qos_publisher script to /home/demi/ros2jazzy_tsp_implementation/bumper_motion/install/bumperbot_py_examples/lib/bumperbot_py_examples
Installing simple_qos_subscriber script to /home/demi/ros2jazzy_tsp_implementation/bumper_motion/install/bumperbot_py_examples/lib/bumperbot_py_examples
Installing simple_service_client script to /home/demi/ros2jazzy_tsp_implementation/bumper_motion/install/bumperbot_py_examples/lib/bumperbot_py_examples
Installing simple_service_server script to /home/demi/ros2jazzy_tsp_implementation/bumper_motion/install/bumperbot_py_examples/lib/bumperbot_py_examples
Installing simple_subscriber script to /home/demi/ros2jazzy_tsp_implementation/bumper_motion/install/bumperbot_py_examples/lib/bumperbot_py_examples
Installing simple_tf_kinematics script to /home/demi/ros2jazzy_tsp_implementation/bumper_motion/install/bumperbot_py_examples/lib/bumperbot_py_examples
Installing simple_turtlesim_kinematics script to /home/demi/ros2jazzy_tsp_implementation/bumper_motion/install/bumperbot_py_examples/lib/bumperbot_py_examples
writing list of installed files to '/home/demi/ros2jazzy_tsp_implementation/bumper_motion/build/bumperbot_py_examples/install.log'
