[0.158s] Invoking command in '/home/demi/bumper_motion/build/bumperbot_msgs': CMAKE_PREFIX_PATH=${CMAKE_PREFIX_PATH}:/home/demi/bumper_motion/install/bumperbot_py_examples:/opt/ros/jazzy:/home/demi/ros2_jazzy/install/rqt_bag_plugins:/home/demi/ros2_jazzy/install/launch_testing_examples:/home/demi/ros2_jazzy/install/ros2bag:/home/demi/ros2_jazzy/install/rqt_bag:/home/demi/ros2_jazzy/install/rosbag2_examples_py:/home/demi/ros2_jazzy/install/tracetools_test:/home/demi/ros2_jazzy/install/tracetools_launch:/home/demi/ros2_jazzy/install/topic_monitor:/home/demi/ros2_jazzy/install/tf2_tools:/home/demi/ros2_jazzy/install/examples_tf2_py:/home/demi/ros2_jazzy/install/tf2_ros_py:/home/demi/ros2_jazzy/install/examples_rclpy_pointcloud_publisher:/home/demi/ros2_jazzy/install/sensor_msgs_py:/home/demi/ros2_jazzy/install/quality_of_service_demo_py:/home/demi/ros2_jazzy/install/camera_info_manager_py:/home/demi/ros2_jazzy/install/rqt_plot:/home/demi/ros2_jazzy/install/ros2doctor:/home/demi/ros2_jazzy/install/lifecycle_py:/home/demi/ros2_jazzy/install/examples_rclpy_minimal_subscriber:/home/demi/ros2_jazzy/install/examples_rclpy_minimal_service:/home/demi/ros2_jazzy/install/examples_rclpy_minimal_publisher:/home/demi/ros2_jazzy/install/examples_rclpy_minimal_client:/home/demi/ros2_jazzy/install/examples_rclpy_executors:/home/demi/ros2_jazzy/install/demo_nodes_py:/home/demi/ros2_jazzy/install/rqt:/home/demi/ros2_jazzy/install/ros2component:/home/demi/ros2_jazzy/install/sros2:/home/demi/ros2_jazzy/install/rqt_topic:/home/demi/ros2_jazzy/install/rqt_srv:/home/demi/ros2_jazzy/install/rqt_shell:/home/demi/ros2_jazzy/install/rqt_service_caller:/home/demi/ros2_jazzy/install/rqt_reconfigure:/home/demi/ros2_jazzy/install/rqt_py_console:/home/demi/ros2_jazzy/install/rqt_publisher:/home/demi/ros2_jazzy/install/rqt_action:/home/demi/ros2_jazzy/install/rqt_msg:/home/demi/ros2_jazzy/install/rqt_console:/home/demi/ros2_jazzy/install/rqt_graph:/home/demi/ros2_jazzy/install/rqt_gui_py:/home/demi/ros2_jazzy/install/rqt_gui:/home/demi/ros2_jazzy/install/ros2trace:/home/demi/ros2_jazzy/install/ros2param:/home/demi/ros2_jazzy/install/ros2lifecycle:/home/demi/ros2_jazzy/install/ros2service:/home/demi/ros2_jazzy/install/ros2topic:/home/demi/ros2_jazzy/install/ros2test:/home/demi/ros2_jazzy/install/ros2run:/home/demi/ros2_jazzy/install/ros2plugin:/home/demi/ros2_jazzy/install/ros2launch:/home/demi/ros2_jazzy/install/ros2pkg:/home/demi/ros2_jazzy/install/ros2node:/home/demi/ros2_jazzy/install/ros2multicast:/home/demi/ros2_jazzy/install/ros2interface:/home/demi/ros2_jazzy/install/ros2action:/home/demi/ros2_jazzy/install/ros2cli:/home/demi/ros2_jazzy/install/launch_testing_ros:/home/demi/ros2_jazzy/install/launch_ros:/home/demi/ros2_jazzy/install/examples_rclpy_minimal_action_server:/home/demi/ros2_jazzy/install/examples_rclpy_minimal_action_client:/home/demi/ros2_jazzy/install/examples_rclpy_guard_conditions:/home/demi/ros2_jazzy/install/action_tutorials_py:/home/demi/ros2_jazzy/install/ament_uncrustify:/home/demi/ros2_jazzy/install/tracetools_trace:/home/demi/ros2_jazzy/install/tracetools_read:/home/demi/ros2_jazzy/install/test_tracetools_launch:/home/demi/ros2_jazzy/install/test_ros2trace:/home/demi/ros2_jazzy/install/test_launch_ros:/home/demi/ros2_jazzy/install/rpyutils:/home/demi/ros2_jazzy/install/rosidl_runtime_py:/home/demi/ros2_jazzy/install/rosidl_pycommon:/home/demi/ros2_jazzy/install/rosidl_cli:/home/demi/ros2_jazzy/install/launch_pytest:/home/demi/ros2_jazzy/install/launch_testing:/home/demi/ros2_jazzy/install/launch_yaml:/home/demi/ros2_jazzy/install/launch_xml:/home/demi/ros2_jazzy/install/launch:/home/demi/ros2_jazzy/install/osrf_pycommon:/home/demi/ros2_jazzy/install/domain_coordinator:/home/demi/ros2_jazzy/install/ament_xmllint:/home/demi/ros2_jazzy/install/ament_pyflakes:/home/demi/ros2_jazzy/install/ament_pycodestyle:/home/demi/ros2_jazzy/install/ament_pep257:/home/demi/ros2_jazzy/install/ament_pclint:/home/demi/ros2_jazzy/install/ament_package:/home/demi/ros2_jazzy/install/ament_mypy:/home/demi/ros2_jazzy/install/ament_lint_cmake:/home/demi/ros2_jazzy/install/ament_flake8:/home/demi/ros2_jazzy/install/ament_copyright:/home/demi/ros2_jazzy/install/ament_lint:/home/demi/ros2_jazzy/install/ament_index_python:/home/demi/ros2_jazzy/install/ament_cpplint:/home/demi/ros2_jazzy/install/ament_cppcheck:/home/demi/ros2_jazzy/install/ament_clang_tidy:/home/demi/ros2_jazzy/install/ament_clang_format DEBUGINFOD_URLS=https://debuginfod.ubuntu.com /usr/bin/cmake /home/demi/bumper_motion/src/bumperbot_msgs -DCMAKE_INSTALL_PREFIX=/home/demi/bumper_motion/install/bumperbot_msgs
[0.404s] -- The C compiler identification is GNU 13.3.0
[0.552s] -- The CXX compiler identification is GNU 13.3.0
[0.612s] -- Detecting C compiler ABI info
[0.989s] -- Detecting C compiler ABI info - done
[1.025s] -- Check for working C compiler: /usr/bin/cc - skipped
[1.027s] -- Detecting C compile features
[1.029s] -- Detecting C compile features - done
[1.057s] -- Detecting CXX compiler ABI info
[1.510s] -- Detecting CXX compiler ABI info - done
[1.539s] -- Check for working CXX compiler: /usr/bin/c++ - skipped
[1.539s] -- Detecting CXX compile features
[1.545s] -- Detecting CXX compile features - done
[1.594s] -- Found ament_cmake: 2.5.6 (/home/demi/ros2_jazzy/install/ament_cmake/share/ament_cmake/cmake)
[3.546s] -- Found Python3: /usr/bin/python3 (found version "3.12.3") found components: Interpreter 
[4.775s] -- Found geometry_msgs: 5.3.7 (/home/demi/ros2_jazzy/install/geometry_msgs/share/geometry_msgs/cmake)
[5.260s] -- Found rosidl_generator_c: 4.6.7 (/home/demi/ros2_jazzy/install/rosidl_generator_c/share/rosidl_generator_c/cmake)
[5.428s] -- Found rosidl_generator_cpp: 4.6.7 (/home/demi/ros2_jazzy/install/rosidl_generator_cpp/share/rosidl_generator_cpp/cmake)
[5.639s] -- Using all available rosidl_typesupport_c: rosidl_typesupport_fastrtps_c;rosidl_typesupport_introspection_c
[5.890s] -- Using all available rosidl_typesupport_cpp: rosidl_typesupport_fastrtps_cpp;rosidl_typesupport_introspection_cpp
[6.248s] -- Found rosidl_default_generators: 1.6.0 (/home/demi/ros2_jazzy/install/rosidl_default_generators/share/rosidl_default_generators/cmake)
[6.812s] -- Found rosidl_adapter: 4.6.7 (/home/demi/ros2_jazzy/install/rosidl_adapter/share/rosidl_adapter/cmake)
[11.896s] -- Found ament_cmake_ros: 0.12.0 (/home/demi/ros2_jazzy/install/ament_cmake_ros/share/ament_cmake_ros/cmake)
[24.318s] -- Using all available rosidl_typesupport_c: rosidl_typesupport_fastrtps_c;rosidl_typesupport_introspection_c
[29.794s] -- Using all available rosidl_typesupport_cpp: rosidl_typesupport_fastrtps_cpp;rosidl_typesupport_introspection_cpp
[29.903s] -- Found python_cmake_module: 0.11.1 (/home/demi/ros2_jazzy/install/python_cmake_module/share/python_cmake_module/cmake)
[31.902s] -- Found PythonExtra: /usr/bin/python3  
[40.576s] -- Found Python3: /usr/bin/python3 (found version "3.12.3") found components: Interpreter Development NumPy Development.Module Development.Embed 
[43.228s] -- Found Python3: /usr/bin/python3 (found version "3.12.3") found components: Interpreter 
[43.343s] -- Configuring done (43.1s)
[44.118s] -- Generating done (0.6s)
[44.310s] -- Build files have been written to: /home/demi/bumper_motion/build/bumperbot_msgs
[44.455s] Invoked command in '/home/demi/bumper_motion/build/bumperbot_msgs' returned '0': CMAKE_PREFIX_PATH=${CMAKE_PREFIX_PATH}:/home/demi/bumper_motion/install/bumperbot_py_examples:/opt/ros/jazzy:/home/demi/ros2_jazzy/install/rqt_bag_plugins:/home/demi/ros2_jazzy/install/launch_testing_examples:/home/demi/ros2_jazzy/install/ros2bag:/home/demi/ros2_jazzy/install/rqt_bag:/home/demi/ros2_jazzy/install/rosbag2_examples_py:/home/demi/ros2_jazzy/install/tracetools_test:/home/demi/ros2_jazzy/install/tracetools_launch:/home/demi/ros2_jazzy/install/topic_monitor:/home/demi/ros2_jazzy/install/tf2_tools:/home/demi/ros2_jazzy/install/examples_tf2_py:/home/demi/ros2_jazzy/install/tf2_ros_py:/home/demi/ros2_jazzy/install/examples_rclpy_pointcloud_publisher:/home/demi/ros2_jazzy/install/sensor_msgs_py:/home/demi/ros2_jazzy/install/quality_of_service_demo_py:/home/demi/ros2_jazzy/install/camera_info_manager_py:/home/demi/ros2_jazzy/install/rqt_plot:/home/demi/ros2_jazzy/install/ros2doctor:/home/demi/ros2_jazzy/install/lifecycle_py:/home/demi/ros2_jazzy/install/examples_rclpy_minimal_subscriber:/home/demi/ros2_jazzy/install/examples_rclpy_minimal_service:/home/demi/ros2_jazzy/install/examples_rclpy_minimal_publisher:/home/demi/ros2_jazzy/install/examples_rclpy_minimal_client:/home/demi/ros2_jazzy/install/examples_rclpy_executors:/home/demi/ros2_jazzy/install/demo_nodes_py:/home/demi/ros2_jazzy/install/rqt:/home/demi/ros2_jazzy/install/ros2component:/home/demi/ros2_jazzy/install/sros2:/home/demi/ros2_jazzy/install/rqt_topic:/home/demi/ros2_jazzy/install/rqt_srv:/home/demi/ros2_jazzy/install/rqt_shell:/home/demi/ros2_jazzy/install/rqt_service_caller:/home/demi/ros2_jazzy/install/rqt_reconfigure:/home/demi/ros2_jazzy/install/rqt_py_console:/home/demi/ros2_jazzy/install/rqt_publisher:/home/demi/ros2_jazzy/install/rqt_action:/home/demi/ros2_jazzy/install/rqt_msg:/home/demi/ros2_jazzy/install/rqt_console:/home/demi/ros2_jazzy/install/rqt_graph:/home/demi/ros2_jazzy/install/rqt_gui_py:/home/demi/ros2_jazzy/install/rqt_gui:/home/demi/ros2_jazzy/install/ros2trace:/home/demi/ros2_jazzy/install/ros2param:/home/demi/ros2_jazzy/install/ros2lifecycle:/home/demi/ros2_jazzy/install/ros2service:/home/demi/ros2_jazzy/install/ros2topic:/home/demi/ros2_jazzy/install/ros2test:/home/demi/ros2_jazzy/install/ros2run:/home/demi/ros2_jazzy/install/ros2plugin:/home/demi/ros2_jazzy/install/ros2launch:/home/demi/ros2_jazzy/install/ros2pkg:/home/demi/ros2_jazzy/install/ros2node:/home/demi/ros2_jazzy/install/ros2multicast:/home/demi/ros2_jazzy/install/ros2interface:/home/demi/ros2_jazzy/install/ros2action:/home/demi/ros2_jazzy/install/ros2cli:/home/demi/ros2_jazzy/install/launch_testing_ros:/home/demi/ros2_jazzy/install/launch_ros:/home/demi/ros2_jazzy/install/examples_rclpy_minimal_action_server:/home/demi/ros2_jazzy/install/examples_rclpy_minimal_action_client:/home/demi/ros2_jazzy/install/examples_rclpy_guard_conditions:/home/demi/ros2_jazzy/install/action_tutorials_py:/home/demi/ros2_jazzy/install/ament_uncrustify:/home/demi/ros2_jazzy/install/tracetools_trace:/home/demi/ros2_jazzy/install/tracetools_read:/home/demi/ros2_jazzy/install/test_tracetools_launch:/home/demi/ros2_jazzy/install/test_ros2trace:/home/demi/ros2_jazzy/install/test_launch_ros:/home/demi/ros2_jazzy/install/rpyutils:/home/demi/ros2_jazzy/install/rosidl_runtime_py:/home/demi/ros2_jazzy/install/rosidl_pycommon:/home/demi/ros2_jazzy/install/rosidl_cli:/home/demi/ros2_jazzy/install/launch_pytest:/home/demi/ros2_jazzy/install/launch_testing:/home/demi/ros2_jazzy/install/launch_yaml:/home/demi/ros2_jazzy/install/launch_xml:/home/demi/ros2_jazzy/install/launch:/home/demi/ros2_jazzy/install/osrf_pycommon:/home/demi/ros2_jazzy/install/domain_coordinator:/home/demi/ros2_jazzy/install/ament_xmllint:/home/demi/ros2_jazzy/install/ament_pyflakes:/home/demi/ros2_jazzy/install/ament_pycodestyle:/home/demi/ros2_jazzy/install/ament_pep257:/home/demi/ros2_jazzy/install/ament_pclint:/home/demi/ros2_jazzy/install/ament_package:/home/demi/ros2_jazzy/install/ament_mypy:/home/demi/ros2_jazzy/install/ament_lint_cmake:/home/demi/ros2_jazzy/install/ament_flake8:/home/demi/ros2_jazzy/install/ament_copyright:/home/demi/ros2_jazzy/install/ament_lint:/home/demi/ros2_jazzy/install/ament_index_python:/home/demi/ros2_jazzy/install/ament_cpplint:/home/demi/ros2_jazzy/install/ament_cppcheck:/home/demi/ros2_jazzy/install/ament_clang_tidy:/home/demi/ros2_jazzy/install/ament_clang_format DEBUGINFOD_URLS=https://debuginfod.ubuntu.com /usr/bin/cmake /home/demi/bumper_motion/src/bumperbot_msgs -DCMAKE_INSTALL_PREFIX=/home/demi/bumper_motion/install/bumperbot_msgs
[44.457s] Invoking command in '/home/demi/bumper_motion/build/bumperbot_msgs': CMAKE_PREFIX_PATH=${CMAKE_PREFIX_PATH}:/home/demi/bumper_motion/install/bumperbot_py_examples:/opt/ros/jazzy:/home/demi/ros2_jazzy/install/rqt_bag_plugins:/home/demi/ros2_jazzy/install/launch_testing_examples:/home/demi/ros2_jazzy/install/ros2bag:/home/demi/ros2_jazzy/install/rqt_bag:/home/demi/ros2_jazzy/install/rosbag2_examples_py:/home/demi/ros2_jazzy/install/tracetools_test:/home/demi/ros2_jazzy/install/tracetools_launch:/home/demi/ros2_jazzy/install/topic_monitor:/home/demi/ros2_jazzy/install/tf2_tools:/home/demi/ros2_jazzy/install/examples_tf2_py:/home/demi/ros2_jazzy/install/tf2_ros_py:/home/demi/ros2_jazzy/install/examples_rclpy_pointcloud_publisher:/home/demi/ros2_jazzy/install/sensor_msgs_py:/home/demi/ros2_jazzy/install/quality_of_service_demo_py:/home/demi/ros2_jazzy/install/camera_info_manager_py:/home/demi/ros2_jazzy/install/rqt_plot:/home/demi/ros2_jazzy/install/ros2doctor:/home/demi/ros2_jazzy/install/lifecycle_py:/home/demi/ros2_jazzy/install/examples_rclpy_minimal_subscriber:/home/demi/ros2_jazzy/install/examples_rclpy_minimal_service:/home/demi/ros2_jazzy/install/examples_rclpy_minimal_publisher:/home/demi/ros2_jazzy/install/examples_rclpy_minimal_client:/home/demi/ros2_jazzy/install/examples_rclpy_executors:/home/demi/ros2_jazzy/install/demo_nodes_py:/home/demi/ros2_jazzy/install/rqt:/home/demi/ros2_jazzy/install/ros2component:/home/demi/ros2_jazzy/install/sros2:/home/demi/ros2_jazzy/install/rqt_topic:/home/demi/ros2_jazzy/install/rqt_srv:/home/demi/ros2_jazzy/install/rqt_shell:/home/demi/ros2_jazzy/install/rqt_service_caller:/home/demi/ros2_jazzy/install/rqt_reconfigure:/home/demi/ros2_jazzy/install/rqt_py_console:/home/demi/ros2_jazzy/install/rqt_publisher:/home/demi/ros2_jazzy/install/rqt_action:/home/demi/ros2_jazzy/install/rqt_msg:/home/demi/ros2_jazzy/install/rqt_console:/home/demi/ros2_jazzy/install/rqt_graph:/home/demi/ros2_jazzy/install/rqt_gui_py:/home/demi/ros2_jazzy/install/rqt_gui:/home/demi/ros2_jazzy/install/ros2trace:/home/demi/ros2_jazzy/install/ros2param:/home/demi/ros2_jazzy/install/ros2lifecycle:/home/demi/ros2_jazzy/install/ros2service:/home/demi/ros2_jazzy/install/ros2topic:/home/demi/ros2_jazzy/install/ros2test:/home/demi/ros2_jazzy/install/ros2run:/home/demi/ros2_jazzy/install/ros2plugin:/home/demi/ros2_jazzy/install/ros2launch:/home/demi/ros2_jazzy/install/ros2pkg:/home/demi/ros2_jazzy/install/ros2node:/home/demi/ros2_jazzy/install/ros2multicast:/home/demi/ros2_jazzy/install/ros2interface:/home/demi/ros2_jazzy/install/ros2action:/home/demi/ros2_jazzy/install/ros2cli:/home/demi/ros2_jazzy/install/launch_testing_ros:/home/demi/ros2_jazzy/install/launch_ros:/home/demi/ros2_jazzy/install/examples_rclpy_minimal_action_server:/home/demi/ros2_jazzy/install/examples_rclpy_minimal_action_client:/home/demi/ros2_jazzy/install/examples_rclpy_guard_conditions:/home/demi/ros2_jazzy/install/action_tutorials_py:/home/demi/ros2_jazzy/install/ament_uncrustify:/home/demi/ros2_jazzy/install/tracetools_trace:/home/demi/ros2_jazzy/install/tracetools_read:/home/demi/ros2_jazzy/install/test_tracetools_launch:/home/demi/ros2_jazzy/install/test_ros2trace:/home/demi/ros2_jazzy/install/test_launch_ros:/home/demi/ros2_jazzy/install/rpyutils:/home/demi/ros2_jazzy/install/rosidl_runtime_py:/home/demi/ros2_jazzy/install/rosidl_pycommon:/home/demi/ros2_jazzy/install/rosidl_cli:/home/demi/ros2_jazzy/install/launch_pytest:/home/demi/ros2_jazzy/install/launch_testing:/home/demi/ros2_jazzy/install/launch_yaml:/home/demi/ros2_jazzy/install/launch_xml:/home/demi/ros2_jazzy/install/launch:/home/demi/ros2_jazzy/install/osrf_pycommon:/home/demi/ros2_jazzy/install/domain_coordinator:/home/demi/ros2_jazzy/install/ament_xmllint:/home/demi/ros2_jazzy/install/ament_pyflakes:/home/demi/ros2_jazzy/install/ament_pycodestyle:/home/demi/ros2_jazzy/install/ament_pep257:/home/demi/ros2_jazzy/install/ament_pclint:/home/demi/ros2_jazzy/install/ament_package:/home/demi/ros2_jazzy/install/ament_mypy:/home/demi/ros2_jazzy/install/ament_lint_cmake:/home/demi/ros2_jazzy/install/ament_flake8:/home/demi/ros2_jazzy/install/ament_copyright:/home/demi/ros2_jazzy/install/ament_lint:/home/demi/ros2_jazzy/install/ament_index_python:/home/demi/ros2_jazzy/install/ament_cpplint:/home/demi/ros2_jazzy/install/ament_cppcheck:/home/demi/ros2_jazzy/install/ament_clang_tidy:/home/demi/ros2_jazzy/install/ament_clang_format DEBUGINFOD_URLS=https://debuginfod.ubuntu.com /usr/bin/cmake --build /home/demi/bumper_motion/build/bumperbot_msgs -- -j4 -l4
[45.051s] [  1%] [34m[1mGenerating type hashes for ROS interfaces[0m
[48.283s] [  1%] Built target bumperbot_msgs__rosidl_generator_type_description
[48.776s] [  1%] Built target ament_cmake_python_copy_bumperbot_msgs
[49.120s] [  3%] [34m[1mGenerating C++ code for ROS interfaces[0m
[55.727s] [  3%] Built target bumperbot_msgs__cpp
[59.050s] running egg_info
[59.052s] creating bumperbot_msgs.egg-info
[59.586s] writing bumperbot_msgs.egg-info/PKG-INFO
[59.587s] writing dependency_links to bumperbot_msgs.egg-info/dependency_links.txt
[59.589s] writing top-level names to bumperbot_msgs.egg-info/top_level.txt
[59.589s] writing manifest file 'bumperbot_msgs.egg-info/SOURCES.txt'
[60.675s] reading manifest file 'bumperbot_msgs.egg-info/SOURCES.txt'
[60.682s] writing manifest file 'bumperbot_msgs.egg-info/SOURCES.txt'
[60.923s] [  3%] Built target ament_cmake_python_build_bumperbot_msgs_egg
[61.076s] [  5%] [34m[1mGenerating C code for ROS interfaces[0m
[68.363s] [  7%] [32mBuilding C object CMakeFiles/bumperbot_msgs__rosidl_generator_c.dir/rosidl_generator_c/bumperbot_msgs/action/detail/fibonacci__description.c.o[0m
[69.264s] [  9%] [32mBuilding C object CMakeFiles/bumperbot_msgs__rosidl_generator_c.dir/rosidl_generator_c/bumperbot_msgs/action/detail/fibonacci__type_support.c.o[0m
[69.586s] [ 10%] [32mBuilding C object CMakeFiles/bumperbot_msgs__rosidl_generator_c.dir/rosidl_generator_c/bumperbot_msgs/srv/detail/add_two_ints__description.c.o[0m
[69.871s] [ 12%] [32mBuilding C object CMakeFiles/bumperbot_msgs__rosidl_generator_c.dir/rosidl_generator_c/bumperbot_msgs/srv/detail/add_two_ints__functions.c.o[0m
[70.253s] [ 14%] [32mBuilding C object CMakeFiles/bumperbot_msgs__rosidl_generator_c.dir/rosidl_generator_c/bumperbot_msgs/srv/detail/add_two_ints__type_support.c.o[0m
[70.483s] [ 16%] [32mBuilding C object CMakeFiles/bumperbot_msgs__rosidl_generator_c.dir/rosidl_generator_c/bumperbot_msgs/srv/detail/get_transform__description.c.o[0m
[70.883s] [ 18%] [32mBuilding C object CMakeFiles/bumperbot_msgs__rosidl_generator_c.dir/rosidl_generator_c/bumperbot_msgs/srv/detail/get_transform__functions.c.o[0m
[71.314s] [ 20%] [32mBuilding C object CMakeFiles/bumperbot_msgs__rosidl_generator_c.dir/rosidl_generator_c/bumperbot_msgs/srv/detail/get_transform__type_support.c.o[0m
[71.583s] [ 21%] [32mBuilding C object CMakeFiles/bumperbot_msgs__rosidl_generator_c.dir/rosidl_generator_c/bumperbot_msgs/action/detail/fibonacci__functions.c.o[0m
[72.258s] [ 23%] [32m[1mLinking C shared library libbumperbot_msgs__rosidl_generator_c.so[0m
[72.463s] [ 23%] Built target bumperbot_msgs__rosidl_generator_c
[72.642s] [ 25%] [34m[1mGenerating Rust code for ROS interfaces[0m
[74.525s] [ 25%] Built target bumperbot_msgs__rs
[74.634s] [ 27%] [34m[1mGenerating C type support dispatch for ROS interfaces[0m
[76.840s] [ 29%] [32mBuilding CXX object CMakeFiles/bumperbot_msgs__rosidl_typesupport_c.dir/rosidl_typesupport_c/bumperbot_msgs/action/fibonacci__type_support.cpp.o[0m
[77.175s] [ 30%] [32mBuilding CXX object CMakeFiles/bumperbot_msgs__rosidl_typesupport_c.dir/rosidl_typesupport_c/bumperbot_msgs/srv/add_two_ints__type_support.cpp.o[0m
[77.414s] [ 32%] [32mBuilding CXX object CMakeFiles/bumperbot_msgs__rosidl_typesupport_c.dir/rosidl_typesupport_c/bumperbot_msgs/srv/get_transform__type_support.cpp.o[0m
[77.740s] [ 34%] [32m[1mLinking CXX shared library libbumperbot_msgs__rosidl_typesupport_c.so[0m
[78.039s] [ 34%] Built target bumperbot_msgs__rosidl_typesupport_c
[78.124s] [ 36%] [34m[1mGenerating C++ introspection for ROS interfaces[0m
[80.853s] [ 38%] [32mBuilding CXX object CMakeFiles/bumperbot_msgs__rosidl_typesupport_introspection_cpp.dir/rosidl_typesupport_introspection_cpp/bumperbot_msgs/action/detail/fibonacci__type_support.cpp.o[0m
[83.583s] [ 40%] [32mBuilding CXX object CMakeFiles/bumperbot_msgs__rosidl_typesupport_introspection_cpp.dir/rosidl_typesupport_introspection_cpp/bumperbot_msgs/srv/detail/add_two_ints__type_support.cpp.o[0m
[85.052s] [ 41%] [32mBuilding CXX object CMakeFiles/bumperbot_msgs__rosidl_typesupport_introspection_cpp.dir/rosidl_typesupport_introspection_cpp/bumperbot_msgs/srv/detail/get_transform__type_support.cpp.o[0m
[87.059s] [ 43%] [32m[1mLinking CXX shared library libbumperbot_msgs__rosidl_typesupport_introspection_cpp.so[0m
[87.339s] [ 43%] Built target bumperbot_msgs__rosidl_typesupport_introspection_cpp
[87.431s] [ 45%] [34m[1mGenerating C++ type support dispatch for ROS interfaces[0m
[90.171s] [ 47%] [32mBuilding CXX object CMakeFiles/bumperbot_msgs__rosidl_typesupport_cpp.dir/rosidl_typesupport_cpp/bumperbot_msgs/action/fibonacci__type_support.cpp.o[0m
[92.159s] [ 49%] [32mBuilding CXX object CMakeFiles/bumperbot_msgs__rosidl_typesupport_cpp.dir/rosidl_typesupport_cpp/bumperbot_msgs/srv/add_two_ints__type_support.cpp.o[0m
[93.548s] [ 50%] [32mBuilding CXX object CMakeFiles/bumperbot_msgs__rosidl_typesupport_cpp.dir/rosidl_typesupport_cpp/bumperbot_msgs/srv/get_transform__type_support.cpp.o[0m
[94.925s] [ 52%] [32m[1mLinking CXX shared library libbumperbot_msgs__rosidl_typesupport_cpp.so[0m
[95.195s] [ 52%] Built target bumperbot_msgs__rosidl_typesupport_cpp
[95.244s] [ 54%] [34m[1mGenerating C++ type support for eProsima Fast-RTPS[0m
[98.223s] [ 56%] [32mBuilding CXX object CMakeFiles/bumperbot_msgs__rosidl_typesupport_fastrtps_cpp.dir/rosidl_typesupport_fastrtps_cpp/bumperbot_msgs/action/detail/dds_fastrtps/fibonacci__type_support.cpp.o[0m
[101.402s] [ 58%] [32mBuilding CXX object CMakeFiles/bumperbot_msgs__rosidl_typesupport_fastrtps_cpp.dir/rosidl_typesupport_fastrtps_cpp/bumperbot_msgs/srv/detail/dds_fastrtps/add_two_ints__type_support.cpp.o[0m
[102.792s] [ 60%] [32mBuilding CXX object CMakeFiles/bumperbot_msgs__rosidl_typesupport_fastrtps_cpp.dir/rosidl_typesupport_fastrtps_cpp/bumperbot_msgs/srv/detail/dds_fastrtps/get_transform__type_support.cpp.o[0m
[104.666s] [ 61%] [32m[1mLinking CXX shared library libbumperbot_msgs__rosidl_typesupport_fastrtps_cpp.so[0m
[104.958s] [ 61%] Built target bumperbot_msgs__rosidl_typesupport_fastrtps_cpp
[105.072s] [ 63%] [34m[1mGenerating C type support for eProsima Fast-RTPS[0m
[107.488s] [ 65%] [32mBuilding CXX object CMakeFiles/bumperbot_msgs__rosidl_typesupport_fastrtps_c.dir/rosidl_typesupport_fastrtps_c/bumperbot_msgs/action/detail/fibonacci__type_support_c.cpp.o[0m
[108.884s] [ 67%] [32mBuilding CXX object CMakeFiles/bumperbot_msgs__rosidl_typesupport_fastrtps_c.dir/rosidl_typesupport_fastrtps_c/bumperbot_msgs/srv/detail/get_transform__type_support_c.cpp.o[0m
[110.130s] [ 69%] [32mBuilding CXX object CMakeFiles/bumperbot_msgs__rosidl_typesupport_fastrtps_c.dir/rosidl_typesupport_fastrtps_c/bumperbot_msgs/srv/detail/add_two_ints__type_support_c.cpp.o[0m
[111.475s] [ 70%] [32m[1mLinking CXX shared library libbumperbot_msgs__rosidl_typesupport_fastrtps_c.so[0m
[111.738s] [ 70%] Built target bumperbot_msgs__rosidl_typesupport_fastrtps_c
[111.790s] [ 72%] [34m[1mGenerating C introspection for ROS interfaces[0m
[113.858s] [ 74%] [32mBuilding C object CMakeFiles/bumperbot_msgs__rosidl_typesupport_introspection_c.dir/rosidl_typesupport_introspection_c/bumperbot_msgs/action/detail/fibonacci__type_support.c.o[0m
[114.072s] [ 76%] [32mBuilding C object CMakeFiles/bumperbot_msgs__rosidl_typesupport_introspection_c.dir/rosidl_typesupport_introspection_c/bumperbot_msgs/srv/detail/get_transform__type_support.c.o[0m
[114.245s] [ 78%] [32mBuilding C object CMakeFiles/bumperbot_msgs__rosidl_typesupport_introspection_c.dir/rosidl_typesupport_introspection_c/bumperbot_msgs/srv/detail/add_two_ints__type_support.c.o[0m
[114.408s] [ 80%] [32m[1mLinking C shared library libbumperbot_msgs__rosidl_typesupport_introspection_c.so[0m
[114.597s] [ 80%] Built target bumperbot_msgs__rosidl_typesupport_introspection_c
[114.729s] [ 80%] Built target bumperbot_msgs
[114.878s] [ 81%] [34m[1mGenerating Python code for ROS interfaces[0m
[121.404s] [ 81%] Built target bumperbot_msgs__py
[121.608s] [ 83%] [32mBuilding C object CMakeFiles/bumperbot_msgs__rosidl_generator_py.dir/rosidl_generator_py/bumperbot_msgs/action/_fibonacci_s.c.o[0m
[123.256s] [ 85%] [32mBuilding C object CMakeFiles/bumperbot_msgs__rosidl_generator_py.dir/rosidl_generator_py/bumperbot_msgs/srv/_get_transform_s.c.o[0m
[123.860s] [ 87%] [32mBuilding C object CMakeFiles/bumperbot_msgs__rosidl_generator_py.dir/rosidl_generator_py/bumperbot_msgs/srv/_add_two_ints_s.c.o[0m
[124.723s] [ 89%] [32m[1mLinking C shared library libbumperbot_msgs__rosidl_generator_py.so[0m
[124.974s] [ 89%] Built target bumperbot_msgs__rosidl_generator_py
[125.098s] [ 90%] [32mBuilding C object CMakeFiles/bumperbot_msgs_s__rosidl_typesupport_fastrtps_c.dir/rosidl_generator_py/bumperbot_msgs/_bumperbot_msgs_s.ep.rosidl_typesupport_fastrtps_c.c.o[0m
[125.640s] [ 92%] [32m[1mLinking C shared module rosidl_generator_py/bumperbot_msgs/bumperbot_msgs_s__rosidl_typesupport_fastrtps_c.so[0m
[125.908s] [ 92%] Built target bumperbot_msgs_s__rosidl_typesupport_fastrtps_c
[126.110s] [ 94%] [32mBuilding C object CMakeFiles/bumperbot_msgs_s__rosidl_typesupport_c.dir/rosidl_generator_py/bumperbot_msgs/_bumperbot_msgs_s.ep.rosidl_typesupport_c.c.o[0m
[126.546s] [ 96%] [32m[1mLinking C shared module rosidl_generator_py/bumperbot_msgs/bumperbot_msgs_s__rosidl_typesupport_c.so[0m
[126.685s] [ 96%] Built target bumperbot_msgs_s__rosidl_typesupport_c
[126.790s] [ 98%] [32mBuilding C object CMakeFiles/bumperbot_msgs_s__rosidl_typesupport_introspection_c.dir/rosidl_generator_py/bumperbot_msgs/_bumperbot_msgs_s.ep.rosidl_typesupport_introspection_c.c.o[0m
[127.206s] [100%] [32m[1mLinking C shared module rosidl_generator_py/bumperbot_msgs/bumperbot_msgs_s__rosidl_typesupport_introspection_c.so[0m
[127.514s] [100%] Built target bumperbot_msgs_s__rosidl_typesupport_introspection_c
[127.596s] Invoked command in '/home/demi/bumper_motion/build/bumperbot_msgs' returned '0': CMAKE_PREFIX_PATH=${CMAKE_PREFIX_PATH}:/home/demi/bumper_motion/install/bumperbot_py_examples:/opt/ros/jazzy:/home/demi/ros2_jazzy/install/rqt_bag_plugins:/home/demi/ros2_jazzy/install/launch_testing_examples:/home/demi/ros2_jazzy/install/ros2bag:/home/demi/ros2_jazzy/install/rqt_bag:/home/demi/ros2_jazzy/install/rosbag2_examples_py:/home/demi/ros2_jazzy/install/tracetools_test:/home/demi/ros2_jazzy/install/tracetools_launch:/home/demi/ros2_jazzy/install/topic_monitor:/home/demi/ros2_jazzy/install/tf2_tools:/home/demi/ros2_jazzy/install/examples_tf2_py:/home/demi/ros2_jazzy/install/tf2_ros_py:/home/demi/ros2_jazzy/install/examples_rclpy_pointcloud_publisher:/home/demi/ros2_jazzy/install/sensor_msgs_py:/home/demi/ros2_jazzy/install/quality_of_service_demo_py:/home/demi/ros2_jazzy/install/camera_info_manager_py:/home/demi/ros2_jazzy/install/rqt_plot:/home/demi/ros2_jazzy/install/ros2doctor:/home/demi/ros2_jazzy/install/lifecycle_py:/home/demi/ros2_jazzy/install/examples_rclpy_minimal_subscriber:/home/demi/ros2_jazzy/install/examples_rclpy_minimal_service:/home/demi/ros2_jazzy/install/examples_rclpy_minimal_publisher:/home/demi/ros2_jazzy/install/examples_rclpy_minimal_client:/home/demi/ros2_jazzy/install/examples_rclpy_executors:/home/demi/ros2_jazzy/install/demo_nodes_py:/home/demi/ros2_jazzy/install/rqt:/home/demi/ros2_jazzy/install/ros2component:/home/demi/ros2_jazzy/install/sros2:/home/demi/ros2_jazzy/install/rqt_topic:/home/demi/ros2_jazzy/install/rqt_srv:/home/demi/ros2_jazzy/install/rqt_shell:/home/demi/ros2_jazzy/install/rqt_service_caller:/home/demi/ros2_jazzy/install/rqt_reconfigure:/home/demi/ros2_jazzy/install/rqt_py_console:/home/demi/ros2_jazzy/install/rqt_publisher:/home/demi/ros2_jazzy/install/rqt_action:/home/demi/ros2_jazzy/install/rqt_msg:/home/demi/ros2_jazzy/install/rqt_console:/home/demi/ros2_jazzy/install/rqt_graph:/home/demi/ros2_jazzy/install/rqt_gui_py:/home/demi/ros2_jazzy/install/rqt_gui:/home/demi/ros2_jazzy/install/ros2trace:/home/demi/ros2_jazzy/install/ros2param:/home/demi/ros2_jazzy/install/ros2lifecycle:/home/demi/ros2_jazzy/install/ros2service:/home/demi/ros2_jazzy/install/ros2topic:/home/demi/ros2_jazzy/install/ros2test:/home/demi/ros2_jazzy/install/ros2run:/home/demi/ros2_jazzy/install/ros2plugin:/home/demi/ros2_jazzy/install/ros2launch:/home/demi/ros2_jazzy/install/ros2pkg:/home/demi/ros2_jazzy/install/ros2node:/home/demi/ros2_jazzy/install/ros2multicast:/home/demi/ros2_jazzy/install/ros2interface:/home/demi/ros2_jazzy/install/ros2action:/home/demi/ros2_jazzy/install/ros2cli:/home/demi/ros2_jazzy/install/launch_testing_ros:/home/demi/ros2_jazzy/install/launch_ros:/home/demi/ros2_jazzy/install/examples_rclpy_minimal_action_server:/home/demi/ros2_jazzy/install/examples_rclpy_minimal_action_client:/home/demi/ros2_jazzy/install/examples_rclpy_guard_conditions:/home/demi/ros2_jazzy/install/action_tutorials_py:/home/demi/ros2_jazzy/install/ament_uncrustify:/home/demi/ros2_jazzy/install/tracetools_trace:/home/demi/ros2_jazzy/install/tracetools_read:/home/demi/ros2_jazzy/install/test_tracetools_launch:/home/demi/ros2_jazzy/install/test_ros2trace:/home/demi/ros2_jazzy/install/test_launch_ros:/home/demi/ros2_jazzy/install/rpyutils:/home/demi/ros2_jazzy/install/rosidl_runtime_py:/home/demi/ros2_jazzy/install/rosidl_pycommon:/home/demi/ros2_jazzy/install/rosidl_cli:/home/demi/ros2_jazzy/install/launch_pytest:/home/demi/ros2_jazzy/install/launch_testing:/home/demi/ros2_jazzy/install/launch_yaml:/home/demi/ros2_jazzy/install/launch_xml:/home/demi/ros2_jazzy/install/launch:/home/demi/ros2_jazzy/install/osrf_pycommon:/home/demi/ros2_jazzy/install/domain_coordinator:/home/demi/ros2_jazzy/install/ament_xmllint:/home/demi/ros2_jazzy/install/ament_pyflakes:/home/demi/ros2_jazzy/install/ament_pycodestyle:/home/demi/ros2_jazzy/install/ament_pep257:/home/demi/ros2_jazzy/install/ament_pclint:/home/demi/ros2_jazzy/install/ament_package:/home/demi/ros2_jazzy/install/ament_mypy:/home/demi/ros2_jazzy/install/ament_lint_cmake:/home/demi/ros2_jazzy/install/ament_flake8:/home/demi/ros2_jazzy/install/ament_copyright:/home/demi/ros2_jazzy/install/ament_lint:/home/demi/ros2_jazzy/install/ament_index_python:/home/demi/ros2_jazzy/install/ament_cpplint:/home/demi/ros2_jazzy/install/ament_cppcheck:/home/demi/ros2_jazzy/install/ament_clang_tidy:/home/demi/ros2_jazzy/install/ament_clang_format DEBUGINFOD_URLS=https://debuginfod.ubuntu.com /usr/bin/cmake --build /home/demi/bumper_motion/build/bumperbot_msgs -- -j4 -l4
[127.597s] Invoking command in '/home/demi/bumper_motion/build/bumperbot_msgs': CMAKE_PREFIX_PATH=${CMAKE_PREFIX_PATH}:/home/demi/bumper_motion/install/bumperbot_py_examples:/opt/ros/jazzy:/home/demi/ros2_jazzy/install/rqt_bag_plugins:/home/demi/ros2_jazzy/install/launch_testing_examples:/home/demi/ros2_jazzy/install/ros2bag:/home/demi/ros2_jazzy/install/rqt_bag:/home/demi/ros2_jazzy/install/rosbag2_examples_py:/home/demi/ros2_jazzy/install/tracetools_test:/home/demi/ros2_jazzy/install/tracetools_launch:/home/demi/ros2_jazzy/install/topic_monitor:/home/demi/ros2_jazzy/install/tf2_tools:/home/demi/ros2_jazzy/install/examples_tf2_py:/home/demi/ros2_jazzy/install/tf2_ros_py:/home/demi/ros2_jazzy/install/examples_rclpy_pointcloud_publisher:/home/demi/ros2_jazzy/install/sensor_msgs_py:/home/demi/ros2_jazzy/install/quality_of_service_demo_py:/home/demi/ros2_jazzy/install/camera_info_manager_py:/home/demi/ros2_jazzy/install/rqt_plot:/home/demi/ros2_jazzy/install/ros2doctor:/home/demi/ros2_jazzy/install/lifecycle_py:/home/demi/ros2_jazzy/install/examples_rclpy_minimal_subscriber:/home/demi/ros2_jazzy/install/examples_rclpy_minimal_service:/home/demi/ros2_jazzy/install/examples_rclpy_minimal_publisher:/home/demi/ros2_jazzy/install/examples_rclpy_minimal_client:/home/demi/ros2_jazzy/install/examples_rclpy_executors:/home/demi/ros2_jazzy/install/demo_nodes_py:/home/demi/ros2_jazzy/install/rqt:/home/demi/ros2_jazzy/install/ros2component:/home/demi/ros2_jazzy/install/sros2:/home/demi/ros2_jazzy/install/rqt_topic:/home/demi/ros2_jazzy/install/rqt_srv:/home/demi/ros2_jazzy/install/rqt_shell:/home/demi/ros2_jazzy/install/rqt_service_caller:/home/demi/ros2_jazzy/install/rqt_reconfigure:/home/demi/ros2_jazzy/install/rqt_py_console:/home/demi/ros2_jazzy/install/rqt_publisher:/home/demi/ros2_jazzy/install/rqt_action:/home/demi/ros2_jazzy/install/rqt_msg:/home/demi/ros2_jazzy/install/rqt_console:/home/demi/ros2_jazzy/install/rqt_graph:/home/demi/ros2_jazzy/install/rqt_gui_py:/home/demi/ros2_jazzy/install/rqt_gui:/home/demi/ros2_jazzy/install/ros2trace:/home/demi/ros2_jazzy/install/ros2param:/home/demi/ros2_jazzy/install/ros2lifecycle:/home/demi/ros2_jazzy/install/ros2service:/home/demi/ros2_jazzy/install/ros2topic:/home/demi/ros2_jazzy/install/ros2test:/home/demi/ros2_jazzy/install/ros2run:/home/demi/ros2_jazzy/install/ros2plugin:/home/demi/ros2_jazzy/install/ros2launch:/home/demi/ros2_jazzy/install/ros2pkg:/home/demi/ros2_jazzy/install/ros2node:/home/demi/ros2_jazzy/install/ros2multicast:/home/demi/ros2_jazzy/install/ros2interface:/home/demi/ros2_jazzy/install/ros2action:/home/demi/ros2_jazzy/install/ros2cli:/home/demi/ros2_jazzy/install/launch_testing_ros:/home/demi/ros2_jazzy/install/launch_ros:/home/demi/ros2_jazzy/install/examples_rclpy_minimal_action_server:/home/demi/ros2_jazzy/install/examples_rclpy_minimal_action_client:/home/demi/ros2_jazzy/install/examples_rclpy_guard_conditions:/home/demi/ros2_jazzy/install/action_tutorials_py:/home/demi/ros2_jazzy/install/ament_uncrustify:/home/demi/ros2_jazzy/install/tracetools_trace:/home/demi/ros2_jazzy/install/tracetools_read:/home/demi/ros2_jazzy/install/test_tracetools_launch:/home/demi/ros2_jazzy/install/test_ros2trace:/home/demi/ros2_jazzy/install/test_launch_ros:/home/demi/ros2_jazzy/install/rpyutils:/home/demi/ros2_jazzy/install/rosidl_runtime_py:/home/demi/ros2_jazzy/install/rosidl_pycommon:/home/demi/ros2_jazzy/install/rosidl_cli:/home/demi/ros2_jazzy/install/launch_pytest:/home/demi/ros2_jazzy/install/launch_testing:/home/demi/ros2_jazzy/install/launch_yaml:/home/demi/ros2_jazzy/install/launch_xml:/home/demi/ros2_jazzy/install/launch:/home/demi/ros2_jazzy/install/osrf_pycommon:/home/demi/ros2_jazzy/install/domain_coordinator:/home/demi/ros2_jazzy/install/ament_xmllint:/home/demi/ros2_jazzy/install/ament_pyflakes:/home/demi/ros2_jazzy/install/ament_pycodestyle:/home/demi/ros2_jazzy/install/ament_pep257:/home/demi/ros2_jazzy/install/ament_pclint:/home/demi/ros2_jazzy/install/ament_package:/home/demi/ros2_jazzy/install/ament_mypy:/home/demi/ros2_jazzy/install/ament_lint_cmake:/home/demi/ros2_jazzy/install/ament_flake8:/home/demi/ros2_jazzy/install/ament_copyright:/home/demi/ros2_jazzy/install/ament_lint:/home/demi/ros2_jazzy/install/ament_index_python:/home/demi/ros2_jazzy/install/ament_cpplint:/home/demi/ros2_jazzy/install/ament_cppcheck:/home/demi/ros2_jazzy/install/ament_clang_tidy:/home/demi/ros2_jazzy/install/ament_clang_format DEBUGINFOD_URLS=https://debuginfod.ubuntu.com /usr/bin/cmake --install /home/demi/bumper_motion/build/bumperbot_msgs
[127.643s] -- Install configuration: ""
[127.644s] -- Installing: /home/demi/bumper_motion/install/bumperbot_msgs/share/ament_index/resource_index/rosidl_interfaces/bumperbot_msgs
[127.644s] -- Installing: /home/demi/bumper_motion/install/bumperbot_msgs/share/bumperbot_msgs/action/Fibonacci.json
[127.644s] -- Installing: /home/demi/bumper_motion/install/bumperbot_msgs/share/bumperbot_msgs/srv/AddTwoInts.json
[127.645s] -- Installing: /home/demi/bumper_motion/install/bumperbot_msgs/share/bumperbot_msgs/srv/GetTransform.json
[127.647s] -- Installing: /home/demi/bumper_motion/install/bumperbot_msgs/include/bumperbot_msgs/bumperbot_msgs
[127.647s] -- Installing: /home/demi/bumper_motion/install/bumperbot_msgs/include/bumperbot_msgs/bumperbot_msgs/srv
[127.647s] -- Installing: /home/demi/bumper_motion/install/bumperbot_msgs/include/bumperbot_msgs/bumperbot_msgs/srv/add_two_ints.h
[127.648s] -- Installing: /home/demi/bumper_motion/install/bumperbot_msgs/include/bumperbot_msgs/bumperbot_msgs/srv/detail
[127.648s] -- Installing: /home/demi/bumper_motion/install/bumperbot_msgs/include/bumperbot_msgs/bumperbot_msgs/srv/detail/add_two_ints__functions.h
[127.648s] -- Installing: /home/demi/bumper_motion/install/bumperbot_msgs/include/bumperbot_msgs/bumperbot_msgs/srv/detail/get_transform__type_support.h
[127.648s] -- Installing: /home/demi/bumper_motion/install/bumperbot_msgs/include/bumperbot_msgs/bumperbot_msgs/srv/detail/add_two_ints__type_support.h
[127.650s] -- Installing: /home/demi/bumper_motion/install/bumperbot_msgs/include/bumperbot_msgs/bumperbot_msgs/srv/detail/get_transform__functions.h
[127.650s] -- Installing: /home/demi/bumper_motion/install/bumperbot_msgs/include/bumperbot_msgs/bumperbot_msgs/srv/detail/add_two_ints__struct.h
[127.651s] -- Installing: /home/demi/bumper_motion/install/bumperbot_msgs/include/bumperbot_msgs/bumperbot_msgs/srv/detail/get_transform__struct.h
[127.653s] -- Installing: /home/demi/bumper_motion/install/bumperbot_msgs/include/bumperbot_msgs/bumperbot_msgs/srv/detail/add_two_ints__description.c
[127.653s] -- Installing: /home/demi/bumper_motion/install/bumperbot_msgs/include/bumperbot_msgs/bumperbot_msgs/srv/detail/add_two_ints__functions.c
[127.654s] -- Installing: /home/demi/bumper_motion/install/bumperbot_msgs/include/bumperbot_msgs/bumperbot_msgs/srv/detail/get_transform__type_support.c
[127.654s] -- Installing: /home/demi/bumper_motion/install/bumperbot_msgs/include/bumperbot_msgs/bumperbot_msgs/srv/detail/get_transform__functions.c
[127.654s] -- Installing: /home/demi/bumper_motion/install/bumperbot_msgs/include/bumperbot_msgs/bumperbot_msgs/srv/detail/get_transform__description.c
[127.655s] -- Installing: /home/demi/bumper_motion/install/bumperbot_msgs/include/bumperbot_msgs/bumperbot_msgs/srv/detail/add_two_ints__type_support.c
[127.655s] -- Installing: /home/demi/bumper_motion/install/bumperbot_msgs/include/bumperbot_msgs/bumperbot_msgs/srv/get_transform.h
[127.656s] -- Installing: /home/demi/bumper_motion/install/bumperbot_msgs/include/bumperbot_msgs/bumperbot_msgs/action
[127.658s] -- Installing: /home/demi/bumper_motion/install/bumperbot_msgs/include/bumperbot_msgs/bumperbot_msgs/action/fibonacci.h
[127.658s] -- Installing: /home/demi/bumper_motion/install/bumperbot_msgs/include/bumperbot_msgs/bumperbot_msgs/action/detail
[127.658s] -- Installing: /home/demi/bumper_motion/install/bumperbot_msgs/include/bumperbot_msgs/bumperbot_msgs/action/detail/fibonacci__functions.h
[127.658s] -- Installing: /home/demi/bumper_motion/install/bumperbot_msgs/include/bumperbot_msgs/bumperbot_msgs/action/detail/fibonacci__type_support.c
[127.659s] -- Installing: /home/demi/bumper_motion/install/bumperbot_msgs/include/bumperbot_msgs/bumperbot_msgs/action/detail/fibonacci__type_support.h
[127.659s] -- Installing: /home/demi/bumper_motion/install/bumperbot_msgs/include/bumperbot_msgs/bumperbot_msgs/action/detail/fibonacci__description.c
[127.659s] -- Installing: /home/demi/bumper_motion/install/bumperbot_msgs/include/bumperbot_msgs/bumperbot_msgs/action/detail/fibonacci__struct.h
[127.660s] -- Installing: /home/demi/bumper_motion/install/bumperbot_msgs/include/bumperbot_msgs/bumperbot_msgs/action/detail/fibonacci__functions.c
[127.663s] -- Installing: /home/demi/bumper_motion/install/bumperbot_msgs/include/bumperbot_msgs/bumperbot_msgs/msg
[127.663s] -- Installing: /home/demi/bumper_motion/install/bumperbot_msgs/include/bumperbot_msgs/bumperbot_msgs/msg/rosidl_generator_c__visibility_control.h
[127.663s] -- Installing: /home/demi/bumper_motion/install/bumperbot_msgs/share/bumperbot_msgs/environment/library_path.sh
[127.663s] -- Installing: /home/demi/bumper_motion/install/bumperbot_msgs/share/bumperbot_msgs/environment/library_path.dsv
[127.664s] -- Installing: /home/demi/bumper_motion/install/bumperbot_msgs/lib/libbumperbot_msgs__rosidl_generator_c.so
[127.666s] -- Set non-toolchain portion of runtime path of "/home/demi/bumper_motion/install/bumperbot_msgs/lib/libbumperbot_msgs__rosidl_generator_c.so" to ""
[127.666s] -- Up-to-date: /home/demi/bumper_motion/install/bumperbot_msgs/include/bumperbot_msgs/bumperbot_msgs
[127.666s] -- Up-to-date: /home/demi/bumper_motion/install/bumperbot_msgs/include/bumperbot_msgs/bumperbot_msgs/srv
[127.667s] -- Up-to-date: /home/demi/bumper_motion/install/bumperbot_msgs/include/bumperbot_msgs/bumperbot_msgs/srv/detail
[127.667s] -- Installing: /home/demi/bumper_motion/install/bumperbot_msgs/include/bumperbot_msgs/bumperbot_msgs/srv/detail/add_two_ints__rosidl_typesupport_fastrtps_c.h
[127.667s] -- Installing: /home/demi/bumper_motion/install/bumperbot_msgs/include/bumperbot_msgs/bumperbot_msgs/srv/detail/get_transform__rosidl_typesupport_fastrtps_c.h
[127.667s] -- Up-to-date: /home/demi/bumper_motion/install/bumperbot_msgs/include/bumperbot_msgs/bumperbot_msgs/action
[127.668s] -- Up-to-date: /home/demi/bumper_motion/install/bumperbot_msgs/include/bumperbot_msgs/bumperbot_msgs/action/detail
[127.668s] -- Installing: /home/demi/bumper_motion/install/bumperbot_msgs/include/bumperbot_msgs/bumperbot_msgs/action/detail/fibonacci__rosidl_typesupport_fastrtps_c.h
[127.668s] -- Up-to-date: /home/demi/bumper_motion/install/bumperbot_msgs/include/bumperbot_msgs/bumperbot_msgs/msg
[127.670s] -- Installing: /home/demi/bumper_motion/install/bumperbot_msgs/include/bumperbot_msgs/bumperbot_msgs/msg/rosidl_typesupport_fastrtps_c__visibility_control.h
[127.670s] -- Installing: /home/demi/bumper_motion/install/bumperbot_msgs/lib/libbumperbot_msgs__rosidl_typesupport_fastrtps_c.so
[127.671s] -- Set non-toolchain portion of runtime path of "/home/demi/bumper_motion/install/bumperbot_msgs/lib/libbumperbot_msgs__rosidl_typesupport_fastrtps_c.so" to ""
[127.672s] -- Up-to-date: /home/demi/bumper_motion/install/bumperbot_msgs/include/bumperbot_msgs/bumperbot_msgs
[127.672s] -- Up-to-date: /home/demi/bumper_motion/install/bumperbot_msgs/include/bumperbot_msgs/bumperbot_msgs/srv
[127.672s] -- Up-to-date: /home/demi/bumper_motion/install/bumperbot_msgs/include/bumperbot_msgs/bumperbot_msgs/srv/detail
[127.672s] -- Installing: /home/demi/bumper_motion/install/bumperbot_msgs/include/bumperbot_msgs/bumperbot_msgs/srv/detail/get_transform__traits.hpp
[127.673s] -- Installing: /home/demi/bumper_motion/install/bumperbot_msgs/include/bumperbot_msgs/bumperbot_msgs/srv/detail/add_two_ints__type_support.hpp
[127.675s] -- Installing: /home/demi/bumper_motion/install/bumperbot_msgs/include/bumperbot_msgs/bumperbot_msgs/srv/detail/add_two_ints__struct.hpp
[127.675s] -- Installing: /home/demi/bumper_motion/install/bumperbot_msgs/include/bumperbot_msgs/bumperbot_msgs/srv/detail/add_two_ints__traits.hpp
[127.678s] -- Installing: /home/demi/bumper_motion/install/bumperbot_msgs/include/bumperbot_msgs/bumperbot_msgs/srv/detail/get_transform__struct.hpp
[127.678s] -- Installing: /home/demi/bumper_motion/install/bumperbot_msgs/include/bumperbot_msgs/bumperbot_msgs/srv/detail/get_transform__type_support.hpp
[127.678s] -- Installing: /home/demi/bumper_motion/install/bumperbot_msgs/include/bumperbot_msgs/bumperbot_msgs/srv/detail/get_transform__builder.hpp
[127.678s] -- Installing: /home/demi/bumper_motion/install/bumperbot_msgs/include/bumperbot_msgs/bumperbot_msgs/srv/detail/add_two_ints__builder.hpp
[127.679s] -- Installing: /home/demi/bumper_motion/install/bumperbot_msgs/include/bumperbot_msgs/bumperbot_msgs/srv/get_transform.hpp
[127.679s] -- Installing: /home/demi/bumper_motion/install/bumperbot_msgs/include/bumperbot_msgs/bumperbot_msgs/srv/add_two_ints.hpp
[127.679s] -- Up-to-date: /home/demi/bumper_motion/install/bumperbot_msgs/include/bumperbot_msgs/bumperbot_msgs/action
[127.679s] -- Up-to-date: /home/demi/bumper_motion/install/bumperbot_msgs/include/bumperbot_msgs/bumperbot_msgs/action/detail
[127.679s] -- Installing: /home/demi/bumper_motion/install/bumperbot_msgs/include/bumperbot_msgs/bumperbot_msgs/action/detail/fibonacci__type_support.hpp
[127.680s] -- Installing: /home/demi/bumper_motion/install/bumperbot_msgs/include/bumperbot_msgs/bumperbot_msgs/action/detail/fibonacci__traits.hpp
[127.680s] -- Installing: /home/demi/bumper_motion/install/bumperbot_msgs/include/bumperbot_msgs/bumperbot_msgs/action/detail/fibonacci__struct.hpp
[127.680s] -- Installing: /home/demi/bumper_motion/install/bumperbot_msgs/include/bumperbot_msgs/bumperbot_msgs/action/detail/fibonacci__builder.hpp
[127.683s] -- Installing: /home/demi/bumper_motion/install/bumperbot_msgs/include/bumperbot_msgs/bumperbot_msgs/action/fibonacci.hpp
[127.683s] -- Up-to-date: /home/demi/bumper_motion/install/bumperbot_msgs/include/bumperbot_msgs/bumperbot_msgs/msg
[127.683s] -- Installing: /home/demi/bumper_motion/install/bumperbot_msgs/include/bumperbot_msgs/bumperbot_msgs/msg/rosidl_generator_cpp__visibility_control.hpp
[127.683s] -- Up-to-date: /home/demi/bumper_motion/install/bumperbot_msgs/include/bumperbot_msgs/bumperbot_msgs
[127.684s] -- Up-to-date: /home/demi/bumper_motion/install/bumperbot_msgs/include/bumperbot_msgs/bumperbot_msgs/srv
[127.684s] -- Up-to-date: /home/demi/bumper_motion/install/bumperbot_msgs/include/bumperbot_msgs/bumperbot_msgs/srv/detail
[127.684s] -- Installing: /home/demi/bumper_motion/install/bumperbot_msgs/include/bumperbot_msgs/bumperbot_msgs/srv/detail/add_two_ints__rosidl_typesupport_fastrtps_cpp.hpp
[127.684s] -- Installing: /home/demi/bumper_motion/install/bumperbot_msgs/include/bumperbot_msgs/bumperbot_msgs/srv/detail/get_transform__rosidl_typesupport_fastrtps_cpp.hpp
[127.685s] -- Installing: /home/demi/bumper_motion/install/bumperbot_msgs/include/bumperbot_msgs/bumperbot_msgs/srv/detail/dds_fastrtps
[127.686s] -- Up-to-date: /home/demi/bumper_motion/install/bumperbot_msgs/include/bumperbot_msgs/bumperbot_msgs/action
[127.686s] -- Up-to-date: /home/demi/bumper_motion/install/bumperbot_msgs/include/bumperbot_msgs/bumperbot_msgs/action/detail
[127.687s] -- Installing: /home/demi/bumper_motion/install/bumperbot_msgs/include/bumperbot_msgs/bumperbot_msgs/action/detail/fibonacci__rosidl_typesupport_fastrtps_cpp.hpp
[127.687s] -- Installing: /home/demi/bumper_motion/install/bumperbot_msgs/include/bumperbot_msgs/bumperbot_msgs/action/detail/dds_fastrtps
[127.687s] -- Up-to-date: /home/demi/bumper_motion/install/bumperbot_msgs/include/bumperbot_msgs/bumperbot_msgs/msg
[127.687s] -- Installing: /home/demi/bumper_motion/install/bumperbot_msgs/include/bumperbot_msgs/bumperbot_msgs/msg/rosidl_typesupport_fastrtps_cpp__visibility_control.h
[127.687s] -- Installing: /home/demi/bumper_motion/install/bumperbot_msgs/lib/libbumperbot_msgs__rosidl_typesupport_fastrtps_cpp.so
[127.690s] -- Set non-toolchain portion of runtime path of "/home/demi/bumper_motion/install/bumperbot_msgs/lib/libbumperbot_msgs__rosidl_typesupport_fastrtps_cpp.so" to ""
[127.691s] -- Up-to-date: /home/demi/bumper_motion/install/bumperbot_msgs/include/bumperbot_msgs/bumperbot_msgs
[127.691s] -- Up-to-date: /home/demi/bumper_motion/install/bumperbot_msgs/include/bumperbot_msgs/bumperbot_msgs/srv
[127.693s] -- Up-to-date: /home/demi/bumper_motion/install/bumperbot_msgs/include/bumperbot_msgs/bumperbot_msgs/srv/detail
[127.693s] -- Installing: /home/demi/bumper_motion/install/bumperbot_msgs/include/bumperbot_msgs/bumperbot_msgs/srv/detail/add_two_ints__rosidl_typesupport_introspection_c.h
[127.693s] -- Installing: /home/demi/bumper_motion/install/bumperbot_msgs/include/bumperbot_msgs/bumperbot_msgs/srv/detail/get_transform__type_support.c
[127.694s] -- Installing: /home/demi/bumper_motion/install/bumperbot_msgs/include/bumperbot_msgs/bumperbot_msgs/srv/detail/add_two_ints__type_support.c
[127.694s] -- Installing: /home/demi/bumper_motion/install/bumperbot_msgs/include/bumperbot_msgs/bumperbot_msgs/srv/detail/get_transform__rosidl_typesupport_introspection_c.h
[127.695s] -- Up-to-date: /home/demi/bumper_motion/install/bumperbot_msgs/include/bumperbot_msgs/bumperbot_msgs/action
[127.695s] -- Up-to-date: /home/demi/bumper_motion/install/bumperbot_msgs/include/bumperbot_msgs/bumperbot_msgs/action/detail
[127.695s] -- Installing: /home/demi/bumper_motion/install/bumperbot_msgs/include/bumperbot_msgs/bumperbot_msgs/action/detail/fibonacci__rosidl_typesupport_introspection_c.h
[127.696s] -- Installing: /home/demi/bumper_motion/install/bumperbot_msgs/include/bumperbot_msgs/bumperbot_msgs/action/detail/fibonacci__type_support.c
[127.696s] -- Up-to-date: /home/demi/bumper_motion/install/bumperbot_msgs/include/bumperbot_msgs/bumperbot_msgs/msg
[127.698s] -- Installing: /home/demi/bumper_motion/install/bumperbot_msgs/include/bumperbot_msgs/bumperbot_msgs/msg/rosidl_typesupport_introspection_c__visibility_control.h
[127.698s] -- Installing: /home/demi/bumper_motion/install/bumperbot_msgs/lib/libbumperbot_msgs__rosidl_typesupport_introspection_c.so
[127.698s] -- Set non-toolchain portion of runtime path of "/home/demi/bumper_motion/install/bumperbot_msgs/lib/libbumperbot_msgs__rosidl_typesupport_introspection_c.so" to ""
[127.699s] -- Installing: /home/demi/bumper_motion/install/bumperbot_msgs/lib/libbumperbot_msgs__rosidl_typesupport_c.so
[127.699s] -- Set non-toolchain portion of runtime path of "/home/demi/bumper_motion/install/bumperbot_msgs/lib/libbumperbot_msgs__rosidl_typesupport_c.so" to ""
[127.699s] -- Up-to-date: /home/demi/bumper_motion/install/bumperbot_msgs/include/bumperbot_msgs/bumperbot_msgs
[127.699s] -- Up-to-date: /home/demi/bumper_motion/install/bumperbot_msgs/include/bumperbot_msgs/bumperbot_msgs/srv
[127.702s] -- Up-to-date: /home/demi/bumper_motion/install/bumperbot_msgs/include/bumperbot_msgs/bumperbot_msgs/srv/detail
[127.702s] -- Installing: /home/demi/bumper_motion/install/bumperbot_msgs/include/bumperbot_msgs/bumperbot_msgs/srv/detail/get_transform__type_support.cpp
[127.702s] -- Installing: /home/demi/bumper_motion/install/bumperbot_msgs/include/bumperbot_msgs/bumperbot_msgs/srv/detail/get_transform__rosidl_typesupport_introspection_cpp.hpp
[127.702s] -- Installing: /home/demi/bumper_motion/install/bumperbot_msgs/include/bumperbot_msgs/bumperbot_msgs/srv/detail/add_two_ints__type_support.cpp
[127.703s] -- Installing: /home/demi/bumper_motion/install/bumperbot_msgs/include/bumperbot_msgs/bumperbot_msgs/srv/detail/add_two_ints__rosidl_typesupport_introspection_cpp.hpp
[127.703s] -- Up-to-date: /home/demi/bumper_motion/install/bumperbot_msgs/include/bumperbot_msgs/bumperbot_msgs/action
[127.703s] -- Up-to-date: /home/demi/bumper_motion/install/bumperbot_msgs/include/bumperbot_msgs/bumperbot_msgs/action/detail
[127.703s] -- Installing: /home/demi/bumper_motion/install/bumperbot_msgs/include/bumperbot_msgs/bumperbot_msgs/action/detail/fibonacci__type_support.cpp
[127.703s] -- Installing: /home/demi/bumper_motion/install/bumperbot_msgs/include/bumperbot_msgs/bumperbot_msgs/action/detail/fibonacci__rosidl_typesupport_introspection_cpp.hpp
[127.704s] -- Installing: /home/demi/bumper_motion/install/bumperbot_msgs/lib/libbumperbot_msgs__rosidl_typesupport_introspection_cpp.so
[127.704s] -- Set non-toolchain portion of runtime path of "/home/demi/bumper_motion/install/bumperbot_msgs/lib/libbumperbot_msgs__rosidl_typesupport_introspection_cpp.so" to ""
[127.705s] -- Installing: /home/demi/bumper_motion/install/bumperbot_msgs/lib/libbumperbot_msgs__rosidl_typesupport_cpp.so
[127.705s] -- Set non-toolchain portion of runtime path of "/home/demi/bumper_motion/install/bumperbot_msgs/lib/libbumperbot_msgs__rosidl_typesupport_cpp.so" to ""
[127.705s] -- Installing: /home/demi/bumper_motion/install/bumperbot_msgs/share/bumperbot_msgs/environment/pythonpath.sh
[127.708s] -- Installing: /home/demi/bumper_motion/install/bumperbot_msgs/share/bumperbot_msgs/environment/pythonpath.dsv
[127.708s] -- Installing: /home/demi/bumper_motion/install/bumperbot_msgs/lib/python3.12/site-packages/bumperbot_msgs-0.0.0-py3.12.egg-info
[127.708s] -- Installing: /home/demi/bumper_motion/install/bumperbot_msgs/lib/python3.12/site-packages/bumperbot_msgs-0.0.0-py3.12.egg-info/SOURCES.txt
[127.709s] -- Installing: /home/demi/bumper_motion/install/bumperbot_msgs/lib/python3.12/site-packages/bumperbot_msgs-0.0.0-py3.12.egg-info/dependency_links.txt
[127.709s] -- Installing: /home/demi/bumper_motion/install/bumperbot_msgs/lib/python3.12/site-packages/bumperbot_msgs-0.0.0-py3.12.egg-info/PKG-INFO
[127.709s] -- Installing: /home/demi/bumper_motion/install/bumperbot_msgs/lib/python3.12/site-packages/bumperbot_msgs-0.0.0-py3.12.egg-info/top_level.txt
[127.709s] -- Installing: /home/demi/bumper_motion/install/bumperbot_msgs/lib/python3.12/site-packages/bumperbot_msgs
[127.709s] -- Installing: /home/demi/bumper_motion/install/bumperbot_msgs/lib/python3.12/site-packages/bumperbot_msgs/bumperbot_msgs_s__rosidl_typesupport_fastrtps_c.so
[127.710s] -- Installing: /home/demi/bumper_motion/install/bumperbot_msgs/lib/python3.12/site-packages/bumperbot_msgs/_bumperbot_msgs_s.ep.rosidl_typesupport_fastrtps_c.c
[127.710s] -- Installing: /home/demi/bumper_motion/install/bumperbot_msgs/lib/python3.12/site-packages/bumperbot_msgs/__init__.py
[127.710s] -- Installing: /home/demi/bumper_motion/install/bumperbot_msgs/lib/python3.12/site-packages/bumperbot_msgs/srv
[127.712s] -- Installing: /home/demi/bumper_motion/install/bumperbot_msgs/lib/python3.12/site-packages/bumperbot_msgs/srv/_get_transform_s.c
[127.714s] -- Installing: /home/demi/bumper_motion/install/bumperbot_msgs/lib/python3.12/site-packages/bumperbot_msgs/srv/_get_transform.py
[127.714s] -- Installing: /home/demi/bumper_motion/install/bumperbot_msgs/lib/python3.12/site-packages/bumperbot_msgs/srv/__init__.py
[127.714s] -- Installing: /home/demi/bumper_motion/install/bumperbot_msgs/lib/python3.12/site-packages/bumperbot_msgs/srv/_add_two_ints_s.c
[127.715s] -- Installing: /home/demi/bumper_motion/install/bumperbot_msgs/lib/python3.12/site-packages/bumperbot_msgs/srv/_add_two_ints.py
[127.715s] -- Installing: /home/demi/bumper_motion/install/bumperbot_msgs/lib/python3.12/site-packages/bumperbot_msgs/bumperbot_msgs_s__rosidl_typesupport_c.so
[127.715s] -- Installing: /home/demi/bumper_motion/install/bumperbot_msgs/lib/python3.12/site-packages/bumperbot_msgs/action
[127.715s] -- Installing: /home/demi/bumper_motion/install/bumperbot_msgs/lib/python3.12/site-packages/bumperbot_msgs/action/_fibonacci.py
[127.717s] -- Installing: /home/demi/bumper_motion/install/bumperbot_msgs/lib/python3.12/site-packages/bumperbot_msgs/action/_fibonacci_s.c
[127.717s] -- Installing: /home/demi/bumper_motion/install/bumperbot_msgs/lib/python3.12/site-packages/bumperbot_msgs/action/__init__.py
[127.717s] -- Installing: /home/demi/bumper_motion/install/bumperbot_msgs/lib/python3.12/site-packages/bumperbot_msgs/_bumperbot_msgs_s.ep.rosidl_typesupport_c.c
[127.718s] -- Installing: /home/demi/bumper_motion/install/bumperbot_msgs/lib/python3.12/site-packages/bumperbot_msgs/_bumperbot_msgs_s.ep.rosidl_typesupport_introspection_c.c
[127.718s] -- Installing: /home/demi/bumper_motion/install/bumperbot_msgs/lib/python3.12/site-packages/bumperbot_msgs/bumperbot_msgs_s__rosidl_typesupport_introspection_c.so
[128.147s] Listing '/home/demi/bumper_motion/install/bumperbot_msgs/lib/python3.12/site-packages/bumperbot_msgs'...
[128.148s] Compiling '/home/demi/bumper_motion/install/bumperbot_msgs/lib/python3.12/site-packages/bumperbot_msgs/__init__.py'...
[128.148s] Listing '/home/demi/bumper_motion/install/bumperbot_msgs/lib/python3.12/site-packages/bumperbot_msgs/action'...
[128.148s] Compiling '/home/demi/bumper_motion/install/bumperbot_msgs/lib/python3.12/site-packages/bumperbot_msgs/action/__init__.py'...
[128.148s] Compiling '/home/demi/bumper_motion/install/bumperbot_msgs/lib/python3.12/site-packages/bumperbot_msgs/action/_fibonacci.py'...
[128.148s] Listing '/home/demi/bumper_motion/install/bumperbot_msgs/lib/python3.12/site-packages/bumperbot_msgs/srv'...
[128.148s] Compiling '/home/demi/bumper_motion/install/bumperbot_msgs/lib/python3.12/site-packages/bumperbot_msgs/srv/__init__.py'...
[128.149s] Compiling '/home/demi/bumper_motion/install/bumperbot_msgs/lib/python3.12/site-packages/bumperbot_msgs/srv/_add_two_ints.py'...
[128.149s] Compiling '/home/demi/bumper_motion/install/bumperbot_msgs/lib/python3.12/site-packages/bumperbot_msgs/srv/_get_transform.py'...
[128.164s] -- Installing: /home/demi/bumper_motion/install/bumperbot_msgs/lib/python3.12/site-packages/bumperbot_msgs/bumperbot_msgs_s__rosidl_typesupport_fastrtps_c.so
[128.164s] -- Set non-toolchain portion of runtime path of "/home/demi/bumper_motion/install/bumperbot_msgs/lib/python3.12/site-packages/bumperbot_msgs/bumperbot_msgs_s__rosidl_typesupport_fastrtps_c.so" to ""
[128.164s] -- Installing: /home/demi/bumper_motion/install/bumperbot_msgs/lib/python3.12/site-packages/bumperbot_msgs/bumperbot_msgs_s__rosidl_typesupport_introspection_c.so
[128.165s] -- Set non-toolchain portion of runtime path of "/home/demi/bumper_motion/install/bumperbot_msgs/lib/python3.12/site-packages/bumperbot_msgs/bumperbot_msgs_s__rosidl_typesupport_introspection_c.so" to ""
[128.165s] -- Installing: /home/demi/bumper_motion/install/bumperbot_msgs/lib/python3.12/site-packages/bumperbot_msgs/bumperbot_msgs_s__rosidl_typesupport_c.so
[128.165s] -- Set non-toolchain portion of runtime path of "/home/demi/bumper_motion/install/bumperbot_msgs/lib/python3.12/site-packages/bumperbot_msgs/bumperbot_msgs_s__rosidl_typesupport_c.so" to ""
[128.166s] -- Installing: /home/demi/bumper_motion/install/bumperbot_msgs/lib/libbumperbot_msgs__rosidl_generator_py.so
[128.171s] -- Set non-toolchain portion of runtime path of "/home/demi/bumper_motion/install/bumperbot_msgs/lib/libbumperbot_msgs__rosidl_generator_py.so" to ""
[128.171s] -- Installing: /home/demi/bumper_motion/install/bumperbot_msgs/share/ament_index/resource_index/rust_packages/bumperbot_msgs
[128.172s] -- Installing: /home/demi/bumper_motion/install/bumperbot_msgs/share/bumperbot_msgs/rust
[128.172s] -- Installing: /home/demi/bumper_motion/install/bumperbot_msgs/share/bumperbot_msgs/rust/Cargo.toml
[128.177s] -- Installing: /home/demi/bumper_motion/install/bumperbot_msgs/share/bumperbot_msgs/rust/src
[128.177s] -- Installing: /home/demi/bumper_motion/install/bumperbot_msgs/share/bumperbot_msgs/rust/src/action.rs
[128.177s] -- Installing: /home/demi/bumper_motion/install/bumperbot_msgs/share/bumperbot_msgs/rust/src/lib.rs
[128.178s] -- Installing: /home/demi/bumper_motion/install/bumperbot_msgs/share/bumperbot_msgs/rust/src/srv
[128.178s] -- Installing: /home/demi/bumper_motion/install/bumperbot_msgs/share/bumperbot_msgs/rust/src/srv/rmw.rs
[128.178s] -- Installing: /home/demi/bumper_motion/install/bumperbot_msgs/share/bumperbot_msgs/rust/src/srv.rs
[128.178s] -- Installing: /home/demi/bumper_motion/install/bumperbot_msgs/share/bumperbot_msgs/rust/src/action
[128.179s] -- Installing: /home/demi/bumper_motion/install/bumperbot_msgs/share/bumperbot_msgs/rust/src/action/rmw.rs
[128.179s] -- Installing: /home/demi/bumper_motion/install/bumperbot_msgs/share/bumperbot_msgs/rust/build.rs
[128.179s] -- Installing: /home/demi/bumper_motion/install/bumperbot_msgs/share/bumperbot_msgs/action/Fibonacci.idl
[128.179s] -- Installing: /home/demi/bumper_motion/install/bumperbot_msgs/share/bumperbot_msgs/srv/AddTwoInts.idl
[128.179s] -- Installing: /home/demi/bumper_motion/install/bumperbot_msgs/share/bumperbot_msgs/srv/GetTransform.idl
[128.180s] -- Installing: /home/demi/bumper_motion/install/bumperbot_msgs/share/bumperbot_msgs/action/Fibonacci.action
[128.180s] -- Installing: /home/demi/bumper_motion/install/bumperbot_msgs/share/bumperbot_msgs/srv/AddTwoInts.srv
[128.180s] -- Installing: /home/demi/bumper_motion/install/bumperbot_msgs/share/bumperbot_msgs/srv/GetTransform.srv
[128.183s] -- Installing: /home/demi/bumper_motion/install/bumperbot_msgs/share/ament_index/resource_index/package_run_dependencies/bumperbot_msgs
[128.183s] -- Installing: /home/demi/bumper_motion/install/bumperbot_msgs/share/ament_index/resource_index/parent_prefix_path/bumperbot_msgs
[128.183s] -- Installing: /home/demi/bumper_motion/install/bumperbot_msgs/share/bumperbot_msgs/environment/ament_prefix_path.sh
[128.184s] -- Installing: /home/demi/bumper_motion/install/bumperbot_msgs/share/bumperbot_msgs/environment/ament_prefix_path.dsv
[128.184s] -- Installing: /home/demi/bumper_motion/install/bumperbot_msgs/share/bumperbot_msgs/environment/path.sh
[128.184s] -- Installing: /home/demi/bumper_motion/install/bumperbot_msgs/share/bumperbot_msgs/environment/path.dsv
[128.184s] -- Installing: /home/demi/bumper_motion/install/bumperbot_msgs/share/bumperbot_msgs/local_setup.bash
[128.184s] -- Installing: /home/demi/bumper_motion/install/bumperbot_msgs/share/bumperbot_msgs/local_setup.sh
[128.184s] -- Installing: /home/demi/bumper_motion/install/bumperbot_msgs/share/bumperbot_msgs/local_setup.zsh
[128.184s] -- Installing: /home/demi/bumper_motion/install/bumperbot_msgs/share/bumperbot_msgs/local_setup.dsv
[128.185s] -- Installing: /home/demi/bumper_motion/install/bumperbot_msgs/share/bumperbot_msgs/package.dsv
[128.185s] -- Installing: /home/demi/bumper_motion/install/bumperbot_msgs/share/ament_index/resource_index/packages/bumperbot_msgs
[128.185s] -- Installing: /home/demi/bumper_motion/install/bumperbot_msgs/share/bumperbot_msgs/cmake/export_bumperbot_msgs__rosidl_generator_cExport.cmake
[128.185s] -- Installing: /home/demi/bumper_motion/install/bumperbot_msgs/share/bumperbot_msgs/cmake/export_bumperbot_msgs__rosidl_generator_cExport-noconfig.cmake
[128.185s] -- Installing: /home/demi/bumper_motion/install/bumperbot_msgs/share/bumperbot_msgs/cmake/export_bumperbot_msgs__rosidl_typesupport_fastrtps_cExport.cmake
[128.185s] -- Installing: /home/demi/bumper_motion/install/bumperbot_msgs/share/bumperbot_msgs/cmake/export_bumperbot_msgs__rosidl_typesupport_fastrtps_cExport-noconfig.cmake
[128.185s] -- Installing: /home/demi/bumper_motion/install/bumperbot_msgs/share/bumperbot_msgs/cmake/export_bumperbot_msgs__rosidl_generator_cppExport.cmake
[128.186s] -- Installing: /home/demi/bumper_motion/install/bumperbot_msgs/share/bumperbot_msgs/cmake/export_bumperbot_msgs__rosidl_typesupport_fastrtps_cppExport.cmake
[128.186s] -- Installing: /home/demi/bumper_motion/install/bumperbot_msgs/share/bumperbot_msgs/cmake/export_bumperbot_msgs__rosidl_typesupport_fastrtps_cppExport-noconfig.cmake
[128.186s] -- Installing: /home/demi/bumper_motion/install/bumperbot_msgs/share/bumperbot_msgs/cmake/bumperbot_msgs__rosidl_typesupport_introspection_cExport.cmake
[128.186s] -- Installing: /home/demi/bumper_motion/install/bumperbot_msgs/share/bumperbot_msgs/cmake/bumperbot_msgs__rosidl_typesupport_introspection_cExport-noconfig.cmake
[128.186s] -- Installing: /home/demi/bumper_motion/install/bumperbot_msgs/share/bumperbot_msgs/cmake/bumperbot_msgs__rosidl_typesupport_cExport.cmake
[128.186s] -- Installing: /home/demi/bumper_motion/install/bumperbot_msgs/share/bumperbot_msgs/cmake/bumperbot_msgs__rosidl_typesupport_cExport-noconfig.cmake
[128.187s] -- Installing: /home/demi/bumper_motion/install/bumperbot_msgs/share/bumperbot_msgs/cmake/bumperbot_msgs__rosidl_typesupport_introspection_cppExport.cmake
[128.187s] -- Installing: /home/demi/bumper_motion/install/bumperbot_msgs/share/bumperbot_msgs/cmake/bumperbot_msgs__rosidl_typesupport_introspection_cppExport-noconfig.cmake
[128.187s] -- Installing: /home/demi/bumper_motion/install/bumperbot_msgs/share/bumperbot_msgs/cmake/bumperbot_msgs__rosidl_typesupport_cppExport.cmake
[128.187s] -- Installing: /home/demi/bumper_motion/install/bumperbot_msgs/share/bumperbot_msgs/cmake/bumperbot_msgs__rosidl_typesupport_cppExport-noconfig.cmake
[128.187s] -- Installing: /home/demi/bumper_motion/install/bumperbot_msgs/share/bumperbot_msgs/cmake/export_bumperbot_msgs__rosidl_generator_pyExport.cmake
[128.187s] -- Installing: /home/demi/bumper_motion/install/bumperbot_msgs/share/bumperbot_msgs/cmake/export_bumperbot_msgs__rosidl_generator_pyExport-noconfig.cmake
[128.187s] -- Installing: /home/demi/bumper_motion/install/bumperbot_msgs/share/bumperbot_msgs/cmake/rosidl_cmake-extras.cmake
[128.188s] -- Installing: /home/demi/bumper_motion/install/bumperbot_msgs/share/bumperbot_msgs/cmake/ament_cmake_export_dependencies-extras.cmake
[128.188s] -- Installing: /home/demi/bumper_motion/install/bumperbot_msgs/share/bumperbot_msgs/cmake/ament_cmake_export_include_directories-extras.cmake
[128.188s] -- Installing: /home/demi/bumper_motion/install/bumperbot_msgs/share/bumperbot_msgs/cmake/ament_cmake_export_libraries-extras.cmake
[128.188s] -- Installing: /home/demi/bumper_motion/install/bumperbot_msgs/share/bumperbot_msgs/cmake/ament_cmake_export_targets-extras.cmake
[128.188s] -- Installing: /home/demi/bumper_motion/install/bumperbot_msgs/share/bumperbot_msgs/cmake/rosidl_cmake_export_typesupport_targets-extras.cmake
[128.188s] -- Installing: /home/demi/bumper_motion/install/bumperbot_msgs/share/bumperbot_msgs/cmake/rosidl_cmake_export_typesupport_libraries-extras.cmake
[128.188s] -- Installing: /home/demi/bumper_motion/install/bumperbot_msgs/share/bumperbot_msgs/cmake/bumperbot_msgsConfig.cmake
[128.189s] -- Installing: /home/demi/bumper_motion/install/bumperbot_msgs/share/bumperbot_msgs/cmake/bumperbot_msgsConfig-version.cmake
[128.189s] -- Installing: /home/demi/bumper_motion/install/bumperbot_msgs/share/bumperbot_msgs/package.xml
[128.194s] Invoked command in '/home/demi/bumper_motion/build/bumperbot_msgs' returned '0': CMAKE_PREFIX_PATH=${CMAKE_PREFIX_PATH}:/home/demi/bumper_motion/install/bumperbot_py_examples:/opt/ros/jazzy:/home/demi/ros2_jazzy/install/rqt_bag_plugins:/home/demi/ros2_jazzy/install/launch_testing_examples:/home/demi/ros2_jazzy/install/ros2bag:/home/demi/ros2_jazzy/install/rqt_bag:/home/demi/ros2_jazzy/install/rosbag2_examples_py:/home/demi/ros2_jazzy/install/tracetools_test:/home/demi/ros2_jazzy/install/tracetools_launch:/home/demi/ros2_jazzy/install/topic_monitor:/home/demi/ros2_jazzy/install/tf2_tools:/home/demi/ros2_jazzy/install/examples_tf2_py:/home/demi/ros2_jazzy/install/tf2_ros_py:/home/demi/ros2_jazzy/install/examples_rclpy_pointcloud_publisher:/home/demi/ros2_jazzy/install/sensor_msgs_py:/home/demi/ros2_jazzy/install/quality_of_service_demo_py:/home/demi/ros2_jazzy/install/camera_info_manager_py:/home/demi/ros2_jazzy/install/rqt_plot:/home/demi/ros2_jazzy/install/ros2doctor:/home/demi/ros2_jazzy/install/lifecycle_py:/home/demi/ros2_jazzy/install/examples_rclpy_minimal_subscriber:/home/demi/ros2_jazzy/install/examples_rclpy_minimal_service:/home/demi/ros2_jazzy/install/examples_rclpy_minimal_publisher:/home/demi/ros2_jazzy/install/examples_rclpy_minimal_client:/home/demi/ros2_jazzy/install/examples_rclpy_executors:/home/demi/ros2_jazzy/install/demo_nodes_py:/home/demi/ros2_jazzy/install/rqt:/home/demi/ros2_jazzy/install/ros2component:/home/demi/ros2_jazzy/install/sros2:/home/demi/ros2_jazzy/install/rqt_topic:/home/demi/ros2_jazzy/install/rqt_srv:/home/demi/ros2_jazzy/install/rqt_shell:/home/demi/ros2_jazzy/install/rqt_service_caller:/home/demi/ros2_jazzy/install/rqt_reconfigure:/home/demi/ros2_jazzy/install/rqt_py_console:/home/demi/ros2_jazzy/install/rqt_publisher:/home/demi/ros2_jazzy/install/rqt_action:/home/demi/ros2_jazzy/install/rqt_msg:/home/demi/ros2_jazzy/install/rqt_console:/home/demi/ros2_jazzy/install/rqt_graph:/home/demi/ros2_jazzy/install/rqt_gui_py:/home/demi/ros2_jazzy/install/rqt_gui:/home/demi/ros2_jazzy/install/ros2trace:/home/demi/ros2_jazzy/install/ros2param:/home/demi/ros2_jazzy/install/ros2lifecycle:/home/demi/ros2_jazzy/install/ros2service:/home/demi/ros2_jazzy/install/ros2topic:/home/demi/ros2_jazzy/install/ros2test:/home/demi/ros2_jazzy/install/ros2run:/home/demi/ros2_jazzy/install/ros2plugin:/home/demi/ros2_jazzy/install/ros2launch:/home/demi/ros2_jazzy/install/ros2pkg:/home/demi/ros2_jazzy/install/ros2node:/home/demi/ros2_jazzy/install/ros2multicast:/home/demi/ros2_jazzy/install/ros2interface:/home/demi/ros2_jazzy/install/ros2action:/home/demi/ros2_jazzy/install/ros2cli:/home/demi/ros2_jazzy/install/launch_testing_ros:/home/demi/ros2_jazzy/install/launch_ros:/home/demi/ros2_jazzy/install/examples_rclpy_minimal_action_server:/home/demi/ros2_jazzy/install/examples_rclpy_minimal_action_client:/home/demi/ros2_jazzy/install/examples_rclpy_guard_conditions:/home/demi/ros2_jazzy/install/action_tutorials_py:/home/demi/ros2_jazzy/install/ament_uncrustify:/home/demi/ros2_jazzy/install/tracetools_trace:/home/demi/ros2_jazzy/install/tracetools_read:/home/demi/ros2_jazzy/install/test_tracetools_launch:/home/demi/ros2_jazzy/install/test_ros2trace:/home/demi/ros2_jazzy/install/test_launch_ros:/home/demi/ros2_jazzy/install/rpyutils:/home/demi/ros2_jazzy/install/rosidl_runtime_py:/home/demi/ros2_jazzy/install/rosidl_pycommon:/home/demi/ros2_jazzy/install/rosidl_cli:/home/demi/ros2_jazzy/install/launch_pytest:/home/demi/ros2_jazzy/install/launch_testing:/home/demi/ros2_jazzy/install/launch_yaml:/home/demi/ros2_jazzy/install/launch_xml:/home/demi/ros2_jazzy/install/launch:/home/demi/ros2_jazzy/install/osrf_pycommon:/home/demi/ros2_jazzy/install/domain_coordinator:/home/demi/ros2_jazzy/install/ament_xmllint:/home/demi/ros2_jazzy/install/ament_pyflakes:/home/demi/ros2_jazzy/install/ament_pycodestyle:/home/demi/ros2_jazzy/install/ament_pep257:/home/demi/ros2_jazzy/install/ament_pclint:/home/demi/ros2_jazzy/install/ament_package:/home/demi/ros2_jazzy/install/ament_mypy:/home/demi/ros2_jazzy/install/ament_lint_cmake:/home/demi/ros2_jazzy/install/ament_flake8:/home/demi/ros2_jazzy/install/ament_copyright:/home/demi/ros2_jazzy/install/ament_lint:/home/demi/ros2_jazzy/install/ament_index_python:/home/demi/ros2_jazzy/install/ament_cpplint:/home/demi/ros2_jazzy/install/ament_cppcheck:/home/demi/ros2_jazzy/install/ament_clang_tidy:/home/demi/ros2_jazzy/install/ament_clang_format DEBUGINFOD_URLS=https://debuginfod.ubuntu.com /usr/bin/cmake --install /home/demi/bumper_motion/build/bumperbot_msgs
