[0.288s] Invoking command in '/home/demi/bumper_motion/build/bumperbot_msgs': CMAKE_PREFIX_PATH=${CMAKE_PREFIX_PATH}:/home/demi/bumper/bumper_path_planning/install/bumperbot_py_examples:/home/demi/ros2_jazzy/install/rqt_bag_plugins:/home/demi/ros2_jazzy/install/launch_testing_examples:/home/demi/ros2_jazzy/install/ros2bag:/home/demi/ros2_jazzy/install/rqt_bag:/home/demi/ros2_jazzy/install/rosbag2_examples_py:/home/demi/ros2_jazzy/install/tracetools_test:/home/demi/ros2_jazzy/install/tracetools_launch:/home/demi/ros2_jazzy/install/topic_monitor:/home/demi/ros2_jazzy/install/tf2_tools:/home/demi/ros2_jazzy/install/examples_tf2_py:/home/demi/ros2_jazzy/install/tf2_ros_py:/home/demi/ros2_jazzy/install/examples_rclpy_pointcloud_publisher:/home/demi/ros2_jazzy/install/sensor_msgs_py:/home/demi/ros2_jazzy/install/quality_of_service_demo_py:/home/demi/ros2_jazzy/install/camera_info_manager_py:/home/demi/ros2_jazzy/install/rqt_plot:/home/demi/ros2_jazzy/install/ros2doctor:/home/demi/ros2_jazzy/install/lifecycle_py:/home/demi/ros2_jazzy/install/examples_rclpy_minimal_subscriber:/home/demi/ros2_jazzy/install/examples_rclpy_minimal_service:/home/demi/ros2_jazzy/install/examples_rclpy_minimal_publisher:/home/demi/ros2_jazzy/install/examples_rclpy_minimal_client:/home/demi/ros2_jazzy/install/examples_rclpy_executors:/home/demi/ros2_jazzy/install/demo_nodes_py:/home/demi/ros2_jazzy/install/rqt:/home/demi/ros2_jazzy/install/ros2component:/home/demi/ros2_jazzy/install/sros2:/home/demi/ros2_jazzy/install/rqt_topic:/home/demi/ros2_jazzy/install/rqt_srv:/home/demi/ros2_jazzy/install/rqt_shell:/home/demi/ros2_jazzy/install/rqt_service_caller:/home/demi/ros2_jazzy/install/rqt_reconfigure:/home/demi/ros2_jazzy/install/rqt_py_console:/home/demi/ros2_jazzy/install/rqt_publisher:/home/demi/ros2_jazzy/install/rqt_action:/home/demi/ros2_jazzy/install/rqt_msg:/home/demi/ros2_jazzy/install/rqt_console:/home/demi/ros2_jazzy/install/rqt_graph:/home/demi/ros2_jazzy/install/rqt_gui_py:/home/demi/ros2_jazzy/install/rqt_gui:/home/demi/ros2_jazzy/install/ros2trace:/home/demi/ros2_jazzy/install/ros2param:/home/demi/ros2_jazzy/install/ros2lifecycle:/home/demi/ros2_jazzy/install/ros2service:/home/demi/ros2_jazzy/install/ros2topic:/home/demi/ros2_jazzy/install/ros2test:/home/demi/ros2_jazzy/install/ros2run:/home/demi/ros2_jazzy/install/ros2plugin:/home/demi/ros2_jazzy/install/ros2launch:/home/demi/ros2_jazzy/install/ros2pkg:/home/demi/ros2_jazzy/install/ros2node:/home/demi/ros2_jazzy/install/ros2multicast:/home/demi/ros2_jazzy/install/ros2interface:/home/demi/ros2_jazzy/install/ros2action:/home/demi/ros2_jazzy/install/ros2cli:/home/demi/ros2_jazzy/install/launch_testing_ros:/home/demi/ros2_jazzy/install/launch_ros:/home/demi/ros2_jazzy/install/examples_rclpy_minimal_action_server:/home/demi/ros2_jazzy/install/examples_rclpy_minimal_action_client:/home/demi/ros2_jazzy/install/examples_rclpy_guard_conditions:/home/demi/ros2_jazzy/install/action_tutorials_py:/home/demi/ros2_jazzy/install/ament_uncrustify:/home/demi/ros2_jazzy/install/tracetools_trace:/home/demi/ros2_jazzy/install/tracetools_read:/home/demi/ros2_jazzy/install/test_tracetools_launch:/home/demi/ros2_jazzy/install/test_ros2trace:/home/demi/ros2_jazzy/install/test_launch_ros:/home/demi/ros2_jazzy/install/rpyutils:/home/demi/ros2_jazzy/install/rosidl_runtime_py:/home/demi/ros2_jazzy/install/rosidl_pycommon:/home/demi/ros2_jazzy/install/rosidl_cli:/home/demi/ros2_jazzy/install/launch_pytest:/home/demi/ros2_jazzy/install/launch_testing:/home/demi/ros2_jazzy/install/launch_yaml:/home/demi/ros2_jazzy/install/launch_xml:/home/demi/ros2_jazzy/install/launch:/home/demi/ros2_jazzy/install/osrf_pycommon:/home/demi/ros2_jazzy/install/domain_coordinator:/home/demi/ros2_jazzy/install/ament_xmllint:/home/demi/ros2_jazzy/install/ament_pyflakes:/home/demi/ros2_jazzy/install/ament_pycodestyle:/home/demi/ros2_jazzy/install/ament_pep257:/home/demi/ros2_jazzy/install/ament_pclint:/home/demi/ros2_jazzy/install/ament_package:/home/demi/ros2_jazzy/install/ament_mypy:/home/demi/ros2_jazzy/install/ament_lint_cmake:/home/demi/ros2_jazzy/install/ament_flake8:/home/demi/ros2_jazzy/install/ament_copyright:/home/demi/ros2_jazzy/install/ament_lint:/home/demi/ros2_jazzy/install/ament_index_python:/home/demi/ros2_jazzy/install/ament_cpplint:/home/demi/ros2_jazzy/install/ament_cppcheck:/home/demi/ros2_jazzy/install/ament_clang_tidy:/home/demi/ros2_jazzy/install/ament_clang_format DEBUGINFOD_URLS=https://debuginfod.ubuntu.com /usr/bin/cmake --build /home/demi/bumper_motion/build/bumperbot_msgs -- -j4 -l4
[1.062s] [  1%] Built target bumperbot_msgs__rosidl_generator_type_description
[1.301s] [  1%] Built target ament_cmake_python_copy_bumperbot_msgs
[1.557s] [  3%] Built target bumperbot_msgs__cpp
[3.400s] running egg_info
[3.577s] writing bumperbot_msgs.egg-info/PKG-INFO
[3.577s] writing dependency_links to bumperbot_msgs.egg-info/dependency_links.txt
[3.577s] writing top-level names to bumperbot_msgs.egg-info/top_level.txt
[4.029s] reading manifest file 'bumperbot_msgs.egg-info/SOURCES.txt'
[4.037s] writing manifest file 'bumperbot_msgs.egg-info/SOURCES.txt'
[4.228s] [  3%] Built target ament_cmake_python_build_bumperbot_msgs_egg
[4.603s] [ 23%] Built target bumperbot_msgs__rosidl_generator_c
[5.029s] [ 25%] Built target bumperbot_msgs__rs
[5.352s] [ 34%] Built target bumperbot_msgs__rosidl_typesupport_c
[5.688s] [ 36%] [32mBuilding CXX object CMakeFiles/bumperbot_msgs__rosidl_typesupport_introspection_cpp.dir/rosidl_typesupport_introspection_cpp/bumperbot_msgs/action/detail/fibonacci__type_support.cpp.o[0m
[9.813s] [ 38%] [32mBuilding CXX object CMakeFiles/bumperbot_msgs__rosidl_typesupport_introspection_cpp.dir/rosidl_typesupport_introspection_cpp/bumperbot_msgs/srv/detail/add_two_ints__type_support.cpp.o[0m
[11.532s] [ 40%] [32mBuilding CXX object CMakeFiles/bumperbot_msgs__rosidl_typesupport_introspection_cpp.dir/rosidl_typesupport_introspection_cpp/bumperbot_msgs/srv/detail/get_transform__type_support.cpp.o[0m
[13.041s] [ 41%] [32m[1mLinking CXX shared library libbumperbot_msgs__rosidl_typesupport_introspection_cpp.so[0m
[14.008s] [ 43%] Built target bumperbot_msgs__rosidl_typesupport_introspection_cpp
[14.411s] [ 45%] [32mBuilding CXX object CMakeFiles/bumperbot_msgs__rosidl_typesupport_cpp.dir/rosidl_typesupport_cpp/bumperbot_msgs/action/fibonacci__type_support.cpp.o[0m
[19.950s] [ 47%] [32mBuilding CXX object CMakeFiles/bumperbot_msgs__rosidl_typesupport_cpp.dir/rosidl_typesupport_cpp/bumperbot_msgs/srv/add_two_ints__type_support.cpp.o[0m
[22.447s] [ 49%] [32mBuilding CXX object CMakeFiles/bumperbot_msgs__rosidl_typesupport_cpp.dir/rosidl_typesupport_cpp/bumperbot_msgs/srv/get_transform__type_support.cpp.o[0m
[26.269s] [ 50%] [32m[1mLinking CXX shared library libbumperbot_msgs__rosidl_typesupport_cpp.so[0m
[26.913s] [ 52%] Built target bumperbot_msgs__rosidl_typesupport_cpp
[27.346s] [ 54%] [32mBuilding CXX object CMakeFiles/bumperbot_msgs__rosidl_typesupport_fastrtps_cpp.dir/rosidl_typesupport_fastrtps_cpp/bumperbot_msgs/action/detail/dds_fastrtps/fibonacci__type_support.cpp.o[0m
[30.388s] [ 56%] [32mBuilding CXX object CMakeFiles/bumperbot_msgs__rosidl_typesupport_fastrtps_cpp.dir/rosidl_typesupport_fastrtps_cpp/bumperbot_msgs/srv/detail/dds_fastrtps/add_two_ints__type_support.cpp.o[0m
[32.046s] [ 58%] [32mBuilding CXX object CMakeFiles/bumperbot_msgs__rosidl_typesupport_fastrtps_cpp.dir/rosidl_typesupport_fastrtps_cpp/bumperbot_msgs/srv/detail/dds_fastrtps/get_transform__type_support.cpp.o[0m
[35.479s] [ 60%] [32m[1mLinking CXX shared library libbumperbot_msgs__rosidl_typesupport_fastrtps_cpp.so[0m
[36.214s] [ 61%] Built target bumperbot_msgs__rosidl_typesupport_fastrtps_cpp
[36.531s] [ 63%] [32mBuilding CXX object CMakeFiles/bumperbot_msgs__rosidl_typesupport_fastrtps_c.dir/rosidl_typesupport_fastrtps_c/bumperbot_msgs/action/detail/fibonacci__type_support_c.cpp.o[0m
[39.168s] [ 65%] [32mBuilding CXX object CMakeFiles/bumperbot_msgs__rosidl_typesupport_fastrtps_c.dir/rosidl_typesupport_fastrtps_c/bumperbot_msgs/srv/detail/get_transform__type_support_c.cpp.o[0m
[41.770s] [ 67%] [32mBuilding CXX object CMakeFiles/bumperbot_msgs__rosidl_typesupport_fastrtps_c.dir/rosidl_typesupport_fastrtps_c/bumperbot_msgs/srv/detail/add_two_ints__type_support_c.cpp.o[0m
[44.681s] [ 69%] [32m[1mLinking CXX shared library libbumperbot_msgs__rosidl_typesupport_fastrtps_c.so[0m
[45.366s] [ 70%] Built target bumperbot_msgs__rosidl_typesupport_fastrtps_c
[45.739s] [ 80%] Built target bumperbot_msgs__rosidl_typesupport_introspection_c
[46.002s] [ 80%] Built target bumperbot_msgs
[46.317s] [ 81%] Built target bumperbot_msgs__py
[46.762s] [ 83%] [32mBuilding C object CMakeFiles/bumperbot_msgs__rosidl_generator_py.dir/rosidl_generator_py/bumperbot_msgs/action/_fibonacci_s.c.o[0m
[49.034s] [ 85%] [32mBuilding C object CMakeFiles/bumperbot_msgs__rosidl_generator_py.dir/rosidl_generator_py/bumperbot_msgs/srv/_get_transform_s.c.o[0m
[50.398s] [ 87%] [32mBuilding C object CMakeFiles/bumperbot_msgs__rosidl_generator_py.dir/rosidl_generator_py/bumperbot_msgs/srv/_add_two_ints_s.c.o[0m
[51.005s] [ 89%] [32m[1mLinking C shared library libbumperbot_msgs__rosidl_generator_py.so[0m
[51.679s] [ 89%] Built target bumperbot_msgs__rosidl_generator_py
[51.962s] [ 90%] [32mBuilding C object CMakeFiles/bumperbot_msgs_s__rosidl_typesupport_fastrtps_c.dir/rosidl_generator_py/bumperbot_msgs/_bumperbot_msgs_s.ep.rosidl_typesupport_fastrtps_c.c.o[0m
[52.824s] [ 92%] [32m[1mLinking C shared module rosidl_generator_py/bumperbot_msgs/bumperbot_msgs_s__rosidl_typesupport_fastrtps_c.so[0m
[53.169s] [ 92%] Built target bumperbot_msgs_s__rosidl_typesupport_fastrtps_c
[53.443s] [ 94%] [32mBuilding C object CMakeFiles/bumperbot_msgs_s__rosidl_typesupport_c.dir/rosidl_generator_py/bumperbot_msgs/_bumperbot_msgs_s.ep.rosidl_typesupport_c.c.o[0m
[54.023s] [ 96%] [32m[1mLinking C shared module rosidl_generator_py/bumperbot_msgs/bumperbot_msgs_s__rosidl_typesupport_c.so[0m
[54.340s] [ 96%] Built target bumperbot_msgs_s__rosidl_typesupport_c
[54.611s] [ 98%] [32mBuilding C object CMakeFiles/bumperbot_msgs_s__rosidl_typesupport_introspection_c.dir/rosidl_generator_py/bumperbot_msgs/_bumperbot_msgs_s.ep.rosidl_typesupport_introspection_c.c.o[0m
[55.101s] [100%] [32m[1mLinking C shared module rosidl_generator_py/bumperbot_msgs/bumperbot_msgs_s__rosidl_typesupport_introspection_c.so[0m
[55.444s] [100%] Built target bumperbot_msgs_s__rosidl_typesupport_introspection_c
[55.622s] Invoked command in '/home/demi/bumper_motion/build/bumperbot_msgs' returned '0': CMAKE_PREFIX_PATH=${CMAKE_PREFIX_PATH}:/home/demi/bumper/bumper_path_planning/install/bumperbot_py_examples:/home/demi/ros2_jazzy/install/rqt_bag_plugins:/home/demi/ros2_jazzy/install/launch_testing_examples:/home/demi/ros2_jazzy/install/ros2bag:/home/demi/ros2_jazzy/install/rqt_bag:/home/demi/ros2_jazzy/install/rosbag2_examples_py:/home/demi/ros2_jazzy/install/tracetools_test:/home/demi/ros2_jazzy/install/tracetools_launch:/home/demi/ros2_jazzy/install/topic_monitor:/home/demi/ros2_jazzy/install/tf2_tools:/home/demi/ros2_jazzy/install/examples_tf2_py:/home/demi/ros2_jazzy/install/tf2_ros_py:/home/demi/ros2_jazzy/install/examples_rclpy_pointcloud_publisher:/home/demi/ros2_jazzy/install/sensor_msgs_py:/home/demi/ros2_jazzy/install/quality_of_service_demo_py:/home/demi/ros2_jazzy/install/camera_info_manager_py:/home/demi/ros2_jazzy/install/rqt_plot:/home/demi/ros2_jazzy/install/ros2doctor:/home/demi/ros2_jazzy/install/lifecycle_py:/home/demi/ros2_jazzy/install/examples_rclpy_minimal_subscriber:/home/demi/ros2_jazzy/install/examples_rclpy_minimal_service:/home/demi/ros2_jazzy/install/examples_rclpy_minimal_publisher:/home/demi/ros2_jazzy/install/examples_rclpy_minimal_client:/home/demi/ros2_jazzy/install/examples_rclpy_executors:/home/demi/ros2_jazzy/install/demo_nodes_py:/home/demi/ros2_jazzy/install/rqt:/home/demi/ros2_jazzy/install/ros2component:/home/demi/ros2_jazzy/install/sros2:/home/demi/ros2_jazzy/install/rqt_topic:/home/demi/ros2_jazzy/install/rqt_srv:/home/demi/ros2_jazzy/install/rqt_shell:/home/demi/ros2_jazzy/install/rqt_service_caller:/home/demi/ros2_jazzy/install/rqt_reconfigure:/home/demi/ros2_jazzy/install/rqt_py_console:/home/demi/ros2_jazzy/install/rqt_publisher:/home/demi/ros2_jazzy/install/rqt_action:/home/demi/ros2_jazzy/install/rqt_msg:/home/demi/ros2_jazzy/install/rqt_console:/home/demi/ros2_jazzy/install/rqt_graph:/home/demi/ros2_jazzy/install/rqt_gui_py:/home/demi/ros2_jazzy/install/rqt_gui:/home/demi/ros2_jazzy/install/ros2trace:/home/demi/ros2_jazzy/install/ros2param:/home/demi/ros2_jazzy/install/ros2lifecycle:/home/demi/ros2_jazzy/install/ros2service:/home/demi/ros2_jazzy/install/ros2topic:/home/demi/ros2_jazzy/install/ros2test:/home/demi/ros2_jazzy/install/ros2run:/home/demi/ros2_jazzy/install/ros2plugin:/home/demi/ros2_jazzy/install/ros2launch:/home/demi/ros2_jazzy/install/ros2pkg:/home/demi/ros2_jazzy/install/ros2node:/home/demi/ros2_jazzy/install/ros2multicast:/home/demi/ros2_jazzy/install/ros2interface:/home/demi/ros2_jazzy/install/ros2action:/home/demi/ros2_jazzy/install/ros2cli:/home/demi/ros2_jazzy/install/launch_testing_ros:/home/demi/ros2_jazzy/install/launch_ros:/home/demi/ros2_jazzy/install/examples_rclpy_minimal_action_server:/home/demi/ros2_jazzy/install/examples_rclpy_minimal_action_client:/home/demi/ros2_jazzy/install/examples_rclpy_guard_conditions:/home/demi/ros2_jazzy/install/action_tutorials_py:/home/demi/ros2_jazzy/install/ament_uncrustify:/home/demi/ros2_jazzy/install/tracetools_trace:/home/demi/ros2_jazzy/install/tracetools_read:/home/demi/ros2_jazzy/install/test_tracetools_launch:/home/demi/ros2_jazzy/install/test_ros2trace:/home/demi/ros2_jazzy/install/test_launch_ros:/home/demi/ros2_jazzy/install/rpyutils:/home/demi/ros2_jazzy/install/rosidl_runtime_py:/home/demi/ros2_jazzy/install/rosidl_pycommon:/home/demi/ros2_jazzy/install/rosidl_cli:/home/demi/ros2_jazzy/install/launch_pytest:/home/demi/ros2_jazzy/install/launch_testing:/home/demi/ros2_jazzy/install/launch_yaml:/home/demi/ros2_jazzy/install/launch_xml:/home/demi/ros2_jazzy/install/launch:/home/demi/ros2_jazzy/install/osrf_pycommon:/home/demi/ros2_jazzy/install/domain_coordinator:/home/demi/ros2_jazzy/install/ament_xmllint:/home/demi/ros2_jazzy/install/ament_pyflakes:/home/demi/ros2_jazzy/install/ament_pycodestyle:/home/demi/ros2_jazzy/install/ament_pep257:/home/demi/ros2_jazzy/install/ament_pclint:/home/demi/ros2_jazzy/install/ament_package:/home/demi/ros2_jazzy/install/ament_mypy:/home/demi/ros2_jazzy/install/ament_lint_cmake:/home/demi/ros2_jazzy/install/ament_flake8:/home/demi/ros2_jazzy/install/ament_copyright:/home/demi/ros2_jazzy/install/ament_lint:/home/demi/ros2_jazzy/install/ament_index_python:/home/demi/ros2_jazzy/install/ament_cpplint:/home/demi/ros2_jazzy/install/ament_cppcheck:/home/demi/ros2_jazzy/install/ament_clang_tidy:/home/demi/ros2_jazzy/install/ament_clang_format DEBUGINFOD_URLS=https://debuginfod.ubuntu.com /usr/bin/cmake --build /home/demi/bumper_motion/build/bumperbot_msgs -- -j4 -l4
[55.647s] Invoking command in '/home/demi/bumper_motion/build/bumperbot_msgs': CMAKE_PREFIX_PATH=${CMAKE_PREFIX_PATH}:/home/demi/bumper/bumper_path_planning/install/bumperbot_py_examples:/home/demi/ros2_jazzy/install/rqt_bag_plugins:/home/demi/ros2_jazzy/install/launch_testing_examples:/home/demi/ros2_jazzy/install/ros2bag:/home/demi/ros2_jazzy/install/rqt_bag:/home/demi/ros2_jazzy/install/rosbag2_examples_py:/home/demi/ros2_jazzy/install/tracetools_test:/home/demi/ros2_jazzy/install/tracetools_launch:/home/demi/ros2_jazzy/install/topic_monitor:/home/demi/ros2_jazzy/install/tf2_tools:/home/demi/ros2_jazzy/install/examples_tf2_py:/home/demi/ros2_jazzy/install/tf2_ros_py:/home/demi/ros2_jazzy/install/examples_rclpy_pointcloud_publisher:/home/demi/ros2_jazzy/install/sensor_msgs_py:/home/demi/ros2_jazzy/install/quality_of_service_demo_py:/home/demi/ros2_jazzy/install/camera_info_manager_py:/home/demi/ros2_jazzy/install/rqt_plot:/home/demi/ros2_jazzy/install/ros2doctor:/home/demi/ros2_jazzy/install/lifecycle_py:/home/demi/ros2_jazzy/install/examples_rclpy_minimal_subscriber:/home/demi/ros2_jazzy/install/examples_rclpy_minimal_service:/home/demi/ros2_jazzy/install/examples_rclpy_minimal_publisher:/home/demi/ros2_jazzy/install/examples_rclpy_minimal_client:/home/demi/ros2_jazzy/install/examples_rclpy_executors:/home/demi/ros2_jazzy/install/demo_nodes_py:/home/demi/ros2_jazzy/install/rqt:/home/demi/ros2_jazzy/install/ros2component:/home/demi/ros2_jazzy/install/sros2:/home/demi/ros2_jazzy/install/rqt_topic:/home/demi/ros2_jazzy/install/rqt_srv:/home/demi/ros2_jazzy/install/rqt_shell:/home/demi/ros2_jazzy/install/rqt_service_caller:/home/demi/ros2_jazzy/install/rqt_reconfigure:/home/demi/ros2_jazzy/install/rqt_py_console:/home/demi/ros2_jazzy/install/rqt_publisher:/home/demi/ros2_jazzy/install/rqt_action:/home/demi/ros2_jazzy/install/rqt_msg:/home/demi/ros2_jazzy/install/rqt_console:/home/demi/ros2_jazzy/install/rqt_graph:/home/demi/ros2_jazzy/install/rqt_gui_py:/home/demi/ros2_jazzy/install/rqt_gui:/home/demi/ros2_jazzy/install/ros2trace:/home/demi/ros2_jazzy/install/ros2param:/home/demi/ros2_jazzy/install/ros2lifecycle:/home/demi/ros2_jazzy/install/ros2service:/home/demi/ros2_jazzy/install/ros2topic:/home/demi/ros2_jazzy/install/ros2test:/home/demi/ros2_jazzy/install/ros2run:/home/demi/ros2_jazzy/install/ros2plugin:/home/demi/ros2_jazzy/install/ros2launch:/home/demi/ros2_jazzy/install/ros2pkg:/home/demi/ros2_jazzy/install/ros2node:/home/demi/ros2_jazzy/install/ros2multicast:/home/demi/ros2_jazzy/install/ros2interface:/home/demi/ros2_jazzy/install/ros2action:/home/demi/ros2_jazzy/install/ros2cli:/home/demi/ros2_jazzy/install/launch_testing_ros:/home/demi/ros2_jazzy/install/launch_ros:/home/demi/ros2_jazzy/install/examples_rclpy_minimal_action_server:/home/demi/ros2_jazzy/install/examples_rclpy_minimal_action_client:/home/demi/ros2_jazzy/install/examples_rclpy_guard_conditions:/home/demi/ros2_jazzy/install/action_tutorials_py:/home/demi/ros2_jazzy/install/ament_uncrustify:/home/demi/ros2_jazzy/install/tracetools_trace:/home/demi/ros2_jazzy/install/tracetools_read:/home/demi/ros2_jazzy/install/test_tracetools_launch:/home/demi/ros2_jazzy/install/test_ros2trace:/home/demi/ros2_jazzy/install/test_launch_ros:/home/demi/ros2_jazzy/install/rpyutils:/home/demi/ros2_jazzy/install/rosidl_runtime_py:/home/demi/ros2_jazzy/install/rosidl_pycommon:/home/demi/ros2_jazzy/install/rosidl_cli:/home/demi/ros2_jazzy/install/launch_pytest:/home/demi/ros2_jazzy/install/launch_testing:/home/demi/ros2_jazzy/install/launch_yaml:/home/demi/ros2_jazzy/install/launch_xml:/home/demi/ros2_jazzy/install/launch:/home/demi/ros2_jazzy/install/osrf_pycommon:/home/demi/ros2_jazzy/install/domain_coordinator:/home/demi/ros2_jazzy/install/ament_xmllint:/home/demi/ros2_jazzy/install/ament_pyflakes:/home/demi/ros2_jazzy/install/ament_pycodestyle:/home/demi/ros2_jazzy/install/ament_pep257:/home/demi/ros2_jazzy/install/ament_pclint:/home/demi/ros2_jazzy/install/ament_package:/home/demi/ros2_jazzy/install/ament_mypy:/home/demi/ros2_jazzy/install/ament_lint_cmake:/home/demi/ros2_jazzy/install/ament_flake8:/home/demi/ros2_jazzy/install/ament_copyright:/home/demi/ros2_jazzy/install/ament_lint:/home/demi/ros2_jazzy/install/ament_index_python:/home/demi/ros2_jazzy/install/ament_cpplint:/home/demi/ros2_jazzy/install/ament_cppcheck:/home/demi/ros2_jazzy/install/ament_clang_tidy:/home/demi/ros2_jazzy/install/ament_clang_format DEBUGINFOD_URLS=https://debuginfod.ubuntu.com /usr/bin/cmake --install /home/demi/bumper_motion/build/bumperbot_msgs
[55.797s] -- Install configuration: ""
[55.802s] -- Up-to-date: /home/demi/bumper_motion/install/bumperbot_msgs/share/ament_index/resource_index/rosidl_interfaces/bumperbot_msgs
[55.810s] -- Up-to-date: /home/demi/bumper_motion/install/bumperbot_msgs/share/bumperbot_msgs/action/Fibonacci.json
[55.810s] -- Up-to-date: /home/demi/bumper_motion/install/bumperbot_msgs/share/bumperbot_msgs/srv/AddTwoInts.json
[55.810s] -- Up-to-date: /home/demi/bumper_motion/install/bumperbot_msgs/share/bumperbot_msgs/srv/GetTransform.json
[55.814s] -- Up-to-date: /home/demi/bumper_motion/install/bumperbot_msgs/include/bumperbot_msgs/bumperbot_msgs
[55.814s] -- Up-to-date: /home/demi/bumper_motion/install/bumperbot_msgs/include/bumperbot_msgs/bumperbot_msgs/srv
[55.814s] -- Up-to-date: /home/demi/bumper_motion/install/bumperbot_msgs/include/bumperbot_msgs/bumperbot_msgs/srv/add_two_ints.h
[55.820s] -- Up-to-date: /home/demi/bumper_motion/install/bumperbot_msgs/include/bumperbot_msgs/bumperbot_msgs/srv/detail
[55.820s] -- Up-to-date: /home/demi/bumper_motion/install/bumperbot_msgs/include/bumperbot_msgs/bumperbot_msgs/srv/detail/add_two_ints__functions.h
[55.820s] -- Up-to-date: /home/demi/bumper_motion/install/bumperbot_msgs/include/bumperbot_msgs/bumperbot_msgs/srv/detail/get_transform__type_support.h
[55.827s] -- Up-to-date: /home/demi/bumper_motion/install/bumperbot_msgs/include/bumperbot_msgs/bumperbot_msgs/srv/detail/add_two_ints__type_support.h
[55.827s] -- Up-to-date: /home/demi/bumper_motion/install/bumperbot_msgs/include/bumperbot_msgs/bumperbot_msgs/srv/detail/get_transform__functions.h
[55.827s] -- Up-to-date: /home/demi/bumper_motion/install/bumperbot_msgs/include/bumperbot_msgs/bumperbot_msgs/srv/detail/add_two_ints__struct.h
[55.828s] -- Up-to-date: /home/demi/bumper_motion/install/bumperbot_msgs/include/bumperbot_msgs/bumperbot_msgs/srv/detail/get_transform__struct.h
[55.828s] -- Up-to-date: /home/demi/bumper_motion/install/bumperbot_msgs/include/bumperbot_msgs/bumperbot_msgs/srv/detail/add_two_ints__description.c
[55.828s] -- Up-to-date: /home/demi/bumper_motion/install/bumperbot_msgs/include/bumperbot_msgs/bumperbot_msgs/srv/detail/add_two_ints__functions.c
[55.828s] -- Installing: /home/demi/bumper_motion/install/bumperbot_msgs/include/bumperbot_msgs/bumperbot_msgs/srv/detail/get_transform__type_support.c
[55.828s] -- Up-to-date: /home/demi/bumper_motion/install/bumperbot_msgs/include/bumperbot_msgs/bumperbot_msgs/srv/detail/get_transform__functions.c
[55.828s] -- Up-to-date: /home/demi/bumper_motion/install/bumperbot_msgs/include/bumperbot_msgs/bumperbot_msgs/srv/detail/get_transform__description.c
[55.829s] -- Installing: /home/demi/bumper_motion/install/bumperbot_msgs/include/bumperbot_msgs/bumperbot_msgs/srv/detail/add_two_ints__type_support.c
[55.835s] -- Up-to-date: /home/demi/bumper_motion/install/bumperbot_msgs/include/bumperbot_msgs/bumperbot_msgs/srv/get_transform.h
[55.837s] -- Up-to-date: /home/demi/bumper_motion/install/bumperbot_msgs/include/bumperbot_msgs/bumperbot_msgs/action
[55.837s] -- Up-to-date: /home/demi/bumper_motion/install/bumperbot_msgs/include/bumperbot_msgs/bumperbot_msgs/action/fibonacci.h
[55.837s] -- Up-to-date: /home/demi/bumper_motion/install/bumperbot_msgs/include/bumperbot_msgs/bumperbot_msgs/action/detail
[55.838s] -- Up-to-date: /home/demi/bumper_motion/install/bumperbot_msgs/include/bumperbot_msgs/bumperbot_msgs/action/detail/fibonacci__functions.h
[55.840s] -- Installing: /home/demi/bumper_motion/install/bumperbot_msgs/include/bumperbot_msgs/bumperbot_msgs/action/detail/fibonacci__type_support.c
[55.840s] -- Up-to-date: /home/demi/bumper_motion/install/bumperbot_msgs/include/bumperbot_msgs/bumperbot_msgs/action/detail/fibonacci__type_support.h
[55.840s] -- Up-to-date: /home/demi/bumper_motion/install/bumperbot_msgs/include/bumperbot_msgs/bumperbot_msgs/action/detail/fibonacci__description.c
[55.840s] -- Up-to-date: /home/demi/bumper_motion/install/bumperbot_msgs/include/bumperbot_msgs/bumperbot_msgs/action/detail/fibonacci__struct.h
[55.844s] -- Up-to-date: /home/demi/bumper_motion/install/bumperbot_msgs/include/bumperbot_msgs/bumperbot_msgs/action/detail/fibonacci__functions.c
[55.844s] -- Up-to-date: /home/demi/bumper_motion/install/bumperbot_msgs/include/bumperbot_msgs/bumperbot_msgs/msg
[55.844s] -- Up-to-date: /home/demi/bumper_motion/install/bumperbot_msgs/include/bumperbot_msgs/bumperbot_msgs/msg/rosidl_generator_c__visibility_control.h
[55.844s] -- Up-to-date: /home/demi/bumper_motion/install/bumperbot_msgs/share/bumperbot_msgs/environment/library_path.sh
[55.846s] -- Up-to-date: /home/demi/bumper_motion/install/bumperbot_msgs/share/bumperbot_msgs/environment/library_path.dsv
[55.846s] -- Up-to-date: /home/demi/bumper_motion/install/bumperbot_msgs/lib/libbumperbot_msgs__rosidl_generator_c.so
[55.846s] -- Up-to-date: /home/demi/bumper_motion/install/bumperbot_msgs/include/bumperbot_msgs/bumperbot_msgs
[55.847s] -- Up-to-date: /home/demi/bumper_motion/install/bumperbot_msgs/include/bumperbot_msgs/bumperbot_msgs/srv
[55.847s] -- Up-to-date: /home/demi/bumper_motion/install/bumperbot_msgs/include/bumperbot_msgs/bumperbot_msgs/srv/detail
[55.847s] -- Up-to-date: /home/demi/bumper_motion/install/bumperbot_msgs/include/bumperbot_msgs/bumperbot_msgs/srv/detail/add_two_ints__rosidl_typesupport_fastrtps_c.h
[55.847s] -- Up-to-date: /home/demi/bumper_motion/install/bumperbot_msgs/include/bumperbot_msgs/bumperbot_msgs/srv/detail/get_transform__rosidl_typesupport_fastrtps_c.h
[55.847s] -- Up-to-date: /home/demi/bumper_motion/install/bumperbot_msgs/include/bumperbot_msgs/bumperbot_msgs/action
[55.850s] -- Up-to-date: /home/demi/bumper_motion/install/bumperbot_msgs/include/bumperbot_msgs/bumperbot_msgs/action/detail
[55.854s] -- Up-to-date: /home/demi/bumper_motion/install/bumperbot_msgs/include/bumperbot_msgs/bumperbot_msgs/action/detail/fibonacci__rosidl_typesupport_fastrtps_c.h
[55.855s] -- Up-to-date: /home/demi/bumper_motion/install/bumperbot_msgs/include/bumperbot_msgs/bumperbot_msgs/msg
[55.855s] -- Up-to-date: /home/demi/bumper_motion/install/bumperbot_msgs/include/bumperbot_msgs/bumperbot_msgs/msg/rosidl_typesupport_fastrtps_c__visibility_control.h
[55.855s] -- Installing: /home/demi/bumper_motion/install/bumperbot_msgs/lib/libbumperbot_msgs__rosidl_typesupport_fastrtps_c.so
[55.855s] -- Set non-toolchain portion of runtime path of "/home/demi/bumper_motion/install/bumperbot_msgs/lib/libbumperbot_msgs__rosidl_typesupport_fastrtps_c.so" to ""
[55.855s] -- Up-to-date: /home/demi/bumper_motion/install/bumperbot_msgs/include/bumperbot_msgs/bumperbot_msgs
[55.859s] -- Up-to-date: /home/demi/bumper_motion/install/bumperbot_msgs/include/bumperbot_msgs/bumperbot_msgs/srv
[55.861s] -- Up-to-date: /home/demi/bumper_motion/install/bumperbot_msgs/include/bumperbot_msgs/bumperbot_msgs/srv/detail
[55.861s] -- Up-to-date: /home/demi/bumper_motion/install/bumperbot_msgs/include/bumperbot_msgs/bumperbot_msgs/srv/detail/get_transform__traits.hpp
[55.861s] -- Up-to-date: /home/demi/bumper_motion/install/bumperbot_msgs/include/bumperbot_msgs/bumperbot_msgs/srv/detail/add_two_ints__type_support.hpp
[55.861s] -- Up-to-date: /home/demi/bumper_motion/install/bumperbot_msgs/include/bumperbot_msgs/bumperbot_msgs/srv/detail/add_two_ints__struct.hpp
[55.862s] -- Up-to-date: /home/demi/bumper_motion/install/bumperbot_msgs/include/bumperbot_msgs/bumperbot_msgs/srv/detail/add_two_ints__traits.hpp
[55.862s] -- Up-to-date: /home/demi/bumper_motion/install/bumperbot_msgs/include/bumperbot_msgs/bumperbot_msgs/srv/detail/get_transform__struct.hpp
[55.862s] -- Up-to-date: /home/demi/bumper_motion/install/bumperbot_msgs/include/bumperbot_msgs/bumperbot_msgs/srv/detail/get_transform__type_support.hpp
[55.862s] -- Up-to-date: /home/demi/bumper_motion/install/bumperbot_msgs/include/bumperbot_msgs/bumperbot_msgs/srv/detail/get_transform__builder.hpp
[55.862s] -- Up-to-date: /home/demi/bumper_motion/install/bumperbot_msgs/include/bumperbot_msgs/bumperbot_msgs/srv/detail/add_two_ints__builder.hpp
[55.870s] -- Up-to-date: /home/demi/bumper_motion/install/bumperbot_msgs/include/bumperbot_msgs/bumperbot_msgs/srv/get_transform.hpp
[55.871s] -- Up-to-date: /home/demi/bumper_motion/install/bumperbot_msgs/include/bumperbot_msgs/bumperbot_msgs/srv/add_two_ints.hpp
[55.871s] -- Up-to-date: /home/demi/bumper_motion/install/bumperbot_msgs/include/bumperbot_msgs/bumperbot_msgs/action
[55.871s] -- Up-to-date: /home/demi/bumper_motion/install/bumperbot_msgs/include/bumperbot_msgs/bumperbot_msgs/action/detail
[55.871s] -- Up-to-date: /home/demi/bumper_motion/install/bumperbot_msgs/include/bumperbot_msgs/bumperbot_msgs/action/detail/fibonacci__type_support.hpp
[55.871s] -- Up-to-date: /home/demi/bumper_motion/install/bumperbot_msgs/include/bumperbot_msgs/bumperbot_msgs/action/detail/fibonacci__traits.hpp
[55.882s] -- Up-to-date: /home/demi/bumper_motion/install/bumperbot_msgs/include/bumperbot_msgs/bumperbot_msgs/action/detail/fibonacci__struct.hpp
[55.882s] -- Up-to-date: /home/demi/bumper_motion/install/bumperbot_msgs/include/bumperbot_msgs/bumperbot_msgs/action/detail/fibonacci__builder.hpp
[55.882s] -- Up-to-date: /home/demi/bumper_motion/install/bumperbot_msgs/include/bumperbot_msgs/bumperbot_msgs/action/fibonacci.hpp
[55.883s] -- Up-to-date: /home/demi/bumper_motion/install/bumperbot_msgs/include/bumperbot_msgs/bumperbot_msgs/msg
[55.885s] -- Up-to-date: /home/demi/bumper_motion/install/bumperbot_msgs/include/bumperbot_msgs/bumperbot_msgs/msg/rosidl_generator_cpp__visibility_control.hpp
[55.885s] -- Up-to-date: /home/demi/bumper_motion/install/bumperbot_msgs/include/bumperbot_msgs/bumperbot_msgs
[55.892s] -- Up-to-date: /home/demi/bumper_motion/install/bumperbot_msgs/include/bumperbot_msgs/bumperbot_msgs/srv
[55.897s] -- Up-to-date: /home/demi/bumper_motion/install/bumperbot_msgs/include/bumperbot_msgs/bumperbot_msgs/srv/detail
[55.898s] -- Up-to-date: /home/demi/bumper_motion/install/bumperbot_msgs/include/bumperbot_msgs/bumperbot_msgs/srv/detail/add_two_ints__rosidl_typesupport_fastrtps_cpp.hpp
[55.898s] -- Up-to-date: /home/demi/bumper_motion/install/bumperbot_msgs/include/bumperbot_msgs/bumperbot_msgs/srv/detail/get_transform__rosidl_typesupport_fastrtps_cpp.hpp
[55.898s] -- Up-to-date: /home/demi/bumper_motion/install/bumperbot_msgs/include/bumperbot_msgs/bumperbot_msgs/srv/detail/dds_fastrtps
[55.898s] -- Up-to-date: /home/demi/bumper_motion/install/bumperbot_msgs/include/bumperbot_msgs/bumperbot_msgs/action
[55.910s] -- Up-to-date: /home/demi/bumper_motion/install/bumperbot_msgs/include/bumperbot_msgs/bumperbot_msgs/action/detail
[55.910s] -- Up-to-date: /home/demi/bumper_motion/install/bumperbot_msgs/include/bumperbot_msgs/bumperbot_msgs/action/detail/fibonacci__rosidl_typesupport_fastrtps_cpp.hpp
[55.912s] -- Up-to-date: /home/demi/bumper_motion/install/bumperbot_msgs/include/bumperbot_msgs/bumperbot_msgs/action/detail/dds_fastrtps
[55.912s] -- Up-to-date: /home/demi/bumper_motion/install/bumperbot_msgs/include/bumperbot_msgs/bumperbot_msgs/msg
[55.913s] -- Up-to-date: /home/demi/bumper_motion/install/bumperbot_msgs/include/bumperbot_msgs/bumperbot_msgs/msg/rosidl_typesupport_fastrtps_cpp__visibility_control.h
[55.913s] -- Installing: /home/demi/bumper_motion/install/bumperbot_msgs/lib/libbumperbot_msgs__rosidl_typesupport_fastrtps_cpp.so
[55.913s] -- Set non-toolchain portion of runtime path of "/home/demi/bumper_motion/install/bumperbot_msgs/lib/libbumperbot_msgs__rosidl_typesupport_fastrtps_cpp.so" to ""
[55.913s] -- Up-to-date: /home/demi/bumper_motion/install/bumperbot_msgs/include/bumperbot_msgs/bumperbot_msgs
[55.913s] -- Up-to-date: /home/demi/bumper_motion/install/bumperbot_msgs/include/bumperbot_msgs/bumperbot_msgs/srv
[55.914s] -- Up-to-date: /home/demi/bumper_motion/install/bumperbot_msgs/include/bumperbot_msgs/bumperbot_msgs/srv/detail
[55.914s] -- Up-to-date: /home/demi/bumper_motion/install/bumperbot_msgs/include/bumperbot_msgs/bumperbot_msgs/srv/detail/add_two_ints__rosidl_typesupport_introspection_c.h
[55.914s] -- Installing: /home/demi/bumper_motion/install/bumperbot_msgs/include/bumperbot_msgs/bumperbot_msgs/srv/detail/get_transform__type_support.c
[55.914s] -- Installing: /home/demi/bumper_motion/install/bumperbot_msgs/include/bumperbot_msgs/bumperbot_msgs/srv/detail/add_two_ints__type_support.c
[55.932s] -- Up-to-date: /home/demi/bumper_motion/install/bumperbot_msgs/include/bumperbot_msgs/bumperbot_msgs/srv/detail/get_transform__rosidl_typesupport_introspection_c.h
[55.932s] -- Up-to-date: /home/demi/bumper_motion/install/bumperbot_msgs/include/bumperbot_msgs/bumperbot_msgs/action
[55.932s] -- Up-to-date: /home/demi/bumper_motion/install/bumperbot_msgs/include/bumperbot_msgs/bumperbot_msgs/action/detail
[55.932s] -- Up-to-date: /home/demi/bumper_motion/install/bumperbot_msgs/include/bumperbot_msgs/bumperbot_msgs/action/detail/fibonacci__rosidl_typesupport_introspection_c.h
[55.933s] -- Installing: /home/demi/bumper_motion/install/bumperbot_msgs/include/bumperbot_msgs/bumperbot_msgs/action/detail/fibonacci__type_support.c
[55.933s] -- Up-to-date: /home/demi/bumper_motion/install/bumperbot_msgs/include/bumperbot_msgs/bumperbot_msgs/msg
[55.933s] -- Up-to-date: /home/demi/bumper_motion/install/bumperbot_msgs/include/bumperbot_msgs/bumperbot_msgs/msg/rosidl_typesupport_introspection_c__visibility_control.h
[55.933s] -- Up-to-date: /home/demi/bumper_motion/install/bumperbot_msgs/lib/libbumperbot_msgs__rosidl_typesupport_introspection_c.so
[55.933s] -- Up-to-date: /home/demi/bumper_motion/install/bumperbot_msgs/lib/libbumperbot_msgs__rosidl_typesupport_c.so
[55.933s] -- Up-to-date: /home/demi/bumper_motion/install/bumperbot_msgs/include/bumperbot_msgs/bumperbot_msgs
[55.934s] -- Up-to-date: /home/demi/bumper_motion/install/bumperbot_msgs/include/bumperbot_msgs/bumperbot_msgs/srv
[55.934s] -- Up-to-date: /home/demi/bumper_motion/install/bumperbot_msgs/include/bumperbot_msgs/bumperbot_msgs/srv/detail
[55.934s] -- Up-to-date: /home/demi/bumper_motion/install/bumperbot_msgs/include/bumperbot_msgs/bumperbot_msgs/srv/detail/get_transform__type_support.cpp
[55.934s] -- Up-to-date: /home/demi/bumper_motion/install/bumperbot_msgs/include/bumperbot_msgs/bumperbot_msgs/srv/detail/get_transform__rosidl_typesupport_introspection_cpp.hpp
[55.948s] -- Up-to-date: /home/demi/bumper_motion/install/bumperbot_msgs/include/bumperbot_msgs/bumperbot_msgs/srv/detail/add_two_ints__type_support.cpp
[55.948s] -- Up-to-date: /home/demi/bumper_motion/install/bumperbot_msgs/include/bumperbot_msgs/bumperbot_msgs/srv/detail/add_two_ints__rosidl_typesupport_introspection_cpp.hpp
[55.949s] -- Up-to-date: /home/demi/bumper_motion/install/bumperbot_msgs/include/bumperbot_msgs/bumperbot_msgs/action
[55.949s] -- Up-to-date: /home/demi/bumper_motion/install/bumperbot_msgs/include/bumperbot_msgs/bumperbot_msgs/action/detail
[55.949s] -- Up-to-date: /home/demi/bumper_motion/install/bumperbot_msgs/include/bumperbot_msgs/bumperbot_msgs/action/detail/fibonacci__type_support.cpp
[55.949s] -- Up-to-date: /home/demi/bumper_motion/install/bumperbot_msgs/include/bumperbot_msgs/bumperbot_msgs/action/detail/fibonacci__rosidl_typesupport_introspection_cpp.hpp
[55.953s] -- Installing: /home/demi/bumper_motion/install/bumperbot_msgs/lib/libbumperbot_msgs__rosidl_typesupport_introspection_cpp.so
[55.953s] -- Set non-toolchain portion of runtime path of "/home/demi/bumper_motion/install/bumperbot_msgs/lib/libbumperbot_msgs__rosidl_typesupport_introspection_cpp.so" to ""
[55.957s] -- Installing: /home/demi/bumper_motion/install/bumperbot_msgs/lib/libbumperbot_msgs__rosidl_typesupport_cpp.so
[55.970s] -- Set non-toolchain portion of runtime path of "/home/demi/bumper_motion/install/bumperbot_msgs/lib/libbumperbot_msgs__rosidl_typesupport_cpp.so" to ""
[55.970s] -- Up-to-date: /home/demi/bumper_motion/install/bumperbot_msgs/share/bumperbot_msgs/environment/pythonpath.sh
[55.972s] -- Up-to-date: /home/demi/bumper_motion/install/bumperbot_msgs/share/bumperbot_msgs/environment/pythonpath.dsv
[55.981s] -- Up-to-date: /home/demi/bumper_motion/install/bumperbot_msgs/lib/python3.12/site-packages/bumperbot_msgs-0.0.0-py3.12.egg-info
[55.982s] -- Installing: /home/demi/bumper_motion/install/bumperbot_msgs/lib/python3.12/site-packages/bumperbot_msgs-0.0.0-py3.12.egg-info/SOURCES.txt
[55.985s] -- Installing: /home/demi/bumper_motion/install/bumperbot_msgs/lib/python3.12/site-packages/bumperbot_msgs-0.0.0-py3.12.egg-info/dependency_links.txt
[55.985s] -- Installing: /home/demi/bumper_motion/install/bumperbot_msgs/lib/python3.12/site-packages/bumperbot_msgs-0.0.0-py3.12.egg-info/PKG-INFO
[55.986s] -- Installing: /home/demi/bumper_motion/install/bumperbot_msgs/lib/python3.12/site-packages/bumperbot_msgs-0.0.0-py3.12.egg-info/top_level.txt
[55.986s] -- Up-to-date: /home/demi/bumper_motion/install/bumperbot_msgs/lib/python3.12/site-packages/bumperbot_msgs
[55.986s] -- Installing: /home/demi/bumper_motion/install/bumperbot_msgs/lib/python3.12/site-packages/bumperbot_msgs/bumperbot_msgs_s__rosidl_typesupport_fastrtps_c.so
[55.995s] -- Up-to-date: /home/demi/bumper_motion/install/bumperbot_msgs/lib/python3.12/site-packages/bumperbot_msgs/_bumperbot_msgs_s.ep.rosidl_typesupport_fastrtps_c.c
[56.003s] -- Up-to-date: /home/demi/bumper_motion/install/bumperbot_msgs/lib/python3.12/site-packages/bumperbot_msgs/__init__.py
[56.004s] -- Up-to-date: /home/demi/bumper_motion/install/bumperbot_msgs/lib/python3.12/site-packages/bumperbot_msgs/srv
[56.004s] -- Up-to-date: /home/demi/bumper_motion/install/bumperbot_msgs/lib/python3.12/site-packages/bumperbot_msgs/srv/_get_transform_s.c
[56.004s] -- Up-to-date: /home/demi/bumper_motion/install/bumperbot_msgs/lib/python3.12/site-packages/bumperbot_msgs/srv/_get_transform.py
[56.012s] -- Up-to-date: /home/demi/bumper_motion/install/bumperbot_msgs/lib/python3.12/site-packages/bumperbot_msgs/srv/__init__.py
[56.012s] -- Up-to-date: /home/demi/bumper_motion/install/bumperbot_msgs/lib/python3.12/site-packages/bumperbot_msgs/srv/_add_two_ints_s.c
[56.012s] -- Up-to-date: /home/demi/bumper_motion/install/bumperbot_msgs/lib/python3.12/site-packages/bumperbot_msgs/srv/_add_two_ints.py
[56.020s] -- Installing: /home/demi/bumper_motion/install/bumperbot_msgs/lib/python3.12/site-packages/bumperbot_msgs/bumperbot_msgs_s__rosidl_typesupport_c.so
[56.020s] -- Up-to-date: /home/demi/bumper_motion/install/bumperbot_msgs/lib/python3.12/site-packages/bumperbot_msgs/action
[56.024s] -- Up-to-date: /home/demi/bumper_motion/install/bumperbot_msgs/lib/python3.12/site-packages/bumperbot_msgs/action/_fibonacci.py
[56.024s] -- Up-to-date: /home/demi/bumper_motion/install/bumperbot_msgs/lib/python3.12/site-packages/bumperbot_msgs/action/_fibonacci_s.c
[56.024s] -- Up-to-date: /home/demi/bumper_motion/install/bumperbot_msgs/lib/python3.12/site-packages/bumperbot_msgs/action/__init__.py
[56.024s] -- Up-to-date: /home/demi/bumper_motion/install/bumperbot_msgs/lib/python3.12/site-packages/bumperbot_msgs/_bumperbot_msgs_s.ep.rosidl_typesupport_c.c
[56.025s] -- Up-to-date: /home/demi/bumper_motion/install/bumperbot_msgs/lib/python3.12/site-packages/bumperbot_msgs/_bumperbot_msgs_s.ep.rosidl_typesupport_introspection_c.c
[56.025s] -- Installing: /home/demi/bumper_motion/install/bumperbot_msgs/lib/python3.12/site-packages/bumperbot_msgs/bumperbot_msgs_s__rosidl_typesupport_introspection_c.so
[56.693s] Listing '/home/demi/bumper_motion/install/bumperbot_msgs/lib/python3.12/site-packages/bumperbot_msgs'...
[56.693s] Listing '/home/demi/bumper_motion/install/bumperbot_msgs/lib/python3.12/site-packages/bumperbot_msgs/action'...
[56.693s] Listing '/home/demi/bumper_motion/install/bumperbot_msgs/lib/python3.12/site-packages/bumperbot_msgs/srv'...
[56.740s] -- Installing: /home/demi/bumper_motion/install/bumperbot_msgs/lib/python3.12/site-packages/bumperbot_msgs/bumperbot_msgs_s__rosidl_typesupport_fastrtps_c.so
[56.745s] -- Set non-toolchain portion of runtime path of "/home/demi/bumper_motion/install/bumperbot_msgs/lib/python3.12/site-packages/bumperbot_msgs/bumperbot_msgs_s__rosidl_typesupport_fastrtps_c.so" to ""
[56.754s] -- Installing: /home/demi/bumper_motion/install/bumperbot_msgs/lib/python3.12/site-packages/bumperbot_msgs/bumperbot_msgs_s__rosidl_typesupport_introspection_c.so
[56.757s] -- Set non-toolchain portion of runtime path of "/home/demi/bumper_motion/install/bumperbot_msgs/lib/python3.12/site-packages/bumperbot_msgs/bumperbot_msgs_s__rosidl_typesupport_introspection_c.so" to ""
[56.758s] -- Installing: /home/demi/bumper_motion/install/bumperbot_msgs/lib/python3.12/site-packages/bumperbot_msgs/bumperbot_msgs_s__rosidl_typesupport_c.so
[56.760s] -- Set non-toolchain portion of runtime path of "/home/demi/bumper_motion/install/bumperbot_msgs/lib/python3.12/site-packages/bumperbot_msgs/bumperbot_msgs_s__rosidl_typesupport_c.so" to ""
[56.763s] -- Installing: /home/demi/bumper_motion/install/bumperbot_msgs/lib/libbumperbot_msgs__rosidl_generator_py.so
[56.770s] -- Set non-toolchain portion of runtime path of "/home/demi/bumper_motion/install/bumperbot_msgs/lib/libbumperbot_msgs__rosidl_generator_py.so" to ""
[56.771s] -- Up-to-date: /home/demi/bumper_motion/install/bumperbot_msgs/share/ament_index/resource_index/rust_packages/bumperbot_msgs
[56.774s] -- Up-to-date: /home/demi/bumper_motion/install/bumperbot_msgs/share/bumperbot_msgs/rust
[56.774s] -- Up-to-date: /home/demi/bumper_motion/install/bumperbot_msgs/share/bumperbot_msgs/rust/Cargo.toml
[56.775s] -- Up-to-date: /home/demi/bumper_motion/install/bumperbot_msgs/share/bumperbot_msgs/rust/src
[56.779s] -- Up-to-date: /home/demi/bumper_motion/install/bumperbot_msgs/share/bumperbot_msgs/rust/src/action.rs
[56.779s] -- Up-to-date: /home/demi/bumper_motion/install/bumperbot_msgs/share/bumperbot_msgs/rust/src/lib.rs
[56.779s] -- Up-to-date: /home/demi/bumper_motion/install/bumperbot_msgs/share/bumperbot_msgs/rust/src/srv
[56.786s] -- Up-to-date: /home/demi/bumper_motion/install/bumperbot_msgs/share/bumperbot_msgs/rust/src/srv/rmw.rs
[56.786s] -- Up-to-date: /home/demi/bumper_motion/install/bumperbot_msgs/share/bumperbot_msgs/rust/src/srv.rs
[56.790s] -- Up-to-date: /home/demi/bumper_motion/install/bumperbot_msgs/share/bumperbot_msgs/rust/src/action
[56.790s] -- Up-to-date: /home/demi/bumper_motion/install/bumperbot_msgs/share/bumperbot_msgs/rust/src/action/rmw.rs
[56.791s] -- Up-to-date: /home/demi/bumper_motion/install/bumperbot_msgs/share/bumperbot_msgs/rust/build.rs
[56.791s] -- Up-to-date: /home/demi/bumper_motion/install/bumperbot_msgs/share/bumperbot_msgs/action/Fibonacci.idl
[56.792s] -- Up-to-date: /home/demi/bumper_motion/install/bumperbot_msgs/share/bumperbot_msgs/srv/AddTwoInts.idl
[56.792s] -- Up-to-date: /home/demi/bumper_motion/install/bumperbot_msgs/share/bumperbot_msgs/srv/GetTransform.idl
[56.795s] -- Up-to-date: /home/demi/bumper_motion/install/bumperbot_msgs/share/bumperbot_msgs/action/Fibonacci.action
[56.795s] -- Up-to-date: /home/demi/bumper_motion/install/bumperbot_msgs/share/bumperbot_msgs/srv/AddTwoInts.srv
[56.795s] -- Up-to-date: /home/demi/bumper_motion/install/bumperbot_msgs/share/bumperbot_msgs/srv/GetTransform.srv
[56.797s] -- Up-to-date: /home/demi/bumper_motion/install/bumperbot_msgs/share/ament_index/resource_index/package_run_dependencies/bumperbot_msgs
[56.799s] -- Up-to-date: /home/demi/bumper_motion/install/bumperbot_msgs/share/ament_index/resource_index/parent_prefix_path/bumperbot_msgs
[56.799s] -- Up-to-date: /home/demi/bumper_motion/install/bumperbot_msgs/share/bumperbot_msgs/environment/ament_prefix_path.dsv
[56.799s] -- Up-to-date: /home/demi/bumper_motion/install/bumperbot_msgs/share/bumperbot_msgs/environment/path.dsv
[56.799s] -- Up-to-date: /home/demi/bumper_motion/install/bumperbot_msgs/share/bumperbot_msgs/local_setup.bash
[56.800s] -- Up-to-date: /home/demi/bumper_motion/install/bumperbot_msgs/share/bumperbot_msgs/local_setup.sh
[56.802s] -- Up-to-date: /home/demi/bumper_motion/install/bumperbot_msgs/share/bumperbot_msgs/local_setup.zsh
[56.804s] -- Up-to-date: /home/demi/bumper_motion/install/bumperbot_msgs/share/bumperbot_msgs/local_setup.dsv
[56.806s] -- Installing: /home/demi/bumper_motion/install/bumperbot_msgs/share/bumperbot_msgs/package.dsv
[56.806s] -- Up-to-date: /home/demi/bumper_motion/install/bumperbot_msgs/share/ament_index/resource_index/packages/bumperbot_msgs
[56.806s] -- Up-to-date: /home/demi/bumper_motion/install/bumperbot_msgs/share/bumperbot_msgs/cmake/export_bumperbot_msgs__rosidl_generator_cExport.cmake
[56.807s] -- Up-to-date: /home/demi/bumper_motion/install/bumperbot_msgs/share/bumperbot_msgs/cmake/export_bumperbot_msgs__rosidl_generator_cExport-noconfig.cmake
[56.807s] -- Up-to-date: /home/demi/bumper_motion/install/bumperbot_msgs/share/bumperbot_msgs/cmake/export_bumperbot_msgs__rosidl_typesupport_fastrtps_cExport.cmake
[56.807s] -- Up-to-date: /home/demi/bumper_motion/install/bumperbot_msgs/share/bumperbot_msgs/cmake/export_bumperbot_msgs__rosidl_typesupport_fastrtps_cExport-noconfig.cmake
[56.813s] -- Up-to-date: /home/demi/bumper_motion/install/bumperbot_msgs/share/bumperbot_msgs/cmake/export_bumperbot_msgs__rosidl_generator_cppExport.cmake
[56.813s] -- Up-to-date: /home/demi/bumper_motion/install/bumperbot_msgs/share/bumperbot_msgs/cmake/export_bumperbot_msgs__rosidl_typesupport_fastrtps_cppExport.cmake
[56.816s] -- Up-to-date: /home/demi/bumper_motion/install/bumperbot_msgs/share/bumperbot_msgs/cmake/export_bumperbot_msgs__rosidl_typesupport_fastrtps_cppExport-noconfig.cmake
[56.817s] -- Up-to-date: /home/demi/bumper_motion/install/bumperbot_msgs/share/bumperbot_msgs/cmake/bumperbot_msgs__rosidl_typesupport_introspection_cExport.cmake
[56.824s] -- Up-to-date: /home/demi/bumper_motion/install/bumperbot_msgs/share/bumperbot_msgs/cmake/bumperbot_msgs__rosidl_typesupport_introspection_cExport-noconfig.cmake
[56.828s] -- Up-to-date: /home/demi/bumper_motion/install/bumperbot_msgs/share/bumperbot_msgs/cmake/bumperbot_msgs__rosidl_typesupport_cExport.cmake
[56.828s] -- Up-to-date: /home/demi/bumper_motion/install/bumperbot_msgs/share/bumperbot_msgs/cmake/bumperbot_msgs__rosidl_typesupport_cExport-noconfig.cmake
[56.830s] -- Up-to-date: /home/demi/bumper_motion/install/bumperbot_msgs/share/bumperbot_msgs/cmake/bumperbot_msgs__rosidl_typesupport_introspection_cppExport.cmake
[56.834s] -- Up-to-date: /home/demi/bumper_motion/install/bumperbot_msgs/share/bumperbot_msgs/cmake/bumperbot_msgs__rosidl_typesupport_introspection_cppExport-noconfig.cmake
[56.837s] -- Up-to-date: /home/demi/bumper_motion/install/bumperbot_msgs/share/bumperbot_msgs/cmake/bumperbot_msgs__rosidl_typesupport_cppExport.cmake
[56.838s] -- Up-to-date: /home/demi/bumper_motion/install/bumperbot_msgs/share/bumperbot_msgs/cmake/bumperbot_msgs__rosidl_typesupport_cppExport-noconfig.cmake
[56.846s] -- Up-to-date: /home/demi/bumper_motion/install/bumperbot_msgs/share/bumperbot_msgs/cmake/export_bumperbot_msgs__rosidl_generator_pyExport.cmake
[56.847s] -- Up-to-date: /home/demi/bumper_motion/install/bumperbot_msgs/share/bumperbot_msgs/cmake/export_bumperbot_msgs__rosidl_generator_pyExport-noconfig.cmake
[56.847s] -- Up-to-date: /home/demi/bumper_motion/install/bumperbot_msgs/share/bumperbot_msgs/cmake/rosidl_cmake-extras.cmake
[56.847s] -- Up-to-date: /home/demi/bumper_motion/install/bumperbot_msgs/share/bumperbot_msgs/cmake/ament_cmake_export_dependencies-extras.cmake
[56.847s] -- Up-to-date: /home/demi/bumper_motion/install/bumperbot_msgs/share/bumperbot_msgs/cmake/ament_cmake_export_include_directories-extras.cmake
[56.847s] -- Up-to-date: /home/demi/bumper_motion/install/bumperbot_msgs/share/bumperbot_msgs/cmake/ament_cmake_export_libraries-extras.cmake
[56.854s] -- Up-to-date: /home/demi/bumper_motion/install/bumperbot_msgs/share/bumperbot_msgs/cmake/ament_cmake_export_targets-extras.cmake
[56.854s] -- Up-to-date: /home/demi/bumper_motion/install/bumperbot_msgs/share/bumperbot_msgs/cmake/rosidl_cmake_export_typesupport_targets-extras.cmake
[56.856s] -- Up-to-date: /home/demi/bumper_motion/install/bumperbot_msgs/share/bumperbot_msgs/cmake/rosidl_cmake_export_typesupport_libraries-extras.cmake
[56.856s] -- Up-to-date: /home/demi/bumper_motion/install/bumperbot_msgs/share/bumperbot_msgs/cmake/bumperbot_msgsConfig.cmake
[56.856s] -- Up-to-date: /home/demi/bumper_motion/install/bumperbot_msgs/share/bumperbot_msgs/cmake/bumperbot_msgsConfig-version.cmake
[56.857s] -- Up-to-date: /home/demi/bumper_motion/install/bumperbot_msgs/share/bumperbot_msgs/package.xml
[56.862s] Invoked command in '/home/demi/bumper_motion/build/bumperbot_msgs' returned '0': CMAKE_PREFIX_PATH=${CMAKE_PREFIX_PATH}:/home/demi/bumper/bumper_path_planning/install/bumperbot_py_examples:/home/demi/ros2_jazzy/install/rqt_bag_plugins:/home/demi/ros2_jazzy/install/launch_testing_examples:/home/demi/ros2_jazzy/install/ros2bag:/home/demi/ros2_jazzy/install/rqt_bag:/home/demi/ros2_jazzy/install/rosbag2_examples_py:/home/demi/ros2_jazzy/install/tracetools_test:/home/demi/ros2_jazzy/install/tracetools_launch:/home/demi/ros2_jazzy/install/topic_monitor:/home/demi/ros2_jazzy/install/tf2_tools:/home/demi/ros2_jazzy/install/examples_tf2_py:/home/demi/ros2_jazzy/install/tf2_ros_py:/home/demi/ros2_jazzy/install/examples_rclpy_pointcloud_publisher:/home/demi/ros2_jazzy/install/sensor_msgs_py:/home/demi/ros2_jazzy/install/quality_of_service_demo_py:/home/demi/ros2_jazzy/install/camera_info_manager_py:/home/demi/ros2_jazzy/install/rqt_plot:/home/demi/ros2_jazzy/install/ros2doctor:/home/demi/ros2_jazzy/install/lifecycle_py:/home/demi/ros2_jazzy/install/examples_rclpy_minimal_subscriber:/home/demi/ros2_jazzy/install/examples_rclpy_minimal_service:/home/demi/ros2_jazzy/install/examples_rclpy_minimal_publisher:/home/demi/ros2_jazzy/install/examples_rclpy_minimal_client:/home/demi/ros2_jazzy/install/examples_rclpy_executors:/home/demi/ros2_jazzy/install/demo_nodes_py:/home/demi/ros2_jazzy/install/rqt:/home/demi/ros2_jazzy/install/ros2component:/home/demi/ros2_jazzy/install/sros2:/home/demi/ros2_jazzy/install/rqt_topic:/home/demi/ros2_jazzy/install/rqt_srv:/home/demi/ros2_jazzy/install/rqt_shell:/home/demi/ros2_jazzy/install/rqt_service_caller:/home/demi/ros2_jazzy/install/rqt_reconfigure:/home/demi/ros2_jazzy/install/rqt_py_console:/home/demi/ros2_jazzy/install/rqt_publisher:/home/demi/ros2_jazzy/install/rqt_action:/home/demi/ros2_jazzy/install/rqt_msg:/home/demi/ros2_jazzy/install/rqt_console:/home/demi/ros2_jazzy/install/rqt_graph:/home/demi/ros2_jazzy/install/rqt_gui_py:/home/demi/ros2_jazzy/install/rqt_gui:/home/demi/ros2_jazzy/install/ros2trace:/home/demi/ros2_jazzy/install/ros2param:/home/demi/ros2_jazzy/install/ros2lifecycle:/home/demi/ros2_jazzy/install/ros2service:/home/demi/ros2_jazzy/install/ros2topic:/home/demi/ros2_jazzy/install/ros2test:/home/demi/ros2_jazzy/install/ros2run:/home/demi/ros2_jazzy/install/ros2plugin:/home/demi/ros2_jazzy/install/ros2launch:/home/demi/ros2_jazzy/install/ros2pkg:/home/demi/ros2_jazzy/install/ros2node:/home/demi/ros2_jazzy/install/ros2multicast:/home/demi/ros2_jazzy/install/ros2interface:/home/demi/ros2_jazzy/install/ros2action:/home/demi/ros2_jazzy/install/ros2cli:/home/demi/ros2_jazzy/install/launch_testing_ros:/home/demi/ros2_jazzy/install/launch_ros:/home/demi/ros2_jazzy/install/examples_rclpy_minimal_action_server:/home/demi/ros2_jazzy/install/examples_rclpy_minimal_action_client:/home/demi/ros2_jazzy/install/examples_rclpy_guard_conditions:/home/demi/ros2_jazzy/install/action_tutorials_py:/home/demi/ros2_jazzy/install/ament_uncrustify:/home/demi/ros2_jazzy/install/tracetools_trace:/home/demi/ros2_jazzy/install/tracetools_read:/home/demi/ros2_jazzy/install/test_tracetools_launch:/home/demi/ros2_jazzy/install/test_ros2trace:/home/demi/ros2_jazzy/install/test_launch_ros:/home/demi/ros2_jazzy/install/rpyutils:/home/demi/ros2_jazzy/install/rosidl_runtime_py:/home/demi/ros2_jazzy/install/rosidl_pycommon:/home/demi/ros2_jazzy/install/rosidl_cli:/home/demi/ros2_jazzy/install/launch_pytest:/home/demi/ros2_jazzy/install/launch_testing:/home/demi/ros2_jazzy/install/launch_yaml:/home/demi/ros2_jazzy/install/launch_xml:/home/demi/ros2_jazzy/install/launch:/home/demi/ros2_jazzy/install/osrf_pycommon:/home/demi/ros2_jazzy/install/domain_coordinator:/home/demi/ros2_jazzy/install/ament_xmllint:/home/demi/ros2_jazzy/install/ament_pyflakes:/home/demi/ros2_jazzy/install/ament_pycodestyle:/home/demi/ros2_jazzy/install/ament_pep257:/home/demi/ros2_jazzy/install/ament_pclint:/home/demi/ros2_jazzy/install/ament_package:/home/demi/ros2_jazzy/install/ament_mypy:/home/demi/ros2_jazzy/install/ament_lint_cmake:/home/demi/ros2_jazzy/install/ament_flake8:/home/demi/ros2_jazzy/install/ament_copyright:/home/demi/ros2_jazzy/install/ament_lint:/home/demi/ros2_jazzy/install/ament_index_python:/home/demi/ros2_jazzy/install/ament_cpplint:/home/demi/ros2_jazzy/install/ament_cppcheck:/home/demi/ros2_jazzy/install/ament_clang_tidy:/home/demi/ros2_jazzy/install/ament_clang_format DEBUGINFOD_URLS=https://debuginfod.ubuntu.com /usr/bin/cmake --install /home/demi/bumper_motion/build/bumperbot_msgs
