[0.456s] Invoking command in '/home/demi/bumper_motion/build/bumperbot_msgs': CMAKE_PREFIX_PATH=${CMAKE_PREFIX_PATH}:/home/demi/ros2_jazzy/install/rqt_bag_plugins:/home/demi/ros2_jazzy/install/launch_testing_examples:/home/demi/ros2_jazzy/install/ros2bag:/home/demi/ros2_jazzy/install/rqt_bag:/home/demi/ros2_jazzy/install/rosbag2_examples_py:/home/demi/ros2_jazzy/install/tracetools_test:/home/demi/ros2_jazzy/install/tracetools_launch:/home/demi/ros2_jazzy/install/topic_monitor:/home/demi/ros2_jazzy/install/tf2_tools:/home/demi/ros2_jazzy/install/examples_tf2_py:/home/demi/ros2_jazzy/install/tf2_ros_py:/home/demi/ros2_jazzy/install/examples_rclpy_pointcloud_publisher:/home/demi/ros2_jazzy/install/sensor_msgs_py:/home/demi/ros2_jazzy/install/quality_of_service_demo_py:/home/demi/ros2_jazzy/install/camera_info_manager_py:/home/demi/ros2_jazzy/install/rqt_plot:/home/demi/ros2_jazzy/install/ros2doctor:/home/demi/ros2_jazzy/install/lifecycle_py:/home/demi/ros2_jazzy/install/examples_rclpy_minimal_subscriber:/home/demi/ros2_jazzy/install/examples_rclpy_minimal_service:/home/demi/ros2_jazzy/install/examples_rclpy_minimal_publisher:/home/demi/ros2_jazzy/install/examples_rclpy_minimal_client:/home/demi/ros2_jazzy/install/examples_rclpy_executors:/home/demi/ros2_jazzy/install/demo_nodes_py:/home/demi/ros2_jazzy/install/rqt:/home/demi/ros2_jazzy/install/ros2component:/home/demi/ros2_jazzy/install/sros2:/home/demi/ros2_jazzy/install/rqt_topic:/home/demi/ros2_jazzy/install/rqt_srv:/home/demi/ros2_jazzy/install/rqt_shell:/home/demi/ros2_jazzy/install/rqt_service_caller:/home/demi/ros2_jazzy/install/rqt_reconfigure:/home/demi/ros2_jazzy/install/rqt_py_console:/home/demi/ros2_jazzy/install/rqt_publisher:/home/demi/ros2_jazzy/install/rqt_action:/home/demi/ros2_jazzy/install/rqt_msg:/home/demi/ros2_jazzy/install/rqt_console:/home/demi/ros2_jazzy/install/rqt_graph:/home/demi/ros2_jazzy/install/rqt_gui_py:/home/demi/ros2_jazzy/install/rqt_gui:/home/demi/ros2_jazzy/install/ros2trace:/home/demi/ros2_jazzy/install/ros2param:/home/demi/ros2_jazzy/install/ros2lifecycle:/home/demi/ros2_jazzy/install/ros2service:/home/demi/ros2_jazzy/install/ros2topic:/home/demi/ros2_jazzy/install/ros2test:/home/demi/ros2_jazzy/install/ros2run:/home/demi/ros2_jazzy/install/ros2plugin:/home/demi/ros2_jazzy/install/ros2launch:/home/demi/ros2_jazzy/install/ros2pkg:/home/demi/ros2_jazzy/install/ros2node:/home/demi/ros2_jazzy/install/ros2multicast:/home/demi/ros2_jazzy/install/ros2interface:/home/demi/ros2_jazzy/install/ros2action:/home/demi/ros2_jazzy/install/ros2cli:/home/demi/ros2_jazzy/install/launch_testing_ros:/home/demi/ros2_jazzy/install/launch_ros:/home/demi/ros2_jazzy/install/examples_rclpy_minimal_action_server:/home/demi/ros2_jazzy/install/examples_rclpy_minimal_action_client:/home/demi/ros2_jazzy/install/examples_rclpy_guard_conditions:/home/demi/ros2_jazzy/install/action_tutorials_py:/home/demi/ros2_jazzy/install/ament_uncrustify:/home/demi/ros2_jazzy/install/tracetools_trace:/home/demi/ros2_jazzy/install/tracetools_read:/home/demi/ros2_jazzy/install/test_tracetools_launch:/home/demi/ros2_jazzy/install/test_ros2trace:/home/demi/ros2_jazzy/install/test_launch_ros:/home/demi/ros2_jazzy/install/rpyutils:/home/demi/ros2_jazzy/install/rosidl_runtime_py:/home/demi/ros2_jazzy/install/rosidl_pycommon:/home/demi/ros2_jazzy/install/rosidl_cli:/home/demi/ros2_jazzy/install/launch_pytest:/home/demi/ros2_jazzy/install/launch_testing:/home/demi/ros2_jazzy/install/launch_yaml:/home/demi/ros2_jazzy/install/launch_xml:/home/demi/ros2_jazzy/install/launch:/home/demi/ros2_jazzy/install/osrf_pycommon:/home/demi/ros2_jazzy/install/domain_coordinator:/home/demi/ros2_jazzy/install/ament_xmllint:/home/demi/ros2_jazzy/install/ament_pyflakes:/home/demi/ros2_jazzy/install/ament_pycodestyle:/home/demi/ros2_jazzy/install/ament_pep257:/home/demi/ros2_jazzy/install/ament_pclint:/home/demi/ros2_jazzy/install/ament_package:/home/demi/ros2_jazzy/install/ament_mypy:/home/demi/ros2_jazzy/install/ament_lint_cmake:/home/demi/ros2_jazzy/install/ament_flake8:/home/demi/ros2_jazzy/install/ament_copyright:/home/demi/ros2_jazzy/install/ament_lint:/home/demi/ros2_jazzy/install/ament_index_python:/home/demi/ros2_jazzy/install/ament_cpplint:/home/demi/ros2_jazzy/install/ament_cppcheck:/home/demi/ros2_jazzy/install/ament_clang_tidy:/home/demi/ros2_jazzy/install/ament_clang_format DEBUGINFOD_URLS=https://debuginfod.ubuntu.com /usr/bin/cmake --build /home/demi/bumper_motion/build/bumperbot_msgs -- -j4 -l4
[1.372s] [  1%] Built target bumperbot_msgs__rosidl_generator_type_description
[1.524s] [  1%] Built target ament_cmake_python_copy_bumperbot_msgs
[1.774s] [  3%] Built target bumperbot_msgs__cpp
[4.663s] running egg_info
[4.941s] writing bumperbot_msgs.egg-info/PKG-INFO
[4.941s] writing dependency_links to bumperbot_msgs.egg-info/dependency_links.txt
[4.941s] writing top-level names to bumperbot_msgs.egg-info/top_level.txt
[5.566s] reading manifest file 'bumperbot_msgs.egg-info/SOURCES.txt'
[5.573s] writing manifest file 'bumperbot_msgs.egg-info/SOURCES.txt'
[5.707s] [  3%] Built target ament_cmake_python_build_bumperbot_msgs_egg
[5.924s] [ 23%] Built target bumperbot_msgs__rosidl_generator_c
[6.095s] [ 25%] Built target bumperbot_msgs__rs
[6.339s] [ 34%] Built target bumperbot_msgs__rosidl_typesupport_c
[6.577s] [ 43%] Built target bumperbot_msgs__rosidl_typesupport_introspection_cpp
[6.766s] [ 52%] Built target bumperbot_msgs__rosidl_typesupport_cpp
[7.177s] [ 61%] Built target bumperbot_msgs__rosidl_typesupport_fastrtps_cpp
[7.412s] [ 70%] Built target bumperbot_msgs__rosidl_typesupport_fastrtps_c
[7.674s] [ 80%] Built target bumperbot_msgs__rosidl_typesupport_introspection_c
[7.869s] [ 80%] Built target bumperbot_msgs
[8.077s] [ 81%] Built target bumperbot_msgs__py
[8.363s] [ 89%] Built target bumperbot_msgs__rosidl_generator_py
[8.617s] [ 92%] Built target bumperbot_msgs_s__rosidl_typesupport_fastrtps_c
[8.940s] [ 96%] Built target bumperbot_msgs_s__rosidl_typesupport_c
[9.197s] [100%] Built target bumperbot_msgs_s__rosidl_typesupport_introspection_c
[9.313s] Invoked command in '/home/demi/bumper_motion/build/bumperbot_msgs' returned '0': CMAKE_PREFIX_PATH=${CMAKE_PREFIX_PATH}:/home/demi/ros2_jazzy/install/rqt_bag_plugins:/home/demi/ros2_jazzy/install/launch_testing_examples:/home/demi/ros2_jazzy/install/ros2bag:/home/demi/ros2_jazzy/install/rqt_bag:/home/demi/ros2_jazzy/install/rosbag2_examples_py:/home/demi/ros2_jazzy/install/tracetools_test:/home/demi/ros2_jazzy/install/tracetools_launch:/home/demi/ros2_jazzy/install/topic_monitor:/home/demi/ros2_jazzy/install/tf2_tools:/home/demi/ros2_jazzy/install/examples_tf2_py:/home/demi/ros2_jazzy/install/tf2_ros_py:/home/demi/ros2_jazzy/install/examples_rclpy_pointcloud_publisher:/home/demi/ros2_jazzy/install/sensor_msgs_py:/home/demi/ros2_jazzy/install/quality_of_service_demo_py:/home/demi/ros2_jazzy/install/camera_info_manager_py:/home/demi/ros2_jazzy/install/rqt_plot:/home/demi/ros2_jazzy/install/ros2doctor:/home/demi/ros2_jazzy/install/lifecycle_py:/home/demi/ros2_jazzy/install/examples_rclpy_minimal_subscriber:/home/demi/ros2_jazzy/install/examples_rclpy_minimal_service:/home/demi/ros2_jazzy/install/examples_rclpy_minimal_publisher:/home/demi/ros2_jazzy/install/examples_rclpy_minimal_client:/home/demi/ros2_jazzy/install/examples_rclpy_executors:/home/demi/ros2_jazzy/install/demo_nodes_py:/home/demi/ros2_jazzy/install/rqt:/home/demi/ros2_jazzy/install/ros2component:/home/demi/ros2_jazzy/install/sros2:/home/demi/ros2_jazzy/install/rqt_topic:/home/demi/ros2_jazzy/install/rqt_srv:/home/demi/ros2_jazzy/install/rqt_shell:/home/demi/ros2_jazzy/install/rqt_service_caller:/home/demi/ros2_jazzy/install/rqt_reconfigure:/home/demi/ros2_jazzy/install/rqt_py_console:/home/demi/ros2_jazzy/install/rqt_publisher:/home/demi/ros2_jazzy/install/rqt_action:/home/demi/ros2_jazzy/install/rqt_msg:/home/demi/ros2_jazzy/install/rqt_console:/home/demi/ros2_jazzy/install/rqt_graph:/home/demi/ros2_jazzy/install/rqt_gui_py:/home/demi/ros2_jazzy/install/rqt_gui:/home/demi/ros2_jazzy/install/ros2trace:/home/demi/ros2_jazzy/install/ros2param:/home/demi/ros2_jazzy/install/ros2lifecycle:/home/demi/ros2_jazzy/install/ros2service:/home/demi/ros2_jazzy/install/ros2topic:/home/demi/ros2_jazzy/install/ros2test:/home/demi/ros2_jazzy/install/ros2run:/home/demi/ros2_jazzy/install/ros2plugin:/home/demi/ros2_jazzy/install/ros2launch:/home/demi/ros2_jazzy/install/ros2pkg:/home/demi/ros2_jazzy/install/ros2node:/home/demi/ros2_jazzy/install/ros2multicast:/home/demi/ros2_jazzy/install/ros2interface:/home/demi/ros2_jazzy/install/ros2action:/home/demi/ros2_jazzy/install/ros2cli:/home/demi/ros2_jazzy/install/launch_testing_ros:/home/demi/ros2_jazzy/install/launch_ros:/home/demi/ros2_jazzy/install/examples_rclpy_minimal_action_server:/home/demi/ros2_jazzy/install/examples_rclpy_minimal_action_client:/home/demi/ros2_jazzy/install/examples_rclpy_guard_conditions:/home/demi/ros2_jazzy/install/action_tutorials_py:/home/demi/ros2_jazzy/install/ament_uncrustify:/home/demi/ros2_jazzy/install/tracetools_trace:/home/demi/ros2_jazzy/install/tracetools_read:/home/demi/ros2_jazzy/install/test_tracetools_launch:/home/demi/ros2_jazzy/install/test_ros2trace:/home/demi/ros2_jazzy/install/test_launch_ros:/home/demi/ros2_jazzy/install/rpyutils:/home/demi/ros2_jazzy/install/rosidl_runtime_py:/home/demi/ros2_jazzy/install/rosidl_pycommon:/home/demi/ros2_jazzy/install/rosidl_cli:/home/demi/ros2_jazzy/install/launch_pytest:/home/demi/ros2_jazzy/install/launch_testing:/home/demi/ros2_jazzy/install/launch_yaml:/home/demi/ros2_jazzy/install/launch_xml:/home/demi/ros2_jazzy/install/launch:/home/demi/ros2_jazzy/install/osrf_pycommon:/home/demi/ros2_jazzy/install/domain_coordinator:/home/demi/ros2_jazzy/install/ament_xmllint:/home/demi/ros2_jazzy/install/ament_pyflakes:/home/demi/ros2_jazzy/install/ament_pycodestyle:/home/demi/ros2_jazzy/install/ament_pep257:/home/demi/ros2_jazzy/install/ament_pclint:/home/demi/ros2_jazzy/install/ament_package:/home/demi/ros2_jazzy/install/ament_mypy:/home/demi/ros2_jazzy/install/ament_lint_cmake:/home/demi/ros2_jazzy/install/ament_flake8:/home/demi/ros2_jazzy/install/ament_copyright:/home/demi/ros2_jazzy/install/ament_lint:/home/demi/ros2_jazzy/install/ament_index_python:/home/demi/ros2_jazzy/install/ament_cpplint:/home/demi/ros2_jazzy/install/ament_cppcheck:/home/demi/ros2_jazzy/install/ament_clang_tidy:/home/demi/ros2_jazzy/install/ament_clang_format DEBUGINFOD_URLS=https://debuginfod.ubuntu.com /usr/bin/cmake --build /home/demi/bumper_motion/build/bumperbot_msgs -- -j4 -l4
[9.316s] Invoking command in '/home/demi/bumper_motion/build/bumperbot_msgs': CMAKE_PREFIX_PATH=${CMAKE_PREFIX_PATH}:/home/demi/ros2_jazzy/install/rqt_bag_plugins:/home/demi/ros2_jazzy/install/launch_testing_examples:/home/demi/ros2_jazzy/install/ros2bag:/home/demi/ros2_jazzy/install/rqt_bag:/home/demi/ros2_jazzy/install/rosbag2_examples_py:/home/demi/ros2_jazzy/install/tracetools_test:/home/demi/ros2_jazzy/install/tracetools_launch:/home/demi/ros2_jazzy/install/topic_monitor:/home/demi/ros2_jazzy/install/tf2_tools:/home/demi/ros2_jazzy/install/examples_tf2_py:/home/demi/ros2_jazzy/install/tf2_ros_py:/home/demi/ros2_jazzy/install/examples_rclpy_pointcloud_publisher:/home/demi/ros2_jazzy/install/sensor_msgs_py:/home/demi/ros2_jazzy/install/quality_of_service_demo_py:/home/demi/ros2_jazzy/install/camera_info_manager_py:/home/demi/ros2_jazzy/install/rqt_plot:/home/demi/ros2_jazzy/install/ros2doctor:/home/demi/ros2_jazzy/install/lifecycle_py:/home/demi/ros2_jazzy/install/examples_rclpy_minimal_subscriber:/home/demi/ros2_jazzy/install/examples_rclpy_minimal_service:/home/demi/ros2_jazzy/install/examples_rclpy_minimal_publisher:/home/demi/ros2_jazzy/install/examples_rclpy_minimal_client:/home/demi/ros2_jazzy/install/examples_rclpy_executors:/home/demi/ros2_jazzy/install/demo_nodes_py:/home/demi/ros2_jazzy/install/rqt:/home/demi/ros2_jazzy/install/ros2component:/home/demi/ros2_jazzy/install/sros2:/home/demi/ros2_jazzy/install/rqt_topic:/home/demi/ros2_jazzy/install/rqt_srv:/home/demi/ros2_jazzy/install/rqt_shell:/home/demi/ros2_jazzy/install/rqt_service_caller:/home/demi/ros2_jazzy/install/rqt_reconfigure:/home/demi/ros2_jazzy/install/rqt_py_console:/home/demi/ros2_jazzy/install/rqt_publisher:/home/demi/ros2_jazzy/install/rqt_action:/home/demi/ros2_jazzy/install/rqt_msg:/home/demi/ros2_jazzy/install/rqt_console:/home/demi/ros2_jazzy/install/rqt_graph:/home/demi/ros2_jazzy/install/rqt_gui_py:/home/demi/ros2_jazzy/install/rqt_gui:/home/demi/ros2_jazzy/install/ros2trace:/home/demi/ros2_jazzy/install/ros2param:/home/demi/ros2_jazzy/install/ros2lifecycle:/home/demi/ros2_jazzy/install/ros2service:/home/demi/ros2_jazzy/install/ros2topic:/home/demi/ros2_jazzy/install/ros2test:/home/demi/ros2_jazzy/install/ros2run:/home/demi/ros2_jazzy/install/ros2plugin:/home/demi/ros2_jazzy/install/ros2launch:/home/demi/ros2_jazzy/install/ros2pkg:/home/demi/ros2_jazzy/install/ros2node:/home/demi/ros2_jazzy/install/ros2multicast:/home/demi/ros2_jazzy/install/ros2interface:/home/demi/ros2_jazzy/install/ros2action:/home/demi/ros2_jazzy/install/ros2cli:/home/demi/ros2_jazzy/install/launch_testing_ros:/home/demi/ros2_jazzy/install/launch_ros:/home/demi/ros2_jazzy/install/examples_rclpy_minimal_action_server:/home/demi/ros2_jazzy/install/examples_rclpy_minimal_action_client:/home/demi/ros2_jazzy/install/examples_rclpy_guard_conditions:/home/demi/ros2_jazzy/install/action_tutorials_py:/home/demi/ros2_jazzy/install/ament_uncrustify:/home/demi/ros2_jazzy/install/tracetools_trace:/home/demi/ros2_jazzy/install/tracetools_read:/home/demi/ros2_jazzy/install/test_tracetools_launch:/home/demi/ros2_jazzy/install/test_ros2trace:/home/demi/ros2_jazzy/install/test_launch_ros:/home/demi/ros2_jazzy/install/rpyutils:/home/demi/ros2_jazzy/install/rosidl_runtime_py:/home/demi/ros2_jazzy/install/rosidl_pycommon:/home/demi/ros2_jazzy/install/rosidl_cli:/home/demi/ros2_jazzy/install/launch_pytest:/home/demi/ros2_jazzy/install/launch_testing:/home/demi/ros2_jazzy/install/launch_yaml:/home/demi/ros2_jazzy/install/launch_xml:/home/demi/ros2_jazzy/install/launch:/home/demi/ros2_jazzy/install/osrf_pycommon:/home/demi/ros2_jazzy/install/domain_coordinator:/home/demi/ros2_jazzy/install/ament_xmllint:/home/demi/ros2_jazzy/install/ament_pyflakes:/home/demi/ros2_jazzy/install/ament_pycodestyle:/home/demi/ros2_jazzy/install/ament_pep257:/home/demi/ros2_jazzy/install/ament_pclint:/home/demi/ros2_jazzy/install/ament_package:/home/demi/ros2_jazzy/install/ament_mypy:/home/demi/ros2_jazzy/install/ament_lint_cmake:/home/demi/ros2_jazzy/install/ament_flake8:/home/demi/ros2_jazzy/install/ament_copyright:/home/demi/ros2_jazzy/install/ament_lint:/home/demi/ros2_jazzy/install/ament_index_python:/home/demi/ros2_jazzy/install/ament_cpplint:/home/demi/ros2_jazzy/install/ament_cppcheck:/home/demi/ros2_jazzy/install/ament_clang_tidy:/home/demi/ros2_jazzy/install/ament_clang_format DEBUGINFOD_URLS=https://debuginfod.ubuntu.com /usr/bin/cmake --install /home/demi/bumper_motion/build/bumperbot_msgs
[9.418s] -- Install configuration: ""
[9.421s] -- Up-to-date: /home/demi/bumper_motion/install/bumperbot_msgs/share/ament_index/resource_index/rosidl_interfaces/bumperbot_msgs
[9.421s] -- Up-to-date: /home/demi/bumper_motion/install/bumperbot_msgs/share/bumperbot_msgs/action/Fibonacci.json
[9.421s] -- Up-to-date: /home/demi/bumper_motion/install/bumperbot_msgs/share/bumperbot_msgs/srv/AddTwoInts.json
[9.421s] -- Up-to-date: /home/demi/bumper_motion/install/bumperbot_msgs/share/bumperbot_msgs/srv/GetTransform.json
[9.422s] -- Up-to-date: /home/demi/bumper_motion/install/bumperbot_msgs/include/bumperbot_msgs/bumperbot_msgs
[9.422s] -- Up-to-date: /home/demi/bumper_motion/install/bumperbot_msgs/include/bumperbot_msgs/bumperbot_msgs/srv
[9.422s] -- Up-to-date: /home/demi/bumper_motion/install/bumperbot_msgs/include/bumperbot_msgs/bumperbot_msgs/srv/add_two_ints.h
[9.422s] -- Up-to-date: /home/demi/bumper_motion/install/bumperbot_msgs/include/bumperbot_msgs/bumperbot_msgs/srv/detail
[9.422s] -- Up-to-date: /home/demi/bumper_motion/install/bumperbot_msgs/include/bumperbot_msgs/bumperbot_msgs/srv/detail/add_two_ints__functions.h
[9.422s] -- Up-to-date: /home/demi/bumper_motion/install/bumperbot_msgs/include/bumperbot_msgs/bumperbot_msgs/srv/detail/get_transform__type_support.h
[9.423s] -- Up-to-date: /home/demi/bumper_motion/install/bumperbot_msgs/include/bumperbot_msgs/bumperbot_msgs/srv/detail/add_two_ints__type_support.h
[9.423s] -- Up-to-date: /home/demi/bumper_motion/install/bumperbot_msgs/include/bumperbot_msgs/bumperbot_msgs/srv/detail/get_transform__functions.h
[9.423s] -- Up-to-date: /home/demi/bumper_motion/install/bumperbot_msgs/include/bumperbot_msgs/bumperbot_msgs/srv/detail/add_two_ints__struct.h
[9.423s] -- Up-to-date: /home/demi/bumper_motion/install/bumperbot_msgs/include/bumperbot_msgs/bumperbot_msgs/srv/detail/get_transform__struct.h
[9.423s] -- Up-to-date: /home/demi/bumper_motion/install/bumperbot_msgs/include/bumperbot_msgs/bumperbot_msgs/srv/detail/add_two_ints__description.c
[9.423s] -- Up-to-date: /home/demi/bumper_motion/install/bumperbot_msgs/include/bumperbot_msgs/bumperbot_msgs/srv/detail/add_two_ints__functions.c
[9.431s] -- Installing: /home/demi/bumper_motion/install/bumperbot_msgs/include/bumperbot_msgs/bumperbot_msgs/srv/detail/get_transform__type_support.c
[9.436s] -- Up-to-date: /home/demi/bumper_motion/install/bumperbot_msgs/include/bumperbot_msgs/bumperbot_msgs/srv/detail/get_transform__functions.c
[9.436s] -- Up-to-date: /home/demi/bumper_motion/install/bumperbot_msgs/include/bumperbot_msgs/bumperbot_msgs/srv/detail/get_transform__description.c
[9.436s] -- Installing: /home/demi/bumper_motion/install/bumperbot_msgs/include/bumperbot_msgs/bumperbot_msgs/srv/detail/add_two_ints__type_support.c
[9.437s] -- Up-to-date: /home/demi/bumper_motion/install/bumperbot_msgs/include/bumperbot_msgs/bumperbot_msgs/srv/get_transform.h
[9.437s] -- Up-to-date: /home/demi/bumper_motion/install/bumperbot_msgs/include/bumperbot_msgs/bumperbot_msgs/action
[9.437s] -- Up-to-date: /home/demi/bumper_motion/install/bumperbot_msgs/include/bumperbot_msgs/bumperbot_msgs/action/fibonacci.h
[9.437s] -- Up-to-date: /home/demi/bumper_motion/install/bumperbot_msgs/include/bumperbot_msgs/bumperbot_msgs/action/detail
[9.437s] -- Up-to-date: /home/demi/bumper_motion/install/bumperbot_msgs/include/bumperbot_msgs/bumperbot_msgs/action/detail/fibonacci__functions.h
[9.442s] -- Installing: /home/demi/bumper_motion/install/bumperbot_msgs/include/bumperbot_msgs/bumperbot_msgs/action/detail/fibonacci__type_support.c
[9.442s] -- Up-to-date: /home/demi/bumper_motion/install/bumperbot_msgs/include/bumperbot_msgs/bumperbot_msgs/action/detail/fibonacci__type_support.h
[9.442s] -- Up-to-date: /home/demi/bumper_motion/install/bumperbot_msgs/include/bumperbot_msgs/bumperbot_msgs/action/detail/fibonacci__description.c
[9.442s] -- Up-to-date: /home/demi/bumper_motion/install/bumperbot_msgs/include/bumperbot_msgs/bumperbot_msgs/action/detail/fibonacci__struct.h
[9.443s] -- Up-to-date: /home/demi/bumper_motion/install/bumperbot_msgs/include/bumperbot_msgs/bumperbot_msgs/action/detail/fibonacci__functions.c
[9.443s] -- Up-to-date: /home/demi/bumper_motion/install/bumperbot_msgs/include/bumperbot_msgs/bumperbot_msgs/msg
[9.443s] -- Up-to-date: /home/demi/bumper_motion/install/bumperbot_msgs/include/bumperbot_msgs/bumperbot_msgs/msg/rosidl_generator_c__visibility_control.h
[9.443s] -- Up-to-date: /home/demi/bumper_motion/install/bumperbot_msgs/share/bumperbot_msgs/environment/library_path.sh
[9.443s] -- Up-to-date: /home/demi/bumper_motion/install/bumperbot_msgs/share/bumperbot_msgs/environment/library_path.dsv
[9.443s] -- Up-to-date: /home/demi/bumper_motion/install/bumperbot_msgs/lib/libbumperbot_msgs__rosidl_generator_c.so
[9.444s] -- Up-to-date: /home/demi/bumper_motion/install/bumperbot_msgs/include/bumperbot_msgs/bumperbot_msgs
[9.444s] -- Up-to-date: /home/demi/bumper_motion/install/bumperbot_msgs/include/bumperbot_msgs/bumperbot_msgs/srv
[9.444s] -- Up-to-date: /home/demi/bumper_motion/install/bumperbot_msgs/include/bumperbot_msgs/bumperbot_msgs/srv/detail
[9.444s] -- Up-to-date: /home/demi/bumper_motion/install/bumperbot_msgs/include/bumperbot_msgs/bumperbot_msgs/srv/detail/add_two_ints__rosidl_typesupport_fastrtps_c.h
[9.444s] -- Up-to-date: /home/demi/bumper_motion/install/bumperbot_msgs/include/bumperbot_msgs/bumperbot_msgs/srv/detail/get_transform__rosidl_typesupport_fastrtps_c.h
[9.444s] -- Up-to-date: /home/demi/bumper_motion/install/bumperbot_msgs/include/bumperbot_msgs/bumperbot_msgs/action
[9.455s] -- Up-to-date: /home/demi/bumper_motion/install/bumperbot_msgs/include/bumperbot_msgs/bumperbot_msgs/action/detail
[9.456s] -- Up-to-date: /home/demi/bumper_motion/install/bumperbot_msgs/include/bumperbot_msgs/bumperbot_msgs/action/detail/fibonacci__rosidl_typesupport_fastrtps_c.h
[9.459s] -- Up-to-date: /home/demi/bumper_motion/install/bumperbot_msgs/include/bumperbot_msgs/bumperbot_msgs/msg
[9.459s] -- Up-to-date: /home/demi/bumper_motion/install/bumperbot_msgs/include/bumperbot_msgs/bumperbot_msgs/msg/rosidl_typesupport_fastrtps_c__visibility_control.h
[9.459s] -- Up-to-date: /home/demi/bumper_motion/install/bumperbot_msgs/lib/libbumperbot_msgs__rosidl_typesupport_fastrtps_c.so
[9.459s] -- Up-to-date: /home/demi/bumper_motion/install/bumperbot_msgs/include/bumperbot_msgs/bumperbot_msgs
[9.459s] -- Up-to-date: /home/demi/bumper_motion/install/bumperbot_msgs/include/bumperbot_msgs/bumperbot_msgs/srv
[9.460s] -- Up-to-date: /home/demi/bumper_motion/install/bumperbot_msgs/include/bumperbot_msgs/bumperbot_msgs/srv/detail
[9.460s] -- Up-to-date: /home/demi/bumper_motion/install/bumperbot_msgs/include/bumperbot_msgs/bumperbot_msgs/srv/detail/get_transform__traits.hpp
[9.460s] -- Up-to-date: /home/demi/bumper_motion/install/bumperbot_msgs/include/bumperbot_msgs/bumperbot_msgs/srv/detail/add_two_ints__type_support.hpp
[9.460s] -- Up-to-date: /home/demi/bumper_motion/install/bumperbot_msgs/include/bumperbot_msgs/bumperbot_msgs/srv/detail/add_two_ints__struct.hpp
[9.460s] -- Up-to-date: /home/demi/bumper_motion/install/bumperbot_msgs/include/bumperbot_msgs/bumperbot_msgs/srv/detail/add_two_ints__traits.hpp
[9.461s] -- Up-to-date: /home/demi/bumper_motion/install/bumperbot_msgs/include/bumperbot_msgs/bumperbot_msgs/srv/detail/get_transform__struct.hpp
[9.467s] -- Up-to-date: /home/demi/bumper_motion/install/bumperbot_msgs/include/bumperbot_msgs/bumperbot_msgs/srv/detail/get_transform__type_support.hpp
[9.468s] -- Up-to-date: /home/demi/bumper_motion/install/bumperbot_msgs/include/bumperbot_msgs/bumperbot_msgs/srv/detail/get_transform__builder.hpp
[9.468s] -- Up-to-date: /home/demi/bumper_motion/install/bumperbot_msgs/include/bumperbot_msgs/bumperbot_msgs/srv/detail/add_two_ints__builder.hpp
[9.468s] -- Up-to-date: /home/demi/bumper_motion/install/bumperbot_msgs/include/bumperbot_msgs/bumperbot_msgs/srv/get_transform.hpp
[9.468s] -- Up-to-date: /home/demi/bumper_motion/install/bumperbot_msgs/include/bumperbot_msgs/bumperbot_msgs/srv/add_two_ints.hpp
[9.468s] -- Up-to-date: /home/demi/bumper_motion/install/bumperbot_msgs/include/bumperbot_msgs/bumperbot_msgs/action
[9.468s] -- Up-to-date: /home/demi/bumper_motion/install/bumperbot_msgs/include/bumperbot_msgs/bumperbot_msgs/action/detail
[9.469s] -- Up-to-date: /home/demi/bumper_motion/install/bumperbot_msgs/include/bumperbot_msgs/bumperbot_msgs/action/detail/fibonacci__type_support.hpp
[9.469s] -- Up-to-date: /home/demi/bumper_motion/install/bumperbot_msgs/include/bumperbot_msgs/bumperbot_msgs/action/detail/fibonacci__traits.hpp
[9.469s] -- Up-to-date: /home/demi/bumper_motion/install/bumperbot_msgs/include/bumperbot_msgs/bumperbot_msgs/action/detail/fibonacci__struct.hpp
[9.469s] -- Up-to-date: /home/demi/bumper_motion/install/bumperbot_msgs/include/bumperbot_msgs/bumperbot_msgs/action/detail/fibonacci__builder.hpp
[9.469s] -- Up-to-date: /home/demi/bumper_motion/install/bumperbot_msgs/include/bumperbot_msgs/bumperbot_msgs/action/fibonacci.hpp
[9.469s] -- Up-to-date: /home/demi/bumper_motion/install/bumperbot_msgs/include/bumperbot_msgs/bumperbot_msgs/msg
[9.480s] -- Up-to-date: /home/demi/bumper_motion/install/bumperbot_msgs/include/bumperbot_msgs/bumperbot_msgs/msg/rosidl_generator_cpp__visibility_control.hpp
[9.480s] -- Up-to-date: /home/demi/bumper_motion/install/bumperbot_msgs/include/bumperbot_msgs/bumperbot_msgs
[9.480s] -- Up-to-date: /home/demi/bumper_motion/install/bumperbot_msgs/include/bumperbot_msgs/bumperbot_msgs/srv
[9.480s] -- Up-to-date: /home/demi/bumper_motion/install/bumperbot_msgs/include/bumperbot_msgs/bumperbot_msgs/srv/detail
[9.481s] -- Up-to-date: /home/demi/bumper_motion/install/bumperbot_msgs/include/bumperbot_msgs/bumperbot_msgs/srv/detail/add_two_ints__rosidl_typesupport_fastrtps_cpp.hpp
[9.481s] -- Up-to-date: /home/demi/bumper_motion/install/bumperbot_msgs/include/bumperbot_msgs/bumperbot_msgs/srv/detail/get_transform__rosidl_typesupport_fastrtps_cpp.hpp
[9.481s] -- Up-to-date: /home/demi/bumper_motion/install/bumperbot_msgs/include/bumperbot_msgs/bumperbot_msgs/srv/detail/dds_fastrtps
[9.481s] -- Up-to-date: /home/demi/bumper_motion/install/bumperbot_msgs/include/bumperbot_msgs/bumperbot_msgs/action
[9.481s] -- Up-to-date: /home/demi/bumper_motion/install/bumperbot_msgs/include/bumperbot_msgs/bumperbot_msgs/action/detail
[9.482s] -- Up-to-date: /home/demi/bumper_motion/install/bumperbot_msgs/include/bumperbot_msgs/bumperbot_msgs/action/detail/fibonacci__rosidl_typesupport_fastrtps_cpp.hpp
[9.482s] -- Up-to-date: /home/demi/bumper_motion/install/bumperbot_msgs/include/bumperbot_msgs/bumperbot_msgs/action/detail/dds_fastrtps
[9.482s] -- Up-to-date: /home/demi/bumper_motion/install/bumperbot_msgs/include/bumperbot_msgs/bumperbot_msgs/msg
[9.482s] -- Up-to-date: /home/demi/bumper_motion/install/bumperbot_msgs/include/bumperbot_msgs/bumperbot_msgs/msg/rosidl_typesupport_fastrtps_cpp__visibility_control.h
[9.482s] -- Up-to-date: /home/demi/bumper_motion/install/bumperbot_msgs/lib/libbumperbot_msgs__rosidl_typesupport_fastrtps_cpp.so
[9.482s] -- Up-to-date: /home/demi/bumper_motion/install/bumperbot_msgs/include/bumperbot_msgs/bumperbot_msgs
[9.483s] -- Up-to-date: /home/demi/bumper_motion/install/bumperbot_msgs/include/bumperbot_msgs/bumperbot_msgs/srv
[9.493s] -- Up-to-date: /home/demi/bumper_motion/install/bumperbot_msgs/include/bumperbot_msgs/bumperbot_msgs/srv/detail
[9.493s] -- Up-to-date: /home/demi/bumper_motion/install/bumperbot_msgs/include/bumperbot_msgs/bumperbot_msgs/srv/detail/add_two_ints__rosidl_typesupport_introspection_c.h
[9.493s] -- Installing: /home/demi/bumper_motion/install/bumperbot_msgs/include/bumperbot_msgs/bumperbot_msgs/srv/detail/get_transform__type_support.c
[9.493s] -- Installing: /home/demi/bumper_motion/install/bumperbot_msgs/include/bumperbot_msgs/bumperbot_msgs/srv/detail/add_two_ints__type_support.c
[9.494s] -- Up-to-date: /home/demi/bumper_motion/install/bumperbot_msgs/include/bumperbot_msgs/bumperbot_msgs/srv/detail/get_transform__rosidl_typesupport_introspection_c.h
[9.494s] -- Up-to-date: /home/demi/bumper_motion/install/bumperbot_msgs/include/bumperbot_msgs/bumperbot_msgs/action
[9.494s] -- Up-to-date: /home/demi/bumper_motion/install/bumperbot_msgs/include/bumperbot_msgs/bumperbot_msgs/action/detail
[9.494s] -- Up-to-date: /home/demi/bumper_motion/install/bumperbot_msgs/include/bumperbot_msgs/bumperbot_msgs/action/detail/fibonacci__rosidl_typesupport_introspection_c.h
[9.494s] -- Installing: /home/demi/bumper_motion/install/bumperbot_msgs/include/bumperbot_msgs/bumperbot_msgs/action/detail/fibonacci__type_support.c
[9.494s] -- Up-to-date: /home/demi/bumper_motion/install/bumperbot_msgs/include/bumperbot_msgs/bumperbot_msgs/msg
[9.495s] -- Up-to-date: /home/demi/bumper_motion/install/bumperbot_msgs/include/bumperbot_msgs/bumperbot_msgs/msg/rosidl_typesupport_introspection_c__visibility_control.h
[9.495s] -- Up-to-date: /home/demi/bumper_motion/install/bumperbot_msgs/lib/libbumperbot_msgs__rosidl_typesupport_introspection_c.so
[9.495s] -- Up-to-date: /home/demi/bumper_motion/install/bumperbot_msgs/lib/libbumperbot_msgs__rosidl_typesupport_c.so
[9.496s] -- Up-to-date: /home/demi/bumper_motion/install/bumperbot_msgs/include/bumperbot_msgs/bumperbot_msgs
[9.502s] -- Up-to-date: /home/demi/bumper_motion/install/bumperbot_msgs/include/bumperbot_msgs/bumperbot_msgs/srv
[9.502s] -- Up-to-date: /home/demi/bumper_motion/install/bumperbot_msgs/include/bumperbot_msgs/bumperbot_msgs/srv/detail
[9.505s] -- Up-to-date: /home/demi/bumper_motion/install/bumperbot_msgs/include/bumperbot_msgs/bumperbot_msgs/srv/detail/get_transform__type_support.cpp
[9.506s] -- Up-to-date: /home/demi/bumper_motion/install/bumperbot_msgs/include/bumperbot_msgs/bumperbot_msgs/srv/detail/get_transform__rosidl_typesupport_introspection_cpp.hpp
[9.506s] -- Up-to-date: /home/demi/bumper_motion/install/bumperbot_msgs/include/bumperbot_msgs/bumperbot_msgs/srv/detail/add_two_ints__type_support.cpp
[9.506s] -- Up-to-date: /home/demi/bumper_motion/install/bumperbot_msgs/include/bumperbot_msgs/bumperbot_msgs/srv/detail/add_two_ints__rosidl_typesupport_introspection_cpp.hpp
[9.506s] -- Up-to-date: /home/demi/bumper_motion/install/bumperbot_msgs/include/bumperbot_msgs/bumperbot_msgs/action
[9.506s] -- Up-to-date: /home/demi/bumper_motion/install/bumperbot_msgs/include/bumperbot_msgs/bumperbot_msgs/action/detail
[9.507s] -- Up-to-date: /home/demi/bumper_motion/install/bumperbot_msgs/include/bumperbot_msgs/bumperbot_msgs/action/detail/fibonacci__type_support.cpp
[9.507s] -- Up-to-date: /home/demi/bumper_motion/install/bumperbot_msgs/include/bumperbot_msgs/bumperbot_msgs/action/detail/fibonacci__rosidl_typesupport_introspection_cpp.hpp
[9.507s] -- Up-to-date: /home/demi/bumper_motion/install/bumperbot_msgs/lib/libbumperbot_msgs__rosidl_typesupport_introspection_cpp.so
[9.507s] -- Up-to-date: /home/demi/bumper_motion/install/bumperbot_msgs/lib/libbumperbot_msgs__rosidl_typesupport_cpp.so
[9.507s] -- Up-to-date: /home/demi/bumper_motion/install/bumperbot_msgs/share/bumperbot_msgs/environment/pythonpath.sh
[9.507s] -- Up-to-date: /home/demi/bumper_motion/install/bumperbot_msgs/share/bumperbot_msgs/environment/pythonpath.dsv
[9.508s] -- Up-to-date: /home/demi/bumper_motion/install/bumperbot_msgs/lib/python3.12/site-packages/bumperbot_msgs-0.0.0-py3.12.egg-info
[9.520s] -- Installing: /home/demi/bumper_motion/install/bumperbot_msgs/lib/python3.12/site-packages/bumperbot_msgs-0.0.0-py3.12.egg-info/SOURCES.txt
[9.520s] -- Installing: /home/demi/bumper_motion/install/bumperbot_msgs/lib/python3.12/site-packages/bumperbot_msgs-0.0.0-py3.12.egg-info/dependency_links.txt
[9.520s] -- Installing: /home/demi/bumper_motion/install/bumperbot_msgs/lib/python3.12/site-packages/bumperbot_msgs-0.0.0-py3.12.egg-info/PKG-INFO
[9.520s] -- Installing: /home/demi/bumper_motion/install/bumperbot_msgs/lib/python3.12/site-packages/bumperbot_msgs-0.0.0-py3.12.egg-info/top_level.txt
[9.521s] -- Up-to-date: /home/demi/bumper_motion/install/bumperbot_msgs/lib/python3.12/site-packages/bumperbot_msgs
[9.521s] -- Up-to-date: /home/demi/bumper_motion/install/bumperbot_msgs/lib/python3.12/site-packages/bumperbot_msgs/bumperbot_msgs_s__rosidl_typesupport_fastrtps_c.so
[9.521s] -- Up-to-date: /home/demi/bumper_motion/install/bumperbot_msgs/lib/python3.12/site-packages/bumperbot_msgs/_bumperbot_msgs_s.ep.rosidl_typesupport_fastrtps_c.c
[9.521s] -- Up-to-date: /home/demi/bumper_motion/install/bumperbot_msgs/lib/python3.12/site-packages/bumperbot_msgs/__init__.py
[9.521s] -- Up-to-date: /home/demi/bumper_motion/install/bumperbot_msgs/lib/python3.12/site-packages/bumperbot_msgs/srv
[9.521s] -- Up-to-date: /home/demi/bumper_motion/install/bumperbot_msgs/lib/python3.12/site-packages/bumperbot_msgs/srv/_get_transform_s.c
[9.522s] -- Up-to-date: /home/demi/bumper_motion/install/bumperbot_msgs/lib/python3.12/site-packages/bumperbot_msgs/srv/_get_transform.py
[9.522s] -- Up-to-date: /home/demi/bumper_motion/install/bumperbot_msgs/lib/python3.12/site-packages/bumperbot_msgs/srv/__init__.py
[9.522s] -- Up-to-date: /home/demi/bumper_motion/install/bumperbot_msgs/lib/python3.12/site-packages/bumperbot_msgs/srv/_add_two_ints_s.c
[9.522s] -- Up-to-date: /home/demi/bumper_motion/install/bumperbot_msgs/lib/python3.12/site-packages/bumperbot_msgs/srv/_add_two_ints.py
[9.522s] -- Up-to-date: /home/demi/bumper_motion/install/bumperbot_msgs/lib/python3.12/site-packages/bumperbot_msgs/bumperbot_msgs_s__rosidl_typesupport_c.so
[9.522s] -- Up-to-date: /home/demi/bumper_motion/install/bumperbot_msgs/lib/python3.12/site-packages/bumperbot_msgs/action
[9.531s] -- Up-to-date: /home/demi/bumper_motion/install/bumperbot_msgs/lib/python3.12/site-packages/bumperbot_msgs/action/_fibonacci.py
[9.531s] -- Up-to-date: /home/demi/bumper_motion/install/bumperbot_msgs/lib/python3.12/site-packages/bumperbot_msgs/action/_fibonacci_s.c
[9.531s] -- Up-to-date: /home/demi/bumper_motion/install/bumperbot_msgs/lib/python3.12/site-packages/bumperbot_msgs/action/__init__.py
[9.531s] -- Up-to-date: /home/demi/bumper_motion/install/bumperbot_msgs/lib/python3.12/site-packages/bumperbot_msgs/_bumperbot_msgs_s.ep.rosidl_typesupport_c.c
[9.532s] -- Up-to-date: /home/demi/bumper_motion/install/bumperbot_msgs/lib/python3.12/site-packages/bumperbot_msgs/_bumperbot_msgs_s.ep.rosidl_typesupport_introspection_c.c
[9.532s] -- Up-to-date: /home/demi/bumper_motion/install/bumperbot_msgs/lib/python3.12/site-packages/bumperbot_msgs/bumperbot_msgs_s__rosidl_typesupport_introspection_c.so
[10.109s] Listing '/home/demi/bumper_motion/install/bumperbot_msgs/lib/python3.12/site-packages/bumperbot_msgs'...
[10.109s] Listing '/home/demi/bumper_motion/install/bumperbot_msgs/lib/python3.12/site-packages/bumperbot_msgs/action'...
[10.109s] Listing '/home/demi/bumper_motion/install/bumperbot_msgs/lib/python3.12/site-packages/bumperbot_msgs/srv'...
[10.130s] -- Up-to-date: /home/demi/bumper_motion/install/bumperbot_msgs/lib/python3.12/site-packages/bumperbot_msgs/bumperbot_msgs_s__rosidl_typesupport_fastrtps_c.so
[10.132s] -- Up-to-date: /home/demi/bumper_motion/install/bumperbot_msgs/lib/python3.12/site-packages/bumperbot_msgs/bumperbot_msgs_s__rosidl_typesupport_introspection_c.so
[10.133s] -- Up-to-date: /home/demi/bumper_motion/install/bumperbot_msgs/lib/python3.12/site-packages/bumperbot_msgs/bumperbot_msgs_s__rosidl_typesupport_c.so
[10.137s] -- Up-to-date: /home/demi/bumper_motion/install/bumperbot_msgs/lib/libbumperbot_msgs__rosidl_generator_py.so
[10.137s] -- Up-to-date: /home/demi/bumper_motion/install/bumperbot_msgs/share/ament_index/resource_index/rust_packages/bumperbot_msgs
[10.140s] -- Up-to-date: /home/demi/bumper_motion/install/bumperbot_msgs/share/bumperbot_msgs/rust
[10.140s] -- Up-to-date: /home/demi/bumper_motion/install/bumperbot_msgs/share/bumperbot_msgs/rust/Cargo.toml
[10.140s] -- Up-to-date: /home/demi/bumper_motion/install/bumperbot_msgs/share/bumperbot_msgs/rust/src
[10.141s] -- Up-to-date: /home/demi/bumper_motion/install/bumperbot_msgs/share/bumperbot_msgs/rust/src/action.rs
[10.141s] -- Up-to-date: /home/demi/bumper_motion/install/bumperbot_msgs/share/bumperbot_msgs/rust/src/lib.rs
[10.144s] -- Up-to-date: /home/demi/bumper_motion/install/bumperbot_msgs/share/bumperbot_msgs/rust/src/srv
[10.144s] -- Up-to-date: /home/demi/bumper_motion/install/bumperbot_msgs/share/bumperbot_msgs/rust/src/srv/rmw.rs
[10.144s] -- Up-to-date: /home/demi/bumper_motion/install/bumperbot_msgs/share/bumperbot_msgs/rust/src/srv.rs
[10.144s] -- Up-to-date: /home/demi/bumper_motion/install/bumperbot_msgs/share/bumperbot_msgs/rust/src/action
[10.145s] -- Up-to-date: /home/demi/bumper_motion/install/bumperbot_msgs/share/bumperbot_msgs/rust/src/action/rmw.rs
[10.145s] -- Up-to-date: /home/demi/bumper_motion/install/bumperbot_msgs/share/bumperbot_msgs/rust/build.rs
[10.145s] -- Up-to-date: /home/demi/bumper_motion/install/bumperbot_msgs/share/bumperbot_msgs/action/Fibonacci.idl
[10.145s] -- Up-to-date: /home/demi/bumper_motion/install/bumperbot_msgs/share/bumperbot_msgs/srv/AddTwoInts.idl
[10.145s] -- Up-to-date: /home/demi/bumper_motion/install/bumperbot_msgs/share/bumperbot_msgs/srv/GetTransform.idl
[10.145s] -- Up-to-date: /home/demi/bumper_motion/install/bumperbot_msgs/share/bumperbot_msgs/action/Fibonacci.action
[10.146s] -- Up-to-date: /home/demi/bumper_motion/install/bumperbot_msgs/share/bumperbot_msgs/srv/AddTwoInts.srv
[10.146s] -- Up-to-date: /home/demi/bumper_motion/install/bumperbot_msgs/share/bumperbot_msgs/srv/GetTransform.srv
[10.146s] -- Up-to-date: /home/demi/bumper_motion/install/bumperbot_msgs/share/ament_index/resource_index/package_run_dependencies/bumperbot_msgs
[10.146s] -- Up-to-date: /home/demi/bumper_motion/install/bumperbot_msgs/share/ament_index/resource_index/parent_prefix_path/bumperbot_msgs
[10.146s] -- Up-to-date: /home/demi/bumper_motion/install/bumperbot_msgs/share/bumperbot_msgs/environment/ament_prefix_path.dsv
[10.146s] -- Up-to-date: /home/demi/bumper_motion/install/bumperbot_msgs/share/bumperbot_msgs/environment/path.dsv
[10.147s] -- Up-to-date: /home/demi/bumper_motion/install/bumperbot_msgs/share/bumperbot_msgs/local_setup.bash
[10.153s] -- Up-to-date: /home/demi/bumper_motion/install/bumperbot_msgs/share/bumperbot_msgs/local_setup.sh
[10.153s] -- Up-to-date: /home/demi/bumper_motion/install/bumperbot_msgs/share/bumperbot_msgs/local_setup.zsh
[10.153s] -- Up-to-date: /home/demi/bumper_motion/install/bumperbot_msgs/share/bumperbot_msgs/local_setup.dsv
[10.153s] -- Installing: /home/demi/bumper_motion/install/bumperbot_msgs/share/bumperbot_msgs/package.dsv
[10.158s] -- Up-to-date: /home/demi/bumper_motion/install/bumperbot_msgs/share/ament_index/resource_index/packages/bumperbot_msgs
[10.175s] -- Up-to-date: /home/demi/bumper_motion/install/bumperbot_msgs/share/bumperbot_msgs/cmake/export_bumperbot_msgs__rosidl_generator_cExport.cmake
[10.175s] -- Up-to-date: /home/demi/bumper_motion/install/bumperbot_msgs/share/bumperbot_msgs/cmake/export_bumperbot_msgs__rosidl_generator_cExport-noconfig.cmake
[10.178s] -- Up-to-date: /home/demi/bumper_motion/install/bumperbot_msgs/share/bumperbot_msgs/cmake/export_bumperbot_msgs__rosidl_typesupport_fastrtps_cExport.cmake
[10.178s] -- Up-to-date: /home/demi/bumper_motion/install/bumperbot_msgs/share/bumperbot_msgs/cmake/export_bumperbot_msgs__rosidl_typesupport_fastrtps_cExport-noconfig.cmake
[10.182s] -- Up-to-date: /home/demi/bumper_motion/install/bumperbot_msgs/share/bumperbot_msgs/cmake/export_bumperbot_msgs__rosidl_generator_cppExport.cmake
[10.182s] -- Up-to-date: /home/demi/bumper_motion/install/bumperbot_msgs/share/bumperbot_msgs/cmake/export_bumperbot_msgs__rosidl_typesupport_fastrtps_cppExport.cmake
[10.185s] -- Up-to-date: /home/demi/bumper_motion/install/bumperbot_msgs/share/bumperbot_msgs/cmake/export_bumperbot_msgs__rosidl_typesupport_fastrtps_cppExport-noconfig.cmake
[10.185s] -- Up-to-date: /home/demi/bumper_motion/install/bumperbot_msgs/share/bumperbot_msgs/cmake/bumperbot_msgs__rosidl_typesupport_introspection_cExport.cmake
[10.185s] -- Up-to-date: /home/demi/bumper_motion/install/bumperbot_msgs/share/bumperbot_msgs/cmake/bumperbot_msgs__rosidl_typesupport_introspection_cExport-noconfig.cmake
[10.187s] -- Up-to-date: /home/demi/bumper_motion/install/bumperbot_msgs/share/bumperbot_msgs/cmake/bumperbot_msgs__rosidl_typesupport_cExport.cmake
[10.187s] -- Up-to-date: /home/demi/bumper_motion/install/bumperbot_msgs/share/bumperbot_msgs/cmake/bumperbot_msgs__rosidl_typesupport_cExport-noconfig.cmake
[10.189s] -- Up-to-date: /home/demi/bumper_motion/install/bumperbot_msgs/share/bumperbot_msgs/cmake/bumperbot_msgs__rosidl_typesupport_introspection_cppExport.cmake
[10.189s] -- Up-to-date: /home/demi/bumper_motion/install/bumperbot_msgs/share/bumperbot_msgs/cmake/bumperbot_msgs__rosidl_typesupport_introspection_cppExport-noconfig.cmake
[10.189s] -- Up-to-date: /home/demi/bumper_motion/install/bumperbot_msgs/share/bumperbot_msgs/cmake/bumperbot_msgs__rosidl_typesupport_cppExport.cmake
[10.190s] -- Up-to-date: /home/demi/bumper_motion/install/bumperbot_msgs/share/bumperbot_msgs/cmake/bumperbot_msgs__rosidl_typesupport_cppExport-noconfig.cmake
[10.191s] -- Up-to-date: /home/demi/bumper_motion/install/bumperbot_msgs/share/bumperbot_msgs/cmake/export_bumperbot_msgs__rosidl_generator_pyExport.cmake
[10.195s] -- Up-to-date: /home/demi/bumper_motion/install/bumperbot_msgs/share/bumperbot_msgs/cmake/export_bumperbot_msgs__rosidl_generator_pyExport-noconfig.cmake
[10.195s] -- Up-to-date: /home/demi/bumper_motion/install/bumperbot_msgs/share/bumperbot_msgs/cmake/rosidl_cmake-extras.cmake
[10.195s] -- Up-to-date: /home/demi/bumper_motion/install/bumperbot_msgs/share/bumperbot_msgs/cmake/ament_cmake_export_dependencies-extras.cmake
[10.196s] -- Up-to-date: /home/demi/bumper_motion/install/bumperbot_msgs/share/bumperbot_msgs/cmake/ament_cmake_export_include_directories-extras.cmake
[10.196s] -- Up-to-date: /home/demi/bumper_motion/install/bumperbot_msgs/share/bumperbot_msgs/cmake/ament_cmake_export_libraries-extras.cmake
[10.196s] -- Up-to-date: /home/demi/bumper_motion/install/bumperbot_msgs/share/bumperbot_msgs/cmake/ament_cmake_export_targets-extras.cmake
[10.196s] -- Up-to-date: /home/demi/bumper_motion/install/bumperbot_msgs/share/bumperbot_msgs/cmake/rosidl_cmake_export_typesupport_targets-extras.cmake
[10.196s] -- Up-to-date: /home/demi/bumper_motion/install/bumperbot_msgs/share/bumperbot_msgs/cmake/rosidl_cmake_export_typesupport_libraries-extras.cmake
[10.196s] -- Up-to-date: /home/demi/bumper_motion/install/bumperbot_msgs/share/bumperbot_msgs/cmake/bumperbot_msgsConfig.cmake
[10.196s] -- Up-to-date: /home/demi/bumper_motion/install/bumperbot_msgs/share/bumperbot_msgs/cmake/bumperbot_msgsConfig-version.cmake
[10.200s] -- Up-to-date: /home/demi/bumper_motion/install/bumperbot_msgs/share/bumperbot_msgs/package.xml
[10.207s] Invoked command in '/home/demi/bumper_motion/build/bumperbot_msgs' returned '0': CMAKE_PREFIX_PATH=${CMAKE_PREFIX_PATH}:/home/demi/ros2_jazzy/install/rqt_bag_plugins:/home/demi/ros2_jazzy/install/launch_testing_examples:/home/demi/ros2_jazzy/install/ros2bag:/home/demi/ros2_jazzy/install/rqt_bag:/home/demi/ros2_jazzy/install/rosbag2_examples_py:/home/demi/ros2_jazzy/install/tracetools_test:/home/demi/ros2_jazzy/install/tracetools_launch:/home/demi/ros2_jazzy/install/topic_monitor:/home/demi/ros2_jazzy/install/tf2_tools:/home/demi/ros2_jazzy/install/examples_tf2_py:/home/demi/ros2_jazzy/install/tf2_ros_py:/home/demi/ros2_jazzy/install/examples_rclpy_pointcloud_publisher:/home/demi/ros2_jazzy/install/sensor_msgs_py:/home/demi/ros2_jazzy/install/quality_of_service_demo_py:/home/demi/ros2_jazzy/install/camera_info_manager_py:/home/demi/ros2_jazzy/install/rqt_plot:/home/demi/ros2_jazzy/install/ros2doctor:/home/demi/ros2_jazzy/install/lifecycle_py:/home/demi/ros2_jazzy/install/examples_rclpy_minimal_subscriber:/home/demi/ros2_jazzy/install/examples_rclpy_minimal_service:/home/demi/ros2_jazzy/install/examples_rclpy_minimal_publisher:/home/demi/ros2_jazzy/install/examples_rclpy_minimal_client:/home/demi/ros2_jazzy/install/examples_rclpy_executors:/home/demi/ros2_jazzy/install/demo_nodes_py:/home/demi/ros2_jazzy/install/rqt:/home/demi/ros2_jazzy/install/ros2component:/home/demi/ros2_jazzy/install/sros2:/home/demi/ros2_jazzy/install/rqt_topic:/home/demi/ros2_jazzy/install/rqt_srv:/home/demi/ros2_jazzy/install/rqt_shell:/home/demi/ros2_jazzy/install/rqt_service_caller:/home/demi/ros2_jazzy/install/rqt_reconfigure:/home/demi/ros2_jazzy/install/rqt_py_console:/home/demi/ros2_jazzy/install/rqt_publisher:/home/demi/ros2_jazzy/install/rqt_action:/home/demi/ros2_jazzy/install/rqt_msg:/home/demi/ros2_jazzy/install/rqt_console:/home/demi/ros2_jazzy/install/rqt_graph:/home/demi/ros2_jazzy/install/rqt_gui_py:/home/demi/ros2_jazzy/install/rqt_gui:/home/demi/ros2_jazzy/install/ros2trace:/home/demi/ros2_jazzy/install/ros2param:/home/demi/ros2_jazzy/install/ros2lifecycle:/home/demi/ros2_jazzy/install/ros2service:/home/demi/ros2_jazzy/install/ros2topic:/home/demi/ros2_jazzy/install/ros2test:/home/demi/ros2_jazzy/install/ros2run:/home/demi/ros2_jazzy/install/ros2plugin:/home/demi/ros2_jazzy/install/ros2launch:/home/demi/ros2_jazzy/install/ros2pkg:/home/demi/ros2_jazzy/install/ros2node:/home/demi/ros2_jazzy/install/ros2multicast:/home/demi/ros2_jazzy/install/ros2interface:/home/demi/ros2_jazzy/install/ros2action:/home/demi/ros2_jazzy/install/ros2cli:/home/demi/ros2_jazzy/install/launch_testing_ros:/home/demi/ros2_jazzy/install/launch_ros:/home/demi/ros2_jazzy/install/examples_rclpy_minimal_action_server:/home/demi/ros2_jazzy/install/examples_rclpy_minimal_action_client:/home/demi/ros2_jazzy/install/examples_rclpy_guard_conditions:/home/demi/ros2_jazzy/install/action_tutorials_py:/home/demi/ros2_jazzy/install/ament_uncrustify:/home/demi/ros2_jazzy/install/tracetools_trace:/home/demi/ros2_jazzy/install/tracetools_read:/home/demi/ros2_jazzy/install/test_tracetools_launch:/home/demi/ros2_jazzy/install/test_ros2trace:/home/demi/ros2_jazzy/install/test_launch_ros:/home/demi/ros2_jazzy/install/rpyutils:/home/demi/ros2_jazzy/install/rosidl_runtime_py:/home/demi/ros2_jazzy/install/rosidl_pycommon:/home/demi/ros2_jazzy/install/rosidl_cli:/home/demi/ros2_jazzy/install/launch_pytest:/home/demi/ros2_jazzy/install/launch_testing:/home/demi/ros2_jazzy/install/launch_yaml:/home/demi/ros2_jazzy/install/launch_xml:/home/demi/ros2_jazzy/install/launch:/home/demi/ros2_jazzy/install/osrf_pycommon:/home/demi/ros2_jazzy/install/domain_coordinator:/home/demi/ros2_jazzy/install/ament_xmllint:/home/demi/ros2_jazzy/install/ament_pyflakes:/home/demi/ros2_jazzy/install/ament_pycodestyle:/home/demi/ros2_jazzy/install/ament_pep257:/home/demi/ros2_jazzy/install/ament_pclint:/home/demi/ros2_jazzy/install/ament_package:/home/demi/ros2_jazzy/install/ament_mypy:/home/demi/ros2_jazzy/install/ament_lint_cmake:/home/demi/ros2_jazzy/install/ament_flake8:/home/demi/ros2_jazzy/install/ament_copyright:/home/demi/ros2_jazzy/install/ament_lint:/home/demi/ros2_jazzy/install/ament_index_python:/home/demi/ros2_jazzy/install/ament_cpplint:/home/demi/ros2_jazzy/install/ament_cppcheck:/home/demi/ros2_jazzy/install/ament_clang_tidy:/home/demi/ros2_jazzy/install/ament_clang_format DEBUGINFOD_URLS=https://debuginfod.ubuntu.com /usr/bin/cmake --install /home/demi/bumper_motion/build/bumperbot_msgs
