[0.215s] Invoking command in '/home/demi/ros2jazzy_tsp_implementation/bumper_motion/build/bumperbot_msgs': CMAKE_PREFIX_PATH=${CMAKE_PREFIX_PATH}:/home/demi/ros2jazzy_tsp_implementation/bumper_motion/install/bumperbot_py_examples:/home/demi/ros2_jazzy/install/rqt_bag_plugins:/home/demi/ros2_jazzy/install/launch_testing_examples:/home/demi/ros2_jazzy/install/ros2bag:/home/demi/ros2_jazzy/install/rqt_bag:/home/demi/ros2_jazzy/install/rosbag2_examples_py:/home/demi/ros2_jazzy/install/tracetools_test:/home/demi/ros2_jazzy/install/tracetools_launch:/home/demi/ros2_jazzy/install/topic_monitor:/home/demi/ros2_jazzy/install/tf2_tools:/home/demi/ros2_jazzy/install/examples_tf2_py:/home/demi/ros2_jazzy/install/tf2_ros_py:/home/demi/ros2_jazzy/install/examples_rclpy_pointcloud_publisher:/home/demi/ros2_jazzy/install/sensor_msgs_py:/home/demi/ros2_jazzy/install/quality_of_service_demo_py:/home/demi/ros2_jazzy/install/camera_info_manager_py:/home/demi/ros2_jazzy/install/rqt_plot:/home/demi/ros2_jazzy/install/ros2doctor:/home/demi/ros2_jazzy/install/lifecycle_py:/home/demi/ros2_jazzy/install/examples_rclpy_minimal_subscriber:/home/demi/ros2_jazzy/install/examples_rclpy_minimal_service:/home/demi/ros2_jazzy/install/examples_rclpy_minimal_publisher:/home/demi/ros2_jazzy/install/examples_rclpy_minimal_client:/home/demi/ros2_jazzy/install/examples_rclpy_executors:/home/demi/ros2_jazzy/install/demo_nodes_py:/home/demi/ros2_jazzy/install/rqt:/home/demi/ros2_jazzy/install/ros2component:/home/demi/ros2_jazzy/install/sros2:/home/demi/ros2_jazzy/install/rqt_topic:/home/demi/ros2_jazzy/install/rqt_srv:/home/demi/ros2_jazzy/install/rqt_shell:/home/demi/ros2_jazzy/install/rqt_service_caller:/home/demi/ros2_jazzy/install/rqt_reconfigure:/home/demi/ros2_jazzy/install/rqt_py_console:/home/demi/ros2_jazzy/install/rqt_publisher:/home/demi/ros2_jazzy/install/rqt_action:/home/demi/ros2_jazzy/install/rqt_msg:/home/demi/ros2_jazzy/install/rqt_console:/home/demi/ros2_jazzy/install/rqt_graph:/home/demi/ros2_jazzy/install/rqt_gui_py:/home/demi/ros2_jazzy/install/rqt_gui:/home/demi/ros2_jazzy/install/ros2trace:/home/demi/ros2_jazzy/install/ros2param:/home/demi/ros2_jazzy/install/ros2lifecycle:/home/demi/ros2_jazzy/install/ros2service:/home/demi/ros2_jazzy/install/ros2topic:/home/demi/ros2_jazzy/install/ros2test:/home/demi/ros2_jazzy/install/ros2run:/home/demi/ros2_jazzy/install/ros2plugin:/home/demi/ros2_jazzy/install/ros2launch:/home/demi/ros2_jazzy/install/ros2pkg:/home/demi/ros2_jazzy/install/ros2node:/home/demi/ros2_jazzy/install/ros2multicast:/home/demi/ros2_jazzy/install/ros2interface:/home/demi/ros2_jazzy/install/ros2action:/home/demi/ros2_jazzy/install/ros2cli:/home/demi/ros2_jazzy/install/launch_testing_ros:/home/demi/ros2_jazzy/install/launch_ros:/home/demi/ros2_jazzy/install/examples_rclpy_minimal_action_server:/home/demi/ros2_jazzy/install/examples_rclpy_minimal_action_client:/home/demi/ros2_jazzy/install/examples_rclpy_guard_conditions:/home/demi/ros2_jazzy/install/action_tutorials_py:/home/demi/ros2_jazzy/install/ament_uncrustify:/home/demi/ros2_jazzy/install/tracetools_trace:/home/demi/ros2_jazzy/install/tracetools_read:/home/demi/ros2_jazzy/install/test_tracetools_launch:/home/demi/ros2_jazzy/install/test_ros2trace:/home/demi/ros2_jazzy/install/test_launch_ros:/home/demi/ros2_jazzy/install/rpyutils:/home/demi/ros2_jazzy/install/rosidl_runtime_py:/home/demi/ros2_jazzy/install/rosidl_pycommon:/home/demi/ros2_jazzy/install/rosidl_cli:/home/demi/ros2_jazzy/install/launch_pytest:/home/demi/ros2_jazzy/install/launch_testing:/home/demi/ros2_jazzy/install/launch_yaml:/home/demi/ros2_jazzy/install/launch_xml:/home/demi/ros2_jazzy/install/launch:/home/demi/ros2_jazzy/install/osrf_pycommon:/home/demi/ros2_jazzy/install/domain_coordinator:/home/demi/ros2_jazzy/install/ament_xmllint:/home/demi/ros2_jazzy/install/ament_pyflakes:/home/demi/ros2_jazzy/install/ament_pycodestyle:/home/demi/ros2_jazzy/install/ament_pep257:/home/demi/ros2_jazzy/install/ament_pclint:/home/demi/ros2_jazzy/install/ament_package:/home/demi/ros2_jazzy/install/ament_mypy:/home/demi/ros2_jazzy/install/ament_lint_cmake:/home/demi/ros2_jazzy/install/ament_flake8:/home/demi/ros2_jazzy/install/ament_copyright:/home/demi/ros2_jazzy/install/ament_lint:/home/demi/ros2_jazzy/install/ament_index_python:/home/demi/ros2_jazzy/install/ament_cpplint:/home/demi/ros2_jazzy/install/ament_cppcheck:/home/demi/ros2_jazzy/install/ament_clang_tidy:/home/demi/ros2_jazzy/install/ament_clang_format DEBUGINFOD_URLS=https://debuginfod.ubuntu.com /usr/bin/cmake /home/demi/ros2jazzy_tsp_implementation/bumper_motion/src/bumperbot_msgs -DCMAKE_INSTALL_PREFIX=/home/demi/ros2jazzy_tsp_implementation/bumper_motion/install/bumperbot_msgs
[0.882s] -- The C compiler identification is GNU 13.3.0
[1.229s] -- The CXX compiler identification is GNU 13.3.0
[1.310s] -- Detecting C compiler ABI info
[1.741s] -- Detecting C compiler ABI info - done
[1.781s] -- Check for working C compiler: /usr/bin/cc - skipped
[1.789s] -- Detecting C compile features
[1.789s] -- Detecting C compile features - done
[1.843s] -- Detecting CXX compiler ABI info
[2.314s] -- Detecting CXX compiler ABI info - done
[2.346s] -- Check for working CXX compiler: /usr/bin/c++ - skipped
[2.347s] -- Detecting CXX compile features
[2.348s] -- Detecting CXX compile features - done
[2.372s] -- Found ament_cmake: 2.5.6 (/opt/ros/jazzy/share/ament_cmake/cmake)
[4.620s] -- Found Python3: /usr/bin/python3 (found version "3.12.3") found components: Interpreter 
[5.319s] -- Found geometry_msgs: 5.3.7 (/opt/ros/jazzy/share/geometry_msgs/cmake)
[5.527s] -- Found rosidl_generator_c: 4.6.7 (/opt/ros/jazzy/share/rosidl_generator_c/cmake)
[5.582s] -- Found rosidl_generator_cpp: 4.6.7 (/opt/ros/jazzy/share/rosidl_generator_cpp/cmake)
[5.770s] -- Using all available rosidl_typesupport_c: rosidl_typesupport_fastrtps_c;rosidl_typesupport_introspection_c
[5.943s] -- Using all available rosidl_typesupport_cpp: rosidl_typesupport_fastrtps_cpp;rosidl_typesupport_introspection_cpp
[6.219s] -- Found rosidl_default_generators: 1.6.0 (/opt/ros/jazzy/share/rosidl_default_generators/cmake)
[6.636s] -- Found rosidl_adapter: 4.6.7 (/opt/ros/jazzy/share/rosidl_adapter/cmake)
[12.256s] -- Found ament_cmake_ros: 0.12.0 (/opt/ros/jazzy/share/ament_cmake_ros/cmake)
[24.459s] -- Using all available rosidl_typesupport_c: rosidl_typesupport_fastrtps_c;rosidl_typesupport_introspection_c
[28.932s] -- Using all available rosidl_typesupport_cpp: rosidl_typesupport_fastrtps_cpp;rosidl_typesupport_introspection_cpp
[28.965s] -- Found python_cmake_module: 0.11.1 (/opt/ros/jazzy/share/python_cmake_module/cmake)
[31.101s] -- Found PythonExtra: /usr/bin/python3  
[38.687s] -- Found Python3: /usr/bin/python3 (found version "3.12.3") found components: Interpreter Development NumPy Development.Module Development.Embed 
[40.627s] -- Found Python3: /usr/bin/python3 (found version "3.12.3") found components: Interpreter 
[40.740s] -- Configuring done (40.5s)
[41.029s] -- Generating done (0.2s)
[41.163s] -- Build files have been written to: /home/demi/ros2jazzy_tsp_implementation/bumper_motion/build/bumperbot_msgs
[41.283s] Invoked command in '/home/demi/ros2jazzy_tsp_implementation/bumper_motion/build/bumperbot_msgs' returned '0': CMAKE_PREFIX_PATH=${CMAKE_PREFIX_PATH}:/home/demi/ros2jazzy_tsp_implementation/bumper_motion/install/bumperbot_py_examples:/home/demi/ros2_jazzy/install/rqt_bag_plugins:/home/demi/ros2_jazzy/install/launch_testing_examples:/home/demi/ros2_jazzy/install/ros2bag:/home/demi/ros2_jazzy/install/rqt_bag:/home/demi/ros2_jazzy/install/rosbag2_examples_py:/home/demi/ros2_jazzy/install/tracetools_test:/home/demi/ros2_jazzy/install/tracetools_launch:/home/demi/ros2_jazzy/install/topic_monitor:/home/demi/ros2_jazzy/install/tf2_tools:/home/demi/ros2_jazzy/install/examples_tf2_py:/home/demi/ros2_jazzy/install/tf2_ros_py:/home/demi/ros2_jazzy/install/examples_rclpy_pointcloud_publisher:/home/demi/ros2_jazzy/install/sensor_msgs_py:/home/demi/ros2_jazzy/install/quality_of_service_demo_py:/home/demi/ros2_jazzy/install/camera_info_manager_py:/home/demi/ros2_jazzy/install/rqt_plot:/home/demi/ros2_jazzy/install/ros2doctor:/home/demi/ros2_jazzy/install/lifecycle_py:/home/demi/ros2_jazzy/install/examples_rclpy_minimal_subscriber:/home/demi/ros2_jazzy/install/examples_rclpy_minimal_service:/home/demi/ros2_jazzy/install/examples_rclpy_minimal_publisher:/home/demi/ros2_jazzy/install/examples_rclpy_minimal_client:/home/demi/ros2_jazzy/install/examples_rclpy_executors:/home/demi/ros2_jazzy/install/demo_nodes_py:/home/demi/ros2_jazzy/install/rqt:/home/demi/ros2_jazzy/install/ros2component:/home/demi/ros2_jazzy/install/sros2:/home/demi/ros2_jazzy/install/rqt_topic:/home/demi/ros2_jazzy/install/rqt_srv:/home/demi/ros2_jazzy/install/rqt_shell:/home/demi/ros2_jazzy/install/rqt_service_caller:/home/demi/ros2_jazzy/install/rqt_reconfigure:/home/demi/ros2_jazzy/install/rqt_py_console:/home/demi/ros2_jazzy/install/rqt_publisher:/home/demi/ros2_jazzy/install/rqt_action:/home/demi/ros2_jazzy/install/rqt_msg:/home/demi/ros2_jazzy/install/rqt_console:/home/demi/ros2_jazzy/install/rqt_graph:/home/demi/ros2_jazzy/install/rqt_gui_py:/home/demi/ros2_jazzy/install/rqt_gui:/home/demi/ros2_jazzy/install/ros2trace:/home/demi/ros2_jazzy/install/ros2param:/home/demi/ros2_jazzy/install/ros2lifecycle:/home/demi/ros2_jazzy/install/ros2service:/home/demi/ros2_jazzy/install/ros2topic:/home/demi/ros2_jazzy/install/ros2test:/home/demi/ros2_jazzy/install/ros2run:/home/demi/ros2_jazzy/install/ros2plugin:/home/demi/ros2_jazzy/install/ros2launch:/home/demi/ros2_jazzy/install/ros2pkg:/home/demi/ros2_jazzy/install/ros2node:/home/demi/ros2_jazzy/install/ros2multicast:/home/demi/ros2_jazzy/install/ros2interface:/home/demi/ros2_jazzy/install/ros2action:/home/demi/ros2_jazzy/install/ros2cli:/home/demi/ros2_jazzy/install/launch_testing_ros:/home/demi/ros2_jazzy/install/launch_ros:/home/demi/ros2_jazzy/install/examples_rclpy_minimal_action_server:/home/demi/ros2_jazzy/install/examples_rclpy_minimal_action_client:/home/demi/ros2_jazzy/install/examples_rclpy_guard_conditions:/home/demi/ros2_jazzy/install/action_tutorials_py:/home/demi/ros2_jazzy/install/ament_uncrustify:/home/demi/ros2_jazzy/install/tracetools_trace:/home/demi/ros2_jazzy/install/tracetools_read:/home/demi/ros2_jazzy/install/test_tracetools_launch:/home/demi/ros2_jazzy/install/test_ros2trace:/home/demi/ros2_jazzy/install/test_launch_ros:/home/demi/ros2_jazzy/install/rpyutils:/home/demi/ros2_jazzy/install/rosidl_runtime_py:/home/demi/ros2_jazzy/install/rosidl_pycommon:/home/demi/ros2_jazzy/install/rosidl_cli:/home/demi/ros2_jazzy/install/launch_pytest:/home/demi/ros2_jazzy/install/launch_testing:/home/demi/ros2_jazzy/install/launch_yaml:/home/demi/ros2_jazzy/install/launch_xml:/home/demi/ros2_jazzy/install/launch:/home/demi/ros2_jazzy/install/osrf_pycommon:/home/demi/ros2_jazzy/install/domain_coordinator:/home/demi/ros2_jazzy/install/ament_xmllint:/home/demi/ros2_jazzy/install/ament_pyflakes:/home/demi/ros2_jazzy/install/ament_pycodestyle:/home/demi/ros2_jazzy/install/ament_pep257:/home/demi/ros2_jazzy/install/ament_pclint:/home/demi/ros2_jazzy/install/ament_package:/home/demi/ros2_jazzy/install/ament_mypy:/home/demi/ros2_jazzy/install/ament_lint_cmake:/home/demi/ros2_jazzy/install/ament_flake8:/home/demi/ros2_jazzy/install/ament_copyright:/home/demi/ros2_jazzy/install/ament_lint:/home/demi/ros2_jazzy/install/ament_index_python:/home/demi/ros2_jazzy/install/ament_cpplint:/home/demi/ros2_jazzy/install/ament_cppcheck:/home/demi/ros2_jazzy/install/ament_clang_tidy:/home/demi/ros2_jazzy/install/ament_clang_format DEBUGINFOD_URLS=https://debuginfod.ubuntu.com /usr/bin/cmake /home/demi/ros2jazzy_tsp_implementation/bumper_motion/src/bumperbot_msgs -DCMAKE_INSTALL_PREFIX=/home/demi/ros2jazzy_tsp_implementation/bumper_motion/install/bumperbot_msgs
[41.285s] Invoking command in '/home/demi/ros2jazzy_tsp_implementation/bumper_motion/build/bumperbot_msgs': CMAKE_PREFIX_PATH=${CMAKE_PREFIX_PATH}:/home/demi/ros2jazzy_tsp_implementation/bumper_motion/install/bumperbot_py_examples:/home/demi/ros2_jazzy/install/rqt_bag_plugins:/home/demi/ros2_jazzy/install/launch_testing_examples:/home/demi/ros2_jazzy/install/ros2bag:/home/demi/ros2_jazzy/install/rqt_bag:/home/demi/ros2_jazzy/install/rosbag2_examples_py:/home/demi/ros2_jazzy/install/tracetools_test:/home/demi/ros2_jazzy/install/tracetools_launch:/home/demi/ros2_jazzy/install/topic_monitor:/home/demi/ros2_jazzy/install/tf2_tools:/home/demi/ros2_jazzy/install/examples_tf2_py:/home/demi/ros2_jazzy/install/tf2_ros_py:/home/demi/ros2_jazzy/install/examples_rclpy_pointcloud_publisher:/home/demi/ros2_jazzy/install/sensor_msgs_py:/home/demi/ros2_jazzy/install/quality_of_service_demo_py:/home/demi/ros2_jazzy/install/camera_info_manager_py:/home/demi/ros2_jazzy/install/rqt_plot:/home/demi/ros2_jazzy/install/ros2doctor:/home/demi/ros2_jazzy/install/lifecycle_py:/home/demi/ros2_jazzy/install/examples_rclpy_minimal_subscriber:/home/demi/ros2_jazzy/install/examples_rclpy_minimal_service:/home/demi/ros2_jazzy/install/examples_rclpy_minimal_publisher:/home/demi/ros2_jazzy/install/examples_rclpy_minimal_client:/home/demi/ros2_jazzy/install/examples_rclpy_executors:/home/demi/ros2_jazzy/install/demo_nodes_py:/home/demi/ros2_jazzy/install/rqt:/home/demi/ros2_jazzy/install/ros2component:/home/demi/ros2_jazzy/install/sros2:/home/demi/ros2_jazzy/install/rqt_topic:/home/demi/ros2_jazzy/install/rqt_srv:/home/demi/ros2_jazzy/install/rqt_shell:/home/demi/ros2_jazzy/install/rqt_service_caller:/home/demi/ros2_jazzy/install/rqt_reconfigure:/home/demi/ros2_jazzy/install/rqt_py_console:/home/demi/ros2_jazzy/install/rqt_publisher:/home/demi/ros2_jazzy/install/rqt_action:/home/demi/ros2_jazzy/install/rqt_msg:/home/demi/ros2_jazzy/install/rqt_console:/home/demi/ros2_jazzy/install/rqt_graph:/home/demi/ros2_jazzy/install/rqt_gui_py:/home/demi/ros2_jazzy/install/rqt_gui:/home/demi/ros2_jazzy/install/ros2trace:/home/demi/ros2_jazzy/install/ros2param:/home/demi/ros2_jazzy/install/ros2lifecycle:/home/demi/ros2_jazzy/install/ros2service:/home/demi/ros2_jazzy/install/ros2topic:/home/demi/ros2_jazzy/install/ros2test:/home/demi/ros2_jazzy/install/ros2run:/home/demi/ros2_jazzy/install/ros2plugin:/home/demi/ros2_jazzy/install/ros2launch:/home/demi/ros2_jazzy/install/ros2pkg:/home/demi/ros2_jazzy/install/ros2node:/home/demi/ros2_jazzy/install/ros2multicast:/home/demi/ros2_jazzy/install/ros2interface:/home/demi/ros2_jazzy/install/ros2action:/home/demi/ros2_jazzy/install/ros2cli:/home/demi/ros2_jazzy/install/launch_testing_ros:/home/demi/ros2_jazzy/install/launch_ros:/home/demi/ros2_jazzy/install/examples_rclpy_minimal_action_server:/home/demi/ros2_jazzy/install/examples_rclpy_minimal_action_client:/home/demi/ros2_jazzy/install/examples_rclpy_guard_conditions:/home/demi/ros2_jazzy/install/action_tutorials_py:/home/demi/ros2_jazzy/install/ament_uncrustify:/home/demi/ros2_jazzy/install/tracetools_trace:/home/demi/ros2_jazzy/install/tracetools_read:/home/demi/ros2_jazzy/install/test_tracetools_launch:/home/demi/ros2_jazzy/install/test_ros2trace:/home/demi/ros2_jazzy/install/test_launch_ros:/home/demi/ros2_jazzy/install/rpyutils:/home/demi/ros2_jazzy/install/rosidl_runtime_py:/home/demi/ros2_jazzy/install/rosidl_pycommon:/home/demi/ros2_jazzy/install/rosidl_cli:/home/demi/ros2_jazzy/install/launch_pytest:/home/demi/ros2_jazzy/install/launch_testing:/home/demi/ros2_jazzy/install/launch_yaml:/home/demi/ros2_jazzy/install/launch_xml:/home/demi/ros2_jazzy/install/launch:/home/demi/ros2_jazzy/install/osrf_pycommon:/home/demi/ros2_jazzy/install/domain_coordinator:/home/demi/ros2_jazzy/install/ament_xmllint:/home/demi/ros2_jazzy/install/ament_pyflakes:/home/demi/ros2_jazzy/install/ament_pycodestyle:/home/demi/ros2_jazzy/install/ament_pep257:/home/demi/ros2_jazzy/install/ament_pclint:/home/demi/ros2_jazzy/install/ament_package:/home/demi/ros2_jazzy/install/ament_mypy:/home/demi/ros2_jazzy/install/ament_lint_cmake:/home/demi/ros2_jazzy/install/ament_flake8:/home/demi/ros2_jazzy/install/ament_copyright:/home/demi/ros2_jazzy/install/ament_lint:/home/demi/ros2_jazzy/install/ament_index_python:/home/demi/ros2_jazzy/install/ament_cpplint:/home/demi/ros2_jazzy/install/ament_cppcheck:/home/demi/ros2_jazzy/install/ament_clang_tidy:/home/demi/ros2_jazzy/install/ament_clang_format DEBUGINFOD_URLS=https://debuginfod.ubuntu.com /usr/bin/cmake --build /home/demi/ros2jazzy_tsp_implementation/bumper_motion/build/bumperbot_msgs -- -j4 -l4
[42.094s] [  1%] [34m[1mGenerating type hashes for ROS interfaces[0m
[45.085s] [  1%] Built target bumperbot_msgs__rosidl_generator_type_description
[45.275s] [  1%] Built target ament_cmake_python_copy_bumperbot_msgs
[45.389s] [  3%] [34m[1mGenerating C++ code for ROS interfaces[0m
[52.707s] [  3%] Built target bumperbot_msgs__cpp
[57.012s] running egg_info
[57.017s] creating bumperbot_msgs.egg-info
[57.270s] writing bumperbot_msgs.egg-info/PKG-INFO
[57.271s] writing dependency_links to bumperbot_msgs.egg-info/dependency_links.txt
[57.271s] writing top-level names to bumperbot_msgs.egg-info/top_level.txt
[57.271s] writing manifest file 'bumperbot_msgs.egg-info/SOURCES.txt'
[58.488s] reading manifest file 'bumperbot_msgs.egg-info/SOURCES.txt'
[58.493s] writing manifest file 'bumperbot_msgs.egg-info/SOURCES.txt'
[58.899s] [  3%] Built target ament_cmake_python_build_bumperbot_msgs_egg
[59.052s] [  5%] [34m[1mGenerating C code for ROS interfaces[0m
[66.545s] [  7%] [32mBuilding C object CMakeFiles/bumperbot_msgs__rosidl_generator_c.dir/rosidl_generator_c/bumperbot_msgs/action/detail/fibonacci__description.c.o[0m
[67.363s] [  9%] [32mBuilding C object CMakeFiles/bumperbot_msgs__rosidl_generator_c.dir/rosidl_generator_c/bumperbot_msgs/action/detail/fibonacci__type_support.c.o[0m
[67.768s] [ 10%] [32mBuilding C object CMakeFiles/bumperbot_msgs__rosidl_generator_c.dir/rosidl_generator_c/bumperbot_msgs/srv/detail/add_two_ints__description.c.o[0m
[68.203s] [ 12%] [32mBuilding C object CMakeFiles/bumperbot_msgs__rosidl_generator_c.dir/rosidl_generator_c/bumperbot_msgs/srv/detail/add_two_ints__functions.c.o[0m
[68.699s] [ 14%] [32mBuilding C object CMakeFiles/bumperbot_msgs__rosidl_generator_c.dir/rosidl_generator_c/bumperbot_msgs/srv/detail/add_two_ints__type_support.c.o[0m
[69.039s] [ 16%] [32mBuilding C object CMakeFiles/bumperbot_msgs__rosidl_generator_c.dir/rosidl_generator_c/bumperbot_msgs/srv/detail/get_transform__description.c.o[0m
[69.541s] [ 18%] [32mBuilding C object CMakeFiles/bumperbot_msgs__rosidl_generator_c.dir/rosidl_generator_c/bumperbot_msgs/srv/detail/get_transform__functions.c.o[0m
[69.934s] [ 20%] [32mBuilding C object CMakeFiles/bumperbot_msgs__rosidl_generator_c.dir/rosidl_generator_c/bumperbot_msgs/srv/detail/get_transform__type_support.c.o[0m
[70.188s] [ 21%] [32mBuilding C object CMakeFiles/bumperbot_msgs__rosidl_generator_c.dir/rosidl_generator_c/bumperbot_msgs/action/detail/fibonacci__functions.c.o[0m
[70.881s] [ 23%] [32m[1mLinking C shared library libbumperbot_msgs__rosidl_generator_c.so[0m
[71.251s] [ 23%] Built target bumperbot_msgs__rosidl_generator_c
[71.485s] [ 25%] [34m[1mGenerating Rust code for ROS interfaces[0m
[74.623s] [ 25%] Built target bumperbot_msgs__rs
[74.689s] [ 27%] [34m[1mGenerating C type support for eProsima Fast-RTPS[0m
[78.825s] [ 29%] [32mBuilding CXX object CMakeFiles/bumperbot_msgs__rosidl_typesupport_fastrtps_c.dir/rosidl_typesupport_fastrtps_c/bumperbot_msgs/action/detail/fibonacci__type_support_c.cpp.o[0m
[80.574s] [ 30%] [32mBuilding CXX object CMakeFiles/bumperbot_msgs__rosidl_typesupport_fastrtps_c.dir/rosidl_typesupport_fastrtps_c/bumperbot_msgs/srv/detail/add_two_ints__type_support_c.cpp.o[0m
[81.891s] [ 32%] [32mBuilding CXX object CMakeFiles/bumperbot_msgs__rosidl_typesupport_fastrtps_c.dir/rosidl_typesupport_fastrtps_c/bumperbot_msgs/srv/detail/get_transform__type_support_c.cpp.o[0m
[83.188s] [ 34%] [32m[1mLinking CXX shared library libbumperbot_msgs__rosidl_typesupport_fastrtps_c.so[0m
[83.604s] [ 34%] Built target bumperbot_msgs__rosidl_typesupport_fastrtps_c
[83.762s] [ 36%] [34m[1mGenerating C++ type support dispatch for ROS interfaces[0m
[86.081s] [ 38%] [32mBuilding CXX object CMakeFiles/bumperbot_msgs__rosidl_typesupport_cpp.dir/rosidl_typesupport_cpp/bumperbot_msgs/action/fibonacci__type_support.cpp.o[0m
[88.352s] [ 40%] [32mBuilding CXX object CMakeFiles/bumperbot_msgs__rosidl_typesupport_cpp.dir/rosidl_typesupport_cpp/bumperbot_msgs/srv/add_two_ints__type_support.cpp.o[0m
[89.900s] [ 41%] [32mBuilding CXX object CMakeFiles/bumperbot_msgs__rosidl_typesupport_cpp.dir/rosidl_typesupport_cpp/bumperbot_msgs/srv/get_transform__type_support.cpp.o[0m
[91.182s] [ 43%] [32m[1mLinking CXX shared library libbumperbot_msgs__rosidl_typesupport_cpp.so[0m
[91.478s] [ 43%] Built target bumperbot_msgs__rosidl_typesupport_cpp
[91.541s] [ 45%] [34m[1mGenerating C introspection for ROS interfaces[0m
[94.705s] [ 47%] [32mBuilding C object CMakeFiles/bumperbot_msgs__rosidl_typesupport_introspection_c.dir/rosidl_typesupport_introspection_c/bumperbot_msgs/action/detail/fibonacci__type_support.c.o[0m
[94.976s] [ 49%] [32mBuilding C object CMakeFiles/bumperbot_msgs__rosidl_typesupport_introspection_c.dir/rosidl_typesupport_introspection_c/bumperbot_msgs/srv/detail/add_two_ints__type_support.c.o[0m
[95.139s] [ 50%] [32mBuilding C object CMakeFiles/bumperbot_msgs__rosidl_typesupport_introspection_c.dir/rosidl_typesupport_introspection_c/bumperbot_msgs/srv/detail/get_transform__type_support.c.o[0m
[95.317s] [ 52%] [32m[1mLinking C shared library libbumperbot_msgs__rosidl_typesupport_introspection_c.so[0m
[95.467s] [ 52%] Built target bumperbot_msgs__rosidl_typesupport_introspection_c
[95.529s] [ 54%] [34m[1mGenerating C type support dispatch for ROS interfaces[0m
[97.371s] [ 56%] [32mBuilding CXX object CMakeFiles/bumperbot_msgs__rosidl_typesupport_c.dir/rosidl_typesupport_c/bumperbot_msgs/action/fibonacci__type_support.cpp.o[0m
[97.578s] [ 58%] [32mBuilding CXX object CMakeFiles/bumperbot_msgs__rosidl_typesupport_c.dir/rosidl_typesupport_c/bumperbot_msgs/srv/add_two_ints__type_support.cpp.o[0m
[97.742s] [ 60%] [32mBuilding CXX object CMakeFiles/bumperbot_msgs__rosidl_typesupport_c.dir/rosidl_typesupport_c/bumperbot_msgs/srv/get_transform__type_support.cpp.o[0m
[97.949s] [ 61%] [32m[1mLinking CXX shared library libbumperbot_msgs__rosidl_typesupport_c.so[0m
[98.146s] [ 61%] Built target bumperbot_msgs__rosidl_typesupport_c
[98.211s] [ 63%] [34m[1mGenerating C++ type support for eProsima Fast-RTPS[0m
[101.261s] [ 65%] [32mBuilding CXX object CMakeFiles/bumperbot_msgs__rosidl_typesupport_fastrtps_cpp.dir/rosidl_typesupport_fastrtps_cpp/bumperbot_msgs/action/detail/dds_fastrtps/fibonacci__type_support.cpp.o[0m
[104.164s] [ 67%] [32mBuilding CXX object CMakeFiles/bumperbot_msgs__rosidl_typesupport_fastrtps_cpp.dir/rosidl_typesupport_fastrtps_cpp/bumperbot_msgs/srv/detail/dds_fastrtps/get_transform__type_support.cpp.o[0m
[105.900s] [ 69%] [32mBuilding CXX object CMakeFiles/bumperbot_msgs__rosidl_typesupport_fastrtps_cpp.dir/rosidl_typesupport_fastrtps_cpp/bumperbot_msgs/srv/detail/dds_fastrtps/add_two_ints__type_support.cpp.o[0m
[107.580s] [ 70%] [32m[1mLinking CXX shared library libbumperbot_msgs__rosidl_typesupport_fastrtps_cpp.so[0m
[107.890s] [ 70%] Built target bumperbot_msgs__rosidl_typesupport_fastrtps_cpp
[107.949s] [ 72%] [34m[1mGenerating C++ introspection for ROS interfaces[0m
[110.114s] [ 74%] [32mBuilding CXX object CMakeFiles/bumperbot_msgs__rosidl_typesupport_introspection_cpp.dir/rosidl_typesupport_introspection_cpp/bumperbot_msgs/action/detail/fibonacci__type_support.cpp.o[0m
[112.325s] [ 76%] [32mBuilding CXX object CMakeFiles/bumperbot_msgs__rosidl_typesupport_introspection_cpp.dir/rosidl_typesupport_introspection_cpp/bumperbot_msgs/srv/detail/get_transform__type_support.cpp.o[0m
[113.660s] [ 78%] [32mBuilding CXX object CMakeFiles/bumperbot_msgs__rosidl_typesupport_introspection_cpp.dir/rosidl_typesupport_introspection_cpp/bumperbot_msgs/srv/detail/add_two_ints__type_support.cpp.o[0m
[114.865s] [ 80%] [32m[1mLinking CXX shared library libbumperbot_msgs__rosidl_typesupport_introspection_cpp.so[0m
[115.186s] [ 80%] Built target bumperbot_msgs__rosidl_typesupport_introspection_cpp
[115.304s] [ 80%] Built target bumperbot_msgs
[115.424s] [ 81%] [34m[1mGenerating Python code for ROS interfaces[0m
[120.361s] [ 81%] Built target bumperbot_msgs__py
[120.537s] [ 83%] [32mBuilding C object CMakeFiles/bumperbot_msgs__rosidl_generator_py.dir/rosidl_generator_py/bumperbot_msgs/action/_fibonacci_s.c.o[0m
[121.776s] [ 85%] [32mBuilding C object CMakeFiles/bumperbot_msgs__rosidl_generator_py.dir/rosidl_generator_py/bumperbot_msgs/srv/_get_transform_s.c.o[0m
[122.509s] [ 87%] [32mBuilding C object CMakeFiles/bumperbot_msgs__rosidl_generator_py.dir/rosidl_generator_py/bumperbot_msgs/srv/_add_two_ints_s.c.o[0m
[122.979s] [ 89%] [32m[1mLinking C shared library libbumperbot_msgs__rosidl_generator_py.so[0m
[123.262s] [ 89%] Built target bumperbot_msgs__rosidl_generator_py
[123.445s] [ 90%] [32mBuilding C object CMakeFiles/bumperbot_msgs_s__rosidl_typesupport_fastrtps_c.dir/rosidl_generator_py/bumperbot_msgs/_bumperbot_msgs_s.ep.rosidl_typesupport_fastrtps_c.c.o[0m
[124.179s] [ 92%] [32m[1mLinking C shared module rosidl_generator_py/bumperbot_msgs/bumperbot_msgs_s__rosidl_typesupport_fastrtps_c.so[0m
[124.457s] [ 92%] Built target bumperbot_msgs_s__rosidl_typesupport_fastrtps_c
[124.643s] [ 94%] [32mBuilding C object CMakeFiles/bumperbot_msgs_s__rosidl_typesupport_c.dir/rosidl_generator_py/bumperbot_msgs/_bumperbot_msgs_s.ep.rosidl_typesupport_c.c.o[0m
[125.153s] [ 96%] [32m[1mLinking C shared module rosidl_generator_py/bumperbot_msgs/bumperbot_msgs_s__rosidl_typesupport_c.so[0m
[125.366s] [ 96%] Built target bumperbot_msgs_s__rosidl_typesupport_c
[125.545s] [ 98%] [32mBuilding C object CMakeFiles/bumperbot_msgs_s__rosidl_typesupport_introspection_c.dir/rosidl_generator_py/bumperbot_msgs/_bumperbot_msgs_s.ep.rosidl_typesupport_introspection_c.c.o[0m
[126.435s] [100%] [32m[1mLinking C shared module rosidl_generator_py/bumperbot_msgs/bumperbot_msgs_s__rosidl_typesupport_introspection_c.so[0m
[126.619s] [100%] Built target bumperbot_msgs_s__rosidl_typesupport_introspection_c
[126.696s] Invoked command in '/home/demi/ros2jazzy_tsp_implementation/bumper_motion/build/bumperbot_msgs' returned '0': CMAKE_PREFIX_PATH=${CMAKE_PREFIX_PATH}:/home/demi/ros2jazzy_tsp_implementation/bumper_motion/install/bumperbot_py_examples:/home/demi/ros2_jazzy/install/rqt_bag_plugins:/home/demi/ros2_jazzy/install/launch_testing_examples:/home/demi/ros2_jazzy/install/ros2bag:/home/demi/ros2_jazzy/install/rqt_bag:/home/demi/ros2_jazzy/install/rosbag2_examples_py:/home/demi/ros2_jazzy/install/tracetools_test:/home/demi/ros2_jazzy/install/tracetools_launch:/home/demi/ros2_jazzy/install/topic_monitor:/home/demi/ros2_jazzy/install/tf2_tools:/home/demi/ros2_jazzy/install/examples_tf2_py:/home/demi/ros2_jazzy/install/tf2_ros_py:/home/demi/ros2_jazzy/install/examples_rclpy_pointcloud_publisher:/home/demi/ros2_jazzy/install/sensor_msgs_py:/home/demi/ros2_jazzy/install/quality_of_service_demo_py:/home/demi/ros2_jazzy/install/camera_info_manager_py:/home/demi/ros2_jazzy/install/rqt_plot:/home/demi/ros2_jazzy/install/ros2doctor:/home/demi/ros2_jazzy/install/lifecycle_py:/home/demi/ros2_jazzy/install/examples_rclpy_minimal_subscriber:/home/demi/ros2_jazzy/install/examples_rclpy_minimal_service:/home/demi/ros2_jazzy/install/examples_rclpy_minimal_publisher:/home/demi/ros2_jazzy/install/examples_rclpy_minimal_client:/home/demi/ros2_jazzy/install/examples_rclpy_executors:/home/demi/ros2_jazzy/install/demo_nodes_py:/home/demi/ros2_jazzy/install/rqt:/home/demi/ros2_jazzy/install/ros2component:/home/demi/ros2_jazzy/install/sros2:/home/demi/ros2_jazzy/install/rqt_topic:/home/demi/ros2_jazzy/install/rqt_srv:/home/demi/ros2_jazzy/install/rqt_shell:/home/demi/ros2_jazzy/install/rqt_service_caller:/home/demi/ros2_jazzy/install/rqt_reconfigure:/home/demi/ros2_jazzy/install/rqt_py_console:/home/demi/ros2_jazzy/install/rqt_publisher:/home/demi/ros2_jazzy/install/rqt_action:/home/demi/ros2_jazzy/install/rqt_msg:/home/demi/ros2_jazzy/install/rqt_console:/home/demi/ros2_jazzy/install/rqt_graph:/home/demi/ros2_jazzy/install/rqt_gui_py:/home/demi/ros2_jazzy/install/rqt_gui:/home/demi/ros2_jazzy/install/ros2trace:/home/demi/ros2_jazzy/install/ros2param:/home/demi/ros2_jazzy/install/ros2lifecycle:/home/demi/ros2_jazzy/install/ros2service:/home/demi/ros2_jazzy/install/ros2topic:/home/demi/ros2_jazzy/install/ros2test:/home/demi/ros2_jazzy/install/ros2run:/home/demi/ros2_jazzy/install/ros2plugin:/home/demi/ros2_jazzy/install/ros2launch:/home/demi/ros2_jazzy/install/ros2pkg:/home/demi/ros2_jazzy/install/ros2node:/home/demi/ros2_jazzy/install/ros2multicast:/home/demi/ros2_jazzy/install/ros2interface:/home/demi/ros2_jazzy/install/ros2action:/home/demi/ros2_jazzy/install/ros2cli:/home/demi/ros2_jazzy/install/launch_testing_ros:/home/demi/ros2_jazzy/install/launch_ros:/home/demi/ros2_jazzy/install/examples_rclpy_minimal_action_server:/home/demi/ros2_jazzy/install/examples_rclpy_minimal_action_client:/home/demi/ros2_jazzy/install/examples_rclpy_guard_conditions:/home/demi/ros2_jazzy/install/action_tutorials_py:/home/demi/ros2_jazzy/install/ament_uncrustify:/home/demi/ros2_jazzy/install/tracetools_trace:/home/demi/ros2_jazzy/install/tracetools_read:/home/demi/ros2_jazzy/install/test_tracetools_launch:/home/demi/ros2_jazzy/install/test_ros2trace:/home/demi/ros2_jazzy/install/test_launch_ros:/home/demi/ros2_jazzy/install/rpyutils:/home/demi/ros2_jazzy/install/rosidl_runtime_py:/home/demi/ros2_jazzy/install/rosidl_pycommon:/home/demi/ros2_jazzy/install/rosidl_cli:/home/demi/ros2_jazzy/install/launch_pytest:/home/demi/ros2_jazzy/install/launch_testing:/home/demi/ros2_jazzy/install/launch_yaml:/home/demi/ros2_jazzy/install/launch_xml:/home/demi/ros2_jazzy/install/launch:/home/demi/ros2_jazzy/install/osrf_pycommon:/home/demi/ros2_jazzy/install/domain_coordinator:/home/demi/ros2_jazzy/install/ament_xmllint:/home/demi/ros2_jazzy/install/ament_pyflakes:/home/demi/ros2_jazzy/install/ament_pycodestyle:/home/demi/ros2_jazzy/install/ament_pep257:/home/demi/ros2_jazzy/install/ament_pclint:/home/demi/ros2_jazzy/install/ament_package:/home/demi/ros2_jazzy/install/ament_mypy:/home/demi/ros2_jazzy/install/ament_lint_cmake:/home/demi/ros2_jazzy/install/ament_flake8:/home/demi/ros2_jazzy/install/ament_copyright:/home/demi/ros2_jazzy/install/ament_lint:/home/demi/ros2_jazzy/install/ament_index_python:/home/demi/ros2_jazzy/install/ament_cpplint:/home/demi/ros2_jazzy/install/ament_cppcheck:/home/demi/ros2_jazzy/install/ament_clang_tidy:/home/demi/ros2_jazzy/install/ament_clang_format DEBUGINFOD_URLS=https://debuginfod.ubuntu.com /usr/bin/cmake --build /home/demi/ros2jazzy_tsp_implementation/bumper_motion/build/bumperbot_msgs -- -j4 -l4
[126.701s] Invoking command in '/home/demi/ros2jazzy_tsp_implementation/bumper_motion/build/bumperbot_msgs': CMAKE_PREFIX_PATH=${CMAKE_PREFIX_PATH}:/home/demi/ros2jazzy_tsp_implementation/bumper_motion/install/bumperbot_py_examples:/home/demi/ros2_jazzy/install/rqt_bag_plugins:/home/demi/ros2_jazzy/install/launch_testing_examples:/home/demi/ros2_jazzy/install/ros2bag:/home/demi/ros2_jazzy/install/rqt_bag:/home/demi/ros2_jazzy/install/rosbag2_examples_py:/home/demi/ros2_jazzy/install/tracetools_test:/home/demi/ros2_jazzy/install/tracetools_launch:/home/demi/ros2_jazzy/install/topic_monitor:/home/demi/ros2_jazzy/install/tf2_tools:/home/demi/ros2_jazzy/install/examples_tf2_py:/home/demi/ros2_jazzy/install/tf2_ros_py:/home/demi/ros2_jazzy/install/examples_rclpy_pointcloud_publisher:/home/demi/ros2_jazzy/install/sensor_msgs_py:/home/demi/ros2_jazzy/install/quality_of_service_demo_py:/home/demi/ros2_jazzy/install/camera_info_manager_py:/home/demi/ros2_jazzy/install/rqt_plot:/home/demi/ros2_jazzy/install/ros2doctor:/home/demi/ros2_jazzy/install/lifecycle_py:/home/demi/ros2_jazzy/install/examples_rclpy_minimal_subscriber:/home/demi/ros2_jazzy/install/examples_rclpy_minimal_service:/home/demi/ros2_jazzy/install/examples_rclpy_minimal_publisher:/home/demi/ros2_jazzy/install/examples_rclpy_minimal_client:/home/demi/ros2_jazzy/install/examples_rclpy_executors:/home/demi/ros2_jazzy/install/demo_nodes_py:/home/demi/ros2_jazzy/install/rqt:/home/demi/ros2_jazzy/install/ros2component:/home/demi/ros2_jazzy/install/sros2:/home/demi/ros2_jazzy/install/rqt_topic:/home/demi/ros2_jazzy/install/rqt_srv:/home/demi/ros2_jazzy/install/rqt_shell:/home/demi/ros2_jazzy/install/rqt_service_caller:/home/demi/ros2_jazzy/install/rqt_reconfigure:/home/demi/ros2_jazzy/install/rqt_py_console:/home/demi/ros2_jazzy/install/rqt_publisher:/home/demi/ros2_jazzy/install/rqt_action:/home/demi/ros2_jazzy/install/rqt_msg:/home/demi/ros2_jazzy/install/rqt_console:/home/demi/ros2_jazzy/install/rqt_graph:/home/demi/ros2_jazzy/install/rqt_gui_py:/home/demi/ros2_jazzy/install/rqt_gui:/home/demi/ros2_jazzy/install/ros2trace:/home/demi/ros2_jazzy/install/ros2param:/home/demi/ros2_jazzy/install/ros2lifecycle:/home/demi/ros2_jazzy/install/ros2service:/home/demi/ros2_jazzy/install/ros2topic:/home/demi/ros2_jazzy/install/ros2test:/home/demi/ros2_jazzy/install/ros2run:/home/demi/ros2_jazzy/install/ros2plugin:/home/demi/ros2_jazzy/install/ros2launch:/home/demi/ros2_jazzy/install/ros2pkg:/home/demi/ros2_jazzy/install/ros2node:/home/demi/ros2_jazzy/install/ros2multicast:/home/demi/ros2_jazzy/install/ros2interface:/home/demi/ros2_jazzy/install/ros2action:/home/demi/ros2_jazzy/install/ros2cli:/home/demi/ros2_jazzy/install/launch_testing_ros:/home/demi/ros2_jazzy/install/launch_ros:/home/demi/ros2_jazzy/install/examples_rclpy_minimal_action_server:/home/demi/ros2_jazzy/install/examples_rclpy_minimal_action_client:/home/demi/ros2_jazzy/install/examples_rclpy_guard_conditions:/home/demi/ros2_jazzy/install/action_tutorials_py:/home/demi/ros2_jazzy/install/ament_uncrustify:/home/demi/ros2_jazzy/install/tracetools_trace:/home/demi/ros2_jazzy/install/tracetools_read:/home/demi/ros2_jazzy/install/test_tracetools_launch:/home/demi/ros2_jazzy/install/test_ros2trace:/home/demi/ros2_jazzy/install/test_launch_ros:/home/demi/ros2_jazzy/install/rpyutils:/home/demi/ros2_jazzy/install/rosidl_runtime_py:/home/demi/ros2_jazzy/install/rosidl_pycommon:/home/demi/ros2_jazzy/install/rosidl_cli:/home/demi/ros2_jazzy/install/launch_pytest:/home/demi/ros2_jazzy/install/launch_testing:/home/demi/ros2_jazzy/install/launch_yaml:/home/demi/ros2_jazzy/install/launch_xml:/home/demi/ros2_jazzy/install/launch:/home/demi/ros2_jazzy/install/osrf_pycommon:/home/demi/ros2_jazzy/install/domain_coordinator:/home/demi/ros2_jazzy/install/ament_xmllint:/home/demi/ros2_jazzy/install/ament_pyflakes:/home/demi/ros2_jazzy/install/ament_pycodestyle:/home/demi/ros2_jazzy/install/ament_pep257:/home/demi/ros2_jazzy/install/ament_pclint:/home/demi/ros2_jazzy/install/ament_package:/home/demi/ros2_jazzy/install/ament_mypy:/home/demi/ros2_jazzy/install/ament_lint_cmake:/home/demi/ros2_jazzy/install/ament_flake8:/home/demi/ros2_jazzy/install/ament_copyright:/home/demi/ros2_jazzy/install/ament_lint:/home/demi/ros2_jazzy/install/ament_index_python:/home/demi/ros2_jazzy/install/ament_cpplint:/home/demi/ros2_jazzy/install/ament_cppcheck:/home/demi/ros2_jazzy/install/ament_clang_tidy:/home/demi/ros2_jazzy/install/ament_clang_format DEBUGINFOD_URLS=https://debuginfod.ubuntu.com /usr/bin/cmake --install /home/demi/ros2jazzy_tsp_implementation/bumper_motion/build/bumperbot_msgs
[126.763s] -- Install configuration: ""
[126.764s] -- Installing: /home/demi/ros2jazzy_tsp_implementation/bumper_motion/install/bumperbot_msgs/share/ament_index/resource_index/rosidl_interfaces/bumperbot_msgs
[126.765s] -- Installing: /home/demi/ros2jazzy_tsp_implementation/bumper_motion/install/bumperbot_msgs/share/bumperbot_msgs/action/Fibonacci.json
[126.768s] -- Installing: /home/demi/ros2jazzy_tsp_implementation/bumper_motion/install/bumperbot_msgs/share/bumperbot_msgs/srv/AddTwoInts.json
[126.769s] -- Installing: /home/demi/ros2jazzy_tsp_implementation/bumper_motion/install/bumperbot_msgs/share/bumperbot_msgs/srv/GetTransform.json
[126.769s] -- Installing: /home/demi/ros2jazzy_tsp_implementation/bumper_motion/install/bumperbot_msgs/include/bumperbot_msgs/bumperbot_msgs
[126.770s] -- Installing: /home/demi/ros2jazzy_tsp_implementation/bumper_motion/install/bumperbot_msgs/include/bumperbot_msgs/bumperbot_msgs/srv
[126.774s] -- Installing: /home/demi/ros2jazzy_tsp_implementation/bumper_motion/install/bumperbot_msgs/include/bumperbot_msgs/bumperbot_msgs/srv/add_two_ints.h
[126.775s] -- Installing: /home/demi/ros2jazzy_tsp_implementation/bumper_motion/install/bumperbot_msgs/include/bumperbot_msgs/bumperbot_msgs/srv/detail
[126.775s] -- Installing: /home/demi/ros2jazzy_tsp_implementation/bumper_motion/install/bumperbot_msgs/include/bumperbot_msgs/bumperbot_msgs/srv/detail/add_two_ints__functions.h
[126.775s] -- Installing: /home/demi/ros2jazzy_tsp_implementation/bumper_motion/install/bumperbot_msgs/include/bumperbot_msgs/bumperbot_msgs/srv/detail/get_transform__type_support.h
[126.775s] -- Installing: /home/demi/ros2jazzy_tsp_implementation/bumper_motion/install/bumperbot_msgs/include/bumperbot_msgs/bumperbot_msgs/srv/detail/add_two_ints__type_support.h
[126.775s] -- Installing: /home/demi/ros2jazzy_tsp_implementation/bumper_motion/install/bumperbot_msgs/include/bumperbot_msgs/bumperbot_msgs/srv/detail/get_transform__functions.h
[126.776s] -- Installing: /home/demi/ros2jazzy_tsp_implementation/bumper_motion/install/bumperbot_msgs/include/bumperbot_msgs/bumperbot_msgs/srv/detail/add_two_ints__struct.h
[126.776s] -- Installing: /home/demi/ros2jazzy_tsp_implementation/bumper_motion/install/bumperbot_msgs/include/bumperbot_msgs/bumperbot_msgs/srv/detail/get_transform__struct.h
[126.776s] -- Installing: /home/demi/ros2jazzy_tsp_implementation/bumper_motion/install/bumperbot_msgs/include/bumperbot_msgs/bumperbot_msgs/srv/detail/add_two_ints__description.c
[126.777s] -- Installing: /home/demi/ros2jazzy_tsp_implementation/bumper_motion/install/bumperbot_msgs/include/bumperbot_msgs/bumperbot_msgs/srv/detail/add_two_ints__functions.c
[126.777s] -- Installing: /home/demi/ros2jazzy_tsp_implementation/bumper_motion/install/bumperbot_msgs/include/bumperbot_msgs/bumperbot_msgs/srv/detail/get_transform__type_support.c
[126.778s] -- Installing: /home/demi/ros2jazzy_tsp_implementation/bumper_motion/install/bumperbot_msgs/include/bumperbot_msgs/bumperbot_msgs/srv/detail/get_transform__functions.c
[126.779s] -- Installing: /home/demi/ros2jazzy_tsp_implementation/bumper_motion/install/bumperbot_msgs/include/bumperbot_msgs/bumperbot_msgs/srv/detail/get_transform__description.c
[126.779s] -- Installing: /home/demi/ros2jazzy_tsp_implementation/bumper_motion/install/bumperbot_msgs/include/bumperbot_msgs/bumperbot_msgs/srv/detail/add_two_ints__type_support.c
[126.780s] -- Installing: /home/demi/ros2jazzy_tsp_implementation/bumper_motion/install/bumperbot_msgs/include/bumperbot_msgs/bumperbot_msgs/srv/get_transform.h
[126.781s] -- Installing: /home/demi/ros2jazzy_tsp_implementation/bumper_motion/install/bumperbot_msgs/include/bumperbot_msgs/bumperbot_msgs/action
[126.781s] -- Installing: /home/demi/ros2jazzy_tsp_implementation/bumper_motion/install/bumperbot_msgs/include/bumperbot_msgs/bumperbot_msgs/action/fibonacci.h
[126.782s] -- Installing: /home/demi/ros2jazzy_tsp_implementation/bumper_motion/install/bumperbot_msgs/include/bumperbot_msgs/bumperbot_msgs/action/detail
[126.783s] -- Installing: /home/demi/ros2jazzy_tsp_implementation/bumper_motion/install/bumperbot_msgs/include/bumperbot_msgs/bumperbot_msgs/action/detail/fibonacci__functions.h
[126.783s] -- Installing: /home/demi/ros2jazzy_tsp_implementation/bumper_motion/install/bumperbot_msgs/include/bumperbot_msgs/bumperbot_msgs/action/detail/fibonacci__type_support.c
[126.784s] -- Installing: /home/demi/ros2jazzy_tsp_implementation/bumper_motion/install/bumperbot_msgs/include/bumperbot_msgs/bumperbot_msgs/action/detail/fibonacci__type_support.h
[126.785s] -- Installing: /home/demi/ros2jazzy_tsp_implementation/bumper_motion/install/bumperbot_msgs/include/bumperbot_msgs/bumperbot_msgs/action/detail/fibonacci__description.c
[126.785s] -- Installing: /home/demi/ros2jazzy_tsp_implementation/bumper_motion/install/bumperbot_msgs/include/bumperbot_msgs/bumperbot_msgs/action/detail/fibonacci__struct.h
[126.786s] -- Installing: /home/demi/ros2jazzy_tsp_implementation/bumper_motion/install/bumperbot_msgs/include/bumperbot_msgs/bumperbot_msgs/action/detail/fibonacci__functions.c
[126.786s] -- Installing: /home/demi/ros2jazzy_tsp_implementation/bumper_motion/install/bumperbot_msgs/include/bumperbot_msgs/bumperbot_msgs/msg
[126.787s] -- Installing: /home/demi/ros2jazzy_tsp_implementation/bumper_motion/install/bumperbot_msgs/include/bumperbot_msgs/bumperbot_msgs/msg/rosidl_generator_c__visibility_control.h
[126.788s] -- Installing: /home/demi/ros2jazzy_tsp_implementation/bumper_motion/install/bumperbot_msgs/share/bumperbot_msgs/environment/library_path.sh
[126.793s] -- Installing: /home/demi/ros2jazzy_tsp_implementation/bumper_motion/install/bumperbot_msgs/share/bumperbot_msgs/environment/library_path.dsv
[126.793s] -- Installing: /home/demi/ros2jazzy_tsp_implementation/bumper_motion/install/bumperbot_msgs/lib/libbumperbot_msgs__rosidl_generator_c.so
[126.794s] -- Set non-toolchain portion of runtime path of "/home/demi/ros2jazzy_tsp_implementation/bumper_motion/install/bumperbot_msgs/lib/libbumperbot_msgs__rosidl_generator_c.so" to ""
[126.794s] -- Up-to-date: /home/demi/ros2jazzy_tsp_implementation/bumper_motion/install/bumperbot_msgs/include/bumperbot_msgs/bumperbot_msgs
[126.794s] -- Up-to-date: /home/demi/ros2jazzy_tsp_implementation/bumper_motion/install/bumperbot_msgs/include/bumperbot_msgs/bumperbot_msgs/srv
[126.795s] -- Up-to-date: /home/demi/ros2jazzy_tsp_implementation/bumper_motion/install/bumperbot_msgs/include/bumperbot_msgs/bumperbot_msgs/srv/detail
[126.796s] -- Installing: /home/demi/ros2jazzy_tsp_implementation/bumper_motion/install/bumperbot_msgs/include/bumperbot_msgs/bumperbot_msgs/srv/detail/add_two_ints__rosidl_typesupport_fastrtps_c.h
[126.797s] -- Installing: /home/demi/ros2jazzy_tsp_implementation/bumper_motion/install/bumperbot_msgs/include/bumperbot_msgs/bumperbot_msgs/srv/detail/get_transform__rosidl_typesupport_fastrtps_c.h
[126.798s] -- Up-to-date: /home/demi/ros2jazzy_tsp_implementation/bumper_motion/install/bumperbot_msgs/include/bumperbot_msgs/bumperbot_msgs/action
[126.799s] -- Up-to-date: /home/demi/ros2jazzy_tsp_implementation/bumper_motion/install/bumperbot_msgs/include/bumperbot_msgs/bumperbot_msgs/action/detail
[126.799s] -- Installing: /home/demi/ros2jazzy_tsp_implementation/bumper_motion/install/bumperbot_msgs/include/bumperbot_msgs/bumperbot_msgs/action/detail/fibonacci__rosidl_typesupport_fastrtps_c.h
[126.800s] -- Up-to-date: /home/demi/ros2jazzy_tsp_implementation/bumper_motion/install/bumperbot_msgs/include/bumperbot_msgs/bumperbot_msgs/msg
[126.800s] -- Installing: /home/demi/ros2jazzy_tsp_implementation/bumper_motion/install/bumperbot_msgs/include/bumperbot_msgs/bumperbot_msgs/msg/rosidl_typesupport_fastrtps_c__visibility_control.h
[126.802s] -- Installing: /home/demi/ros2jazzy_tsp_implementation/bumper_motion/install/bumperbot_msgs/lib/libbumperbot_msgs__rosidl_typesupport_fastrtps_c.so
[126.804s] -- Set non-toolchain portion of runtime path of "/home/demi/ros2jazzy_tsp_implementation/bumper_motion/install/bumperbot_msgs/lib/libbumperbot_msgs__rosidl_typesupport_fastrtps_c.so" to ""
[126.805s] -- Up-to-date: /home/demi/ros2jazzy_tsp_implementation/bumper_motion/install/bumperbot_msgs/include/bumperbot_msgs/bumperbot_msgs
[126.805s] -- Up-to-date: /home/demi/ros2jazzy_tsp_implementation/bumper_motion/install/bumperbot_msgs/include/bumperbot_msgs/bumperbot_msgs/srv
[126.806s] -- Up-to-date: /home/demi/ros2jazzy_tsp_implementation/bumper_motion/install/bumperbot_msgs/include/bumperbot_msgs/bumperbot_msgs/srv/detail
[126.807s] -- Installing: /home/demi/ros2jazzy_tsp_implementation/bumper_motion/install/bumperbot_msgs/include/bumperbot_msgs/bumperbot_msgs/srv/detail/get_transform__traits.hpp
[126.807s] -- Installing: /home/demi/ros2jazzy_tsp_implementation/bumper_motion/install/bumperbot_msgs/include/bumperbot_msgs/bumperbot_msgs/srv/detail/add_two_ints__type_support.hpp
[126.811s] -- Installing: /home/demi/ros2jazzy_tsp_implementation/bumper_motion/install/bumperbot_msgs/include/bumperbot_msgs/bumperbot_msgs/srv/detail/add_two_ints__struct.hpp
[126.813s] -- Installing: /home/demi/ros2jazzy_tsp_implementation/bumper_motion/install/bumperbot_msgs/include/bumperbot_msgs/bumperbot_msgs/srv/detail/add_two_ints__traits.hpp
[126.813s] -- Installing: /home/demi/ros2jazzy_tsp_implementation/bumper_motion/install/bumperbot_msgs/include/bumperbot_msgs/bumperbot_msgs/srv/detail/get_transform__struct.hpp
[126.813s] -- Installing: /home/demi/ros2jazzy_tsp_implementation/bumper_motion/install/bumperbot_msgs/include/bumperbot_msgs/bumperbot_msgs/srv/detail/get_transform__type_support.hpp
[126.814s] -- Installing: /home/demi/ros2jazzy_tsp_implementation/bumper_motion/install/bumperbot_msgs/include/bumperbot_msgs/bumperbot_msgs/srv/detail/get_transform__builder.hpp
[126.815s] -- Installing: /home/demi/ros2jazzy_tsp_implementation/bumper_motion/install/bumperbot_msgs/include/bumperbot_msgs/bumperbot_msgs/srv/detail/add_two_ints__builder.hpp
[126.815s] -- Installing: /home/demi/ros2jazzy_tsp_implementation/bumper_motion/install/bumperbot_msgs/include/bumperbot_msgs/bumperbot_msgs/srv/get_transform.hpp
[126.816s] -- Installing: /home/demi/ros2jazzy_tsp_implementation/bumper_motion/install/bumperbot_msgs/include/bumperbot_msgs/bumperbot_msgs/srv/add_two_ints.hpp
[126.817s] -- Up-to-date: /home/demi/ros2jazzy_tsp_implementation/bumper_motion/install/bumperbot_msgs/include/bumperbot_msgs/bumperbot_msgs/action
[126.817s] -- Up-to-date: /home/demi/ros2jazzy_tsp_implementation/bumper_motion/install/bumperbot_msgs/include/bumperbot_msgs/bumperbot_msgs/action/detail
[126.818s] -- Installing: /home/demi/ros2jazzy_tsp_implementation/bumper_motion/install/bumperbot_msgs/include/bumperbot_msgs/bumperbot_msgs/action/detail/fibonacci__type_support.hpp
[126.818s] -- Installing: /home/demi/ros2jazzy_tsp_implementation/bumper_motion/install/bumperbot_msgs/include/bumperbot_msgs/bumperbot_msgs/action/detail/fibonacci__traits.hpp
[126.819s] -- Installing: /home/demi/ros2jazzy_tsp_implementation/bumper_motion/install/bumperbot_msgs/include/bumperbot_msgs/bumperbot_msgs/action/detail/fibonacci__struct.hpp
[126.820s] -- Installing: /home/demi/ros2jazzy_tsp_implementation/bumper_motion/install/bumperbot_msgs/include/bumperbot_msgs/bumperbot_msgs/action/detail/fibonacci__builder.hpp
[126.820s] -- Installing: /home/demi/ros2jazzy_tsp_implementation/bumper_motion/install/bumperbot_msgs/include/bumperbot_msgs/bumperbot_msgs/action/fibonacci.hpp
[126.821s] -- Up-to-date: /home/demi/ros2jazzy_tsp_implementation/bumper_motion/install/bumperbot_msgs/include/bumperbot_msgs/bumperbot_msgs/msg
[126.821s] -- Installing: /home/demi/ros2jazzy_tsp_implementation/bumper_motion/install/bumperbot_msgs/include/bumperbot_msgs/bumperbot_msgs/msg/rosidl_generator_cpp__visibility_control.hpp
[126.827s] -- Up-to-date: /home/demi/ros2jazzy_tsp_implementation/bumper_motion/install/bumperbot_msgs/include/bumperbot_msgs/bumperbot_msgs
[126.830s] -- Up-to-date: /home/demi/ros2jazzy_tsp_implementation/bumper_motion/install/bumperbot_msgs/include/bumperbot_msgs/bumperbot_msgs/srv
[126.830s] -- Up-to-date: /home/demi/ros2jazzy_tsp_implementation/bumper_motion/install/bumperbot_msgs/include/bumperbot_msgs/bumperbot_msgs/srv/detail
[126.830s] -- Installing: /home/demi/ros2jazzy_tsp_implementation/bumper_motion/install/bumperbot_msgs/include/bumperbot_msgs/bumperbot_msgs/srv/detail/add_two_ints__rosidl_typesupport_fastrtps_cpp.hpp
[126.830s] -- Installing: /home/demi/ros2jazzy_tsp_implementation/bumper_motion/install/bumperbot_msgs/include/bumperbot_msgs/bumperbot_msgs/srv/detail/get_transform__rosidl_typesupport_fastrtps_cpp.hpp
[126.831s] -- Installing: /home/demi/ros2jazzy_tsp_implementation/bumper_motion/install/bumperbot_msgs/include/bumperbot_msgs/bumperbot_msgs/srv/detail/dds_fastrtps
[126.834s] -- Up-to-date: /home/demi/ros2jazzy_tsp_implementation/bumper_motion/install/bumperbot_msgs/include/bumperbot_msgs/bumperbot_msgs/action
[126.835s] -- Up-to-date: /home/demi/ros2jazzy_tsp_implementation/bumper_motion/install/bumperbot_msgs/include/bumperbot_msgs/bumperbot_msgs/action/detail
[126.835s] -- Installing: /home/demi/ros2jazzy_tsp_implementation/bumper_motion/install/bumperbot_msgs/include/bumperbot_msgs/bumperbot_msgs/action/detail/fibonacci__rosidl_typesupport_fastrtps_cpp.hpp
[126.836s] -- Installing: /home/demi/ros2jazzy_tsp_implementation/bumper_motion/install/bumperbot_msgs/include/bumperbot_msgs/bumperbot_msgs/action/detail/dds_fastrtps
[126.840s] -- Up-to-date: /home/demi/ros2jazzy_tsp_implementation/bumper_motion/install/bumperbot_msgs/include/bumperbot_msgs/bumperbot_msgs/msg
[126.842s] -- Installing: /home/demi/ros2jazzy_tsp_implementation/bumper_motion/install/bumperbot_msgs/include/bumperbot_msgs/bumperbot_msgs/msg/rosidl_typesupport_fastrtps_cpp__visibility_control.h
[126.843s] -- Installing: /home/demi/ros2jazzy_tsp_implementation/bumper_motion/install/bumperbot_msgs/lib/libbumperbot_msgs__rosidl_typesupport_fastrtps_cpp.so
[126.843s] -- Set non-toolchain portion of runtime path of "/home/demi/ros2jazzy_tsp_implementation/bumper_motion/install/bumperbot_msgs/lib/libbumperbot_msgs__rosidl_typesupport_fastrtps_cpp.so" to ""
[126.843s] -- Up-to-date: /home/demi/ros2jazzy_tsp_implementation/bumper_motion/install/bumperbot_msgs/include/bumperbot_msgs/bumperbot_msgs
[126.843s] -- Up-to-date: /home/demi/ros2jazzy_tsp_implementation/bumper_motion/install/bumperbot_msgs/include/bumperbot_msgs/bumperbot_msgs/srv
[126.844s] -- Up-to-date: /home/demi/ros2jazzy_tsp_implementation/bumper_motion/install/bumperbot_msgs/include/bumperbot_msgs/bumperbot_msgs/srv/detail
[126.844s] -- Installing: /home/demi/ros2jazzy_tsp_implementation/bumper_motion/install/bumperbot_msgs/include/bumperbot_msgs/bumperbot_msgs/srv/detail/add_two_ints__rosidl_typesupport_introspection_c.h
[126.844s] -- Installing: /home/demi/ros2jazzy_tsp_implementation/bumper_motion/install/bumperbot_msgs/include/bumperbot_msgs/bumperbot_msgs/srv/detail/get_transform__type_support.c
[126.844s] -- Installing: /home/demi/ros2jazzy_tsp_implementation/bumper_motion/install/bumperbot_msgs/include/bumperbot_msgs/bumperbot_msgs/srv/detail/add_two_ints__type_support.c
[126.847s] -- Installing: /home/demi/ros2jazzy_tsp_implementation/bumper_motion/install/bumperbot_msgs/include/bumperbot_msgs/bumperbot_msgs/srv/detail/get_transform__rosidl_typesupport_introspection_c.h
[126.847s] -- Up-to-date: /home/demi/ros2jazzy_tsp_implementation/bumper_motion/install/bumperbot_msgs/include/bumperbot_msgs/bumperbot_msgs/action
[126.847s] -- Up-to-date: /home/demi/ros2jazzy_tsp_implementation/bumper_motion/install/bumperbot_msgs/include/bumperbot_msgs/bumperbot_msgs/action/detail
[126.848s] -- Installing: /home/demi/ros2jazzy_tsp_implementation/bumper_motion/install/bumperbot_msgs/include/bumperbot_msgs/bumperbot_msgs/action/detail/fibonacci__rosidl_typesupport_introspection_c.h
[126.848s] -- Installing: /home/demi/ros2jazzy_tsp_implementation/bumper_motion/install/bumperbot_msgs/include/bumperbot_msgs/bumperbot_msgs/action/detail/fibonacci__type_support.c
[126.850s] -- Up-to-date: /home/demi/ros2jazzy_tsp_implementation/bumper_motion/install/bumperbot_msgs/include/bumperbot_msgs/bumperbot_msgs/msg
[126.851s] -- Installing: /home/demi/ros2jazzy_tsp_implementation/bumper_motion/install/bumperbot_msgs/include/bumperbot_msgs/bumperbot_msgs/msg/rosidl_typesupport_introspection_c__visibility_control.h
[126.853s] -- Installing: /home/demi/ros2jazzy_tsp_implementation/bumper_motion/install/bumperbot_msgs/lib/libbumperbot_msgs__rosidl_typesupport_introspection_c.so
[126.854s] -- Set non-toolchain portion of runtime path of "/home/demi/ros2jazzy_tsp_implementation/bumper_motion/install/bumperbot_msgs/lib/libbumperbot_msgs__rosidl_typesupport_introspection_c.so" to ""
[126.855s] -- Installing: /home/demi/ros2jazzy_tsp_implementation/bumper_motion/install/bumperbot_msgs/lib/libbumperbot_msgs__rosidl_typesupport_c.so
[126.859s] -- Set non-toolchain portion of runtime path of "/home/demi/ros2jazzy_tsp_implementation/bumper_motion/install/bumperbot_msgs/lib/libbumperbot_msgs__rosidl_typesupport_c.so" to ""
[126.859s] -- Up-to-date: /home/demi/ros2jazzy_tsp_implementation/bumper_motion/install/bumperbot_msgs/include/bumperbot_msgs/bumperbot_msgs
[126.859s] -- Up-to-date: /home/demi/ros2jazzy_tsp_implementation/bumper_motion/install/bumperbot_msgs/include/bumperbot_msgs/bumperbot_msgs/srv
[126.859s] -- Up-to-date: /home/demi/ros2jazzy_tsp_implementation/bumper_motion/install/bumperbot_msgs/include/bumperbot_msgs/bumperbot_msgs/srv/detail
[126.860s] -- Installing: /home/demi/ros2jazzy_tsp_implementation/bumper_motion/install/bumperbot_msgs/include/bumperbot_msgs/bumperbot_msgs/srv/detail/get_transform__type_support.cpp
[126.860s] -- Installing: /home/demi/ros2jazzy_tsp_implementation/bumper_motion/install/bumperbot_msgs/include/bumperbot_msgs/bumperbot_msgs/srv/detail/get_transform__rosidl_typesupport_introspection_cpp.hpp
[126.862s] -- Installing: /home/demi/ros2jazzy_tsp_implementation/bumper_motion/install/bumperbot_msgs/include/bumperbot_msgs/bumperbot_msgs/srv/detail/add_two_ints__type_support.cpp
[126.863s] -- Installing: /home/demi/ros2jazzy_tsp_implementation/bumper_motion/install/bumperbot_msgs/include/bumperbot_msgs/bumperbot_msgs/srv/detail/add_two_ints__rosidl_typesupport_introspection_cpp.hpp
[126.863s] -- Up-to-date: /home/demi/ros2jazzy_tsp_implementation/bumper_motion/install/bumperbot_msgs/include/bumperbot_msgs/bumperbot_msgs/action
[126.863s] -- Up-to-date: /home/demi/ros2jazzy_tsp_implementation/bumper_motion/install/bumperbot_msgs/include/bumperbot_msgs/bumperbot_msgs/action/detail
[126.863s] -- Installing: /home/demi/ros2jazzy_tsp_implementation/bumper_motion/install/bumperbot_msgs/include/bumperbot_msgs/bumperbot_msgs/action/detail/fibonacci__type_support.cpp
[126.863s] -- Installing: /home/demi/ros2jazzy_tsp_implementation/bumper_motion/install/bumperbot_msgs/include/bumperbot_msgs/bumperbot_msgs/action/detail/fibonacci__rosidl_typesupport_introspection_cpp.hpp
[126.865s] -- Installing: /home/demi/ros2jazzy_tsp_implementation/bumper_motion/install/bumperbot_msgs/lib/libbumperbot_msgs__rosidl_typesupport_introspection_cpp.so
[126.870s] -- Set non-toolchain portion of runtime path of "/home/demi/ros2jazzy_tsp_implementation/bumper_motion/install/bumperbot_msgs/lib/libbumperbot_msgs__rosidl_typesupport_introspection_cpp.so" to ""
[126.871s] -- Installing: /home/demi/ros2jazzy_tsp_implementation/bumper_motion/install/bumperbot_msgs/lib/libbumperbot_msgs__rosidl_typesupport_cpp.so
[126.878s] -- Set non-toolchain portion of runtime path of "/home/demi/ros2jazzy_tsp_implementation/bumper_motion/install/bumperbot_msgs/lib/libbumperbot_msgs__rosidl_typesupport_cpp.so" to ""
[126.878s] -- Installing: /home/demi/ros2jazzy_tsp_implementation/bumper_motion/install/bumperbot_msgs/share/bumperbot_msgs/environment/pythonpath.sh
[126.881s] -- Installing: /home/demi/ros2jazzy_tsp_implementation/bumper_motion/install/bumperbot_msgs/share/bumperbot_msgs/environment/pythonpath.dsv
[126.882s] -- Installing: /home/demi/ros2jazzy_tsp_implementation/bumper_motion/install/bumperbot_msgs/lib/python3.12/site-packages/bumperbot_msgs-0.0.0-py3.12.egg-info
[126.882s] -- Installing: /home/demi/ros2jazzy_tsp_implementation/bumper_motion/install/bumperbot_msgs/lib/python3.12/site-packages/bumperbot_msgs-0.0.0-py3.12.egg-info/SOURCES.txt
[126.882s] -- Installing: /home/demi/ros2jazzy_tsp_implementation/bumper_motion/install/bumperbot_msgs/lib/python3.12/site-packages/bumperbot_msgs-0.0.0-py3.12.egg-info/dependency_links.txt
[126.882s] -- Installing: /home/demi/ros2jazzy_tsp_implementation/bumper_motion/install/bumperbot_msgs/lib/python3.12/site-packages/bumperbot_msgs-0.0.0-py3.12.egg-info/PKG-INFO
[126.883s] -- Installing: /home/demi/ros2jazzy_tsp_implementation/bumper_motion/install/bumperbot_msgs/lib/python3.12/site-packages/bumperbot_msgs-0.0.0-py3.12.egg-info/top_level.txt
[126.883s] -- Installing: /home/demi/ros2jazzy_tsp_implementation/bumper_motion/install/bumperbot_msgs/lib/python3.12/site-packages/bumperbot_msgs
[126.883s] -- Installing: /home/demi/ros2jazzy_tsp_implementation/bumper_motion/install/bumperbot_msgs/lib/python3.12/site-packages/bumperbot_msgs/bumperbot_msgs_s__rosidl_typesupport_fastrtps_c.so
[126.884s] -- Installing: /home/demi/ros2jazzy_tsp_implementation/bumper_motion/install/bumperbot_msgs/lib/python3.12/site-packages/bumperbot_msgs/_bumperbot_msgs_s.ep.rosidl_typesupport_fastrtps_c.c
[126.884s] -- Installing: /home/demi/ros2jazzy_tsp_implementation/bumper_motion/install/bumperbot_msgs/lib/python3.12/site-packages/bumperbot_msgs/__init__.py
[126.885s] -- Installing: /home/demi/ros2jazzy_tsp_implementation/bumper_motion/install/bumperbot_msgs/lib/python3.12/site-packages/bumperbot_msgs/srv
[126.885s] -- Installing: /home/demi/ros2jazzy_tsp_implementation/bumper_motion/install/bumperbot_msgs/lib/python3.12/site-packages/bumperbot_msgs/srv/_get_transform_s.c
[126.885s] -- Installing: /home/demi/ros2jazzy_tsp_implementation/bumper_motion/install/bumperbot_msgs/lib/python3.12/site-packages/bumperbot_msgs/srv/_get_transform.py
[126.887s] -- Installing: /home/demi/ros2jazzy_tsp_implementation/bumper_motion/install/bumperbot_msgs/lib/python3.12/site-packages/bumperbot_msgs/srv/__init__.py
[126.887s] -- Installing: /home/demi/ros2jazzy_tsp_implementation/bumper_motion/install/bumperbot_msgs/lib/python3.12/site-packages/bumperbot_msgs/srv/_add_two_ints_s.c
[126.888s] -- Installing: /home/demi/ros2jazzy_tsp_implementation/bumper_motion/install/bumperbot_msgs/lib/python3.12/site-packages/bumperbot_msgs/srv/_add_two_ints.py
[126.888s] -- Installing: /home/demi/ros2jazzy_tsp_implementation/bumper_motion/install/bumperbot_msgs/lib/python3.12/site-packages/bumperbot_msgs/bumperbot_msgs_s__rosidl_typesupport_c.so
[126.889s] -- Installing: /home/demi/ros2jazzy_tsp_implementation/bumper_motion/install/bumperbot_msgs/lib/python3.12/site-packages/bumperbot_msgs/action
[126.889s] -- Installing: /home/demi/ros2jazzy_tsp_implementation/bumper_motion/install/bumperbot_msgs/lib/python3.12/site-packages/bumperbot_msgs/action/_fibonacci.py
[126.890s] -- Installing: /home/demi/ros2jazzy_tsp_implementation/bumper_motion/install/bumperbot_msgs/lib/python3.12/site-packages/bumperbot_msgs/action/_fibonacci_s.c
[126.890s] -- Installing: /home/demi/ros2jazzy_tsp_implementation/bumper_motion/install/bumperbot_msgs/lib/python3.12/site-packages/bumperbot_msgs/action/__init__.py
[126.891s] -- Installing: /home/demi/ros2jazzy_tsp_implementation/bumper_motion/install/bumperbot_msgs/lib/python3.12/site-packages/bumperbot_msgs/_bumperbot_msgs_s.ep.rosidl_typesupport_c.c
[126.891s] -- Installing: /home/demi/ros2jazzy_tsp_implementation/bumper_motion/install/bumperbot_msgs/lib/python3.12/site-packages/bumperbot_msgs/_bumperbot_msgs_s.ep.rosidl_typesupport_introspection_c.c
[126.894s] -- Installing: /home/demi/ros2jazzy_tsp_implementation/bumper_motion/install/bumperbot_msgs/lib/python3.12/site-packages/bumperbot_msgs/bumperbot_msgs_s__rosidl_typesupport_introspection_c.so
[127.293s] Listing '/home/demi/ros2jazzy_tsp_implementation/bumper_motion/install/bumperbot_msgs/lib/python3.12/site-packages/bumperbot_msgs'...
[127.293s] Compiling '/home/demi/ros2jazzy_tsp_implementation/bumper_motion/install/bumperbot_msgs/lib/python3.12/site-packages/bumperbot_msgs/__init__.py'...
[127.293s] Listing '/home/demi/ros2jazzy_tsp_implementation/bumper_motion/install/bumperbot_msgs/lib/python3.12/site-packages/bumperbot_msgs/action'...
[127.293s] Compiling '/home/demi/ros2jazzy_tsp_implementation/bumper_motion/install/bumperbot_msgs/lib/python3.12/site-packages/bumperbot_msgs/action/__init__.py'...
[127.293s] Compiling '/home/demi/ros2jazzy_tsp_implementation/bumper_motion/install/bumperbot_msgs/lib/python3.12/site-packages/bumperbot_msgs/action/_fibonacci.py'...
[127.294s] Listing '/home/demi/ros2jazzy_tsp_implementation/bumper_motion/install/bumperbot_msgs/lib/python3.12/site-packages/bumperbot_msgs/srv'...
[127.294s] Compiling '/home/demi/ros2jazzy_tsp_implementation/bumper_motion/install/bumperbot_msgs/lib/python3.12/site-packages/bumperbot_msgs/srv/__init__.py'...
[127.295s] Compiling '/home/demi/ros2jazzy_tsp_implementation/bumper_motion/install/bumperbot_msgs/lib/python3.12/site-packages/bumperbot_msgs/srv/_add_two_ints.py'...
[127.295s] Compiling '/home/demi/ros2jazzy_tsp_implementation/bumper_motion/install/bumperbot_msgs/lib/python3.12/site-packages/bumperbot_msgs/srv/_get_transform.py'...
[127.308s] -- Installing: /home/demi/ros2jazzy_tsp_implementation/bumper_motion/install/bumperbot_msgs/lib/python3.12/site-packages/bumperbot_msgs/bumperbot_msgs_s__rosidl_typesupport_fastrtps_c.so
[127.311s] -- Set non-toolchain portion of runtime path of "/home/demi/ros2jazzy_tsp_implementation/bumper_motion/install/bumperbot_msgs/lib/python3.12/site-packages/bumperbot_msgs/bumperbot_msgs_s__rosidl_typesupport_fastrtps_c.so" to ""
[127.311s] -- Installing: /home/demi/ros2jazzy_tsp_implementation/bumper_motion/install/bumperbot_msgs/lib/python3.12/site-packages/bumperbot_msgs/bumperbot_msgs_s__rosidl_typesupport_introspection_c.so
[127.311s] -- Set non-toolchain portion of runtime path of "/home/demi/ros2jazzy_tsp_implementation/bumper_motion/install/bumperbot_msgs/lib/python3.12/site-packages/bumperbot_msgs/bumperbot_msgs_s__rosidl_typesupport_introspection_c.so" to ""
[127.313s] -- Installing: /home/demi/ros2jazzy_tsp_implementation/bumper_motion/install/bumperbot_msgs/lib/python3.12/site-packages/bumperbot_msgs/bumperbot_msgs_s__rosidl_typesupport_c.so
[127.314s] -- Set non-toolchain portion of runtime path of "/home/demi/ros2jazzy_tsp_implementation/bumper_motion/install/bumperbot_msgs/lib/python3.12/site-packages/bumperbot_msgs/bumperbot_msgs_s__rosidl_typesupport_c.so" to ""
[127.314s] -- Installing: /home/demi/ros2jazzy_tsp_implementation/bumper_motion/install/bumperbot_msgs/lib/libbumperbot_msgs__rosidl_generator_py.so
[127.316s] -- Set non-toolchain portion of runtime path of "/home/demi/ros2jazzy_tsp_implementation/bumper_motion/install/bumperbot_msgs/lib/libbumperbot_msgs__rosidl_generator_py.so" to ""
[127.317s] -- Installing: /home/demi/ros2jazzy_tsp_implementation/bumper_motion/install/bumperbot_msgs/share/ament_index/resource_index/rust_packages/bumperbot_msgs
[127.317s] -- Installing: /home/demi/ros2jazzy_tsp_implementation/bumper_motion/install/bumperbot_msgs/share/bumperbot_msgs/rust
[127.318s] -- Installing: /home/demi/ros2jazzy_tsp_implementation/bumper_motion/install/bumperbot_msgs/share/bumperbot_msgs/rust/Cargo.toml
[127.318s] -- Installing: /home/demi/ros2jazzy_tsp_implementation/bumper_motion/install/bumperbot_msgs/share/bumperbot_msgs/rust/src
[127.323s] -- Installing: /home/demi/ros2jazzy_tsp_implementation/bumper_motion/install/bumperbot_msgs/share/bumperbot_msgs/rust/src/action.rs
[127.323s] -- Installing: /home/demi/ros2jazzy_tsp_implementation/bumper_motion/install/bumperbot_msgs/share/bumperbot_msgs/rust/src/lib.rs
[127.323s] -- Installing: /home/demi/ros2jazzy_tsp_implementation/bumper_motion/install/bumperbot_msgs/share/bumperbot_msgs/rust/src/srv
[127.324s] -- Installing: /home/demi/ros2jazzy_tsp_implementation/bumper_motion/install/bumperbot_msgs/share/bumperbot_msgs/rust/src/srv/rmw.rs
[127.324s] -- Installing: /home/demi/ros2jazzy_tsp_implementation/bumper_motion/install/bumperbot_msgs/share/bumperbot_msgs/rust/src/srv.rs
[127.326s] -- Installing: /home/demi/ros2jazzy_tsp_implementation/bumper_motion/install/bumperbot_msgs/share/bumperbot_msgs/rust/src/action
[127.326s] -- Installing: /home/demi/ros2jazzy_tsp_implementation/bumper_motion/install/bumperbot_msgs/share/bumperbot_msgs/rust/src/action/rmw.rs
[127.327s] -- Installing: /home/demi/ros2jazzy_tsp_implementation/bumper_motion/install/bumperbot_msgs/share/bumperbot_msgs/rust/build.rs
[127.329s] -- Installing: /home/demi/ros2jazzy_tsp_implementation/bumper_motion/install/bumperbot_msgs/share/bumperbot_msgs/action/Fibonacci.idl
[127.330s] -- Installing: /home/demi/ros2jazzy_tsp_implementation/bumper_motion/install/bumperbot_msgs/share/bumperbot_msgs/srv/AddTwoInts.idl
[127.330s] -- Installing: /home/demi/ros2jazzy_tsp_implementation/bumper_motion/install/bumperbot_msgs/share/bumperbot_msgs/srv/GetTransform.idl
[127.330s] -- Installing: /home/demi/ros2jazzy_tsp_implementation/bumper_motion/install/bumperbot_msgs/share/bumperbot_msgs/action/Fibonacci.action
[127.331s] -- Installing: /home/demi/ros2jazzy_tsp_implementation/bumper_motion/install/bumperbot_msgs/share/bumperbot_msgs/srv/AddTwoInts.srv
[127.333s] -- Installing: /home/demi/ros2jazzy_tsp_implementation/bumper_motion/install/bumperbot_msgs/share/bumperbot_msgs/srv/GetTransform.srv
[127.333s] -- Installing: /home/demi/ros2jazzy_tsp_implementation/bumper_motion/install/bumperbot_msgs/share/ament_index/resource_index/package_run_dependencies/bumperbot_msgs
[127.334s] -- Installing: /home/demi/ros2jazzy_tsp_implementation/bumper_motion/install/bumperbot_msgs/share/ament_index/resource_index/parent_prefix_path/bumperbot_msgs
[127.334s] -- Installing: /home/demi/ros2jazzy_tsp_implementation/bumper_motion/install/bumperbot_msgs/share/bumperbot_msgs/environment/ament_prefix_path.sh
[127.334s] -- Installing: /home/demi/ros2jazzy_tsp_implementation/bumper_motion/install/bumperbot_msgs/share/bumperbot_msgs/environment/ament_prefix_path.dsv
[127.334s] -- Installing: /home/demi/ros2jazzy_tsp_implementation/bumper_motion/install/bumperbot_msgs/share/bumperbot_msgs/environment/path.sh
[127.334s] -- Installing: /home/demi/ros2jazzy_tsp_implementation/bumper_motion/install/bumperbot_msgs/share/bumperbot_msgs/environment/path.dsv
[127.335s] -- Installing: /home/demi/ros2jazzy_tsp_implementation/bumper_motion/install/bumperbot_msgs/share/bumperbot_msgs/local_setup.bash
[127.335s] -- Installing: /home/demi/ros2jazzy_tsp_implementation/bumper_motion/install/bumperbot_msgs/share/bumperbot_msgs/local_setup.sh
[127.335s] -- Installing: /home/demi/ros2jazzy_tsp_implementation/bumper_motion/install/bumperbot_msgs/share/bumperbot_msgs/local_setup.zsh
[127.340s] -- Installing: /home/demi/ros2jazzy_tsp_implementation/bumper_motion/install/bumperbot_msgs/share/bumperbot_msgs/local_setup.dsv
[127.340s] -- Installing: /home/demi/ros2jazzy_tsp_implementation/bumper_motion/install/bumperbot_msgs/share/bumperbot_msgs/package.dsv
[127.341s] -- Installing: /home/demi/ros2jazzy_tsp_implementation/bumper_motion/install/bumperbot_msgs/share/ament_index/resource_index/packages/bumperbot_msgs
[127.341s] -- Installing: /home/demi/ros2jazzy_tsp_implementation/bumper_motion/install/bumperbot_msgs/share/bumperbot_msgs/cmake/export_bumperbot_msgs__rosidl_generator_cExport.cmake
[127.341s] -- Installing: /home/demi/ros2jazzy_tsp_implementation/bumper_motion/install/bumperbot_msgs/share/bumperbot_msgs/cmake/export_bumperbot_msgs__rosidl_generator_cExport-noconfig.cmake
[127.341s] -- Installing: /home/demi/ros2jazzy_tsp_implementation/bumper_motion/install/bumperbot_msgs/share/bumperbot_msgs/cmake/export_bumperbot_msgs__rosidl_typesupport_fastrtps_cExport.cmake
[127.342s] -- Installing: /home/demi/ros2jazzy_tsp_implementation/bumper_motion/install/bumperbot_msgs/share/bumperbot_msgs/cmake/export_bumperbot_msgs__rosidl_typesupport_fastrtps_cExport-noconfig.cmake
[127.342s] -- Installing: /home/demi/ros2jazzy_tsp_implementation/bumper_motion/install/bumperbot_msgs/share/bumperbot_msgs/cmake/export_bumperbot_msgs__rosidl_generator_cppExport.cmake
[127.342s] -- Installing: /home/demi/ros2jazzy_tsp_implementation/bumper_motion/install/bumperbot_msgs/share/bumperbot_msgs/cmake/export_bumperbot_msgs__rosidl_typesupport_fastrtps_cppExport.cmake
[127.347s] -- Installing: /home/demi/ros2jazzy_tsp_implementation/bumper_motion/install/bumperbot_msgs/share/bumperbot_msgs/cmake/export_bumperbot_msgs__rosidl_typesupport_fastrtps_cppExport-noconfig.cmake
[127.350s] -- Installing: /home/demi/ros2jazzy_tsp_implementation/bumper_motion/install/bumperbot_msgs/share/bumperbot_msgs/cmake/bumperbot_msgs__rosidl_typesupport_introspection_cExport.cmake
[127.350s] -- Installing: /home/demi/ros2jazzy_tsp_implementation/bumper_motion/install/bumperbot_msgs/share/bumperbot_msgs/cmake/bumperbot_msgs__rosidl_typesupport_introspection_cExport-noconfig.cmake
[127.350s] -- Installing: /home/demi/ros2jazzy_tsp_implementation/bumper_motion/install/bumperbot_msgs/share/bumperbot_msgs/cmake/bumperbot_msgs__rosidl_typesupport_cExport.cmake
[127.350s] -- Installing: /home/demi/ros2jazzy_tsp_implementation/bumper_motion/install/bumperbot_msgs/share/bumperbot_msgs/cmake/bumperbot_msgs__rosidl_typesupport_cExport-noconfig.cmake
[127.351s] -- Installing: /home/demi/ros2jazzy_tsp_implementation/bumper_motion/install/bumperbot_msgs/share/bumperbot_msgs/cmake/bumperbot_msgs__rosidl_typesupport_introspection_cppExport.cmake
[127.351s] -- Installing: /home/demi/ros2jazzy_tsp_implementation/bumper_motion/install/bumperbot_msgs/share/bumperbot_msgs/cmake/bumperbot_msgs__rosidl_typesupport_introspection_cppExport-noconfig.cmake
[127.355s] -- Installing: /home/demi/ros2jazzy_tsp_implementation/bumper_motion/install/bumperbot_msgs/share/bumperbot_msgs/cmake/bumperbot_msgs__rosidl_typesupport_cppExport.cmake
[127.355s] -- Installing: /home/demi/ros2jazzy_tsp_implementation/bumper_motion/install/bumperbot_msgs/share/bumperbot_msgs/cmake/bumperbot_msgs__rosidl_typesupport_cppExport-noconfig.cmake
[127.356s] -- Installing: /home/demi/ros2jazzy_tsp_implementation/bumper_motion/install/bumperbot_msgs/share/bumperbot_msgs/cmake/export_bumperbot_msgs__rosidl_generator_pyExport.cmake
[127.356s] -- Installing: /home/demi/ros2jazzy_tsp_implementation/bumper_motion/install/bumperbot_msgs/share/bumperbot_msgs/cmake/export_bumperbot_msgs__rosidl_generator_pyExport-noconfig.cmake
[127.356s] -- Installing: /home/demi/ros2jazzy_tsp_implementation/bumper_motion/install/bumperbot_msgs/share/bumperbot_msgs/cmake/rosidl_cmake-extras.cmake
[127.356s] -- Installing: /home/demi/ros2jazzy_tsp_implementation/bumper_motion/install/bumperbot_msgs/share/bumperbot_msgs/cmake/ament_cmake_export_dependencies-extras.cmake
[127.356s] -- Installing: /home/demi/ros2jazzy_tsp_implementation/bumper_motion/install/bumperbot_msgs/share/bumperbot_msgs/cmake/ament_cmake_export_include_directories-extras.cmake
[127.357s] -- Installing: /home/demi/ros2jazzy_tsp_implementation/bumper_motion/install/bumperbot_msgs/share/bumperbot_msgs/cmake/ament_cmake_export_libraries-extras.cmake
[127.357s] -- Installing: /home/demi/ros2jazzy_tsp_implementation/bumper_motion/install/bumperbot_msgs/share/bumperbot_msgs/cmake/ament_cmake_export_targets-extras.cmake
[127.357s] -- Installing: /home/demi/ros2jazzy_tsp_implementation/bumper_motion/install/bumperbot_msgs/share/bumperbot_msgs/cmake/rosidl_cmake_export_typesupport_targets-extras.cmake
[127.357s] -- Installing: /home/demi/ros2jazzy_tsp_implementation/bumper_motion/install/bumperbot_msgs/share/bumperbot_msgs/cmake/rosidl_cmake_export_typesupport_libraries-extras.cmake
[127.363s] -- Installing: /home/demi/ros2jazzy_tsp_implementation/bumper_motion/install/bumperbot_msgs/share/bumperbot_msgs/cmake/bumperbot_msgsConfig.cmake
[127.363s] -- Installing: /home/demi/ros2jazzy_tsp_implementation/bumper_motion/install/bumperbot_msgs/share/bumperbot_msgs/cmake/bumperbot_msgsConfig-version.cmake
[127.363s] -- Installing: /home/demi/ros2jazzy_tsp_implementation/bumper_motion/install/bumperbot_msgs/share/bumperbot_msgs/package.xml
[127.367s] Invoked command in '/home/demi/ros2jazzy_tsp_implementation/bumper_motion/build/bumperbot_msgs' returned '0': CMAKE_PREFIX_PATH=${CMAKE_PREFIX_PATH}:/home/demi/ros2jazzy_tsp_implementation/bumper_motion/install/bumperbot_py_examples:/home/demi/ros2_jazzy/install/rqt_bag_plugins:/home/demi/ros2_jazzy/install/launch_testing_examples:/home/demi/ros2_jazzy/install/ros2bag:/home/demi/ros2_jazzy/install/rqt_bag:/home/demi/ros2_jazzy/install/rosbag2_examples_py:/home/demi/ros2_jazzy/install/tracetools_test:/home/demi/ros2_jazzy/install/tracetools_launch:/home/demi/ros2_jazzy/install/topic_monitor:/home/demi/ros2_jazzy/install/tf2_tools:/home/demi/ros2_jazzy/install/examples_tf2_py:/home/demi/ros2_jazzy/install/tf2_ros_py:/home/demi/ros2_jazzy/install/examples_rclpy_pointcloud_publisher:/home/demi/ros2_jazzy/install/sensor_msgs_py:/home/demi/ros2_jazzy/install/quality_of_service_demo_py:/home/demi/ros2_jazzy/install/camera_info_manager_py:/home/demi/ros2_jazzy/install/rqt_plot:/home/demi/ros2_jazzy/install/ros2doctor:/home/demi/ros2_jazzy/install/lifecycle_py:/home/demi/ros2_jazzy/install/examples_rclpy_minimal_subscriber:/home/demi/ros2_jazzy/install/examples_rclpy_minimal_service:/home/demi/ros2_jazzy/install/examples_rclpy_minimal_publisher:/home/demi/ros2_jazzy/install/examples_rclpy_minimal_client:/home/demi/ros2_jazzy/install/examples_rclpy_executors:/home/demi/ros2_jazzy/install/demo_nodes_py:/home/demi/ros2_jazzy/install/rqt:/home/demi/ros2_jazzy/install/ros2component:/home/demi/ros2_jazzy/install/sros2:/home/demi/ros2_jazzy/install/rqt_topic:/home/demi/ros2_jazzy/install/rqt_srv:/home/demi/ros2_jazzy/install/rqt_shell:/home/demi/ros2_jazzy/install/rqt_service_caller:/home/demi/ros2_jazzy/install/rqt_reconfigure:/home/demi/ros2_jazzy/install/rqt_py_console:/home/demi/ros2_jazzy/install/rqt_publisher:/home/demi/ros2_jazzy/install/rqt_action:/home/demi/ros2_jazzy/install/rqt_msg:/home/demi/ros2_jazzy/install/rqt_console:/home/demi/ros2_jazzy/install/rqt_graph:/home/demi/ros2_jazzy/install/rqt_gui_py:/home/demi/ros2_jazzy/install/rqt_gui:/home/demi/ros2_jazzy/install/ros2trace:/home/demi/ros2_jazzy/install/ros2param:/home/demi/ros2_jazzy/install/ros2lifecycle:/home/demi/ros2_jazzy/install/ros2service:/home/demi/ros2_jazzy/install/ros2topic:/home/demi/ros2_jazzy/install/ros2test:/home/demi/ros2_jazzy/install/ros2run:/home/demi/ros2_jazzy/install/ros2plugin:/home/demi/ros2_jazzy/install/ros2launch:/home/demi/ros2_jazzy/install/ros2pkg:/home/demi/ros2_jazzy/install/ros2node:/home/demi/ros2_jazzy/install/ros2multicast:/home/demi/ros2_jazzy/install/ros2interface:/home/demi/ros2_jazzy/install/ros2action:/home/demi/ros2_jazzy/install/ros2cli:/home/demi/ros2_jazzy/install/launch_testing_ros:/home/demi/ros2_jazzy/install/launch_ros:/home/demi/ros2_jazzy/install/examples_rclpy_minimal_action_server:/home/demi/ros2_jazzy/install/examples_rclpy_minimal_action_client:/home/demi/ros2_jazzy/install/examples_rclpy_guard_conditions:/home/demi/ros2_jazzy/install/action_tutorials_py:/home/demi/ros2_jazzy/install/ament_uncrustify:/home/demi/ros2_jazzy/install/tracetools_trace:/home/demi/ros2_jazzy/install/tracetools_read:/home/demi/ros2_jazzy/install/test_tracetools_launch:/home/demi/ros2_jazzy/install/test_ros2trace:/home/demi/ros2_jazzy/install/test_launch_ros:/home/demi/ros2_jazzy/install/rpyutils:/home/demi/ros2_jazzy/install/rosidl_runtime_py:/home/demi/ros2_jazzy/install/rosidl_pycommon:/home/demi/ros2_jazzy/install/rosidl_cli:/home/demi/ros2_jazzy/install/launch_pytest:/home/demi/ros2_jazzy/install/launch_testing:/home/demi/ros2_jazzy/install/launch_yaml:/home/demi/ros2_jazzy/install/launch_xml:/home/demi/ros2_jazzy/install/launch:/home/demi/ros2_jazzy/install/osrf_pycommon:/home/demi/ros2_jazzy/install/domain_coordinator:/home/demi/ros2_jazzy/install/ament_xmllint:/home/demi/ros2_jazzy/install/ament_pyflakes:/home/demi/ros2_jazzy/install/ament_pycodestyle:/home/demi/ros2_jazzy/install/ament_pep257:/home/demi/ros2_jazzy/install/ament_pclint:/home/demi/ros2_jazzy/install/ament_package:/home/demi/ros2_jazzy/install/ament_mypy:/home/demi/ros2_jazzy/install/ament_lint_cmake:/home/demi/ros2_jazzy/install/ament_flake8:/home/demi/ros2_jazzy/install/ament_copyright:/home/demi/ros2_jazzy/install/ament_lint:/home/demi/ros2_jazzy/install/ament_index_python:/home/demi/ros2_jazzy/install/ament_cpplint:/home/demi/ros2_jazzy/install/ament_cppcheck:/home/demi/ros2_jazzy/install/ament_clang_tidy:/home/demi/ros2_jazzy/install/ament_clang_format DEBUGINFOD_URLS=https://debuginfod.ubuntu.com /usr/bin/cmake --install /home/demi/ros2jazzy_tsp_implementation/bumper_motion/build/bumperbot_msgs
