[0.192s] Invoking command in '/home/demi/bumper_motion/build/bumperbot_msgs': CMAKE_PREFIX_PATH=${CMAKE_PREFIX_PATH}:/opt/ros/jazzy:/home/demi/ros2_jazzy/install/rqt_bag_plugins:/home/demi/ros2_jazzy/install/launch_testing_examples:/home/demi/ros2_jazzy/install/ros2bag:/home/demi/ros2_jazzy/install/rqt_bag:/home/demi/ros2_jazzy/install/rosbag2_examples_py:/home/demi/ros2_jazzy/install/tracetools_test:/home/demi/ros2_jazzy/install/tracetools_launch:/home/demi/ros2_jazzy/install/topic_monitor:/home/demi/ros2_jazzy/install/tf2_tools:/home/demi/ros2_jazzy/install/examples_tf2_py:/home/demi/ros2_jazzy/install/tf2_ros_py:/home/demi/ros2_jazzy/install/examples_rclpy_pointcloud_publisher:/home/demi/ros2_jazzy/install/sensor_msgs_py:/home/demi/ros2_jazzy/install/quality_of_service_demo_py:/home/demi/ros2_jazzy/install/camera_info_manager_py:/home/demi/ros2_jazzy/install/rqt_plot:/home/demi/ros2_jazzy/install/ros2doctor:/home/demi/ros2_jazzy/install/lifecycle_py:/home/demi/ros2_jazzy/install/examples_rclpy_minimal_subscriber:/home/demi/ros2_jazzy/install/examples_rclpy_minimal_service:/home/demi/ros2_jazzy/install/examples_rclpy_minimal_publisher:/home/demi/ros2_jazzy/install/examples_rclpy_minimal_client:/home/demi/ros2_jazzy/install/examples_rclpy_executors:/home/demi/ros2_jazzy/install/demo_nodes_py:/home/demi/ros2_jazzy/install/rqt:/home/demi/ros2_jazzy/install/ros2component:/home/demi/ros2_jazzy/install/sros2:/home/demi/ros2_jazzy/install/rqt_topic:/home/demi/ros2_jazzy/install/rqt_srv:/home/demi/ros2_jazzy/install/rqt_shell:/home/demi/ros2_jazzy/install/rqt_service_caller:/home/demi/ros2_jazzy/install/rqt_reconfigure:/home/demi/ros2_jazzy/install/rqt_py_console:/home/demi/ros2_jazzy/install/rqt_publisher:/home/demi/ros2_jazzy/install/rqt_action:/home/demi/ros2_jazzy/install/rqt_msg:/home/demi/ros2_jazzy/install/rqt_console:/home/demi/ros2_jazzy/install/rqt_graph:/home/demi/ros2_jazzy/install/rqt_gui_py:/home/demi/ros2_jazzy/install/rqt_gui:/home/demi/ros2_jazzy/install/ros2trace:/home/demi/ros2_jazzy/install/ros2param:/home/demi/ros2_jazzy/install/ros2lifecycle:/home/demi/ros2_jazzy/install/ros2service:/home/demi/ros2_jazzy/install/ros2topic:/home/demi/ros2_jazzy/install/ros2test:/home/demi/ros2_jazzy/install/ros2run:/home/demi/ros2_jazzy/install/ros2plugin:/home/demi/ros2_jazzy/install/ros2launch:/home/demi/ros2_jazzy/install/ros2pkg:/home/demi/ros2_jazzy/install/ros2node:/home/demi/ros2_jazzy/install/ros2multicast:/home/demi/ros2_jazzy/install/ros2interface:/home/demi/ros2_jazzy/install/ros2action:/home/demi/ros2_jazzy/install/ros2cli:/home/demi/ros2_jazzy/install/launch_testing_ros:/home/demi/ros2_jazzy/install/launch_ros:/home/demi/ros2_jazzy/install/examples_rclpy_minimal_action_server:/home/demi/ros2_jazzy/install/examples_rclpy_minimal_action_client:/home/demi/ros2_jazzy/install/examples_rclpy_guard_conditions:/home/demi/ros2_jazzy/install/action_tutorials_py:/home/demi/ros2_jazzy/install/ament_uncrustify:/home/demi/ros2_jazzy/install/tracetools_trace:/home/demi/ros2_jazzy/install/tracetools_read:/home/demi/ros2_jazzy/install/test_tracetools_launch:/home/demi/ros2_jazzy/install/test_ros2trace:/home/demi/ros2_jazzy/install/test_launch_ros:/home/demi/ros2_jazzy/install/rpyutils:/home/demi/ros2_jazzy/install/rosidl_runtime_py:/home/demi/ros2_jazzy/install/rosidl_pycommon:/home/demi/ros2_jazzy/install/rosidl_cli:/home/demi/ros2_jazzy/install/launch_pytest:/home/demi/ros2_jazzy/install/launch_testing:/home/demi/ros2_jazzy/install/launch_yaml:/home/demi/ros2_jazzy/install/launch_xml:/home/demi/ros2_jazzy/install/launch:/home/demi/ros2_jazzy/install/osrf_pycommon:/home/demi/ros2_jazzy/install/domain_coordinator:/home/demi/ros2_jazzy/install/ament_xmllint:/home/demi/ros2_jazzy/install/ament_pyflakes:/home/demi/ros2_jazzy/install/ament_pycodestyle:/home/demi/ros2_jazzy/install/ament_pep257:/home/demi/ros2_jazzy/install/ament_pclint:/home/demi/ros2_jazzy/install/ament_package:/home/demi/ros2_jazzy/install/ament_mypy:/home/demi/ros2_jazzy/install/ament_lint_cmake:/home/demi/ros2_jazzy/install/ament_flake8:/home/demi/ros2_jazzy/install/ament_copyright:/home/demi/ros2_jazzy/install/ament_lint:/home/demi/ros2_jazzy/install/ament_index_python:/home/demi/ros2_jazzy/install/ament_cpplint:/home/demi/ros2_jazzy/install/ament_cppcheck:/home/demi/ros2_jazzy/install/ament_clang_tidy:/home/demi/ros2_jazzy/install/ament_clang_format DEBUGINFOD_URLS=https://debuginfod.ubuntu.com /usr/bin/cmake --build /home/demi/bumper_motion/build/bumperbot_msgs -- -j4 -l4
[0.716s] [  1%] Built target bumperbot_msgs__rosidl_generator_type_description
[0.860s] [  1%] Built target ament_cmake_python_copy_bumperbot_msgs
[1.017s] [  3%] Built target bumperbot_msgs__cpp
[2.462s] running egg_info
[2.579s] writing bumperbot_msgs.egg-info/PKG-INFO
[2.580s] writing dependency_links to bumperbot_msgs.egg-info/dependency_links.txt
[2.581s] writing top-level names to bumperbot_msgs.egg-info/top_level.txt
[2.995s] reading manifest file 'bumperbot_msgs.egg-info/SOURCES.txt'
[2.998s] writing manifest file 'bumperbot_msgs.egg-info/SOURCES.txt'
[3.111s] [  3%] Built target ament_cmake_python_build_bumperbot_msgs_egg
[3.242s] [ 23%] Built target bumperbot_msgs__rosidl_generator_c
[3.345s] [ 25%] Built target bumperbot_msgs__rs
[3.454s] [ 34%] Built target bumperbot_msgs__rosidl_typesupport_c
[3.596s] [ 43%] Built target bumperbot_msgs__rosidl_typesupport_introspection_cpp
[3.737s] [ 52%] Built target bumperbot_msgs__rosidl_typesupport_cpp
[3.940s] [ 61%] Built target bumperbot_msgs__rosidl_typesupport_fastrtps_cpp
[4.094s] [ 70%] Built target bumperbot_msgs__rosidl_typesupport_fastrtps_c
[4.277s] [ 80%] Built target bumperbot_msgs__rosidl_typesupport_introspection_c
[4.381s] [ 80%] Built target bumperbot_msgs
[4.505s] [ 81%] Built target bumperbot_msgs__py
[4.766s] [ 89%] Built target bumperbot_msgs__rosidl_generator_py
[4.919s] [ 92%] Built target bumperbot_msgs_s__rosidl_typesupport_fastrtps_c
[5.153s] [ 96%] Built target bumperbot_msgs_s__rosidl_typesupport_c
[5.317s] [100%] Built target bumperbot_msgs_s__rosidl_typesupport_introspection_c
[5.384s] Invoked command in '/home/demi/bumper_motion/build/bumperbot_msgs' returned '0': CMAKE_PREFIX_PATH=${CMAKE_PREFIX_PATH}:/opt/ros/jazzy:/home/demi/ros2_jazzy/install/rqt_bag_plugins:/home/demi/ros2_jazzy/install/launch_testing_examples:/home/demi/ros2_jazzy/install/ros2bag:/home/demi/ros2_jazzy/install/rqt_bag:/home/demi/ros2_jazzy/install/rosbag2_examples_py:/home/demi/ros2_jazzy/install/tracetools_test:/home/demi/ros2_jazzy/install/tracetools_launch:/home/demi/ros2_jazzy/install/topic_monitor:/home/demi/ros2_jazzy/install/tf2_tools:/home/demi/ros2_jazzy/install/examples_tf2_py:/home/demi/ros2_jazzy/install/tf2_ros_py:/home/demi/ros2_jazzy/install/examples_rclpy_pointcloud_publisher:/home/demi/ros2_jazzy/install/sensor_msgs_py:/home/demi/ros2_jazzy/install/quality_of_service_demo_py:/home/demi/ros2_jazzy/install/camera_info_manager_py:/home/demi/ros2_jazzy/install/rqt_plot:/home/demi/ros2_jazzy/install/ros2doctor:/home/demi/ros2_jazzy/install/lifecycle_py:/home/demi/ros2_jazzy/install/examples_rclpy_minimal_subscriber:/home/demi/ros2_jazzy/install/examples_rclpy_minimal_service:/home/demi/ros2_jazzy/install/examples_rclpy_minimal_publisher:/home/demi/ros2_jazzy/install/examples_rclpy_minimal_client:/home/demi/ros2_jazzy/install/examples_rclpy_executors:/home/demi/ros2_jazzy/install/demo_nodes_py:/home/demi/ros2_jazzy/install/rqt:/home/demi/ros2_jazzy/install/ros2component:/home/demi/ros2_jazzy/install/sros2:/home/demi/ros2_jazzy/install/rqt_topic:/home/demi/ros2_jazzy/install/rqt_srv:/home/demi/ros2_jazzy/install/rqt_shell:/home/demi/ros2_jazzy/install/rqt_service_caller:/home/demi/ros2_jazzy/install/rqt_reconfigure:/home/demi/ros2_jazzy/install/rqt_py_console:/home/demi/ros2_jazzy/install/rqt_publisher:/home/demi/ros2_jazzy/install/rqt_action:/home/demi/ros2_jazzy/install/rqt_msg:/home/demi/ros2_jazzy/install/rqt_console:/home/demi/ros2_jazzy/install/rqt_graph:/home/demi/ros2_jazzy/install/rqt_gui_py:/home/demi/ros2_jazzy/install/rqt_gui:/home/demi/ros2_jazzy/install/ros2trace:/home/demi/ros2_jazzy/install/ros2param:/home/demi/ros2_jazzy/install/ros2lifecycle:/home/demi/ros2_jazzy/install/ros2service:/home/demi/ros2_jazzy/install/ros2topic:/home/demi/ros2_jazzy/install/ros2test:/home/demi/ros2_jazzy/install/ros2run:/home/demi/ros2_jazzy/install/ros2plugin:/home/demi/ros2_jazzy/install/ros2launch:/home/demi/ros2_jazzy/install/ros2pkg:/home/demi/ros2_jazzy/install/ros2node:/home/demi/ros2_jazzy/install/ros2multicast:/home/demi/ros2_jazzy/install/ros2interface:/home/demi/ros2_jazzy/install/ros2action:/home/demi/ros2_jazzy/install/ros2cli:/home/demi/ros2_jazzy/install/launch_testing_ros:/home/demi/ros2_jazzy/install/launch_ros:/home/demi/ros2_jazzy/install/examples_rclpy_minimal_action_server:/home/demi/ros2_jazzy/install/examples_rclpy_minimal_action_client:/home/demi/ros2_jazzy/install/examples_rclpy_guard_conditions:/home/demi/ros2_jazzy/install/action_tutorials_py:/home/demi/ros2_jazzy/install/ament_uncrustify:/home/demi/ros2_jazzy/install/tracetools_trace:/home/demi/ros2_jazzy/install/tracetools_read:/home/demi/ros2_jazzy/install/test_tracetools_launch:/home/demi/ros2_jazzy/install/test_ros2trace:/home/demi/ros2_jazzy/install/test_launch_ros:/home/demi/ros2_jazzy/install/rpyutils:/home/demi/ros2_jazzy/install/rosidl_runtime_py:/home/demi/ros2_jazzy/install/rosidl_pycommon:/home/demi/ros2_jazzy/install/rosidl_cli:/home/demi/ros2_jazzy/install/launch_pytest:/home/demi/ros2_jazzy/install/launch_testing:/home/demi/ros2_jazzy/install/launch_yaml:/home/demi/ros2_jazzy/install/launch_xml:/home/demi/ros2_jazzy/install/launch:/home/demi/ros2_jazzy/install/osrf_pycommon:/home/demi/ros2_jazzy/install/domain_coordinator:/home/demi/ros2_jazzy/install/ament_xmllint:/home/demi/ros2_jazzy/install/ament_pyflakes:/home/demi/ros2_jazzy/install/ament_pycodestyle:/home/demi/ros2_jazzy/install/ament_pep257:/home/demi/ros2_jazzy/install/ament_pclint:/home/demi/ros2_jazzy/install/ament_package:/home/demi/ros2_jazzy/install/ament_mypy:/home/demi/ros2_jazzy/install/ament_lint_cmake:/home/demi/ros2_jazzy/install/ament_flake8:/home/demi/ros2_jazzy/install/ament_copyright:/home/demi/ros2_jazzy/install/ament_lint:/home/demi/ros2_jazzy/install/ament_index_python:/home/demi/ros2_jazzy/install/ament_cpplint:/home/demi/ros2_jazzy/install/ament_cppcheck:/home/demi/ros2_jazzy/install/ament_clang_tidy:/home/demi/ros2_jazzy/install/ament_clang_format DEBUGINFOD_URLS=https://debuginfod.ubuntu.com /usr/bin/cmake --build /home/demi/bumper_motion/build/bumperbot_msgs -- -j4 -l4
[5.389s] Invoking command in '/home/demi/bumper_motion/build/bumperbot_msgs': CMAKE_PREFIX_PATH=${CMAKE_PREFIX_PATH}:/opt/ros/jazzy:/home/demi/ros2_jazzy/install/rqt_bag_plugins:/home/demi/ros2_jazzy/install/launch_testing_examples:/home/demi/ros2_jazzy/install/ros2bag:/home/demi/ros2_jazzy/install/rqt_bag:/home/demi/ros2_jazzy/install/rosbag2_examples_py:/home/demi/ros2_jazzy/install/tracetools_test:/home/demi/ros2_jazzy/install/tracetools_launch:/home/demi/ros2_jazzy/install/topic_monitor:/home/demi/ros2_jazzy/install/tf2_tools:/home/demi/ros2_jazzy/install/examples_tf2_py:/home/demi/ros2_jazzy/install/tf2_ros_py:/home/demi/ros2_jazzy/install/examples_rclpy_pointcloud_publisher:/home/demi/ros2_jazzy/install/sensor_msgs_py:/home/demi/ros2_jazzy/install/quality_of_service_demo_py:/home/demi/ros2_jazzy/install/camera_info_manager_py:/home/demi/ros2_jazzy/install/rqt_plot:/home/demi/ros2_jazzy/install/ros2doctor:/home/demi/ros2_jazzy/install/lifecycle_py:/home/demi/ros2_jazzy/install/examples_rclpy_minimal_subscriber:/home/demi/ros2_jazzy/install/examples_rclpy_minimal_service:/home/demi/ros2_jazzy/install/examples_rclpy_minimal_publisher:/home/demi/ros2_jazzy/install/examples_rclpy_minimal_client:/home/demi/ros2_jazzy/install/examples_rclpy_executors:/home/demi/ros2_jazzy/install/demo_nodes_py:/home/demi/ros2_jazzy/install/rqt:/home/demi/ros2_jazzy/install/ros2component:/home/demi/ros2_jazzy/install/sros2:/home/demi/ros2_jazzy/install/rqt_topic:/home/demi/ros2_jazzy/install/rqt_srv:/home/demi/ros2_jazzy/install/rqt_shell:/home/demi/ros2_jazzy/install/rqt_service_caller:/home/demi/ros2_jazzy/install/rqt_reconfigure:/home/demi/ros2_jazzy/install/rqt_py_console:/home/demi/ros2_jazzy/install/rqt_publisher:/home/demi/ros2_jazzy/install/rqt_action:/home/demi/ros2_jazzy/install/rqt_msg:/home/demi/ros2_jazzy/install/rqt_console:/home/demi/ros2_jazzy/install/rqt_graph:/home/demi/ros2_jazzy/install/rqt_gui_py:/home/demi/ros2_jazzy/install/rqt_gui:/home/demi/ros2_jazzy/install/ros2trace:/home/demi/ros2_jazzy/install/ros2param:/home/demi/ros2_jazzy/install/ros2lifecycle:/home/demi/ros2_jazzy/install/ros2service:/home/demi/ros2_jazzy/install/ros2topic:/home/demi/ros2_jazzy/install/ros2test:/home/demi/ros2_jazzy/install/ros2run:/home/demi/ros2_jazzy/install/ros2plugin:/home/demi/ros2_jazzy/install/ros2launch:/home/demi/ros2_jazzy/install/ros2pkg:/home/demi/ros2_jazzy/install/ros2node:/home/demi/ros2_jazzy/install/ros2multicast:/home/demi/ros2_jazzy/install/ros2interface:/home/demi/ros2_jazzy/install/ros2action:/home/demi/ros2_jazzy/install/ros2cli:/home/demi/ros2_jazzy/install/launch_testing_ros:/home/demi/ros2_jazzy/install/launch_ros:/home/demi/ros2_jazzy/install/examples_rclpy_minimal_action_server:/home/demi/ros2_jazzy/install/examples_rclpy_minimal_action_client:/home/demi/ros2_jazzy/install/examples_rclpy_guard_conditions:/home/demi/ros2_jazzy/install/action_tutorials_py:/home/demi/ros2_jazzy/install/ament_uncrustify:/home/demi/ros2_jazzy/install/tracetools_trace:/home/demi/ros2_jazzy/install/tracetools_read:/home/demi/ros2_jazzy/install/test_tracetools_launch:/home/demi/ros2_jazzy/install/test_ros2trace:/home/demi/ros2_jazzy/install/test_launch_ros:/home/demi/ros2_jazzy/install/rpyutils:/home/demi/ros2_jazzy/install/rosidl_runtime_py:/home/demi/ros2_jazzy/install/rosidl_pycommon:/home/demi/ros2_jazzy/install/rosidl_cli:/home/demi/ros2_jazzy/install/launch_pytest:/home/demi/ros2_jazzy/install/launch_testing:/home/demi/ros2_jazzy/install/launch_yaml:/home/demi/ros2_jazzy/install/launch_xml:/home/demi/ros2_jazzy/install/launch:/home/demi/ros2_jazzy/install/osrf_pycommon:/home/demi/ros2_jazzy/install/domain_coordinator:/home/demi/ros2_jazzy/install/ament_xmllint:/home/demi/ros2_jazzy/install/ament_pyflakes:/home/demi/ros2_jazzy/install/ament_pycodestyle:/home/demi/ros2_jazzy/install/ament_pep257:/home/demi/ros2_jazzy/install/ament_pclint:/home/demi/ros2_jazzy/install/ament_package:/home/demi/ros2_jazzy/install/ament_mypy:/home/demi/ros2_jazzy/install/ament_lint_cmake:/home/demi/ros2_jazzy/install/ament_flake8:/home/demi/ros2_jazzy/install/ament_copyright:/home/demi/ros2_jazzy/install/ament_lint:/home/demi/ros2_jazzy/install/ament_index_python:/home/demi/ros2_jazzy/install/ament_cpplint:/home/demi/ros2_jazzy/install/ament_cppcheck:/home/demi/ros2_jazzy/install/ament_clang_tidy:/home/demi/ros2_jazzy/install/ament_clang_format DEBUGINFOD_URLS=https://debuginfod.ubuntu.com /usr/bin/cmake --install /home/demi/bumper_motion/build/bumperbot_msgs
[5.464s] -- Install configuration: ""
[5.466s] -- Up-to-date: /home/demi/bumper_motion/install/bumperbot_msgs/share/ament_index/resource_index/rosidl_interfaces/bumperbot_msgs
[5.467s] -- Up-to-date: /home/demi/bumper_motion/install/bumperbot_msgs/share/bumperbot_msgs/action/Fibonacci.json
[5.467s] -- Up-to-date: /home/demi/bumper_motion/install/bumperbot_msgs/share/bumperbot_msgs/srv/AddTwoInts.json
[5.467s] -- Up-to-date: /home/demi/bumper_motion/install/bumperbot_msgs/share/bumperbot_msgs/srv/GetTransform.json
[5.469s] -- Up-to-date: /home/demi/bumper_motion/install/bumperbot_msgs/include/bumperbot_msgs/bumperbot_msgs
[5.469s] -- Up-to-date: /home/demi/bumper_motion/install/bumperbot_msgs/include/bumperbot_msgs/bumperbot_msgs/srv
[5.469s] -- Up-to-date: /home/demi/bumper_motion/install/bumperbot_msgs/include/bumperbot_msgs/bumperbot_msgs/srv/add_two_ints.h
[5.472s] -- Up-to-date: /home/demi/bumper_motion/install/bumperbot_msgs/include/bumperbot_msgs/bumperbot_msgs/srv/detail
[5.472s] -- Up-to-date: /home/demi/bumper_motion/install/bumperbot_msgs/include/bumperbot_msgs/bumperbot_msgs/srv/detail/add_two_ints__functions.h
[5.473s] -- Up-to-date: /home/demi/bumper_motion/install/bumperbot_msgs/include/bumperbot_msgs/bumperbot_msgs/srv/detail/get_transform__type_support.h
[5.473s] -- Up-to-date: /home/demi/bumper_motion/install/bumperbot_msgs/include/bumperbot_msgs/bumperbot_msgs/srv/detail/add_two_ints__type_support.h
[5.473s] -- Up-to-date: /home/demi/bumper_motion/install/bumperbot_msgs/include/bumperbot_msgs/bumperbot_msgs/srv/detail/get_transform__functions.h
[5.473s] -- Up-to-date: /home/demi/bumper_motion/install/bumperbot_msgs/include/bumperbot_msgs/bumperbot_msgs/srv/detail/add_two_ints__struct.h
[5.475s] -- Up-to-date: /home/demi/bumper_motion/install/bumperbot_msgs/include/bumperbot_msgs/bumperbot_msgs/srv/detail/get_transform__struct.h
[5.475s] -- Up-to-date: /home/demi/bumper_motion/install/bumperbot_msgs/include/bumperbot_msgs/bumperbot_msgs/srv/detail/add_two_ints__description.c
[5.476s] -- Up-to-date: /home/demi/bumper_motion/install/bumperbot_msgs/include/bumperbot_msgs/bumperbot_msgs/srv/detail/add_two_ints__functions.c
[5.476s] -- Installing: /home/demi/bumper_motion/install/bumperbot_msgs/include/bumperbot_msgs/bumperbot_msgs/srv/detail/get_transform__type_support.c
[5.476s] -- Up-to-date: /home/demi/bumper_motion/install/bumperbot_msgs/include/bumperbot_msgs/bumperbot_msgs/srv/detail/get_transform__functions.c
[5.476s] -- Up-to-date: /home/demi/bumper_motion/install/bumperbot_msgs/include/bumperbot_msgs/bumperbot_msgs/srv/detail/get_transform__description.c
[5.476s] -- Installing: /home/demi/bumper_motion/install/bumperbot_msgs/include/bumperbot_msgs/bumperbot_msgs/srv/detail/add_two_ints__type_support.c
[5.477s] -- Up-to-date: /home/demi/bumper_motion/install/bumperbot_msgs/include/bumperbot_msgs/bumperbot_msgs/srv/get_transform.h
[5.477s] -- Up-to-date: /home/demi/bumper_motion/install/bumperbot_msgs/include/bumperbot_msgs/bumperbot_msgs/action
[5.477s] -- Up-to-date: /home/demi/bumper_motion/install/bumperbot_msgs/include/bumperbot_msgs/bumperbot_msgs/action/fibonacci.h
[5.477s] -- Up-to-date: /home/demi/bumper_motion/install/bumperbot_msgs/include/bumperbot_msgs/bumperbot_msgs/action/detail
[5.477s] -- Up-to-date: /home/demi/bumper_motion/install/bumperbot_msgs/include/bumperbot_msgs/bumperbot_msgs/action/detail/fibonacci__functions.h
[5.477s] -- Installing: /home/demi/bumper_motion/install/bumperbot_msgs/include/bumperbot_msgs/bumperbot_msgs/action/detail/fibonacci__type_support.c
[5.479s] -- Up-to-date: /home/demi/bumper_motion/install/bumperbot_msgs/include/bumperbot_msgs/bumperbot_msgs/action/detail/fibonacci__type_support.h
[5.480s] -- Up-to-date: /home/demi/bumper_motion/install/bumperbot_msgs/include/bumperbot_msgs/bumperbot_msgs/action/detail/fibonacci__description.c
[5.482s] -- Up-to-date: /home/demi/bumper_motion/install/bumperbot_msgs/include/bumperbot_msgs/bumperbot_msgs/action/detail/fibonacci__struct.h
[5.482s] -- Up-to-date: /home/demi/bumper_motion/install/bumperbot_msgs/include/bumperbot_msgs/bumperbot_msgs/action/detail/fibonacci__functions.c
[5.483s] -- Up-to-date: /home/demi/bumper_motion/install/bumperbot_msgs/include/bumperbot_msgs/bumperbot_msgs/msg
[5.483s] -- Up-to-date: /home/demi/bumper_motion/install/bumperbot_msgs/include/bumperbot_msgs/bumperbot_msgs/msg/rosidl_generator_c__visibility_control.h
[5.483s] -- Up-to-date: /home/demi/bumper_motion/install/bumperbot_msgs/share/bumperbot_msgs/environment/library_path.sh
[5.483s] -- Up-to-date: /home/demi/bumper_motion/install/bumperbot_msgs/share/bumperbot_msgs/environment/library_path.dsv
[5.485s] -- Up-to-date: /home/demi/bumper_motion/install/bumperbot_msgs/lib/libbumperbot_msgs__rosidl_generator_c.so
[5.487s] -- Up-to-date: /home/demi/bumper_motion/install/bumperbot_msgs/include/bumperbot_msgs/bumperbot_msgs
[5.487s] -- Up-to-date: /home/demi/bumper_motion/install/bumperbot_msgs/include/bumperbot_msgs/bumperbot_msgs/srv
[5.487s] -- Up-to-date: /home/demi/bumper_motion/install/bumperbot_msgs/include/bumperbot_msgs/bumperbot_msgs/srv/detail
[5.488s] -- Up-to-date: /home/demi/bumper_motion/install/bumperbot_msgs/include/bumperbot_msgs/bumperbot_msgs/srv/detail/add_two_ints__rosidl_typesupport_fastrtps_c.h
[5.488s] -- Up-to-date: /home/demi/bumper_motion/install/bumperbot_msgs/include/bumperbot_msgs/bumperbot_msgs/srv/detail/get_transform__rosidl_typesupport_fastrtps_c.h
[5.488s] -- Up-to-date: /home/demi/bumper_motion/install/bumperbot_msgs/include/bumperbot_msgs/bumperbot_msgs/action
[5.488s] -- Up-to-date: /home/demi/bumper_motion/install/bumperbot_msgs/include/bumperbot_msgs/bumperbot_msgs/action/detail
[5.488s] -- Up-to-date: /home/demi/bumper_motion/install/bumperbot_msgs/include/bumperbot_msgs/bumperbot_msgs/action/detail/fibonacci__rosidl_typesupport_fastrtps_c.h
[5.489s] -- Up-to-date: /home/demi/bumper_motion/install/bumperbot_msgs/include/bumperbot_msgs/bumperbot_msgs/msg
[5.489s] -- Up-to-date: /home/demi/bumper_motion/install/bumperbot_msgs/include/bumperbot_msgs/bumperbot_msgs/msg/rosidl_typesupport_fastrtps_c__visibility_control.h
[5.489s] -- Up-to-date: /home/demi/bumper_motion/install/bumperbot_msgs/lib/libbumperbot_msgs__rosidl_typesupport_fastrtps_c.so
[5.490s] -- Up-to-date: /home/demi/bumper_motion/install/bumperbot_msgs/include/bumperbot_msgs/bumperbot_msgs
[5.490s] -- Up-to-date: /home/demi/bumper_motion/install/bumperbot_msgs/include/bumperbot_msgs/bumperbot_msgs/srv
[5.490s] -- Up-to-date: /home/demi/bumper_motion/install/bumperbot_msgs/include/bumperbot_msgs/bumperbot_msgs/srv/detail
[5.490s] -- Up-to-date: /home/demi/bumper_motion/install/bumperbot_msgs/include/bumperbot_msgs/bumperbot_msgs/srv/detail/get_transform__traits.hpp
[5.490s] -- Up-to-date: /home/demi/bumper_motion/install/bumperbot_msgs/include/bumperbot_msgs/bumperbot_msgs/srv/detail/add_two_ints__type_support.hpp
[5.491s] -- Up-to-date: /home/demi/bumper_motion/install/bumperbot_msgs/include/bumperbot_msgs/bumperbot_msgs/srv/detail/add_two_ints__struct.hpp
[5.491s] -- Up-to-date: /home/demi/bumper_motion/install/bumperbot_msgs/include/bumperbot_msgs/bumperbot_msgs/srv/detail/add_two_ints__traits.hpp
[5.491s] -- Up-to-date: /home/demi/bumper_motion/install/bumperbot_msgs/include/bumperbot_msgs/bumperbot_msgs/srv/detail/get_transform__struct.hpp
[5.491s] -- Up-to-date: /home/demi/bumper_motion/install/bumperbot_msgs/include/bumperbot_msgs/bumperbot_msgs/srv/detail/get_transform__type_support.hpp
[5.491s] -- Up-to-date: /home/demi/bumper_motion/install/bumperbot_msgs/include/bumperbot_msgs/bumperbot_msgs/srv/detail/get_transform__builder.hpp
[5.492s] -- Up-to-date: /home/demi/bumper_motion/install/bumperbot_msgs/include/bumperbot_msgs/bumperbot_msgs/srv/detail/add_two_ints__builder.hpp
[5.492s] -- Up-to-date: /home/demi/bumper_motion/install/bumperbot_msgs/include/bumperbot_msgs/bumperbot_msgs/srv/get_transform.hpp
[5.492s] -- Up-to-date: /home/demi/bumper_motion/install/bumperbot_msgs/include/bumperbot_msgs/bumperbot_msgs/srv/add_two_ints.hpp
[5.492s] -- Up-to-date: /home/demi/bumper_motion/install/bumperbot_msgs/include/bumperbot_msgs/bumperbot_msgs/action
[5.492s] -- Up-to-date: /home/demi/bumper_motion/install/bumperbot_msgs/include/bumperbot_msgs/bumperbot_msgs/action/detail
[5.493s] -- Up-to-date: /home/demi/bumper_motion/install/bumperbot_msgs/include/bumperbot_msgs/bumperbot_msgs/action/detail/fibonacci__type_support.hpp
[5.493s] -- Up-to-date: /home/demi/bumper_motion/install/bumperbot_msgs/include/bumperbot_msgs/bumperbot_msgs/action/detail/fibonacci__traits.hpp
[5.493s] -- Up-to-date: /home/demi/bumper_motion/install/bumperbot_msgs/include/bumperbot_msgs/bumperbot_msgs/action/detail/fibonacci__struct.hpp
[5.493s] -- Up-to-date: /home/demi/bumper_motion/install/bumperbot_msgs/include/bumperbot_msgs/bumperbot_msgs/action/detail/fibonacci__builder.hpp
[5.493s] -- Up-to-date: /home/demi/bumper_motion/install/bumperbot_msgs/include/bumperbot_msgs/bumperbot_msgs/action/fibonacci.hpp
[5.494s] -- Up-to-date: /home/demi/bumper_motion/install/bumperbot_msgs/include/bumperbot_msgs/bumperbot_msgs/msg
[5.494s] -- Up-to-date: /home/demi/bumper_motion/install/bumperbot_msgs/include/bumperbot_msgs/bumperbot_msgs/msg/rosidl_generator_cpp__visibility_control.hpp
[5.494s] -- Up-to-date: /home/demi/bumper_motion/install/bumperbot_msgs/include/bumperbot_msgs/bumperbot_msgs
[5.497s] -- Up-to-date: /home/demi/bumper_motion/install/bumperbot_msgs/include/bumperbot_msgs/bumperbot_msgs/srv
[5.498s] -- Up-to-date: /home/demi/bumper_motion/install/bumperbot_msgs/include/bumperbot_msgs/bumperbot_msgs/srv/detail
[5.498s] -- Up-to-date: /home/demi/bumper_motion/install/bumperbot_msgs/include/bumperbot_msgs/bumperbot_msgs/srv/detail/add_two_ints__rosidl_typesupport_fastrtps_cpp.hpp
[5.498s] -- Up-to-date: /home/demi/bumper_motion/install/bumperbot_msgs/include/bumperbot_msgs/bumperbot_msgs/srv/detail/get_transform__rosidl_typesupport_fastrtps_cpp.hpp
[5.498s] -- Up-to-date: /home/demi/bumper_motion/install/bumperbot_msgs/include/bumperbot_msgs/bumperbot_msgs/srv/detail/dds_fastrtps
[5.498s] -- Up-to-date: /home/demi/bumper_motion/install/bumperbot_msgs/include/bumperbot_msgs/bumperbot_msgs/action
[5.498s] -- Up-to-date: /home/demi/bumper_motion/install/bumperbot_msgs/include/bumperbot_msgs/bumperbot_msgs/action/detail
[5.501s] -- Up-to-date: /home/demi/bumper_motion/install/bumperbot_msgs/include/bumperbot_msgs/bumperbot_msgs/action/detail/fibonacci__rosidl_typesupport_fastrtps_cpp.hpp
[5.501s] -- Up-to-date: /home/demi/bumper_motion/install/bumperbot_msgs/include/bumperbot_msgs/bumperbot_msgs/action/detail/dds_fastrtps
[5.501s] -- Up-to-date: /home/demi/bumper_motion/install/bumperbot_msgs/include/bumperbot_msgs/bumperbot_msgs/msg
[5.501s] -- Up-to-date: /home/demi/bumper_motion/install/bumperbot_msgs/include/bumperbot_msgs/bumperbot_msgs/msg/rosidl_typesupport_fastrtps_cpp__visibility_control.h
[5.501s] -- Up-to-date: /home/demi/bumper_motion/install/bumperbot_msgs/lib/libbumperbot_msgs__rosidl_typesupport_fastrtps_cpp.so
[5.502s] -- Up-to-date: /home/demi/bumper_motion/install/bumperbot_msgs/include/bumperbot_msgs/bumperbot_msgs
[5.502s] -- Up-to-date: /home/demi/bumper_motion/install/bumperbot_msgs/include/bumperbot_msgs/bumperbot_msgs/srv
[5.502s] -- Up-to-date: /home/demi/bumper_motion/install/bumperbot_msgs/include/bumperbot_msgs/bumperbot_msgs/srv/detail
[5.502s] -- Up-to-date: /home/demi/bumper_motion/install/bumperbot_msgs/include/bumperbot_msgs/bumperbot_msgs/srv/detail/add_two_ints__rosidl_typesupport_introspection_c.h
[5.502s] -- Installing: /home/demi/bumper_motion/install/bumperbot_msgs/include/bumperbot_msgs/bumperbot_msgs/srv/detail/get_transform__type_support.c
[5.504s] -- Installing: /home/demi/bumper_motion/install/bumperbot_msgs/include/bumperbot_msgs/bumperbot_msgs/srv/detail/add_two_ints__type_support.c
[5.506s] -- Up-to-date: /home/demi/bumper_motion/install/bumperbot_msgs/include/bumperbot_msgs/bumperbot_msgs/srv/detail/get_transform__rosidl_typesupport_introspection_c.h
[5.506s] -- Up-to-date: /home/demi/bumper_motion/install/bumperbot_msgs/include/bumperbot_msgs/bumperbot_msgs/action
[5.506s] -- Up-to-date: /home/demi/bumper_motion/install/bumperbot_msgs/include/bumperbot_msgs/bumperbot_msgs/action/detail
[5.506s] -- Up-to-date: /home/demi/bumper_motion/install/bumperbot_msgs/include/bumperbot_msgs/bumperbot_msgs/action/detail/fibonacci__rosidl_typesupport_introspection_c.h
[5.506s] -- Installing: /home/demi/bumper_motion/install/bumperbot_msgs/include/bumperbot_msgs/bumperbot_msgs/action/detail/fibonacci__type_support.c
[5.508s] -- Up-to-date: /home/demi/bumper_motion/install/bumperbot_msgs/include/bumperbot_msgs/bumperbot_msgs/msg
[5.508s] -- Up-to-date: /home/demi/bumper_motion/install/bumperbot_msgs/include/bumperbot_msgs/bumperbot_msgs/msg/rosidl_typesupport_introspection_c__visibility_control.h
[5.508s] -- Up-to-date: /home/demi/bumper_motion/install/bumperbot_msgs/lib/libbumperbot_msgs__rosidl_typesupport_introspection_c.so
[5.511s] -- Up-to-date: /home/demi/bumper_motion/install/bumperbot_msgs/lib/libbumperbot_msgs__rosidl_typesupport_c.so
[5.511s] -- Up-to-date: /home/demi/bumper_motion/install/bumperbot_msgs/include/bumperbot_msgs/bumperbot_msgs
[5.512s] -- Up-to-date: /home/demi/bumper_motion/install/bumperbot_msgs/include/bumperbot_msgs/bumperbot_msgs/srv
[5.512s] -- Up-to-date: /home/demi/bumper_motion/install/bumperbot_msgs/include/bumperbot_msgs/bumperbot_msgs/srv/detail
[5.512s] -- Up-to-date: /home/demi/bumper_motion/install/bumperbot_msgs/include/bumperbot_msgs/bumperbot_msgs/srv/detail/get_transform__type_support.cpp
[5.512s] -- Up-to-date: /home/demi/bumper_motion/install/bumperbot_msgs/include/bumperbot_msgs/bumperbot_msgs/srv/detail/get_transform__rosidl_typesupport_introspection_cpp.hpp
[5.513s] -- Up-to-date: /home/demi/bumper_motion/install/bumperbot_msgs/include/bumperbot_msgs/bumperbot_msgs/srv/detail/add_two_ints__type_support.cpp
[5.513s] -- Up-to-date: /home/demi/bumper_motion/install/bumperbot_msgs/include/bumperbot_msgs/bumperbot_msgs/srv/detail/add_two_ints__rosidl_typesupport_introspection_cpp.hpp
[5.513s] -- Up-to-date: /home/demi/bumper_motion/install/bumperbot_msgs/include/bumperbot_msgs/bumperbot_msgs/action
[5.513s] -- Up-to-date: /home/demi/bumper_motion/install/bumperbot_msgs/include/bumperbot_msgs/bumperbot_msgs/action/detail
[5.516s] -- Up-to-date: /home/demi/bumper_motion/install/bumperbot_msgs/include/bumperbot_msgs/bumperbot_msgs/action/detail/fibonacci__type_support.cpp
[5.516s] -- Up-to-date: /home/demi/bumper_motion/install/bumperbot_msgs/include/bumperbot_msgs/bumperbot_msgs/action/detail/fibonacci__rosidl_typesupport_introspection_cpp.hpp
[5.516s] -- Up-to-date: /home/demi/bumper_motion/install/bumperbot_msgs/lib/libbumperbot_msgs__rosidl_typesupport_introspection_cpp.so
[5.516s] -- Up-to-date: /home/demi/bumper_motion/install/bumperbot_msgs/lib/libbumperbot_msgs__rosidl_typesupport_cpp.so
[5.516s] -- Up-to-date: /home/demi/bumper_motion/install/bumperbot_msgs/share/bumperbot_msgs/environment/pythonpath.sh
[5.517s] -- Up-to-date: /home/demi/bumper_motion/install/bumperbot_msgs/share/bumperbot_msgs/environment/pythonpath.dsv
[5.517s] -- Up-to-date: /home/demi/bumper_motion/install/bumperbot_msgs/lib/python3.12/site-packages/bumperbot_msgs-0.0.0-py3.12.egg-info
[5.518s] -- Installing: /home/demi/bumper_motion/install/bumperbot_msgs/lib/python3.12/site-packages/bumperbot_msgs-0.0.0-py3.12.egg-info/SOURCES.txt
[5.520s] -- Installing: /home/demi/bumper_motion/install/bumperbot_msgs/lib/python3.12/site-packages/bumperbot_msgs-0.0.0-py3.12.egg-info/dependency_links.txt
[5.520s] -- Installing: /home/demi/bumper_motion/install/bumperbot_msgs/lib/python3.12/site-packages/bumperbot_msgs-0.0.0-py3.12.egg-info/PKG-INFO
[5.520s] -- Installing: /home/demi/bumper_motion/install/bumperbot_msgs/lib/python3.12/site-packages/bumperbot_msgs-0.0.0-py3.12.egg-info/top_level.txt
[5.521s] -- Up-to-date: /home/demi/bumper_motion/install/bumperbot_msgs/lib/python3.12/site-packages/bumperbot_msgs
[5.521s] -- Up-to-date: /home/demi/bumper_motion/install/bumperbot_msgs/lib/python3.12/site-packages/bumperbot_msgs/bumperbot_msgs_s__rosidl_typesupport_fastrtps_c.so
[5.521s] -- Up-to-date: /home/demi/bumper_motion/install/bumperbot_msgs/lib/python3.12/site-packages/bumperbot_msgs/_bumperbot_msgs_s.ep.rosidl_typesupport_fastrtps_c.c
[5.522s] -- Up-to-date: /home/demi/bumper_motion/install/bumperbot_msgs/lib/python3.12/site-packages/bumperbot_msgs/__init__.py
[5.522s] -- Up-to-date: /home/demi/bumper_motion/install/bumperbot_msgs/lib/python3.12/site-packages/bumperbot_msgs/srv
[5.522s] -- Up-to-date: /home/demi/bumper_motion/install/bumperbot_msgs/lib/python3.12/site-packages/bumperbot_msgs/srv/_get_transform_s.c
[5.522s] -- Up-to-date: /home/demi/bumper_motion/install/bumperbot_msgs/lib/python3.12/site-packages/bumperbot_msgs/srv/_get_transform.py
[5.522s] -- Up-to-date: /home/demi/bumper_motion/install/bumperbot_msgs/lib/python3.12/site-packages/bumperbot_msgs/srv/__init__.py
[5.523s] -- Up-to-date: /home/demi/bumper_motion/install/bumperbot_msgs/lib/python3.12/site-packages/bumperbot_msgs/srv/_add_two_ints_s.c
[5.523s] -- Up-to-date: /home/demi/bumper_motion/install/bumperbot_msgs/lib/python3.12/site-packages/bumperbot_msgs/srv/_add_two_ints.py
[5.523s] -- Up-to-date: /home/demi/bumper_motion/install/bumperbot_msgs/lib/python3.12/site-packages/bumperbot_msgs/bumperbot_msgs_s__rosidl_typesupport_c.so
[5.523s] -- Up-to-date: /home/demi/bumper_motion/install/bumperbot_msgs/lib/python3.12/site-packages/bumperbot_msgs/action
[5.523s] -- Up-to-date: /home/demi/bumper_motion/install/bumperbot_msgs/lib/python3.12/site-packages/bumperbot_msgs/action/_fibonacci.py
[5.523s] -- Up-to-date: /home/demi/bumper_motion/install/bumperbot_msgs/lib/python3.12/site-packages/bumperbot_msgs/action/_fibonacci_s.c
[5.524s] -- Up-to-date: /home/demi/bumper_motion/install/bumperbot_msgs/lib/python3.12/site-packages/bumperbot_msgs/action/__init__.py
[5.524s] -- Up-to-date: /home/demi/bumper_motion/install/bumperbot_msgs/lib/python3.12/site-packages/bumperbot_msgs/_bumperbot_msgs_s.ep.rosidl_typesupport_c.c
[5.527s] -- Up-to-date: /home/demi/bumper_motion/install/bumperbot_msgs/lib/python3.12/site-packages/bumperbot_msgs/_bumperbot_msgs_s.ep.rosidl_typesupport_introspection_c.c
[5.527s] -- Up-to-date: /home/demi/bumper_motion/install/bumperbot_msgs/lib/python3.12/site-packages/bumperbot_msgs/bumperbot_msgs_s__rosidl_typesupport_introspection_c.so
[5.928s] Listing '/home/demi/bumper_motion/install/bumperbot_msgs/lib/python3.12/site-packages/bumperbot_msgs'...
[5.928s] Listing '/home/demi/bumper_motion/install/bumperbot_msgs/lib/python3.12/site-packages/bumperbot_msgs/action'...
[5.929s] Listing '/home/demi/bumper_motion/install/bumperbot_msgs/lib/python3.12/site-packages/bumperbot_msgs/srv'...
[5.962s] -- Up-to-date: /home/demi/bumper_motion/install/bumperbot_msgs/lib/python3.12/site-packages/bumperbot_msgs/bumperbot_msgs_s__rosidl_typesupport_fastrtps_c.so
[5.965s] -- Up-to-date: /home/demi/bumper_motion/install/bumperbot_msgs/lib/python3.12/site-packages/bumperbot_msgs/bumperbot_msgs_s__rosidl_typesupport_introspection_c.so
[5.967s] -- Up-to-date: /home/demi/bumper_motion/install/bumperbot_msgs/lib/python3.12/site-packages/bumperbot_msgs/bumperbot_msgs_s__rosidl_typesupport_c.so
[5.968s] -- Up-to-date: /home/demi/bumper_motion/install/bumperbot_msgs/lib/libbumperbot_msgs__rosidl_generator_py.so
[5.970s] -- Up-to-date: /home/demi/bumper_motion/install/bumperbot_msgs/share/ament_index/resource_index/rust_packages/bumperbot_msgs
[5.970s] -- Up-to-date: /home/demi/bumper_motion/install/bumperbot_msgs/share/bumperbot_msgs/rust
[5.970s] -- Up-to-date: /home/demi/bumper_motion/install/bumperbot_msgs/share/bumperbot_msgs/rust/Cargo.toml
[5.970s] -- Up-to-date: /home/demi/bumper_motion/install/bumperbot_msgs/share/bumperbot_msgs/rust/src
[5.970s] -- Up-to-date: /home/demi/bumper_motion/install/bumperbot_msgs/share/bumperbot_msgs/rust/src/action.rs
[5.971s] -- Up-to-date: /home/demi/bumper_motion/install/bumperbot_msgs/share/bumperbot_msgs/rust/src/lib.rs
[5.971s] -- Up-to-date: /home/demi/bumper_motion/install/bumperbot_msgs/share/bumperbot_msgs/rust/src/srv
[5.973s] -- Up-to-date: /home/demi/bumper_motion/install/bumperbot_msgs/share/bumperbot_msgs/rust/src/srv/rmw.rs
[5.974s] -- Up-to-date: /home/demi/bumper_motion/install/bumperbot_msgs/share/bumperbot_msgs/rust/src/srv.rs
[5.975s] -- Up-to-date: /home/demi/bumper_motion/install/bumperbot_msgs/share/bumperbot_msgs/rust/src/action
[5.978s] -- Up-to-date: /home/demi/bumper_motion/install/bumperbot_msgs/share/bumperbot_msgs/rust/src/action/rmw.rs
[5.978s] -- Up-to-date: /home/demi/bumper_motion/install/bumperbot_msgs/share/bumperbot_msgs/rust/build.rs
[5.978s] -- Up-to-date: /home/demi/bumper_motion/install/bumperbot_msgs/share/bumperbot_msgs/action/Fibonacci.idl
[5.978s] -- Up-to-date: /home/demi/bumper_motion/install/bumperbot_msgs/share/bumperbot_msgs/srv/AddTwoInts.idl
[5.978s] -- Up-to-date: /home/demi/bumper_motion/install/bumperbot_msgs/share/bumperbot_msgs/srv/GetTransform.idl
[5.978s] -- Up-to-date: /home/demi/bumper_motion/install/bumperbot_msgs/share/bumperbot_msgs/action/Fibonacci.action
[5.979s] -- Up-to-date: /home/demi/bumper_motion/install/bumperbot_msgs/share/bumperbot_msgs/srv/AddTwoInts.srv
[5.979s] -- Up-to-date: /home/demi/bumper_motion/install/bumperbot_msgs/share/bumperbot_msgs/srv/GetTransform.srv
[5.979s] -- Up-to-date: /home/demi/bumper_motion/install/bumperbot_msgs/share/ament_index/resource_index/package_run_dependencies/bumperbot_msgs
[5.979s] -- Up-to-date: /home/demi/bumper_motion/install/bumperbot_msgs/share/ament_index/resource_index/parent_prefix_path/bumperbot_msgs
[5.979s] -- Up-to-date: /home/demi/bumper_motion/install/bumperbot_msgs/share/bumperbot_msgs/environment/ament_prefix_path.dsv
[5.984s] -- Up-to-date: /home/demi/bumper_motion/install/bumperbot_msgs/share/bumperbot_msgs/environment/path.dsv
[5.985s] -- Up-to-date: /home/demi/bumper_motion/install/bumperbot_msgs/share/bumperbot_msgs/local_setup.bash
[5.985s] -- Up-to-date: /home/demi/bumper_motion/install/bumperbot_msgs/share/bumperbot_msgs/local_setup.sh
[5.985s] -- Up-to-date: /home/demi/bumper_motion/install/bumperbot_msgs/share/bumperbot_msgs/local_setup.zsh
[5.986s] -- Up-to-date: /home/demi/bumper_motion/install/bumperbot_msgs/share/bumperbot_msgs/local_setup.dsv
[5.986s] -- Installing: /home/demi/bumper_motion/install/bumperbot_msgs/share/bumperbot_msgs/package.dsv
[5.986s] -- Up-to-date: /home/demi/bumper_motion/install/bumperbot_msgs/share/ament_index/resource_index/packages/bumperbot_msgs
[5.986s] -- Up-to-date: /home/demi/bumper_motion/install/bumperbot_msgs/share/bumperbot_msgs/cmake/export_bumperbot_msgs__rosidl_generator_cExport.cmake
[5.986s] -- Up-to-date: /home/demi/bumper_motion/install/bumperbot_msgs/share/bumperbot_msgs/cmake/export_bumperbot_msgs__rosidl_generator_cExport-noconfig.cmake
[5.988s] -- Up-to-date: /home/demi/bumper_motion/install/bumperbot_msgs/share/bumperbot_msgs/cmake/export_bumperbot_msgs__rosidl_typesupport_fastrtps_cExport.cmake
[5.989s] -- Up-to-date: /home/demi/bumper_motion/install/bumperbot_msgs/share/bumperbot_msgs/cmake/export_bumperbot_msgs__rosidl_typesupport_fastrtps_cExport-noconfig.cmake
[5.989s] -- Up-to-date: /home/demi/bumper_motion/install/bumperbot_msgs/share/bumperbot_msgs/cmake/export_bumperbot_msgs__rosidl_generator_cppExport.cmake
[5.989s] -- Up-to-date: /home/demi/bumper_motion/install/bumperbot_msgs/share/bumperbot_msgs/cmake/export_bumperbot_msgs__rosidl_typesupport_fastrtps_cppExport.cmake
[5.990s] -- Up-to-date: /home/demi/bumper_motion/install/bumperbot_msgs/share/bumperbot_msgs/cmake/export_bumperbot_msgs__rosidl_typesupport_fastrtps_cppExport-noconfig.cmake
[5.990s] -- Up-to-date: /home/demi/bumper_motion/install/bumperbot_msgs/share/bumperbot_msgs/cmake/bumperbot_msgs__rosidl_typesupport_introspection_cExport.cmake
[5.990s] -- Up-to-date: /home/demi/bumper_motion/install/bumperbot_msgs/share/bumperbot_msgs/cmake/bumperbot_msgs__rosidl_typesupport_introspection_cExport-noconfig.cmake
[5.993s] -- Up-to-date: /home/demi/bumper_motion/install/bumperbot_msgs/share/bumperbot_msgs/cmake/bumperbot_msgs__rosidl_typesupport_cExport.cmake
[5.993s] -- Up-to-date: /home/demi/bumper_motion/install/bumperbot_msgs/share/bumperbot_msgs/cmake/bumperbot_msgs__rosidl_typesupport_cExport-noconfig.cmake
[5.994s] -- Up-to-date: /home/demi/bumper_motion/install/bumperbot_msgs/share/bumperbot_msgs/cmake/bumperbot_msgs__rosidl_typesupport_introspection_cppExport.cmake
[5.995s] -- Up-to-date: /home/demi/bumper_motion/install/bumperbot_msgs/share/bumperbot_msgs/cmake/bumperbot_msgs__rosidl_typesupport_introspection_cppExport-noconfig.cmake
[5.996s] -- Up-to-date: /home/demi/bumper_motion/install/bumperbot_msgs/share/bumperbot_msgs/cmake/bumperbot_msgs__rosidl_typesupport_cppExport.cmake
[5.998s] -- Up-to-date: /home/demi/bumper_motion/install/bumperbot_msgs/share/bumperbot_msgs/cmake/bumperbot_msgs__rosidl_typesupport_cppExport-noconfig.cmake
[5.999s] -- Up-to-date: /home/demi/bumper_motion/install/bumperbot_msgs/share/bumperbot_msgs/cmake/export_bumperbot_msgs__rosidl_generator_pyExport.cmake
[5.999s] -- Up-to-date: /home/demi/bumper_motion/install/bumperbot_msgs/share/bumperbot_msgs/cmake/export_bumperbot_msgs__rosidl_generator_pyExport-noconfig.cmake
[6.007s] -- Up-to-date: /home/demi/bumper_motion/install/bumperbot_msgs/share/bumperbot_msgs/cmake/rosidl_cmake-extras.cmake
[6.008s] -- Up-to-date: /home/demi/bumper_motion/install/bumperbot_msgs/share/bumperbot_msgs/cmake/ament_cmake_export_dependencies-extras.cmake
[6.008s] -- Up-to-date: /home/demi/bumper_motion/install/bumperbot_msgs/share/bumperbot_msgs/cmake/ament_cmake_export_include_directories-extras.cmake
[6.008s] -- Up-to-date: /home/demi/bumper_motion/install/bumperbot_msgs/share/bumperbot_msgs/cmake/ament_cmake_export_libraries-extras.cmake
[6.008s] -- Up-to-date: /home/demi/bumper_motion/install/bumperbot_msgs/share/bumperbot_msgs/cmake/ament_cmake_export_targets-extras.cmake
[6.008s] -- Up-to-date: /home/demi/bumper_motion/install/bumperbot_msgs/share/bumperbot_msgs/cmake/rosidl_cmake_export_typesupport_targets-extras.cmake
[6.009s] -- Up-to-date: /home/demi/bumper_motion/install/bumperbot_msgs/share/bumperbot_msgs/cmake/rosidl_cmake_export_typesupport_libraries-extras.cmake
[6.009s] -- Up-to-date: /home/demi/bumper_motion/install/bumperbot_msgs/share/bumperbot_msgs/cmake/bumperbot_msgsConfig.cmake
[6.009s] -- Up-to-date: /home/demi/bumper_motion/install/bumperbot_msgs/share/bumperbot_msgs/cmake/bumperbot_msgsConfig-version.cmake
[6.009s] -- Up-to-date: /home/demi/bumper_motion/install/bumperbot_msgs/share/bumperbot_msgs/package.xml
[6.009s] Invoked command in '/home/demi/bumper_motion/build/bumperbot_msgs' returned '0': CMAKE_PREFIX_PATH=${CMAKE_PREFIX_PATH}:/opt/ros/jazzy:/home/demi/ros2_jazzy/install/rqt_bag_plugins:/home/demi/ros2_jazzy/install/launch_testing_examples:/home/demi/ros2_jazzy/install/ros2bag:/home/demi/ros2_jazzy/install/rqt_bag:/home/demi/ros2_jazzy/install/rosbag2_examples_py:/home/demi/ros2_jazzy/install/tracetools_test:/home/demi/ros2_jazzy/install/tracetools_launch:/home/demi/ros2_jazzy/install/topic_monitor:/home/demi/ros2_jazzy/install/tf2_tools:/home/demi/ros2_jazzy/install/examples_tf2_py:/home/demi/ros2_jazzy/install/tf2_ros_py:/home/demi/ros2_jazzy/install/examples_rclpy_pointcloud_publisher:/home/demi/ros2_jazzy/install/sensor_msgs_py:/home/demi/ros2_jazzy/install/quality_of_service_demo_py:/home/demi/ros2_jazzy/install/camera_info_manager_py:/home/demi/ros2_jazzy/install/rqt_plot:/home/demi/ros2_jazzy/install/ros2doctor:/home/demi/ros2_jazzy/install/lifecycle_py:/home/demi/ros2_jazzy/install/examples_rclpy_minimal_subscriber:/home/demi/ros2_jazzy/install/examples_rclpy_minimal_service:/home/demi/ros2_jazzy/install/examples_rclpy_minimal_publisher:/home/demi/ros2_jazzy/install/examples_rclpy_minimal_client:/home/demi/ros2_jazzy/install/examples_rclpy_executors:/home/demi/ros2_jazzy/install/demo_nodes_py:/home/demi/ros2_jazzy/install/rqt:/home/demi/ros2_jazzy/install/ros2component:/home/demi/ros2_jazzy/install/sros2:/home/demi/ros2_jazzy/install/rqt_topic:/home/demi/ros2_jazzy/install/rqt_srv:/home/demi/ros2_jazzy/install/rqt_shell:/home/demi/ros2_jazzy/install/rqt_service_caller:/home/demi/ros2_jazzy/install/rqt_reconfigure:/home/demi/ros2_jazzy/install/rqt_py_console:/home/demi/ros2_jazzy/install/rqt_publisher:/home/demi/ros2_jazzy/install/rqt_action:/home/demi/ros2_jazzy/install/rqt_msg:/home/demi/ros2_jazzy/install/rqt_console:/home/demi/ros2_jazzy/install/rqt_graph:/home/demi/ros2_jazzy/install/rqt_gui_py:/home/demi/ros2_jazzy/install/rqt_gui:/home/demi/ros2_jazzy/install/ros2trace:/home/demi/ros2_jazzy/install/ros2param:/home/demi/ros2_jazzy/install/ros2lifecycle:/home/demi/ros2_jazzy/install/ros2service:/home/demi/ros2_jazzy/install/ros2topic:/home/demi/ros2_jazzy/install/ros2test:/home/demi/ros2_jazzy/install/ros2run:/home/demi/ros2_jazzy/install/ros2plugin:/home/demi/ros2_jazzy/install/ros2launch:/home/demi/ros2_jazzy/install/ros2pkg:/home/demi/ros2_jazzy/install/ros2node:/home/demi/ros2_jazzy/install/ros2multicast:/home/demi/ros2_jazzy/install/ros2interface:/home/demi/ros2_jazzy/install/ros2action:/home/demi/ros2_jazzy/install/ros2cli:/home/demi/ros2_jazzy/install/launch_testing_ros:/home/demi/ros2_jazzy/install/launch_ros:/home/demi/ros2_jazzy/install/examples_rclpy_minimal_action_server:/home/demi/ros2_jazzy/install/examples_rclpy_minimal_action_client:/home/demi/ros2_jazzy/install/examples_rclpy_guard_conditions:/home/demi/ros2_jazzy/install/action_tutorials_py:/home/demi/ros2_jazzy/install/ament_uncrustify:/home/demi/ros2_jazzy/install/tracetools_trace:/home/demi/ros2_jazzy/install/tracetools_read:/home/demi/ros2_jazzy/install/test_tracetools_launch:/home/demi/ros2_jazzy/install/test_ros2trace:/home/demi/ros2_jazzy/install/test_launch_ros:/home/demi/ros2_jazzy/install/rpyutils:/home/demi/ros2_jazzy/install/rosidl_runtime_py:/home/demi/ros2_jazzy/install/rosidl_pycommon:/home/demi/ros2_jazzy/install/rosidl_cli:/home/demi/ros2_jazzy/install/launch_pytest:/home/demi/ros2_jazzy/install/launch_testing:/home/demi/ros2_jazzy/install/launch_yaml:/home/demi/ros2_jazzy/install/launch_xml:/home/demi/ros2_jazzy/install/launch:/home/demi/ros2_jazzy/install/osrf_pycommon:/home/demi/ros2_jazzy/install/domain_coordinator:/home/demi/ros2_jazzy/install/ament_xmllint:/home/demi/ros2_jazzy/install/ament_pyflakes:/home/demi/ros2_jazzy/install/ament_pycodestyle:/home/demi/ros2_jazzy/install/ament_pep257:/home/demi/ros2_jazzy/install/ament_pclint:/home/demi/ros2_jazzy/install/ament_package:/home/demi/ros2_jazzy/install/ament_mypy:/home/demi/ros2_jazzy/install/ament_lint_cmake:/home/demi/ros2_jazzy/install/ament_flake8:/home/demi/ros2_jazzy/install/ament_copyright:/home/demi/ros2_jazzy/install/ament_lint:/home/demi/ros2_jazzy/install/ament_index_python:/home/demi/ros2_jazzy/install/ament_cpplint:/home/demi/ros2_jazzy/install/ament_cppcheck:/home/demi/ros2_jazzy/install/ament_clang_tidy:/home/demi/ros2_jazzy/install/ament_clang_format DEBUGINFOD_URLS=https://debuginfod.ubuntu.com /usr/bin/cmake --install /home/demi/bumper_motion/build/bumperbot_msgs
