[ 50%] [32mBuilding CXX object CMakeFiles/safety_stop.dir/src/safety_stop.cpp.o[0m
[100%] [32m[1mLinking CXX executable safety_stop[0m
[100%] Built target safety_stop
[100%] Built target ament_cmake_python_copy_bumperbot_utils
running egg_info
writing bumperbot_utils.egg-info/PKG-INFO
writing dependency_links to bumperbot_utils.egg-info/dependency_links.txt
writing top-level names to bumperbot_utils.egg-info/top_level.txt
reading manifest file 'bumperbot_utils.egg-info/SOURCES.txt'
writing manifest file 'bumperbot_utils.egg-info/SOURCES.txt'
[100%] Built target ament_cmake_python_build_bumperbot_utils_egg
-- Install configuration: ""
-- Up-to-date: /home/demi/bumper_motion/install/bumperbot_utils/share/bumperbot_utils/environment/pythonpath.sh
-- Up-to-date: /home/demi/bumper_motion/install/bumperbot_utils/share/bumperbot_utils/environment/pythonpath.dsv
-- Up-to-date: /home/demi/bumper_motion/install/bumperbot_utils/lib/python3.12/site-packages/bumperbot_utils-0.0.0-py3.12.egg-info
-- Installing: /home/demi/bumper_motion/install/bumperbot_utils/lib/python3.12/site-packages/bumperbot_utils-0.0.0-py3.12.egg-info/SOURCES.txt
-- Installing: /home/demi/bumper_motion/install/bumperbot_utils/lib/python3.12/site-packages/bumperbot_utils-0.0.0-py3.12.egg-info/dependency_links.txt
-- Installing: /home/demi/bumper_motion/install/bumperbot_utils/lib/python3.12/site-packages/bumperbot_utils-0.0.0-py3.12.egg-info/PKG-INFO
-- Installing: /home/demi/bumper_motion/install/bumperbot_utils/lib/python3.12/site-packages/bumperbot_utils-0.0.0-py3.12.egg-info/top_level.txt
-- Up-to-date: /home/demi/bumper_motion/install/bumperbot_utils/lib/python3.12/site-packages/bumperbot_utils
-- Up-to-date: /home/demi/bumper_motion/install/bumperbot_utils/lib/python3.12/site-packages/bumperbot_utils/safety_stop.py
-- Up-to-date: /home/demi/bumper_motion/install/bumperbot_utils/lib/python3.12/site-packages/bumperbot_utils/__init__.py
Listing '/home/demi/bumper_motion/install/bumperbot_utils/lib/python3.12/site-packages/bumperbot_utils'...
-- Installing: /home/demi/bumper_motion/install/bumperbot_utils/lib/bumperbot_utils/safety_stop
-- Set non-toolchain portion of runtime path of "/home/demi/bumper_motion/install/bumperbot_utils/lib/bumperbot_utils/safety_stop" to ""
-- Up-to-date: /home/demi/bumper_motion/install/bumperbot_utils/lib/bumperbot_utils/safety_stop.py
-- Up-to-date: /home/demi/bumper_motion/install/bumperbot_utils/share/ament_index/resource_index/package_run_dependencies/bumperbot_utils
-- Up-to-date: /home/demi/bumper_motion/install/bumperbot_utils/share/ament_index/resource_index/parent_prefix_path/bumperbot_utils
-- Up-to-date: /home/demi/bumper_motion/install/bumperbot_utils/share/bumperbot_utils/environment/ament_prefix_path.dsv
-- Up-to-date: /home/demi/bumper_motion/install/bumperbot_utils/share/bumperbot_utils/environment/path.dsv
-- Up-to-date: /home/demi/bumper_motion/install/bumperbot_utils/share/bumperbot_utils/local_setup.bash
-- Up-to-date: /home/demi/bumper_motion/install/bumperbot_utils/share/bumperbot_utils/local_setup.sh
-- Up-to-date: /home/demi/bumper_motion/install/bumperbot_utils/share/bumperbot_utils/local_setup.zsh
-- Up-to-date: /home/demi/bumper_motion/install/bumperbot_utils/share/bumperbot_utils/local_setup.dsv
-- Installing: /home/demi/bumper_motion/install/bumperbot_utils/share/bumperbot_utils/package.dsv
-- Up-to-date: /home/demi/bumper_motion/install/bumperbot_utils/share/ament_index/resource_index/packages/bumperbot_utils
-- Up-to-date: /home/demi/bumper_motion/install/bumperbot_utils/share/bumperbot_utils/cmake/bumperbot_utilsConfig.cmake
-- Up-to-date: /home/demi/bumper_motion/install/bumperbot_utils/share/bumperbot_utils/cmake/bumperbot_utilsConfig-version.cmake
-- Up-to-date: /home/demi/bumper_motion/install/bumperbot_utils/share/bumperbot_utils/package.xml
