[  0%] Built target ament_cmake_python_copy_bumperbot_firmware
[ 16%] [32mBuilding CXX object CMakeFiles/simple_serial_transmitter.dir/src/simple_serial_transmitter.cpp.o[0m
[ 33%] [32m[1mLinking CXX executable simple_serial_transmitter[0m
[ 33%] Built target simple_serial_transmitter
running egg_info
writing bumperbot_firmware.egg-info/PKG-INFO
writing dependency_links to bumperbot_firmware.egg-info/dependency_links.txt
writing top-level names to bumperbot_firmware.egg-info/top_level.txt
reading manifest file 'bumperbot_firmware.egg-info/SOURCES.txt'
writing manifest file 'bumperbot_firmware.egg-info/SOURCES.txt'
[ 33%] Built target ament_cmake_python_build_bumperbot_firmware_egg
[ 50%] [32mBuilding CXX object CMakeFiles/simple_serial_receiver.dir/src/simple_serial_receiver.cpp.o[0m
[ 66%] [32m[1mLinking CXX executable simple_serial_receiver[0m
[ 66%] Built target simple_serial_receiver
[ 83%] [32mBuilding CXX object CMakeFiles/bumperbot_firmware.dir/src/bumperbot_interface.cpp.o[0m
[01m[K/home/demi/bumper_motion/src/bumperbot_firmware/src/bumperbot_interface.cpp:[m[K In member function ‘[01m[Kvirtual bumperbot_firmware::CallbackReturn bumperbot_firmware::BumperbotInterface::[01;32m[Kon_init[m[K(const hardware_interface::HardwareInfo&)[m[K’:
[01m[K/home/demi/bumper_motion/src/bumperbot_firmware/src/bumperbot_interface.cpp:32:71:[m[K [01;35m[Kwarning: [m[K‘[01m[Kvirtual rclcpp_lifecycle::node_interfaces::LifecycleNodeInterface::CallbackReturn hardware_interface::HardwareComponentInterface::[01;32m[Kon_init[m[K(const hardware_interface::HardwareInfo&)[m[K’ is deprecated: Use on_init(const HardwareComponentInterfaceParams & params) instead. [[01;35m[K]8;;https://gcc.gnu.org/onlinedocs/gcc/Warning-Options.html#index-Wdeprecated-declarations-Wdeprecated-declarations]8;;[m[K]
   32 | Return result = [01;35m[Khardware_interface::SystemInterface::on_init(hardware_info)[m[K;
      |                 [01;35m[K~~~~~~~~~~~~~~~~~~~~~~~~~~~~~~~~~~~~~~~~~~~~^~~~~~~~~~~~~~~[m[K

In file included from [01m[K/opt/ros/jazzy/include/hardware_interface/hardware_interface/system_interface.hpp:18[m[K,
                 from [01m[K/home/demi/bumper_motion/src/bumperbot_firmware/include/bumperbot_firmware/bumperbot_interface.hpp:5[m[K,
                 from [01m[K/home/demi/bumper_motion/src/bumperbot_firmware/src/bumperbot_interface.cpp:1[m[K:
[01m[K/opt/ros/jazzy/include/hardware_interface/hardware_interface/hardware_component_interface.hpp:140:26:[m[K [01;36m[Knote: [m[Kdeclared here
  140 |   virtual CallbackReturn [01;36m[Kon_init[m[K(const HardwareInfo & hardware_info);
      |                          [01;36m[K^~~~~~~[m[K
[100%] [32m[1mLinking CXX shared library libbumperbot_firmware.so[0m
[100%] Built target bumperbot_firmware
-- Install configuration: ""
-- Up-to-date: /home/demi/bumper_motion/install/bumperbot_firmware/share/bumperbot_firmware/environment/pythonpath.sh
-- Up-to-date: /home/demi/bumper_motion/install/bumperbot_firmware/share/bumperbot_firmware/environment/pythonpath.dsv
-- Up-to-date: /home/demi/bumper_motion/install/bumperbot_firmware/lib/python3.12/site-packages/bumperbot_firmware-0.0.0-py3.12.egg-info
-- Installing: /home/demi/bumper_motion/install/bumperbot_firmware/lib/python3.12/site-packages/bumperbot_firmware-0.0.0-py3.12.egg-info/SOURCES.txt
-- Installing: /home/demi/bumper_motion/install/bumperbot_firmware/lib/python3.12/site-packages/bumperbot_firmware-0.0.0-py3.12.egg-info/dependency_links.txt
-- Installing: /home/demi/bumper_motion/install/bumperbot_firmware/lib/python3.12/site-packages/bumperbot_firmware-0.0.0-py3.12.egg-info/PKG-INFO
-- Installing: /home/demi/bumper_motion/install/bumperbot_firmware/lib/python3.12/site-packages/bumperbot_firmware-0.0.0-py3.12.egg-info/top_level.txt
-- Up-to-date: /home/demi/bumper_motion/install/bumperbot_firmware/lib/python3.12/site-packages/bumperbot_firmware
-- Up-to-date: /home/demi/bumper_motion/install/bumperbot_firmware/lib/python3.12/site-packages/bumperbot_firmware/simple_serial_transmitter.py
-- Up-to-date: /home/demi/bumper_motion/install/bumperbot_firmware/lib/python3.12/site-packages/bumperbot_firmware/__init__.py
-- Up-to-date: /home/demi/bumper_motion/install/bumperbot_firmware/lib/python3.12/site-packages/bumperbot_firmware/mpu6050_driver.py
-- Up-to-date: /home/demi/bumper_motion/install/bumperbot_firmware/lib/python3.12/site-packages/bumperbot_firmware/simple_serial_receiver.py
Listing '/home/demi/bumper_motion/install/bumperbot_firmware/lib/python3.12/site-packages/bumperbot_firmware'...
-- Up-to-date: /home/demi/bumper_motion/install/bumperbot_firmware/share/bumperbot_firmware/bumperbot_interface.xml
-- Installing: /home/demi/bumper_motion/install/bumperbot_firmware/lib/libbumperbot_firmware.so
-- Set non-toolchain portion of runtime path of "/home/demi/bumper_motion/install/bumperbot_firmware/lib/libbumperbot_firmware.so" to ""
-- Up-to-date: /home/demi/bumper_motion/install/bumperbot_firmware/include/include
-- Up-to-date: /home/demi/bumper_motion/install/bumperbot_firmware/include/include/bumperbot_firmware
-- Up-to-date: /home/demi/bumper_motion/install/bumperbot_firmware/include/include/bumperbot_firmware/bumperbot_interface.hpp
-- Up-to-date: /home/demi/bumper_motion/install/bumperbot_firmware/share/bumperbot_firmware/launch
-- Up-to-date: /home/demi/bumper_motion/install/bumperbot_firmware/share/bumperbot_firmware/launch/hardware_interface.launch.py
-- Up-to-date: /home/demi/bumper_motion/install/bumperbot_firmware/lib/bumperbot_firmware/simple_serial_transmitter.py
-- Up-to-date: /home/demi/bumper_motion/install/bumperbot_firmware/lib/bumperbot_firmware/simple_serial_receiver.py
-- Up-to-date: /home/demi/bumper_motion/install/bumperbot_firmware/lib/bumperbot_firmware/mpu6050_driver.py
-- Installing: /home/demi/bumper_motion/install/bumperbot_firmware/lib/bumperbot_firmware/simple_serial_receiver
-- Set non-toolchain portion of runtime path of "/home/demi/bumper_motion/install/bumperbot_firmware/lib/bumperbot_firmware/simple_serial_receiver" to ""
-- Installing: /home/demi/bumper_motion/install/bumperbot_firmware/lib/bumperbot_firmware/simple_serial_transmitter
-- Set non-toolchain portion of runtime path of "/home/demi/bumper_motion/install/bumperbot_firmware/lib/bumperbot_firmware/simple_serial_transmitter" to ""
-- Up-to-date: /home/demi/bumper_motion/install/bumperbot_firmware/share/bumperbot_firmware/environment/library_path.sh
-- Up-to-date: /home/demi/bumper_motion/install/bumperbot_firmware/share/bumperbot_firmware/environment/library_path.dsv
-- Up-to-date: /home/demi/bumper_motion/install/bumperbot_firmware/share/ament_index/resource_index/package_run_dependencies/bumperbot_firmware
-- Up-to-date: /home/demi/bumper_motion/install/bumperbot_firmware/share/ament_index/resource_index/parent_prefix_path/bumperbot_firmware
-- Up-to-date: /home/demi/bumper_motion/install/bumperbot_firmware/share/bumperbot_firmware/environment/ament_prefix_path.dsv
-- Up-to-date: /home/demi/bumper_motion/install/bumperbot_firmware/share/bumperbot_firmware/environment/path.dsv
-- Up-to-date: /home/demi/bumper_motion/install/bumperbot_firmware/share/bumperbot_firmware/local_setup.bash
-- Up-to-date: /home/demi/bumper_motion/install/bumperbot_firmware/share/bumperbot_firmware/local_setup.sh
-- Up-to-date: /home/demi/bumper_motion/install/bumperbot_firmware/share/bumperbot_firmware/local_setup.zsh
-- Up-to-date: /home/demi/bumper_motion/install/bumperbot_firmware/share/bumperbot_firmware/local_setup.dsv
-- Installing: /home/demi/bumper_motion/install/bumperbot_firmware/share/bumperbot_firmware/package.dsv
-- Up-to-date: /home/demi/bumper_motion/install/bumperbot_firmware/share/ament_index/resource_index/packages/bumperbot_firmware
-- Up-to-date: /home/demi/bumper_motion/install/bumperbot_firmware/share/ament_index/resource_index/hardware_interface__pluginlib__plugin/bumperbot_firmware
-- Up-to-date: /home/demi/bumper_motion/install/bumperbot_firmware/share/bumperbot_firmware/cmake/ament_cmake_export_include_directories-extras.cmake
-- Up-to-date: /home/demi/bumper_motion/install/bumperbot_firmware/share/bumperbot_firmware/cmake/ament_cmake_export_libraries-extras.cmake
-- Up-to-date: /home/demi/bumper_motion/install/bumperbot_firmware/share/bumperbot_firmware/cmake/ament_cmake_export_dependencies-extras.cmake
-- Up-to-date: /home/demi/bumper_motion/install/bumperbot_firmware/share/bumperbot_firmware/cmake/bumperbot_firmwareConfig.cmake
-- Up-to-date: /home/demi/bumper_motion/install/bumperbot_firmware/share/bumperbot_firmware/cmake/bumperbot_firmwareConfig-version.cmake
-- Up-to-date: /home/demi/bumper_motion/install/bumperbot_firmware/share/bumperbot_firmware/package.xml
