-- The C compiler identification is GNU 13.3.0
-- The CXX compiler identification is GNU 13.3.0
-- Detecting C compiler ABI info
-- Detecting C compiler ABI info - done
-- Check for working C compiler: /usr/bin/cc - skipped
-- Detecting C compile features
-- Detecting C compile features - done
-- Detecting CXX compiler ABI info
-- Detecting CXX compiler ABI info - done
-- Check for working CXX compiler: /usr/bin/c++ - skipped
-- Detecting CXX compile features
-- Detecting CXX compile features - done
-- Found ament_cmake: 2.5.6 (/home/demi/ros2_jazzy/install/ament_cmake/share/ament_cmake/cmake)
-- Found Python3: /usr/bin/python3 (found version "3.12.3") found components: Interpreter 
-- Found rclcpp: 28.1.17 (/home/demi/ros2_jazzy/install/rclcpp/share/rclcpp/cmake)
-- Found rosidl_generator_c: 4.6.7 (/home/demi/ros2_jazzy/install/rosidl_generator_c/share/rosidl_generator_c/cmake)
-- Found rosidl_generator_cpp: 4.6.7 (/home/demi/ros2_jazzy/install/rosidl_generator_cpp/share/rosidl_generator_cpp/cmake)
-- Using all available rosidl_typesupport_c: rosidl_typesupport_fastrtps_c;rosidl_typesupport_introspection_c
-- Using all available rosidl_typesupport_cpp: rosidl_typesupport_fastrtps_cpp;rosidl_typesupport_introspection_cpp
-- Found rmw_implementation_cmake: 7.3.3 (/home/demi/ros2_jazzy/install/rmw_implementation_cmake/share/rmw_implementation_cmake/cmake)
-- Found rmw_fastrtps_cpp: 8.4.3 (/home/demi/ros2_jazzy/install/rmw_fastrtps_cpp/share/rmw_fastrtps_cpp/cmake)
-- Found OpenSSL: /usr/lib/x86_64-linux-gnu/libcrypto.so (found version "3.0.13")  
-- Found FastRTPS: /home/demi/ros2_jazzy/install/fastrtps/include (Required is at least version "2.13") 
-- Using RMW implementation 'rmw_fastrtps_cpp' as default
-- Found rclpy: 7.1.10 (/home/demi/ros2_jazzy/install/rclpy/share/rclpy/cmake)
-- Found nav_msgs: 5.3.7 (/home/demi/ros2_jazzy/install/nav_msgs/share/nav_msgs/cmake)
-- Found tf2_ros: 0.36.19 (/home/demi/ros2_jazzy/install/tf2_ros/share/tf2_ros/cmake)
-- Configuring done (12.0s)
-- Generating done (0.1s)
-- Build files have been written to: /home/demi/bumper_motion/build/bumperbot_planning
[  0%] Built target ament_cmake_python_copy_bumperbot_planning
[ 25%] [32mBuilding CXX object CMakeFiles/a_star_planner.dir/src/a_star_planner.cpp.o[0m
[ 50%] [32m[1mLinking CXX executable a_star_planner[0m
[ 50%] Built target a_star_planner
running egg_info
creating bumperbot_planning.egg-info
writing bumperbot_planning.egg-info/PKG-INFO
writing dependency_links to bumperbot_planning.egg-info/dependency_links.txt
writing top-level names to bumperbot_planning.egg-info/top_level.txt
writing manifest file 'bumperbot_planning.egg-info/SOURCES.txt'
reading manifest file 'bumperbot_planning.egg-info/SOURCES.txt'
writing manifest file 'bumperbot_planning.egg-info/SOURCES.txt'
[ 50%] Built target ament_cmake_python_build_bumperbot_planning_egg
[ 75%] [32mBuilding CXX object CMakeFiles/dijkstra_planner.dir/src/dijkstra_planner.cpp.o[0m
[100%] [32m[1mLinking CXX executable dijkstra_planner[0m
[100%] Built target dijkstra_planner
-- Install configuration: ""
-- Installing: /home/demi/bumper_motion/install/bumperbot_planning/share/bumperbot_planning/environment/pythonpath.sh
-- Installing: /home/demi/bumper_motion/install/bumperbot_planning/share/bumperbot_planning/environment/pythonpath.dsv
-- Installing: /home/demi/bumper_motion/install/bumperbot_planning/lib/python3.12/site-packages/bumperbot_planning-0.0.0-py3.12.egg-info
-- Installing: /home/demi/bumper_motion/install/bumperbot_planning/lib/python3.12/site-packages/bumperbot_planning-0.0.0-py3.12.egg-info/SOURCES.txt
-- Installing: /home/demi/bumper_motion/install/bumperbot_planning/lib/python3.12/site-packages/bumperbot_planning-0.0.0-py3.12.egg-info/dependency_links.txt
-- Installing: /home/demi/bumper_motion/install/bumperbot_planning/lib/python3.12/site-packages/bumperbot_planning-0.0.0-py3.12.egg-info/PKG-INFO
-- Installing: /home/demi/bumper_motion/install/bumperbot_planning/lib/python3.12/site-packages/bumperbot_planning-0.0.0-py3.12.egg-info/top_level.txt
-- Installing: /home/demi/bumper_motion/install/bumperbot_planning/lib/python3.12/site-packages/bumperbot_planning
-- Installing: /home/demi/bumper_motion/install/bumperbot_planning/lib/python3.12/site-packages/bumperbot_planning/a_star_planner.py
-- Installing: /home/demi/bumper_motion/install/bumperbot_planning/lib/python3.12/site-packages/bumperbot_planning/__init__.py
-- Installing: /home/demi/bumper_motion/install/bumperbot_planning/lib/python3.12/site-packages/bumperbot_planning/dijkstra_planner.py
Listing '/home/demi/bumper_motion/install/bumperbot_planning/lib/python3.12/site-packages/bumperbot_planning'...
Compiling '/home/demi/bumper_motion/install/bumperbot_planning/lib/python3.12/site-packages/bumperbot_planning/__init__.py'...
Compiling '/home/demi/bumper_motion/install/bumperbot_planning/lib/python3.12/site-packages/bumperbot_planning/a_star_planner.py'...
Compiling '/home/demi/bumper_motion/install/bumperbot_planning/lib/python3.12/site-packages/bumperbot_planning/dijkstra_planner.py'...
-- Installing: /home/demi/bumper_motion/install/bumperbot_planning/include/include
-- Installing: /home/demi/bumper_motion/install/bumperbot_planning/include/include/bumperbot_planning
-- Installing: /home/demi/bumper_motion/install/bumperbot_planning/include/include/bumperbot_planning/a_star_planner.hpp
-- Installing: /home/demi/bumper_motion/install/bumperbot_planning/include/include/bumperbot_planning/dijkstra_planner.hpp
-- Installing: /home/demi/bumper_motion/install/bumperbot_planning/lib/bumperbot_planning/dijkstra_planner
-- Set non-toolchain portion of runtime path of "/home/demi/bumper_motion/install/bumperbot_planning/lib/bumperbot_planning/dijkstra_planner" to ""
-- Installing: /home/demi/bumper_motion/install/bumperbot_planning/lib/bumperbot_planning/a_star_planner
-- Set non-toolchain portion of runtime path of "/home/demi/bumper_motion/install/bumperbot_planning/lib/bumperbot_planning/a_star_planner" to ""
-- Installing: /home/demi/bumper_motion/install/bumperbot_planning/lib/bumperbot_planning/a_star_planner.py
-- Installing: /home/demi/bumper_motion/install/bumperbot_planning/lib/bumperbot_planning/dijkstra_planner.py
-- Installing: /home/demi/bumper_motion/install/bumperbot_planning/share/ament_index/resource_index/package_run_dependencies/bumperbot_planning
-- Installing: /home/demi/bumper_motion/install/bumperbot_planning/share/ament_index/resource_index/parent_prefix_path/bumperbot_planning
-- Installing: /home/demi/bumper_motion/install/bumperbot_planning/share/bumperbot_planning/environment/ament_prefix_path.sh
-- Installing: /home/demi/bumper_motion/install/bumperbot_planning/share/bumperbot_planning/environment/ament_prefix_path.dsv
-- Installing: /home/demi/bumper_motion/install/bumperbot_planning/share/bumperbot_planning/environment/path.sh
-- Installing: /home/demi/bumper_motion/install/bumperbot_planning/share/bumperbot_planning/environment/path.dsv
-- Installing: /home/demi/bumper_motion/install/bumperbot_planning/share/bumperbot_planning/local_setup.bash
-- Installing: /home/demi/bumper_motion/install/bumperbot_planning/share/bumperbot_planning/local_setup.sh
-- Installing: /home/demi/bumper_motion/install/bumperbot_planning/share/bumperbot_planning/local_setup.zsh
-- Installing: /home/demi/bumper_motion/install/bumperbot_planning/share/bumperbot_planning/local_setup.dsv
-- Installing: /home/demi/bumper_motion/install/bumperbot_planning/share/bumperbot_planning/package.dsv
-- Installing: /home/demi/bumper_motion/install/bumperbot_planning/share/ament_index/resource_index/packages/bumperbot_planning
-- Installing: /home/demi/bumper_motion/install/bumperbot_planning/share/bumperbot_planning/cmake/ament_cmake_export_include_directories-extras.cmake
-- Installing: /home/demi/bumper_motion/install/bumperbot_planning/share/bumperbot_planning/cmake/ament_cmake_export_dependencies-extras.cmake
-- Installing: /home/demi/bumper_motion/install/bumperbot_planning/share/bumperbot_planning/cmake/bumperbot_planningConfig.cmake
-- Installing: /home/demi/bumper_motion/install/bumperbot_planning/share/bumperbot_planning/cmake/bumperbot_planningConfig-version.cmake
-- Installing: /home/demi/bumper_motion/install/bumperbot_planning/share/bumperbot_planning/package.xml
