-- The C compiler identification is GNU 13.3.0
-- The CXX compiler identification is GNU 13.3.0
-- Detecting C compiler ABI info
-- Detecting C compiler ABI info - done
-- Check for working C compiler: /usr/bin/cc - skipped
-- Detecting C compile features
-- Detecting C compile features - done
-- Detecting CXX compiler ABI info
-- Detecting CXX compiler ABI info - done
-- Check for working CXX compiler: /usr/bin/c++ - skipped
-- Detecting CXX compile features
-- Detecting CXX compile features - done
-- Found ament_cmake: 2.5.6 (/home/demi/ros2_jazzy/install/ament_cmake/share/ament_cmake/cmake)
-- Found Python3: /usr/bin/python3 (found version "3.12.3") found components: Interpreter 
-- Found rclcpp: 28.1.17 (/home/demi/ros2_jazzy/install/rclcpp/share/rclcpp/cmake)
-- Found rosidl_generator_c: 4.6.7 (/home/demi/ros2_jazzy/install/rosidl_generator_c/share/rosidl_generator_c/cmake)
-- Found rosidl_generator_cpp: 4.6.7 (/home/demi/ros2_jazzy/install/rosidl_generator_cpp/share/rosidl_generator_cpp/cmake)
-- Using all available rosidl_typesupport_c: rosidl_typesupport_fastrtps_c;rosidl_typesupport_introspection_c
-- Using all available rosidl_typesupport_cpp: rosidl_typesupport_fastrtps_cpp;rosidl_typesupport_introspection_cpp
-- Found rmw_implementation_cmake: 7.3.3 (/home/demi/ros2_jazzy/install/rmw_implementation_cmake/share/rmw_implementation_cmake/cmake)
-- Found rmw_fastrtps_cpp: 8.4.3 (/home/demi/ros2_jazzy/install/rmw_fastrtps_cpp/share/rmw_fastrtps_cpp/cmake)
-- Found OpenSSL: /usr/lib/x86_64-linux-gnu/libcrypto.so (found version "3.0.13")  
-- Found FastRTPS: /home/demi/ros2_jazzy/install/fastrtps/include (Required is at least version "2.13") 
-- Using RMW implementation 'rmw_fastrtps_cpp' as default
-- Found rclpy: 7.1.10 (/home/demi/ros2_jazzy/install/rclpy/share/rclpy/cmake)
-- Found sensor_msgs: 5.3.7 (/home/demi/ros2_jazzy/install/sensor_msgs/share/sensor_msgs/cmake)
-- Found nav_msgs: 5.3.7 (/home/demi/ros2_jazzy/install/nav_msgs/share/nav_msgs/cmake)
-- Found tf2_ros: 0.36.19 (/home/demi/ros2_jazzy/install/tf2_ros/share/tf2_ros/cmake)
-- Configuring done (21.4s)
-- Generating done (0.1s)
-- Build files have been written to: /home/demi/bumper_motion/build/bumperbot_mapping
[ 50%] [32mBuilding CXX object CMakeFiles/mapping_with_known_poses.dir/src/mapping_with_known_poses.cpp.o[0m
[100%] [32m[1mLinking CXX executable mapping_with_known_poses[0m
[100%] Built target mapping_with_known_poses
[100%] Built target ament_cmake_python_copy_bumperbot_mapping
running egg_info
creating bumperbot_mapping.egg-info
writing bumperbot_mapping.egg-info/PKG-INFO
writing dependency_links to bumperbot_mapping.egg-info/dependency_links.txt
writing top-level names to bumperbot_mapping.egg-info/top_level.txt
writing manifest file 'bumperbot_mapping.egg-info/SOURCES.txt'
reading manifest file 'bumperbot_mapping.egg-info/SOURCES.txt'
writing manifest file 'bumperbot_mapping.egg-info/SOURCES.txt'
[100%] Built target ament_cmake_python_build_bumperbot_mapping_egg
-- Install configuration: ""
-- Installing: /home/demi/bumper_motion/install/bumperbot_mapping/share/bumperbot_mapping/environment/pythonpath.sh
-- Installing: /home/demi/bumper_motion/install/bumperbot_mapping/share/bumperbot_mapping/environment/pythonpath.dsv
-- Installing: /home/demi/bumper_motion/install/bumperbot_mapping/lib/python3.12/site-packages/bumperbot_mapping-0.0.0-py3.12.egg-info
-- Installing: /home/demi/bumper_motion/install/bumperbot_mapping/lib/python3.12/site-packages/bumperbot_mapping-0.0.0-py3.12.egg-info/SOURCES.txt
-- Installing: /home/demi/bumper_motion/install/bumperbot_mapping/lib/python3.12/site-packages/bumperbot_mapping-0.0.0-py3.12.egg-info/dependency_links.txt
-- Installing: /home/demi/bumper_motion/install/bumperbot_mapping/lib/python3.12/site-packages/bumperbot_mapping-0.0.0-py3.12.egg-info/PKG-INFO
-- Installing: /home/demi/bumper_motion/install/bumperbot_mapping/lib/python3.12/site-packages/bumperbot_mapping-0.0.0-py3.12.egg-info/top_level.txt
-- Installing: /home/demi/bumper_motion/install/bumperbot_mapping/lib/python3.12/site-packages/bumperbot_mapping
-- Installing: /home/demi/bumper_motion/install/bumperbot_mapping/lib/python3.12/site-packages/bumperbot_mapping/__init__.py
-- Installing: /home/demi/bumper_motion/install/bumperbot_mapping/lib/python3.12/site-packages/bumperbot_mapping/mapping_with_known_poses.py
Listing '/home/demi/bumper_motion/install/bumperbot_mapping/lib/python3.12/site-packages/bumperbot_mapping'...
Compiling '/home/demi/bumper_motion/install/bumperbot_mapping/lib/python3.12/site-packages/bumperbot_mapping/__init__.py'...
Compiling '/home/demi/bumper_motion/install/bumperbot_mapping/lib/python3.12/site-packages/bumperbot_mapping/mapping_with_known_poses.py'...
-- Installing: /home/demi/bumper_motion/install/bumperbot_mapping/include/include
-- Installing: /home/demi/bumper_motion/install/bumperbot_mapping/include/include/bumperbot_mapping
-- Installing: /home/demi/bumper_motion/install/bumperbot_mapping/include/include/bumperbot_mapping/mapping_with_known_poses.hpp
-- Installing: /home/demi/bumper_motion/install/bumperbot_mapping/lib/bumperbot_mapping/mapping_with_known_poses
-- Set non-toolchain portion of runtime path of "/home/demi/bumper_motion/install/bumperbot_mapping/lib/bumperbot_mapping/mapping_with_known_poses" to ""
-- Installing: /home/demi/bumper_motion/install/bumperbot_mapping/share/bumperbot_mapping/config
-- Installing: /home/demi/bumper_motion/install/bumperbot_mapping/share/bumperbot_mapping/config/slam_toolbox.yaml
-- Installing: /home/demi/bumper_motion/install/bumperbot_mapping/share/bumperbot_mapping/launch
-- Installing: /home/demi/bumper_motion/install/bumperbot_mapping/share/bumperbot_mapping/launch/slam.launch.py
-- Installing: /home/demi/bumper_motion/install/bumperbot_mapping/share/bumperbot_mapping/maps
-- Installing: /home/demi/bumper_motion/install/bumperbot_mapping/share/bumperbot_mapping/maps/small_warehouse
-- Installing: /home/demi/bumper_motion/install/bumperbot_mapping/share/bumperbot_mapping/maps/small_warehouse/map.pgm
-- Installing: /home/demi/bumper_motion/install/bumperbot_mapping/share/bumperbot_mapping/maps/small_warehouse/map.yaml
-- Installing: /home/demi/bumper_motion/install/bumperbot_mapping/share/bumperbot_mapping/maps/small_house
-- Installing: /home/demi/bumper_motion/install/bumperbot_mapping/share/bumperbot_mapping/maps/small_house/map.pgm
-- Installing: /home/demi/bumper_motion/install/bumperbot_mapping/share/bumperbot_mapping/maps/small_house/map.yaml
-- Installing: /home/demi/bumper_motion/install/bumperbot_mapping/share/bumperbot_mapping/rviz
-- Installing: /home/demi/bumper_motion/install/bumperbot_mapping/share/bumperbot_mapping/rviz/slam.rviz
-- Installing: /home/demi/bumper_motion/install/bumperbot_mapping/lib/bumperbot_mapping/mapping_with_known_poses.py
-- Installing: /home/demi/bumper_motion/install/bumperbot_mapping/share/ament_index/resource_index/package_run_dependencies/bumperbot_mapping
-- Installing: /home/demi/bumper_motion/install/bumperbot_mapping/share/ament_index/resource_index/parent_prefix_path/bumperbot_mapping
-- Installing: /home/demi/bumper_motion/install/bumperbot_mapping/share/bumperbot_mapping/environment/ament_prefix_path.sh
-- Installing: /home/demi/bumper_motion/install/bumperbot_mapping/share/bumperbot_mapping/environment/ament_prefix_path.dsv
-- Installing: /home/demi/bumper_motion/install/bumperbot_mapping/share/bumperbot_mapping/environment/path.sh
-- Installing: /home/demi/bumper_motion/install/bumperbot_mapping/share/bumperbot_mapping/environment/path.dsv
-- Installing: /home/demi/bumper_motion/install/bumperbot_mapping/share/bumperbot_mapping/local_setup.bash
-- Installing: /home/demi/bumper_motion/install/bumperbot_mapping/share/bumperbot_mapping/local_setup.sh
-- Installing: /home/demi/bumper_motion/install/bumperbot_mapping/share/bumperbot_mapping/local_setup.zsh
-- Installing: /home/demi/bumper_motion/install/bumperbot_mapping/share/bumperbot_mapping/local_setup.dsv
-- Installing: /home/demi/bumper_motion/install/bumperbot_mapping/share/bumperbot_mapping/package.dsv
-- Installing: /home/demi/bumper_motion/install/bumperbot_mapping/share/ament_index/resource_index/packages/bumperbot_mapping
-- Installing: /home/demi/bumper_motion/install/bumperbot_mapping/share/bumperbot_mapping/cmake/bumperbot_mappingConfig.cmake
-- Installing: /home/demi/bumper_motion/install/bumperbot_mapping/share/bumperbot_mapping/cmake/bumperbot_mappingConfig-version.cmake
-- Installing: /home/demi/bumper_motion/install/bumperbot_mapping/share/bumperbot_mapping/package.xml
