[5.206s] Invoking command in '/home/demi/bumper_motion/src/bumperbot_py_examples': AMENT_PREFIX_PATH=/home/demi/bumper_motion/install/bumperbot_msgs:${AMENT_PREFIX_PATH} CMAKE_PREFIX_PATH=/home/demi/bumper_motion/install/bumperbot_msgs:${CMAKE_PREFIX_PATH} DEBUGINFOD_URLS=https://debuginfod.ubuntu.com LD_LIBRARY_PATH=/home/demi/bumper_motion/install/bumperbot_msgs/lib:${LD_LIBRARY_PATH} PYTHONPATH=/home/demi/bumper_motion/build/bumperbot_py_examples/prefix_override:/usr/lib/python3/dist-packages/colcon_core/task/python/colcon_distutils_commands:/home/demi/bumper_motion/install/bumperbot_py_examples/lib/python3.12/site-packages:/home/demi/bumper_motion/install/bumperbot_msgs/lib/python3.12/site-packages:${PYTHONPATH} /usr/bin/python3 -W ignore:setup.py install is deprecated -W ignore:easy_install command is deprecated setup.py egg_info --egg-base ../../build/bumperbot_py_examples build --build-base /home/demi/bumper_motion/build/bumperbot_py_examples/build install --record /home/demi/bumper_motion/build/bumperbot_py_examples/install.log --single-version-externally-managed install_data
[6.081s] running egg_info
[6.140s] writing ../../build/bumperbot_py_examples/bumperbot_py_examples.egg-info/PKG-INFO
[6.140s] writing dependency_links to ../../build/bumperbot_py_examples/bumperbot_py_examples.egg-info/dependency_links.txt
[6.141s] writing entry points to ../../build/bumperbot_py_examples/bumperbot_py_examples.egg-info/entry_points.txt
[6.141s] writing requirements to ../../build/bumperbot_py_examples/bumperbot_py_examples.egg-info/requires.txt
[6.141s] writing top-level names to ../../build/bumperbot_py_examples/bumperbot_py_examples.egg-info/top_level.txt
[6.260s] reading manifest file '../../build/bumperbot_py_examples/bumperbot_py_examples.egg-info/SOURCES.txt'
[6.267s] writing manifest file '../../build/bumperbot_py_examples/bumperbot_py_examples.egg-info/SOURCES.txt'
[6.267s] running build
[6.267s] running build_py
[6.268s] running install
[6.279s] running install_lib
[6.341s] running install_data
[6.342s] running install_egg_info
[6.405s] removing '/home/demi/bumper_motion/install/bumperbot_py_examples/lib/python3.12/site-packages/bumperbot_py_examples-0.0.0-py3.12.egg-info' (and everything under it)
[6.406s] Copying ../../build/bumperbot_py_examples/bumperbot_py_examples.egg-info to /home/demi/bumper_motion/install/bumperbot_py_examples/lib/python3.12/site-packages/bumperbot_py_examples-0.0.0-py3.12.egg-info
[6.407s] running install_scripts
[6.786s] Installing simple_action_client script to /home/demi/bumper_motion/install/bumperbot_py_examples/lib/bumperbot_py_examples
[6.786s] Installing simple_action_server script to /home/demi/bumper_motion/install/bumperbot_py_examples/lib/bumperbot_py_examples
[6.786s] Installing simple_lifecycle_node script to /home/demi/bumper_motion/install/bumperbot_py_examples/lib/bumperbot_py_examples
[6.786s] Installing simple_parameter script to /home/demi/bumper_motion/install/bumperbot_py_examples/lib/bumperbot_py_examples
[6.787s] Installing simple_publisher script to /home/demi/bumper_motion/install/bumperbot_py_examples/lib/bumperbot_py_examples
[6.787s] Installing simple_qos_publisher script to /home/demi/bumper_motion/install/bumperbot_py_examples/lib/bumperbot_py_examples
[6.787s] Installing simple_qos_subscriber script to /home/demi/bumper_motion/install/bumperbot_py_examples/lib/bumperbot_py_examples
[6.787s] Installing simple_service_client script to /home/demi/bumper_motion/install/bumperbot_py_examples/lib/bumperbot_py_examples
[6.787s] Installing simple_service_server script to /home/demi/bumper_motion/install/bumperbot_py_examples/lib/bumperbot_py_examples
[6.788s] Installing simple_subscriber script to /home/demi/bumper_motion/install/bumperbot_py_examples/lib/bumperbot_py_examples
[6.788s] Installing simple_tf_kinematics script to /home/demi/bumper_motion/install/bumperbot_py_examples/lib/bumperbot_py_examples
[6.788s] Installing simple_turtlesim_kinematics script to /home/demi/bumper_motion/install/bumperbot_py_examples/lib/bumperbot_py_examples
[6.789s] writing list of installed files to '/home/demi/bumper_motion/build/bumperbot_py_examples/install.log'
[6.838s] Invoked command in '/home/demi/bumper_motion/src/bumperbot_py_examples' returned '0': AMENT_PREFIX_PATH=/home/demi/bumper_motion/install/bumperbot_msgs:${AMENT_PREFIX_PATH} CMAKE_PREFIX_PATH=/home/demi/bumper_motion/install/bumperbot_msgs:${CMAKE_PREFIX_PATH} DEBUGINFOD_URLS=https://debuginfod.ubuntu.com LD_LIBRARY_PATH=/home/demi/bumper_motion/install/bumperbot_msgs/lib:${LD_LIBRARY_PATH} PYTHONPATH=/home/demi/bumper_motion/build/bumperbot_py_examples/prefix_override:/usr/lib/python3/dist-packages/colcon_core/task/python/colcon_distutils_commands:/home/demi/bumper_motion/install/bumperbot_py_examples/lib/python3.12/site-packages:/home/demi/bumper_motion/install/bumperbot_msgs/lib/python3.12/site-packages:${PYTHONPATH} /usr/bin/python3 -W ignore:setup.py install is deprecated -W ignore:easy_install command is deprecated setup.py egg_info --egg-base ../../build/bumperbot_py_examples build --build-base /home/demi/bumper_motion/build/bumperbot_py_examples/build install --record /home/demi/bumper_motion/build/bumperbot_py_examples/install.log --single-version-externally-managed install_data
