[  3%] [32mBuilding CXX object CMakeFiles/simple_publisher.dir/src/simple_publisher.cpp.o[0m
[  7%] [32m[1mLinking CXX executable simple_publisher[0m
[  7%] Built target simple_publisher
[ 10%] [32mBuilding CXX object CMakeFiles/simple_turtlesim_kinematics.dir/src/simple_turtlesim_kinematics.cpp.o[0m
[ 14%] [32m[1mLinking CXX executable simple_turtlesim_kinematics[0m
[ 14%] Built target simple_turtlesim_kinematics
[ 17%] [32mBuilding CXX object CMakeFiles/simple_service_server.dir/src/simple_service_server.cpp.o[0m
[ 21%] [32m[1mLinking CXX executable simple_service_server[0m
[ 21%] Built target simple_service_server
[ 25%] [32mBuilding CXX object CMakeFiles/simple_service_client.dir/src/simple_service_client.cpp.o[0m
[ 28%] [32m[1mLinking CXX executable simple_service_client[0m
[ 28%] Built target simple_service_client
[ 32%] [32mBuilding CXX object CMakeFiles/simple_tf_kinematics.dir/src/simple_tf_kinematics.cpp.o[0m
[ 35%] [32m[1mLinking CXX executable simple_tf_kinematics[0m
[ 35%] Built target simple_tf_kinematics
[ 39%] [32mBuilding CXX object CMakeFiles/simple_lifecycle_node.dir/src/simple_lifecycle_node.cpp.o[0m
[ 42%] [32m[1mLinking CXX executable simple_lifecycle_node[0m
[ 42%] Built target simple_lifecycle_node
[ 46%] [32mBuilding CXX object CMakeFiles/simple_qos_publisher.dir/src/simple_qos_publisher.cpp.o[0m
[ 50%] [32m[1mLinking CXX executable simple_qos_publisher[0m
[ 50%] Built target simple_qos_publisher
[ 53%] [32mBuilding CXX object CMakeFiles/simple_qos_subscriber.dir/src/simple_qos_subscriber.cpp.o[0m
[ 57%] [32m[1mLinking CXX executable simple_qos_subscriber[0m
[ 57%] Built target simple_qos_subscriber
[ 60%] [32mBuilding CXX object CMakeFiles/simple_action_server.dir/src/simple_action_server.cpp.o[0m
[ 64%] [32m[1mLinking CXX shared library libsimple_action_server.so[0m
[ 64%] Built target simple_action_server
[ 67%] [32mBuilding CXX object CMakeFiles/simple_action_server_node.dir/rclcpp_components/node_main_simple_action_server_node.cpp.o[0m
[ 71%] [32m[1mLinking CXX executable simple_action_server_node[0m
[ 71%] Built target simple_action_server_node
[ 75%] [32mBuilding CXX object CMakeFiles/simple_action_client.dir/src/simple_action_client.cpp.o[0m
[ 78%] [32m[1mLinking CXX shared library libsimple_action_client.so[0m
[ 78%] Built target simple_action_client
[ 82%] [32mBuilding CXX object CMakeFiles/simple_action_client_node.dir/rclcpp_components/node_main_simple_action_client_node.cpp.o[0m
[ 85%] [32m[1mLinking CXX executable simple_action_client_node[0m
[ 85%] Built target simple_action_client_node
[ 92%] [32mBuilding CXX object CMakeFiles/simple_subscriber.dir/src/simple_subscriber.cpp.o[0m
[ 92%] [32mBuilding CXX object CMakeFiles/simple_parameter.dir/src/simple_parameter.cpp.o[0m
[ 96%] [32m[1mLinking CXX executable simple_parameter[0m
[ 96%] Built target simple_parameter
[100%] [32m[1mLinking CXX executable simple_subscriber[0m
[100%] Built target simple_subscriber
-- Install configuration: ""
-- Installing: /home/demi/bumper_motion/install/bumperbot_cpp_examples/lib/bumperbot_cpp_examples/simple_action_server_node
-- Set non-toolchain portion of runtime path of "/home/demi/bumper_motion/install/bumperbot_cpp_examples/lib/bumperbot_cpp_examples/simple_action_server_node" to ""
-- Installing: /home/demi/bumper_motion/install/bumperbot_cpp_examples/lib/bumperbot_cpp_examples/simple_action_client_node
-- Set non-toolchain portion of runtime path of "/home/demi/bumper_motion/install/bumperbot_cpp_examples/lib/bumperbot_cpp_examples/simple_action_client_node" to ""
-- Up-to-date: /home/demi/bumper_motion/install/bumperbot_cpp_examples/include/include
-- Up-to-date: /home/demi/bumper_motion/install/bumperbot_cpp_examples/include/include/bumperbot_cpp_examples
-- Up-to-date: /home/demi/bumper_motion/install/bumperbot_cpp_examples/include/include/bumperbot_cpp_examples/simple_turtlesim_kinematics.hpp
-- Up-to-date: /home/demi/bumper_motion/install/bumperbot_cpp_examples/include/include/bumperbot_cpp_examples/simple_tf_kinematics.hpp
-- Installing: /home/demi/bumper_motion/install/bumperbot_cpp_examples/lib/bumperbot_cpp_examples/simple_publisher
-- Set non-toolchain portion of runtime path of "/home/demi/bumper_motion/install/bumperbot_cpp_examples/lib/bumperbot_cpp_examples/simple_publisher" to ""
-- Installing: /home/demi/bumper_motion/install/bumperbot_cpp_examples/lib/bumperbot_cpp_examples/simple_subscriber
-- Set non-toolchain portion of runtime path of "/home/demi/bumper_motion/install/bumperbot_cpp_examples/lib/bumperbot_cpp_examples/simple_subscriber" to ""
-- Installing: /home/demi/bumper_motion/install/bumperbot_cpp_examples/lib/bumperbot_cpp_examples/simple_parameter
-- Set non-toolchain portion of runtime path of "/home/demi/bumper_motion/install/bumperbot_cpp_examples/lib/bumperbot_cpp_examples/simple_parameter" to ""
-- Installing: /home/demi/bumper_motion/install/bumperbot_cpp_examples/lib/bumperbot_cpp_examples/simple_turtlesim_kinematics
-- Set non-toolchain portion of runtime path of "/home/demi/bumper_motion/install/bumperbot_cpp_examples/lib/bumperbot_cpp_examples/simple_turtlesim_kinematics" to ""
-- Installing: /home/demi/bumper_motion/install/bumperbot_cpp_examples/lib/bumperbot_cpp_examples/simple_service_server
-- Set non-toolchain portion of runtime path of "/home/demi/bumper_motion/install/bumperbot_cpp_examples/lib/bumperbot_cpp_examples/simple_service_server" to ""
-- Installing: /home/demi/bumper_motion/install/bumperbot_cpp_examples/lib/bumperbot_cpp_examples/simple_service_client
-- Set non-toolchain portion of runtime path of "/home/demi/bumper_motion/install/bumperbot_cpp_examples/lib/bumperbot_cpp_examples/simple_service_client" to ""
-- Installing: /home/demi/bumper_motion/install/bumperbot_cpp_examples/lib/bumperbot_cpp_examples/simple_tf_kinematics
-- Set non-toolchain portion of runtime path of "/home/demi/bumper_motion/install/bumperbot_cpp_examples/lib/bumperbot_cpp_examples/simple_tf_kinematics" to ""
-- Installing: /home/demi/bumper_motion/install/bumperbot_cpp_examples/lib/bumperbot_cpp_examples/simple_lifecycle_node
-- Set non-toolchain portion of runtime path of "/home/demi/bumper_motion/install/bumperbot_cpp_examples/lib/bumperbot_cpp_examples/simple_lifecycle_node" to ""
-- Installing: /home/demi/bumper_motion/install/bumperbot_cpp_examples/lib/bumperbot_cpp_examples/simple_qos_publisher
-- Set non-toolchain portion of runtime path of "/home/demi/bumper_motion/install/bumperbot_cpp_examples/lib/bumperbot_cpp_examples/simple_qos_publisher" to ""
-- Installing: /home/demi/bumper_motion/install/bumperbot_cpp_examples/lib/bumperbot_cpp_examples/simple_qos_subscriber
-- Set non-toolchain portion of runtime path of "/home/demi/bumper_motion/install/bumperbot_cpp_examples/lib/bumperbot_cpp_examples/simple_qos_subscriber" to ""
-- Installing: /home/demi/bumper_motion/install/bumperbot_cpp_examples/lib/libsimple_action_server.so
-- Set non-toolchain portion of runtime path of "/home/demi/bumper_motion/install/bumperbot_cpp_examples/lib/libsimple_action_server.so" to ""
-- Installing: /home/demi/bumper_motion/install/bumperbot_cpp_examples/lib/libsimple_action_client.so
-- Set non-toolchain portion of runtime path of "/home/demi/bumper_motion/install/bumperbot_cpp_examples/lib/libsimple_action_client.so" to ""
-- Up-to-date: /home/demi/bumper_motion/install/bumperbot_cpp_examples/share/ament_index/resource_index/package_run_dependencies/bumperbot_cpp_examples
-- Up-to-date: /home/demi/bumper_motion/install/bumperbot_cpp_examples/share/ament_index/resource_index/parent_prefix_path/bumperbot_cpp_examples
-- Up-to-date: /home/demi/bumper_motion/install/bumperbot_cpp_examples/share/bumperbot_cpp_examples/environment/ament_prefix_path.dsv
-- Up-to-date: /home/demi/bumper_motion/install/bumperbot_cpp_examples/share/bumperbot_cpp_examples/environment/path.dsv
-- Up-to-date: /home/demi/bumper_motion/install/bumperbot_cpp_examples/share/bumperbot_cpp_examples/local_setup.bash
-- Up-to-date: /home/demi/bumper_motion/install/bumperbot_cpp_examples/share/bumperbot_cpp_examples/local_setup.sh
-- Up-to-date: /home/demi/bumper_motion/install/bumperbot_cpp_examples/share/bumperbot_cpp_examples/local_setup.zsh
-- Up-to-date: /home/demi/bumper_motion/install/bumperbot_cpp_examples/share/bumperbot_cpp_examples/local_setup.dsv
-- Installing: /home/demi/bumper_motion/install/bumperbot_cpp_examples/share/bumperbot_cpp_examples/package.dsv
-- Up-to-date: /home/demi/bumper_motion/install/bumperbot_cpp_examples/share/ament_index/resource_index/packages/bumperbot_cpp_examples
-- Up-to-date: /home/demi/bumper_motion/install/bumperbot_cpp_examples/share/ament_index/resource_index/rclcpp_components/bumperbot_cpp_examples
-- Up-to-date: /home/demi/bumper_motion/install/bumperbot_cpp_examples/share/bumperbot_cpp_examples/cmake/bumperbot_cpp_examplesConfig.cmake
-- Up-to-date: /home/demi/bumper_motion/install/bumperbot_cpp_examples/share/bumperbot_cpp_examples/cmake/bumperbot_cpp_examplesConfig-version.cmake
-- Up-to-date: /home/demi/bumper_motion/install/bumperbot_cpp_examples/share/bumperbot_cpp_examples/package.xml
